"../../../Engine/Content/Functions/Engine_MaterialFunctions01/Opacity/CameraDepthFade.uasset" 0
"../../../Engine/Content/EngineMaterials/T_Default_Material_Grid_M.uasset" 1
"../../../Engine/Content/EngineMaterials/T_Default_Material_Grid_N.uasset" 2
"../../../Engine/Content/EngineMaterials/WorldGridMaterial.uasset" 3
"../../../Engine/Content/ArtTools/RenderToTexture/Meshes/S_1_Unit_Plane.uasset" 4
"../../../Engine/Content/BasicShapes/Plane.uasset" 5
"../../../Engine/Content/EngineMaterials/DefaultPhysicalMaterial.uasset" 6
"../../../Engine/Content/BufferVisualization/AmbientOcclusion.uasset" 7
"../../../Engine/Content/BufferVisualization/BaseColor.uasset" 8
"../../../Engine/Content/BufferVisualization/CustomDepth.uasset" 9
"../../../Engine/Content/Functions/Engine_MaterialFunctions02/Utility/VectorLength.uasset" 10
"../../../Engine/Content/BufferVisualization/CustomDepthWorldUnits.uasset" 11
"../../../Engine/Content/Functions/Engine_MaterialFunctions02/Utility/BreakOutFloat2Components.uasset" 12
"../../../Engine/Content/Functions/Engine_MaterialFunctions01/Texturing/ScaleUVsByCenter.uasset" 13
"../../../Engine/Content/Functions/Engine_MaterialFunctions02/ScreenResolution.uasset" 14
"../../../Engine/Content/Functions/Engine_MaterialFunctions02/Texturing/ScreenAlignedUVs.uasset" 15
"../../../Engine/Content/Functions/Engine_MaterialFunctions02/Utility/MakeFloat2.uasset" 16
"../../../Engine/Content/Functions/Engine_MaterialFunctions02/Utility/MakeFloat3.uasset" 17
"../../../Engine/Content/EngineMaterials/MiniFont.uasset" 18
"../../../Engine/Content/BufferVisualization/CustomStencil.uasset" 19
"../../../Engine/Content/BufferVisualization/FinalImage.uasset" 20
"../../../Engine/Content/BufferVisualization/LightingModel.uasset" 21
"../../../Engine/Content/BufferVisualization/MaterialAO.uasset" 22
"../../../Engine/Content/BufferVisualization/Metallic.uasset" 23
"../../../Engine/Content/BufferVisualization/Opacity.uasset" 24
"../../../Engine/Content/BufferVisualization/PostTonemapHDRColor.uasset" 25
"../../../Engine/Content/BufferVisualization/PreTonemapHDRColor.uasset" 26
"../../../Engine/Content/BufferVisualization/Roughness.uasset" 27
"../../../Engine/Content/BufferVisualization/SceneColor.uasset" 28
"../../../Engine/Content/BufferVisualization/SceneDepth.uasset" 29
"../../../Engine/Content/BufferVisualization/SceneDepthWorldUnits.uasset" 30
"../../../Engine/Content/BufferVisualization/SeparateTranslucencyA.uasset" 31
"../../../Engine/Content/BufferVisualization/SeparateTranslucencyRGB.uasset" 32
"../../../Engine/Content/BufferVisualization/Specular.uasset" 33
"../../../Engine/Content/BufferVisualization/SubsurfaceColor.uasset" 34
"../../../Engine/Content/BufferVisualization/Velocity.uasset" 35
"../../../Engine/Content/BufferVisualization/WorldNormal.uasset" 36
"../../../Engine/Content/EditorBlueprintResources/ActorMacros.uasset" 37
"../../../Engine/Content/EditorLandscapeResources/DataLayer.uasset" 38
"../../../Engine/Content/EditorLandscapeResources/DefaultAlphaTexture.uasset" 39
"../../../Engine/Content/EditorLandscapeResources/LandscapeGizmoHeight_Mat.uasset" 40
"../../../Engine/Content/EditorLandscapeResources/LandscapeGizmo_Mat.uasset" 41
"../../../Engine/Content/EditorLandscapeResources/LandscapeGizmo_Mat_Copied.uasset" 42
"../../../Engine/Content/EditorLandscapeResources/SplineEditorMeshMat.uasset" 43
"../../../Engine/Content/EditorLandscapeResources/SplineEditorMesh.uasset" 44
"../../../Engine/Content/EditorMaterials/Cross.uasset" 45
"../../../Engine/Content/EditorMaterials/Cross_Mat.uasset" 46
"../../../Engine/Content/EngineMaterials/DefaultDiffuse.uasset" 47
"../../../Engine/Content/Functions/Engine_MaterialFunctions01/Texturing/TextureCropping.uasset" 48
"../../../Engine/Content/Functions/Engine_MaterialFunctions01/Texturing/ComputeMipLevel.uasset" 49
"../../../Engine/Content/Functions/Engine_MaterialFunctions02/ExampleContent/DebugNumberStrip.uasset" 50
"../../../Engine/Content/Functions/Engine_MaterialFunctions02/ExampleContent/Textures/DebugNumberPeriod.uasset" 51
"../../../Engine/Content/Functions/Engine_MaterialFunctions02/Utility/DebugScalarValues.uasset" 52
"../../../Engine/Content/Functions/Engine_MaterialFunctions02/Utility/DebugFloat2Values.uasset" 53
"../../../Engine/Content/Functions/Engine_MaterialFunctions02/ExampleContent/Textures/flipbook.uasset" 54
"../../../Engine/Content/Functions/Engine_MaterialFunctions02/Texturing/FlipBook.uasset" 55
"../../../Engine/Content/Functions/Engine_MaterialFunctions02/Utility/Sign.uasset" 56
"../../../Engine/Content/Functions/Engine_MaterialFunctions02/Utility/Round.uasset" 57
"../../../Engine/Content/EditorResources/T_EditorHelp.uasset" 58
"../../../Engine/Content/EditorMaterials/HelpActorMaterial.uasset" 59
"../../../Engine/Content/EditorMaterials/CompositeARGBLayer.uasset" 60
"../../../Engine/Content/EditorMaterials/TilingAALineIntegral.uasset" 61
"../../../Engine/Content/EditorMaterials/TilingAALineBoxFiltered.uasset" 62
"../../../Engine/Content/Functions/Engine_MaterialFunctions03/Procedurals/ComputeFilterWidth.uasset" 63
"../../../Engine/Content/EditorMaterials/TilingAADots.uasset" 64
"../../../Engine/Content/EngineMaterials/BlendFunc_DefBase.uasset" 65
"../../../Engine/Content/EngineMaterials/BlendFunc_DefBlend.uasset" 66
"../../../Engine/Content/Functions/Engine_MaterialFunctions03/Blends/Blend_Screen.uasset" 67
"../../../Engine/Content/EditorMaterials/TilingAAGrid.uasset" 68
"../../../Engine/Content/EditorMaterials/LevelGridMaterial.uasset" 69
"../../../Engine/Content/EditorMaterials/MakeCompositeARGBLayer.uasset" 70
"../../../Engine/Content/EditorResources/LevelGrid1DStripes.uasset" 71
"../../../Engine/Content/EditorMaterials/TextureGridCascaded1D.uasset" 72
"../../../Engine/Content/EditorMaterials/TextureGridCascaded2D.uasset" 73
"../../../Engine/Content/EditorMaterials/LevelGridMaterial2.uasset" 74
"../../../Engine/Content/EditorMaterials/MAT_Groups_Toggle.uasset" 75
"../../../Engine/Content/EditorMaterials/MAT_Groups_Visibility.uasset" 76
"../../../Engine/Content/EditorMaterials/PhAT_BoneSelectedMaterial.uasset" 77
"../../../Engine/Content/EditorMaterials/PhAT_ElemSelectedMaterial.uasset" 78
"../../../Engine/Content/EditorMaterials/PhAT_NoCollisionMaterial.uasset" 79
"../../../Engine/Content/EditorMaterials/PhAT_UnselectedMaterial.uasset" 80
"../../../Engine/Content/EditorMaterials/PreviewShadowIndicator.uasset" 81
"../../../Engine/Content/EditorMaterials/PreviewShadowIndicatorMaterial.uasset" 82
"../../../Engine/Content/EditorMaterials/TargetIcon.uasset" 83
"../../../Engine/Content/EditorMaterials/Tick.uasset" 84
"../../../Engine/Content/EditorMaterials/Tick_Mat.uasset" 85
"../../../Engine/Content/EditorMaterials/WidgetGridVertexColorMaterial.uasset" 86
"../../../Engine/Content/EditorMaterials/WidgetGridVertexColorMaterial_Ma.uasset" 87
"../../../Engine/Content/EditorMaterials/WidgetMaterial.uasset" 88
"../../../Engine/Content/EditorMaterials/WidgetMaterial_Current.uasset" 89
"../../../Engine/Content/EditorMaterials/WidgetMaterial_X.uasset" 90
"../../../Engine/Content/EditorMaterials/WidgetMaterial_Y.uasset" 91
"../../../Engine/Content/EditorMaterials/WidgetMaterial_Z.uasset" 92
"../../../Engine/Content/EditorMaterials/WidgetVertexColorMaterial.uasset" 93
"../../../Engine/Content/EditorMaterials/MatineeGroups/MAT_ColorTrack.uasset" 94
"../../../Engine/Content/EditorMaterials/MatineeGroups/MAT_Groups_Anim.uasset" 95
"../../../Engine/Content/EditorMaterials/MatineeGroups/MAT_Groups_AudioMaster.uasset" 96
"../../../Engine/Content/EditorMaterials/MatineeGroups/MAT_Groups_Director.uasset" 97
"../../../Engine/Content/EditorMaterials/MatineeGroups/MAT_Groups_Event.uasset" 98
"../../../Engine/Content/EditorMaterials/MatineeGroups/MAT_Groups_Fade.uasset" 99
"../../../Engine/Content/EditorMaterials/MatineeGroups/MAT_Groups_Float.uasset" 100
"../../../Engine/Content/EditorMaterials/MatineeGroups/MAT_Groups_Move.uasset" 101
"../../../Engine/Content/EditorMaterials/MatineeGroups/MAT_Groups_Slomo.uasset" 102
"../../../Engine/Content/EditorMaterials/MatineeGroups/MAT_Groups_Sound.uasset" 103
"../../../Engine/Content/EditorMaterials/MatineeGroups/MAT_Groups_Vector.uasset" 104
"../../../Engine/Content/EditorMaterials/ParticleSystems/PSysThumbnail_NoImage.uasset" 105
"../../../Engine/Content/EditorMaterials/ParticleSystems/PSysThumbnail_OOD.uasset" 106
"../../../Engine/Content/EngineMaterials/Grid.uasset" 107
"../../../Engine/Content/EditorMaterials/Thumbnails/FloorPlaneMaterial.uasset" 108
"../../../Engine/Content/EditorMeshes/EditorCube.uasset" 109
"../../../Engine/Content/EditorMeshes/EditorCylinder.uasset" 110
"../../../Engine/Content/EditorMeshes/EditorPlane.uasset" 111
"../../../Engine/Content/EditorMaterials/Thumbnails/SkySphereMaterial.uasset" 112
"../../../Engine/Content/EditorMeshes/EditorSkySphere.uasset" 113
"../../../Engine/Content/EditorMeshes/EditorSphere.uasset" 114
"../../../Engine/Content/EditorResources/MatineeCam_D.uasset" 115
"../../../Engine/Content/EditorMaterials/MatineeCam_mat.uasset" 116
"../../../Engine/Content/EditorMeshes/MatineeCam_SM.uasset" 117
"../../../Engine/Content/EditorMeshes/PlanarReflectionPlane.uasset" 118
"../../../Engine/Content/EditorMaterials/Camera/CineMat.uasset" 119
"../../../Engine/Content/EditorMaterials/Camera/MI_CineMat_CameraBody.uasset" 120
"../../../Engine/Content/EngineDebugMaterials/M_SimpleOpaque.uasset" 121
"../../../Engine/Content/EditorMaterials/Camera/MI_CineMat_CamViewFinder.uasset" 122
"../../../Engine/Content/EditorMeshes/Camera/SM_CineCam.uasset" 123
"../../../Engine/Content/EditorMaterials/Camera/MI_CineMat_Rig.uasset" 124
"../../../Engine/Content/EditorMeshes/Camera/SM_CraneRig_Arm.uasset" 125
"../../../Engine/Content/EditorMeshes/Camera/SM_CraneRig_Base.uasset" 126
"../../../Engine/Content/EditorMeshes/Camera/SM_CraneRig_Body.uasset" 127
"../../../Engine/Content/EditorMeshes/Camera/SM_CraneRig_Mount.uasset" 128
"../../../Engine/Content/EditorMeshes/Camera/SM_RailRig_Mount.uasset" 129
"../../../Engine/Content/EditorMeshes/Camera/SM_RailRig_Track.uasset" 130
"../../../Engine/Content/EditorMeshes/ColorCalibrator/M_ChromeBall.uasset" 131
"../../../Engine/Content/EditorResources/Bad.uasset" 132
"../../../Engine/Content/EditorResources/BSPVertex.uasset" 133
"../../../Engine/Content/EditorResources/MatInstActSprite.uasset" 134
"../../../Engine/Content/EditorResources/SceneManager.uasset" 135
"../../../Engine/Content/EditorResources/SmallFont.uasset" 136
"../../../Engine/Content/EditorResources/S_Actor.uasset" 137
"../../../Engine/Content/EditorResources/S_DecalActorIcon.uasset" 138
"../../../Engine/Content/EditorResources/S_Emitter.uasset" 139
"../../../Engine/Content/EditorResources/S_ExpoHeightFog.uasset" 140
"../../../Engine/Content/EditorResources/S_FTest.uasset" 141
"../../../Engine/Content/EditorResources/S_KBSJoint.uasset" 142
"../../../Engine/Content/EditorResources/S_KHinge.uasset" 143
"../../../Engine/Content/EditorResources/S_KPrismatic.uasset" 144
"../../../Engine/Content/EditorResources/S_LevelSequence.uasset" 145
"../../../Engine/Content/EditorResources/S_NavP.uasset" 146
"../../../Engine/Content/EditorResources/S_Note.uasset" 147
"../../../Engine/Content/EditorResources/S_Player.uasset" 148
"../../../Engine/Content/EditorResources/S_PortalActorIcon2.uasset" 149
"../../../Engine/Content/EditorResources/S_RadForce.uasset" 150
"../../../Engine/Content/EditorResources/S_ReflActorIcon.uasset" 151
"../../../Engine/Content/EditorResources/S_SkyAtmosphere.uasset" 152
"../../../Engine/Content/EditorResources/S_Solver.uasset" 153
"../../../Engine/Content/EditorResources/S_Terrain.uasset" 154
"../../../Engine/Content/EditorResources/S_TextRenderActorIcon.uasset" 155
"../../../Engine/Content/EditorResources/S_Thruster.uasset" 156
"../../../Engine/Content/EditorResources/S_Trigger.uasset" 157
"../../../Engine/Content/EditorResources/S_VectorFieldVol.uasset" 158
"../../../Engine/Content/EditorResources/S_WindDirectional.uasset" 159
"../../../Engine/Content/EditorResources/AI/S_NavLink.uasset" 160
"../../../Engine/Content/EditorResources/LightIcons/SkyLight.uasset" 161
"../../../Engine/Content/EditorResources/LightIcons/S_LightDirectional.uasset" 162
"../../../Engine/Content/EditorResources/LightIcons/S_LightDirectionalMove.uasset" 163
"../../../Engine/Content/EditorResources/LightIcons/S_LightError.uasset" 164
"../../../Engine/Content/EditorResources/LightIcons/S_LightPoint.uasset" 165
"../../../Engine/Content/EditorResources/LightIcons/S_LightPointMove.uasset" 166
"../../../Engine/Content/EditorResources/LightIcons/S_LightSpot.uasset" 167
"../../../Engine/Content/EditorResources/LightIcons/S_LightSpotMove.uasset" 168
"../../../Engine/Content/EditorResources/SequenceRecorder/Countdown.uasset" 169
"../../../Engine/Content/EditorResources/SequenceRecorder/RecordingIndicator.uasset" 170
"../../../Engine/Content/EditorResources/Spline/T_Loft_Spline.uasset" 171
"../../../Engine/Content/EditorSounds/Notifications/CompileFailed.uasset" 172
"../../../Engine/Content/EditorSounds/Notifications/CompileFailed_Cue.uasset" 173
"../../../Engine/Content/EditorSounds/Notifications/CompileSuccess.uasset" 174
"../../../Engine/Content/EditorSounds/Notifications/CompileStart_Cue.uasset" 175
"../../../Engine/Content/EditorSounds/Notifications/CompileSuccess_Cue.uasset" 176
"../../../Engine/Content/EngineDamageTypes/DmgTypeBP_Environmental.uasset" 177
"../../../Engine/Content/EngineDebugMaterials/HeatmapGradient.uasset" 178
"../../../Engine/Content/EngineDebugMaterials/BoneWeightMaterial.uasset" 179
"../../../Engine/Content/EngineDebugMaterials/ClothMaterial.uasset" 180
"../../../Engine/Content/EngineDebugMaterials/ClothMaterial_WF.uasset" 181
"../../../Engine/Content/EngineDebugMaterials/DebugEditorMaterial.uasset" 182
"../../../Engine/Content/EngineDebugMaterials/DebugMeshMaterial.uasset" 183
"../../../Engine/Content/EngineDebugMaterials/GeomMaterial.uasset" 184
"../../../Engine/Content/Functions/Engine_MaterialFunctions01/Shading/ConvertFromDiffSpec.uasset" 185
"../../../Engine/Content/EngineDebugMaterials/LevelColorationLitMaterial.uasset" 186
"../../../Engine/Content/EngineDebugMaterials/LevelColorationUnlitMaterial.uasset" 187
"../../../Engine/Content/EngineMaterials/DefaultWhiteGrid.uasset" 188
"../../../Engine/Content/EngineDebugMaterials/MAT_LevelColorationLitLightmapUV.uasset" 189
"../../../Engine/Content/EngineDebugMaterials/M_SimpleTranslucent.uasset" 190
"../../../Engine/Content/Functions/Engine_MaterialFunctions02/Utility/CameraDirectionVector.uasset" 191
"../../../Engine/Content/EngineDebugMaterials/VolumeToRender.uasset" 192
"../../../Engine/Content/EngineDebugMaterials/M_VolumeRenderSphereTracePP.uasset" 193
"../../../Engine/Content/EngineDebugMaterials/ShadedLevelColorationLitMaterial.uasset" 194
"../../../Engine/Content/EngineDebugMaterials/ShadedLevelColorationUnlitMateri.uasset" 195
"../../../Engine/Content/EngineDebugMaterials/VertexColorMaterial.uasset" 196
"../../../Engine/Content/EngineDebugMaterials/VertexColorViewMode_AlphaAsColor.uasset" 197
"../../../Engine/Content/EngineDebugMaterials/VertexColorViewMode_BlueOnly.uasset" 198
"../../../Engine/Content/EngineDebugMaterials/VertexColorViewMode_ColorOnly.uasset" 199
"../../../Engine/Content/EngineDebugMaterials/VertexColorViewMode_GreenOnly.uasset" 200
"../../../Engine/Content/EngineDebugMaterials/VertexColorViewMode_RedOnly.uasset" 201
"../../../Engine/Content/EngineDebugMaterials/WireframeMaterial.uasset" 202
"../../../Engine/Content/EngineFonts/Faces/DroidSansFallback.uasset" 203
"../../../Engine/Content/EngineFonts/Faces/RobotoBold.uasset" 204
"../../../Engine/Content/EngineFonts/Faces/RobotoBoldItalic.uasset" 205
"../../../Engine/Content/EngineFonts/Faces/RobotoItalic.uasset" 206
"../../../Engine/Content/EngineFonts/Faces/RobotoLight.uasset" 207
"../../../Engine/Content/EngineFonts/Faces/RobotoRegular.uasset" 208
"../../../Engine/Content/EngineFonts/Roboto.uasset" 209
"../../../Engine/Content/EngineFonts/Faces/RobotoTiny.uasset" 210
"../../../Engine/Content/EngineFonts/RobotoTiny.uasset" 211
"../../../Engine/Content/EngineFonts/SmallFont.uasset" 212
"../../../Engine/Content/EngineFonts/TinyFont.uasset" 213
"../../../Engine/Content/EngineMaterials/BaseFlattenDiffuseMap.uasset" 214
"../../../Engine/Content/EngineMaterials/BaseFlattenEmissiveMap.uasset" 215
"../../../Engine/Content/EngineMaterials/BaseFlattenGrayscaleMap.uasset" 216
"../../../Engine/Content/EngineMaterials/BaseFlattenNormalMap.uasset" 217
"../../../Engine/Content/EngineMaterials/BaseFlattenMaterial.uasset" 218
"../../../Engine/Content/EngineResources/WhiteSquareTexture.uasset" 219
"../../../Engine/Content/EngineMaterials/BlinkingCaret.uasset" 220
"../../../Engine/Content/EngineMaterials/BlueNoise.uasset" 221
"../../../Engine/Content/EngineMaterials/DefaultBloomKernel.uasset" 222
"../../../Engine/Content/EngineMaterials/DefaultBokeh.uasset" 223
"../../../Engine/Content/EngineMaterials/DefaultDeferredDecalMaterial.uasset" 224
"../../../Engine/Content/EngineMaterials/DefaultLightFunctionMaterial.uasset" 225
"../../../Engine/Content/EngineMaterials/DefaultNormal.uasset" 226
"../../../Engine/Content/EngineMaterials/DefaultPostProcessMaterial.uasset" 227
"../../../Engine/Content/EngineFonts/RobotoDistanceField.uasset" 228
"../../../Engine/Content/EngineMaterials/DefaultTextMaterialOpaque.uasset" 229
"../../../Engine/Content/EngineMaterials/DefaultVirtualTextureMaterial.uasset" 230
"../../../Engine/Content/EngineMaterials/EditorBrushMaterial.uasset" 231
"../../../Engine/Content/EngineMaterials/DefaultWhiteGrid_Low.uasset" 232
"../../../Engine/Content/EngineMaterials/EmissiveMeshMaterial.uasset" 233
"../../../Engine/Content/EngineMaterials/GizmoMaterial.uasset" 234
"../../../Engine/Content/EngineMaterials/Good64x64TilingNoiseHighFreq.uasset" 235
"../../../Engine/Content/EngineMaterials/Grid_N.uasset" 236
"../../../Engine/Content/EngineMaterials/HairColorMap.uasset" 237
"../../../Engine/Content/EngineMaterials/HairDebugColor.uasset" 238
"../../../Engine/Content/EngineMaterials/HairDebugMaterial.uasset" 239
"../../../Engine/Content/EngineMaterials/HairDefaultMaterial.uasset" 240
"../../../Engine/Content/EngineMaterials/HighResolutionScreenshotMaskFunction.uasset" 241
"../../../Engine/Content/EngineMaterials/HighResScreenshot.uasset" 242
"../../../Engine/Content/EngineMaterials/HighResScreenshotCaptureRegion.uasset" 243
"../../../Engine/Content/EngineMaterials/HighResScreenshotMask.uasset" 244
"../../../Engine/Content/EngineMaterials/LandscapeHolePhysicalMaterial.uasset" 245
"../../../Engine/Content/EngineMaterials/InvalidLightmapSettings.uasset" 246
"../../../Engine/Content/EngineMaterials/M_InvalidLightmapSettings.uasset" 247
"../../../Engine/Content/EngineMaterials/PaperDiffuse.uasset" 248
"../../../Engine/Content/EngineMaterials/PaperNormal.uasset" 249
"../../../Engine/Content/Functions/Engine_MaterialFunctions02/WorldPositionOffset/CameraOffset.uasset" 250
"../../../Engine/Content/EngineMaterials/PhAT_JointLimitMaterial.uasset" 251
"../../../Engine/Content/EngineMaterials/PhysMat_Rubber.uasset" 252
"../../../Engine/Content/EngineMaterials/PreintegratedSkinBRDF.uasset" 253
"../../../Engine/Content/EngineMaterials/RemoveSurfaceMaterial.uasset" 254
"../../../Engine/Content/EngineMaterials/WeightMapPlaceholderTexture.uasset" 255
"../../../Engine/Content/Functions/Engine_MaterialFunctions01/ImageAdjustment/sRGBToLinear.uasset" 256
"../../../Engine/Content/Functions/Engine_MaterialFunctions02/Utility/BreakOutFloat3Components.uasset" 257
"../../../Engine/Content/EngineMaterials/Widget3DCameraPassThrough_Opaque_OneSided.uasset" 258
"../../../Engine/Content/EngineMaterials/Widget3DPassThrough.uasset" 259
"../../../Engine/Content/EngineMaterials/Widget3DPassThrough_Masked.uasset" 260
"../../../Engine/Content/EngineMaterials/Widget3DPassThrough_Opaque.uasset" 261
"../../../Engine/Content/EngineMaterials/Widget3DPassThrough_Masked_OneSided.uasset" 262
"../../../Engine/Content/EngineMaterials/Widget3DPassThrough_Opaque_OneSided.uasset" 263
"../../../Engine/Content/EngineMaterials/Widget3DPassThrough_Translucent.uasset" 264
"../../../Engine/Content/EngineMaterials/Widget3DPassThrough_Translucent_OneSided.uasset" 265
"../../../Engine/Content/EngineMaterials/DefaultMaterial.uasset" 266
"../../../Engine/Content/EngineMeshes/Cylinder.uasset" 267
"../../../Engine/Content/EngineMeshes/Sphere.uasset" 268
"../../../Engine/Content/EngineResources/Black.uasset" 269
"../../../Engine/Content/EngineResources/DefaultTexture.uasset" 270
"../../../Engine/Content/EngineResources/DefaultTextureCube.uasset" 271
"../../../Engine/Content/EngineResources/DefaultVolumeTexture2D.uasset" 272
"../../../Engine/Content/EngineResources/DefaultVolumeTexture.uasset" 273
"../../../Engine/Content/EngineResources/GradientTexture0.uasset" 274
"../../../Engine/Content/EngineResources/StreamingPauseIcon.uasset" 275
"../../../Engine/Content/EngineResources/M_StreamingPause.uasset" 276
"../../../Engine/Content/EditorBlueprintResources/StandardMacros.uasset" 277
"../../../Engine/Content/EngineSky/C_Sky_Cloud_Color.uasset" 278
"../../../Engine/Content/EngineSky/C_Sky_Horizon_Color.uasset" 279
"../../../Engine/Content/EngineSky/C_Sky_Zenith_Color.uasset" 280
"../../../Engine/Content/EngineSky/T_Sky_Blue.uasset" 281
"../../../Engine/Content/EngineSky/T_Sky_Clouds_M.uasset" 282
"../../../Engine/Content/EngineSky/T_Sky_Stars.uasset" 283
"../../../Engine/Content/EngineSky/M_Sky_Panning_Clouds2.uasset" 284
"../../../Engine/Content/EngineSky/SM_SkySphere.uasset" 285
"../../../Engine/Content/EngineSky/BP_Sky_Sphere.uasset" 286
"../../../Engine/Content/EngineSounds/Master.uasset" 287
"../../../Engine/Content/Functions/Engine_MaterialFunctions01/Shading/PowerToRoughness.uasset" 288
"../../../Engine/Content/Maps/Templates/Thumbnails/Default.uasset" 289
"../../../Engine/Content/Maps/Templates/Thumbnails/TimeOfDay.uasset" 290
"../../../Engine/Content/Maps/Templates/Thumbnails/VR-Basic.uasset" 291
"../../../Engine/Content/MapTemplates/Sky/DaylightAmbientCubemap.uasset" 292
"../../../Engine/Content/MobileResources/T_MobileControls_texture.uasset" 293
"../../../Engine/Content/MobileResources/T_MobileMenu2.uasset" 294
"../../../Engine/Content/MobileResources/HUD/AnalogHat.uasset" 295
"../../../Engine/Content/MobileResources/HUD/VirtualJoystick_Background.uasset" 296
"../../../Engine/Content/MobileResources/HUD/VirtualJoystick_Thumb.uasset" 297
"../../../Engine/Content/MobileResources/HUD/DefaultVirtualJoysticks.uasset" 298
"../../../Engine/Content/MobileResources/HUD/LeftVirtualJoystickOnly.uasset" 299
"../../../Engine/Content/MobileResources/HUD/MobileHUDButton1_off.uasset" 300
"../../../Engine/Content/MobileResources/HUD/MobileHUDButton1_on.uasset" 301
"../../../Engine/Content/MobileResources/HUD/MobileHUDButton2_off.uasset" 302
"../../../Engine/Content/MobileResources/HUD/MobileHUDButton2_on.uasset" 303
"../../../Engine/Content/MobileResources/HUD/MobileHUDButton3.uasset" 304
"../../../Engine/Content/MobileResources/HUD/MobileHUDButtonFire.uasset" 305
"../../../Engine/Content/MobileResources/HUD/MobileHUDDirectionPad.uasset" 306
"../../../Engine/Content/MobileResources/HUD/MobileHUDDirectionPad2.uasset" 307
"../../../Engine/Content/MobileResources/HUD/MobileHUDDirectionPad3.uasset" 308
"../../../Engine/Content/MobileResources/HUD/MobileHUDDirectionStick.uasset" 309
"../../../Engine/Content/MobileResources/HUD/T_Castle_ThumbstickInner.uasset" 310
"../../../Engine/Content/MobileResources/HUD/T_Castle_ThumbstickOutter.uasset" 311
"../../../Engine/Content/Tutorial/ContentIntroCurve.uasset" 312
"../../../Engine/Content/Tutorial/Basics/LevelEditorAttract.uasset" 313
"../../../Engine/Content/Tutorial/Basics/TutorialAssets/icon_tab_Levels_40x.uasset" 314
"../../../Engine/Content/Tutorial/Basics/LevelEditorOverview.uasset" 315
"../../../Engine/Content/Tutorial/BlueprintTutorials/TutorialAssets/Blueprint_64x.uasset" 316
"../../../Engine/Content/Tutorial/BlueprintTutorials/BlueprintEditorTutorial.uasset" 317
"../../../Engine/Content/Tutorial/BlueprintTutorials/TutorialAssets/Tutorial_BP_MacroLib.uasset" 318
"../../../Engine/Content/VREditor/LaserPointer/VR_LaserPower_01.uasset" 319
"../../../Engine/Content/VREditor/TransformGizmo/TransformGizmoMaterial.uasset" 320
"../../../Engine/Content/VREditor/TransformGizmo/TranslucentTransformGizmoMaterial.uasset" 321
"../../../Engine/Content/VREditor/TransformGizmo/BoundingBoxCorner.uasset" 322
"../../../Engine/Content/VREditor/TransformGizmo/BoundingBoxEdge.uasset" 323
"../../../Engine/Content/VREditor/TransformGizmo/PlaneTranslationHandle.uasset" 324
"../../../Engine/Content/VREditor/TransformGizmo/Main.uasset" 325
"../../../Engine/Content/VREditor/TransformGizmo/Xray.uasset" 326
"../../../Engine/Content/VREditor/TransformGizmo/SM_Sequencer_Key.uasset" 327
"../../../Engine/Content/VREditor/TransformGizmo/SM_Sequencer_Node.uasset" 328
"../../../../JSColabTeam17/Team17Colab/Content/Geometry/Meshes/CubeMaterial.uasset" 329
"../../../../JSColabTeam17/Team17Colab/Content/Geometry/Meshes/1M_Cube.uasset" 330
"../../../../JSColabTeam17/Team17Colab/Content/Geometry/Meshes/1M_Cube_Chamfer.uasset" 331
"../../../../JSColabTeam17/Team17Colab/Content/Geometry/Meshes/TemplateFloor.uasset" 332
"../../../../JSColabTeam17/Team17Colab/Content/Rolling/Materials/BaseMaterial.uasset" 333
"../../../../JSColabTeam17/Team17Colab/Content/Rolling/Materials/GrayMaterial.uasset" 334
"../../../../JSColabTeam17/Team17Colab/Content/Rolling/Materials/OrangeMetalMaterial.uasset" 335
"../../../../JSColabTeam17/Team17Colab/Content/RollingBP/Blueprints/I_MarbleGameInstance.uasset" 336
"../../../../JSColabTeam17/Team17Colab/Content/RollingBP/Blueprints/I_SoundManager.uasset" 337
"../../../../JSColabTeam17/Team17Colab/Content/Assets/Sound/TestMusic/Track1-RedIntro_Wave.uasset" 338
"../../../../JSColabTeam17/Team17Colab/Content/Assets/Sound/TestMusic/Track1-RedIntro_Cue.uasset" 339
"../../../../JSColabTeam17/Team17Colab/Content/Assets/Sound/TestMusic/Track2_ReadyOrNot_Wave.uasset" 340
"../../../../JSColabTeam17/Team17Colab/Content/Assets/Sound/TestMusic/Track2_ReadyOrNot_Cue.uasset" 341
"../../../../JSColabTeam17/Team17Colab/Content/Assets/Sound/TestMusic/Track3-Fu-Gee-La_Wave.uasset" 342
"../../../../JSColabTeam17/Team17Colab/Content/Assets/Sound/TestMusic/Track3-Fu-Gee-La_Cue.uasset" 343
"../../../../JSColabTeam17/Team17Colab/Content/RollingBP/Blueprints/BP_SoundManager.uasset" 344
"../../../../JSColabTeam17/Team17Colab/Content/RollingBP/Blueprints/I_GameMode.uasset" 345
"../../../../JSColabTeam17/Team17Colab/Content/RollingBP/Blueprints/LevelPlaceable/Pickups/EN_Pickups.uasset" 346
"../../../../JSColabTeam17/Team17Colab/Content/RollingBP/Blueprints/I_Player.uasset" 347
"../../../../JSColabTeam17/Team17Colab/Content/RollingBP/Blueprints/I_Use.uasset" 348
"../../../../JSColabTeam17/Team17Colab/Content/SavedScores.uasset" 349
"../../../../JSColabTeam17/Team17Colab/Content/RollingBP/Blueprints/Settings.uasset" 350
"../../../../JSColabTeam17/Team17Colab/Content/SavedSettings.uasset" 351
"../../../../JSColabTeam17/Team17Colab/Content/RollingBP/Blueprints/LevelEnum.uasset" 352
"../../../../JSColabTeam17/Team17Colab/Content/RollingBP/Blueprints/MarbleGameInstance.uasset" 353
"../../../../JSColabTeam17/Team17Colab/Content/RollingBP/UI/UIArtAssets/EndLevelMainmenuHovered.uasset" 354
"../../../../JSColabTeam17/Team17Colab/Content/RollingBP/UI/UIArtAssets/EndLevelMainmenuNormal.uasset" 355
"../../../../JSColabTeam17/Team17Colab/Content/RollingBP/UI/UIArtAssets/EndLevelMainmenuPressed.uasset" 356
"../../../../JSColabTeam17/Team17Colab/Content/RollingBP/UI/UIArtAssets/EndLevelNextLevelHovered.uasset" 357
"../../../../JSColabTeam17/Team17Colab/Content/RollingBP/UI/UIArtAssets/EndLevelNextLevelNormal.uasset" 358
"../../../../JSColabTeam17/Team17Colab/Content/RollingBP/UI/UIArtAssets/EndLevelNextLevelPressed.uasset" 359
"../../../../JSColabTeam17/Team17Colab/Content/RollingBP/UI/UIArtAssets/EndLevelRetryHovered.uasset" 360
"../../../../JSColabTeam17/Team17Colab/Content/RollingBP/UI/UIArtAssets/EndLevelRetryNormal.uasset" 361
"../../../../JSColabTeam17/Team17Colab/Content/RollingBP/UI/UIArtAssets/EndLevelRetryPressed.uasset" 362
"../../../../JSColabTeam17/Team17Colab/Content/RollingBP/UI/UIArtAssets/QuitHovered.uasset" 363
"../../../../JSColabTeam17/Team17Colab/Content/RollingBP/UI/UIArtAssets/QuitNormal.uasset" 364
"../../../../JSColabTeam17/Team17Colab/Content/RollingBP/UI/UIArtAssets/QuitPressed.uasset" 365
"../../../../JSColabTeam17/Team17Colab/Content/RollingBP/UI/UIArtAssets/SettingsHovered.uasset" 366
"../../../../JSColabTeam17/Team17Colab/Content/RollingBP/UI/UIArtAssets/SettingsNormal.uasset" 367
"../../../../JSColabTeam17/Team17Colab/Content/RollingBP/UI/UIArtAssets/SettingsPressed.uasset" 368
"../../../../JSColabTeam17/Team17Colab/Content/RollingBP/UI/UIArtAssets/Fonts/JungleFeverNF.uasset" 369
"../../../../JSColabTeam17/Team17Colab/Content/RollingBP/UI/UIArtAssets/Fonts/JungleFeverNF_Font.uasset" 370
"../../../../JSColabTeam17/Team17Colab/Content/RollingBP/UI/UIArtAssets/AudioHovered.uasset" 371
"../../../../JSColabTeam17/Team17Colab/Content/RollingBP/UI/UIArtAssets/AudioNormal.uasset" 372
"../../../../JSColabTeam17/Team17Colab/Content/RollingBP/UI/UIArtAssets/AudioPressed.uasset" 373
"../../../../JSColabTeam17/Team17Colab/Content/RollingBP/UI/UIArtAssets/BackHovered.uasset" 374
"../../../../JSColabTeam17/Team17Colab/Content/RollingBP/UI/UIArtAssets/BackNormal.uasset" 375
"../../../../JSColabTeam17/Team17Colab/Content/RollingBP/UI/UIArtAssets/BackPressed.uasset" 376
"../../../../JSColabTeam17/Team17Colab/Content/RollingBP/UI/UIArtAssets/CreditsHovered.uasset" 377
"../../../../JSColabTeam17/Team17Colab/Content/RollingBP/UI/UIArtAssets/CreditsNormal.uasset" 378
"../../../../JSColabTeam17/Team17Colab/Content/RollingBP/UI/UIArtAssets/CreditsPressed.uasset" 379
"../../../../JSColabTeam17/Team17Colab/Content/RollingBP/UI/UIArtAssets/VideoHovered.uasset" 380
"../../../../JSColabTeam17/Team17Colab/Content/RollingBP/UI/UIArtAssets/VideoNormal.uasset" 381
"../../../../JSColabTeam17/Team17Colab/Content/RollingBP/UI/UIArtAssets/VideoPressed.uasset" 382
"../../../../JSColabTeam17/Team17Colab/Content/RollingBP/UI/Widgets/AudioSettings.uasset" 383
"../../../../JSColabTeam17/Team17Colab/Content/RollingBP/UI/UIArtAssets/VisualSettingsartwork/1280x720Hovered.uasset" 384
"../../../../JSColabTeam17/Team17Colab/Content/RollingBP/UI/UIArtAssets/VisualSettingsartwork/1280x720Normal.uasset" 385
"../../../../JSColabTeam17/Team17Colab/Content/RollingBP/UI/UIArtAssets/VisualSettingsartwork/1280x720Pressed.uasset" 386
"../../../../JSColabTeam17/Team17Colab/Content/RollingBP/UI/UIArtAssets/VisualSettingsartwork/1920x1080Hovered.uasset" 387
"../../../../JSColabTeam17/Team17Colab/Content/RollingBP/UI/UIArtAssets/VisualSettingsartwork/1920x1080Normal.uasset" 388
"../../../../JSColabTeam17/Team17Colab/Content/RollingBP/UI/UIArtAssets/VisualSettingsartwork/1920x1080Pressed.uasset" 389
"../../../../JSColabTeam17/Team17Colab/Content/RollingBP/UI/UIArtAssets/VisualSettingsartwork/2560x1440Hovered.uasset" 390
"../../../../JSColabTeam17/Team17Colab/Content/RollingBP/UI/UIArtAssets/VisualSettingsartwork/2560x1440Normal.uasset" 391
"../../../../JSColabTeam17/Team17Colab/Content/RollingBP/UI/UIArtAssets/VisualSettingsartwork/2560x1440Pressed.uasset" 392
"../../../../JSColabTeam17/Team17Colab/Content/RollingBP/UI/UIArtAssets/VisualSettingsartwork/3840x2160Hovered.uasset" 393
"../../../../JSColabTeam17/Team17Colab/Content/RollingBP/UI/UIArtAssets/VisualSettingsartwork/3840x2160Normal.uasset" 394
"../../../../JSColabTeam17/Team17Colab/Content/RollingBP/UI/UIArtAssets/VisualSettingsartwork/3840x2160Pressed.uasset" 395
"../../../../JSColabTeam17/Team17Colab/Content/RollingBP/UI/UIArtAssets/VisualSettingsartwork/ApplySaveHovered.uasset" 396
"../../../../JSColabTeam17/Team17Colab/Content/RollingBP/UI/UIArtAssets/VisualSettingsartwork/ApplySaveNormal.uasset" 397
"../../../../JSColabTeam17/Team17Colab/Content/RollingBP/UI/UIArtAssets/VisualSettingsartwork/ApplySavePressed.uasset" 398
"../../../../JSColabTeam17/Team17Colab/Content/RollingBP/UI/Widgets/VisualSettings.uasset" 399
"../../../../JSColabTeam17/Team17Colab/Content/RollingBP/UI/Widgets/SettingsScreen.uasset" 400
"../../../../JSColabTeam17/Team17Colab/Content/RollingBP/UI/Widgets/GameOverScreenMenu.uasset" 401
"../../../../JSColabTeam17/Team17Colab/Content/RollingBP/UI/UIArtAssets/Hud/HighScoreBox2.uasset" 402
"../../../../JSColabTeam17/Team17Colab/Content/RollingBP/UI/Widgets/GameOverScreenReview.uasset" 403
"../../../../JSColabTeam17/Team17Colab/Content/RollingBP/UI/UIArtAssets/Hud/CoinIcon.uasset" 404
"../../../../JSColabTeam17/Team17Colab/Content/RollingBP/UI/UIArtAssets/Hud/CoinsCollect.uasset" 405
"../../../../JSColabTeam17/Team17Colab/Content/RollingBP/UI/UIArtAssets/Hud/Powerup.uasset" 406
"../../../../JSColabTeam17/Team17Colab/Content/RollingBP/UI/UIArtAssets/Hud/Timer.uasset" 407
"../../../../JSColabTeam17/Team17Colab/Content/RollingBP/UI/UIArtAssets/Hud/TopTimer.uasset" 408
"../../../../JSColabTeam17/Team17Colab/Content/RollingBP/UI/Widgets/HUD.uasset" 409
"../../../../JSColabTeam17/Team17Colab/Content/RollingBP/UI/Widgets/HUDManager.uasset" 410
"../../../../JSColabTeam17/Team17Colab/Content/RollingBP/Blueprints/RollingGameMode.uasset" 411
"../../../../JSColabTeam17/Team17Colab/Content/RollingBP/Blueprints/PhysicsBall_Struct.uasset" 412
"../../../../JSColabTeam17/Team17Colab/Content/RollingBP/Blueprints/DT_PhysicsBallMovement.uasset" 413
"../../../../JSColabTeam17/Team17Colab/Content/Miles/Meshes/SM_Explorer.uasset" 414
"../../../../JSColabTeam17/Team17Colab/Content/Rolling/Materials/PM_Ball.uasset" 415
"../../../../JSColabTeam17/Team17Colab/Content/Rolling/Materials/PM_BallRubber.uasset" 416
"../../../../JSColabTeam17/Team17Colab/Content/Aden/HoloDeck/Mats/SkyTest/Holoroom_output.uasset" 417
"../../../../JSColabTeam17/Team17Colab/Content/Miles/Materials/M_BallTest.uasset" 418
"../../../../JSColabTeam17/Team17Colab/Content/Rolling/Meshes/BallMesh.uasset" 419
"../../../../JSColabTeam17/Team17Colab/Content/RollingBP/UI/UIArtAssets/PauseScreenMainmenuHovered.uasset" 420
"../../../../JSColabTeam17/Team17Colab/Content/RollingBP/UI/UIArtAssets/PauseScreenMainmenuNormal.uasset" 421
"../../../../JSColabTeam17/Team17Colab/Content/RollingBP/UI/UIArtAssets/PauseScreenMainmenuPressed.uasset" 422
"../../../../JSColabTeam17/Team17Colab/Content/RollingBP/UI/UIArtAssets/PauseScreenQuitHovered.uasset" 423
"../../../../JSColabTeam17/Team17Colab/Content/RollingBP/UI/UIArtAssets/PauseScreenQuitNormal.uasset" 424
"../../../../JSColabTeam17/Team17Colab/Content/RollingBP/UI/UIArtAssets/PauseScreenQuitPressed.uasset" 425
"../../../../JSColabTeam17/Team17Colab/Content/RollingBP/UI/UIArtAssets/PauseScreenResumeHovered.uasset" 426
"../../../../JSColabTeam17/Team17Colab/Content/RollingBP/UI/UIArtAssets/PauseScreenResumeNormal.uasset" 427
"../../../../JSColabTeam17/Team17Colab/Content/RollingBP/UI/UIArtAssets/PauseScreenResumePressed.uasset" 428
"../../../../JSColabTeam17/Team17Colab/Content/RollingBP/UI/UIArtAssets/PauseScreenSettingsHovered.uasset" 429
"../../../../JSColabTeam17/Team17Colab/Content/RollingBP/UI/UIArtAssets/PauseScreenSettingsNormal.uasset" 430
"../../../../JSColabTeam17/Team17Colab/Content/RollingBP/UI/UIArtAssets/PauseScreenSettingsPressed.uasset" 431
"../../../../JSColabTeam17/Team17Colab/Content/RollingBP/UI/Widgets/ResumeCounter.uasset" 432
"../../../../JSColabTeam17/Team17Colab/Content/RollingBP/UI/Widgets/PauseScreen.uasset" 433
"../../../../JSColabTeam17/Team17Colab/Content/RollingBP/Blueprints/PhysicsBallBP.uasset" 434
"../../../../JSColabTeam17/Team17Colab/Content/Aden/Temple/Assets/JumpPads/SM_Jump_Pad_001.uasset" 435
"../../../../JSColabTeam17/Team17Colab/Content/RollingBP/Blueprints/LevelPlaceable/BP_BouncyPad.uasset" 436
"../../../Engine/Content/BasicShapes/BasicShapeMaterial.uasset" 437
"../../../Engine/Content/BasicShapes/Cube.uasset" 438
"../../../Engine/Content/BasicShapes/Sphere.uasset" 439
"../../../../JSColabTeam17/Team17Colab/Content/RollingBP/Blueprints/LevelPlaceable/BP_CannonLauncher.uasset" 440
"../../../../JSColabTeam17/Team17Colab/Content/RollingBP/Blueprints/LevelPlaceable/BP_Checkpoint.uasset" 441
"../../../../JSColabTeam17/Team17Colab/Content/Miles/Textures/Env_Props/T_Trees_Diffuse.uasset" 442
"../../../../JSColabTeam17/Team17Colab/Content/Miles/Materials/M_BasicEmissive.uasset" 443
"../../../../JSColabTeam17/Team17Colab/Content/Miles/Textures/Env_Props/T_Coin_Diffuse.uasset" 444
"../../../../JSColabTeam17/Team17Colab/Content/Miles/Textures/Env_Props/T_Coin_Emissive.uasset" 445
"../../../../JSColabTeam17/Team17Colab/Content/Miles/Materials/Env_Props/MI_Coin.uasset" 446
"../../../../JSColabTeam17/Team17Colab/Content/Miles/Meshes/Env_Props/SM_Coin.uasset" 447
"../../../../JSColabTeam17/Team17Colab/Content/RollingBP/Blueprints/LevelPlaceable/BP_Coin.uasset" 448
"../../../Engine/Content/BasicShapes/Cylinder.uasset" 449
"../../../../JSColabTeam17/Team17Colab/Content/RollingBP/Blueprints/LevelPlaceable/BP_EndOfLevelPad.uasset" 450
"../../../../JSColabTeam17/Team17Colab/Content/RollingBP/Blueprints/LevelPlaceable/BP_KillZoneCustom.uasset" 451
"../../../../JSColabTeam17/Team17Colab/Content/RollingBP/Blueprints/I_Trigger.uasset" 452
"../../../../JSColabTeam17/Team17Colab/Content/RollingBP/Blueprints/LevelPlaceable/BP_MovingPlatform.uasset" 453
"../../../../JSColabTeam17/Team17Colab/Content/RollingBP/Blueprints/LevelPlaceable/BP_RailGuard.uasset" 454
"../../../../JSColabTeam17/Team17Colab/Content/RollingBP/Blueprints/LevelPlaceable/BP_SpeedBooster.uasset" 455
"../../../../JSColabTeam17/Team17Colab/Content/Rolling/Materials/GrayMetalMaterial.uasset" 456
"../../../Engine/Content/BasicShapes/Cone.uasset" 457
"../../../../JSColabTeam17/Team17Colab/Content/RollingBP/Blueprints/LevelPlaceable/BP_Spikes.uasset" 458
"../../../../JSColabTeam17/Team17Colab/Content/RollingBP/Blueprints/LevelPlaceable/BP_TriggerOverlap.uasset" 459
"../../../../JSColabTeam17/Team17Colab/Content/RollingBP/Blueprints/LevelPlaceable/BP_TurningPoint.uasset" 460
"../../../../JSColabTeam17/Team17Colab/Content/StarterContent/Textures/T_Lamp_M.uasset" 461
"../../../../JSColabTeam17/Team17Colab/Content/StarterContent/Textures/T_Lamp_N.uasset" 462
"../../../../JSColabTeam17/Team17Colab/Content/StarterContent/Props/Materials/M_Lamp.uasset" 463
"../../../../JSColabTeam17/Team17Colab/Content/StarterContent/Props/SM_Lamp_Wall.uasset" 464
"../../../../JSColabTeam17/Team17Colab/Content/StarterContent/Materials/M_Basic_Wall.uasset" 465
"../../../../JSColabTeam17/Team17Colab/Content/StarterContent/Shapes/Shape_Cylinder.uasset" 466
"../../../../JSColabTeam17/Team17Colab/Content/RollingBP/Blueprints/LevelPlaceable/Pickups/BP_PickupBase.uasset" 467
"../../../../JSColabTeam17/Team17Colab/Content/StarterContent/Textures/T_MacroVariation.uasset" 468
"../../../../JSColabTeam17/Team17Colab/Content/StarterContent/Textures/T_Perlin_Noise_M.uasset" 469
"../../../../JSColabTeam17/Team17Colab/Content/StarterContent/Textures/T_Wood_Pine_D.uasset" 470
"../../../../JSColabTeam17/Team17Colab/Content/StarterContent/Textures/T_Wood_Pine_N.uasset" 471
"../../../../JSColabTeam17/Team17Colab/Content/StarterContent/Materials/M_Wood_Pine.uasset" 472
"../../../../JSColabTeam17/Team17Colab/Content/StarterContent/Shapes/Shape_Sphere.uasset" 473
"../../../../JSColabTeam17/Team17Colab/Content/RollingBP/Blueprints/LevelPlaceable/Pickups/BP_PickupRubber.uasset" 474
"../../../Engine/Content/Functions/Engine_MaterialFunctions02/Utility/BlendAngleCorrectedNormals.uasset" 475
"../../../../JSColabTeam17/Team17Colab/Content/StarterContent/Textures/T_Metal_Rust_D.uasset" 476
"../../../../JSColabTeam17/Team17Colab/Content/StarterContent/Textures/T_Metal_Rust_N.uasset" 477
"../../../../JSColabTeam17/Team17Colab/Content/StarterContent/Materials/M_Metal_Rust.uasset" 478
"../../../../JSColabTeam17/Team17Colab/Content/RollingBP/Blueprints/LevelPlaceable/Pickups/BP_PickupShrink.uasset" 479
"../../../../JSColabTeam17/Team17Colab/Content/StarterContent/Textures/T_Bush_D.uasset" 480
"../../../../JSColabTeam17/Team17Colab/Content/StarterContent/Textures/T_Bush_N.uasset" 481
"../../../../JSColabTeam17/Team17Colab/Content/StarterContent/Props/Materials/M_Bush.uasset" 482
"../../../../JSColabTeam17/Team17Colab/Content/RollingBP/Blueprints/LevelPlaceable/Pickups/BP_PickupTurboJump.uasset" 483
"../../../../JSColabTeam17/Team17Colab/Content/StarterContent/Textures/T_TableRound_M.uasset" 484
"../../../../JSColabTeam17/Team17Colab/Content/StarterContent/Textures/T_TableRound_N.uasset" 485
"../../../../JSColabTeam17/Team17Colab/Content/StarterContent/Props/Materials/M_TableRound.uasset" 486
"../../../../JSColabTeam17/Team17Colab/Content/RollingBP/Blueprints/LevelPlaceable/Pickups/BP_SpeedBoost.uasset" 487
"../../../../JSColabTeam17/Team17Colab/Content/RollingBP/Blueprints/LevelPlaceable/LevelDisplayCam.uasset" 488
"../../../../JSColabTeam17/Team17Colab/Content/RollingBP/UI/UIArtAssets/HighscoreHovered.uasset" 489
"../../../../JSColabTeam17/Team17Colab/Content/RollingBP/UI/UIArtAssets/HighscoreNormal.uasset" 490
"../../../../JSColabTeam17/Team17Colab/Content/RollingBP/UI/UIArtAssets/HighscorePressed.uasset" 491
"../../../../JSColabTeam17/Team17Colab/Content/RollingBP/UI/UIArtAssets/LevelNames/MarbleExplorer2.uasset" 492
"../../../../JSColabTeam17/Team17Colab/Content/RollingBP/UI/UIArtAssets/LevelselectHovered.uasset" 493
"../../../../JSColabTeam17/Team17Colab/Content/RollingBP/UI/UIArtAssets/LevelselectNormal.uasset" 494
"../../../../JSColabTeam17/Team17Colab/Content/RollingBP/UI/UIArtAssets/LevelselectPressed.uasset" 495
"../../../../JSColabTeam17/Team17Colab/Content/RollingBP/UI/UIArtAssets/PlayHovered.uasset" 496
"../../../../JSColabTeam17/Team17Colab/Content/RollingBP/UI/UIArtAssets/PlayNormal.uasset" 497
"../../../../JSColabTeam17/Team17Colab/Content/RollingBP/UI/UIArtAssets/PlayPressed.uasset" 498
"../../../../JSColabTeam17/Team17Colab/Content/RollingBP/UI/UIArtAssets/World1Hovered.uasset" 499
"../../../../JSColabTeam17/Team17Colab/Content/RollingBP/UI/UIArtAssets/World1Normal.uasset" 500
"../../../../JSColabTeam17/Team17Colab/Content/RollingBP/UI/UIArtAssets/World1Pressed.uasset" 501
"../../../../JSColabTeam17/Team17Colab/Content/RollingBP/UI/UIArtAssets/World2Hovered.uasset" 502
"../../../../JSColabTeam17/Team17Colab/Content/RollingBP/UI/UIArtAssets/World2Normal.uasset" 503
"../../../../JSColabTeam17/Team17Colab/Content/RollingBP/UI/UIArtAssets/World2Pressed.uasset" 504
"../../../../JSColabTeam17/Team17Colab/Content/RollingBP/UI/UIArtAssets/World3Hovered.uasset" 505
"../../../../JSColabTeam17/Team17Colab/Content/RollingBP/UI/UIArtAssets/World3Normal.uasset" 506
"../../../../JSColabTeam17/Team17Colab/Content/RollingBP/UI/UIArtAssets/World3Pressed.uasset" 507
"../../../../JSColabTeam17/Team17Colab/Content/RollingBP/UI/UIArtAssets/World4Hovered.uasset" 508
"../../../../JSColabTeam17/Team17Colab/Content/RollingBP/UI/UIArtAssets/World4Normal.uasset" 509
"../../../../JSColabTeam17/Team17Colab/Content/RollingBP/UI/UIArtAssets/World4Pressed.uasset" 510
"../../../../JSColabTeam17/Team17Colab/Content/RollingBP/UI/UIArtAssets/Hud/HighScoreBox1.uasset" 511
"../../../../JSColabTeam17/Team17Colab/Content/RollingBP/UI/UIArtAssets/UILevelImages/AztecTempleHovered.uasset" 512
"../../../../JSColabTeam17/Team17Colab/Content/RollingBP/UI/UIArtAssets/UILevelImages/AztecTempleNormal.uasset" 513
"../../../../JSColabTeam17/Team17Colab/Content/RollingBP/UI/UIArtAssets/UILevelImages/AztecTemplePressed.uasset" 514
"../../../../JSColabTeam17/Team17Colab/Content/RollingBP/UI/UIArtAssets/UILevelImages/DescentNormal.uasset" 515
"../../../../JSColabTeam17/Team17Colab/Content/RollingBP/UI/UIArtAssets/UILevelImages/DescentPressed.uasset" 516
"../../../../JSColabTeam17/Team17Colab/Content/RollingBP/UI/UIArtAssets/UILevelImages/RiverHovered.uasset" 517
"../../../../JSColabTeam17/Team17Colab/Content/RollingBP/UI/UIArtAssets/UILevelImages/RiverNormal.uasset" 518
"../../../../JSColabTeam17/Team17Colab/Content/RollingBP/UI/UIArtAssets/UILevelImages/RiverPressed.uasset" 519
"../../../../JSColabTeam17/Team17Colab/Content/RollingBP/UI/UIArtAssets/UILevelImages/SlopeHovered.uasset" 520
"../../../../JSColabTeam17/Team17Colab/Content/RollingBP/UI/UIArtAssets/UILevelImages/SlopeNormal.uasset" 521
"../../../../JSColabTeam17/Team17Colab/Content/RollingBP/UI/UIArtAssets/UILevelImages/SlopePressed.uasset" 522
"../../../../JSColabTeam17/Team17Colab/Content/RollingBP/UI/UIArtAssets/UILevelImages/TransitHovered.uasset" 523
"../../../../JSColabTeam17/Team17Colab/Content/RollingBP/UI/UIArtAssets/UILevelImages/TransitNormal.uasset" 524
"../../../../JSColabTeam17/Team17Colab/Content/RollingBP/UI/UIArtAssets/UILevelImages/TransitPressed.uasset" 525
"../../../../JSColabTeam17/Team17Colab/Content/RollingBP/UI/Widgets/HighScores.uasset" 526
"../../../../JSColabTeam17/Team17Colab/Content/RollingBP/UI/UIArtAssets/LevelNames/LevelNameSelectLevel.uasset" 527
"../../../../JSColabTeam17/Team17Colab/Content/RollingBP/UI/UIArtAssets/LevelNames/LevelNameTutorial1.uasset" 528
"../../../../JSColabTeam17/Team17Colab/Content/RollingBP/UI/UIArtAssets/LevelNames/LevelNameTutorial2.uasset" 529
"../../../../JSColabTeam17/Team17Colab/Content/RollingBP/UI/UIArtAssets/LevelNames/LevelNameTutorial3.uasset" 530
"../../../../JSColabTeam17/Team17Colab/Content/RollingBP/UI/UIArtAssets/UILevelImages/Tutorial1Hovered.uasset" 531
"../../../../JSColabTeam17/Team17Colab/Content/RollingBP/UI/UIArtAssets/UILevelImages/Tutorial1Normal.uasset" 532
"../../../../JSColabTeam17/Team17Colab/Content/RollingBP/UI/UIArtAssets/UILevelImages/Tutorial1Pressed.uasset" 533
"../../../../JSColabTeam17/Team17Colab/Content/RollingBP/UI/UIArtAssets/UILevelImages/Tutorial2Hovered.uasset" 534
"../../../../JSColabTeam17/Team17Colab/Content/RollingBP/UI/UIArtAssets/UILevelImages/Tutorial2Normal.uasset" 535
"../../../../JSColabTeam17/Team17Colab/Content/RollingBP/UI/UIArtAssets/UILevelImages/Tutorial2Pressed.uasset" 536
"../../../../JSColabTeam17/Team17Colab/Content/RollingBP/UI/UIArtAssets/UILevelImages/Tutorial3Hovered.uasset" 537
"../../../../JSColabTeam17/Team17Colab/Content/RollingBP/UI/UIArtAssets/UILevelImages/Tutorial3Normal.uasset" 538
"../../../../JSColabTeam17/Team17Colab/Content/RollingBP/UI/UIArtAssets/UILevelImages/Tutorial3Pressed.uasset" 539
"../../../../JSColabTeam17/Team17Colab/Content/RollingBP/UI/Widgets/TutorialWorld.uasset" 540
"../../../../JSColabTeam17/Team17Colab/Content/RollingBP/UI/UIArtAssets/LevelNames/LevelNameAztecTemple.uasset" 541
"../../../../JSColabTeam17/Team17Colab/Content/RollingBP/UI/UIArtAssets/LevelNames/LevelNameDescent.uasset" 542
"../../../../JSColabTeam17/Team17Colab/Content/RollingBP/UI/UIArtAssets/LevelNames/LevelNameRiver.uasset" 543
"../../../../JSColabTeam17/Team17Colab/Content/RollingBP/UI/UIArtAssets/LevelNames/LevelNameSlope.uasset" 544
"../../../../JSColabTeam17/Team17Colab/Content/RollingBP/UI/UIArtAssets/LevelNames/LevelNameTransit.uasset" 545
"../../../../JSColabTeam17/Team17Colab/Content/RollingBP/UI/Widgets/World1.uasset" 546
"../../../../JSColabTeam17/Team17Colab/Content/RollingBP/UI/UIArtAssets/LevelNames/world_coming_soon.uasset" 547
"../../../../JSColabTeam17/Team17Colab/Content/RollingBP/UI/Widgets/WorldNA.uasset" 548
"../../../../JSColabTeam17/Team17Colab/Content/RollingBP/UI/Widgets/MainMenu.uasset" 549
"../../../../JSColabTeam17/Team17Colab/Content/RollingBP/UI/GameModes/MainMenuGM.uasset" 550
"../../../Engine/Content/Animation/DefaultAnimCurveCompressionSettings.uasset" 551
"../../../Engine/Content/ArtTools/RenderToTexture/Enums/RenderToTexture_Enum.uasset" 552
"../../../Engine/Content/ArtTools/RenderToTexture/Enums/RenderToTexture_Flipbook_Enum.uasset" 553
"../../../Engine/Content/ArtTools/RenderToTexture/Enums/RenderToTexture_Imposter_Enum.uasset" 554
"../../../Engine/Content/ArtTools/RenderToTexture/Enums/EIntTypes.uasset" 555
"../../../Engine/Content/ArtTools/RenderToTexture/Macros/RenderToTextureFunctionLibrary.uasset" 556
"../../../Engine/Content/ArtTools/RenderToTexture/Enums/EFloatTypes.uasset" 557
"../../../Engine/Content/ArtTools/RenderToTexture/Macros/RenderToTextureMacros.uasset" 558
"../../Plugins/2D/Paper2D/Content/PlaceholderTextures/DummySpriteTexture.uasset" 559
"../../Plugins/2D/Paper2D/Content/DummySprite.uasset" 560
"../../Plugins/2D/Paper2D/Content/DefaultPaperTerrainMaterial.uasset" 561
"../../Plugins/2D/Paper2D/Content/DefaultSpriteMaterial.uasset" 562
"../../Plugins/2D/Paper2D/Content/MaskedUnlitSpriteMaterial.uasset" 563
"../../Plugins/2D/Paper2D/Content/OpaqueUnlitSpriteMaterial.uasset" 564
"../../Plugins/Enterprise/DatasmithContent/Content/Blueprints/FBXImporter/FBXImporterUtils.uasset" 565
"../../Plugins/FX/Niagara/Content/Enums/ENiagaraAnimTrailWidthMode.uasset" 566
"../../Plugins/FX/Niagara/Content/Enums/ENiagaraBooleanLogicOps.uasset" 567
"../../Plugins/FX/Niagara/Content/Enums/ENiagaraCalculateRadiusOptions.uasset" 568
"../../Plugins/FX/Niagara/Content/Enums/ENiagaraCollisionRadiusOptions.uasset" 569
"../../Plugins/FX/Niagara/Content/Enums/ENiagaraCoordinateSpace.uasset" 570
"../../Plugins/FX/Niagara/Content/Enums/ENiagaraCurlNoiseQuality.uasset" 571
"../../Plugins/FX/Niagara/Content/Enums/ENiagaraEmitterLifeCycleMode.uasset" 572
"../../Plugins/FX/Niagara/Content/Enums/ENiagaraEmitterScalabilityMode.uasset" 573
"../../Plugins/FX/Niagara/Content/Enums/ENiagaraExpansionMode.uasset" 574
"../../Plugins/FX/Niagara/Content/Enums/ENiagaraFrictionMergeType.uasset" 575
"../../Plugins/FX/Niagara/Content/Enums/ENiagaraGPUDepthResponseType.uasset" 576
"../../Plugins/FX/Niagara/Content/Enums/ENiagaraGridPlacementType.uasset" 577
"../../Plugins/FX/Niagara/Content/Enums/ENiagaraInactiveMode.uasset" 578
"../../Plugins/FX/Niagara/Content/Enums/ENiagaraKillVolumeOptions.uasset" 579
"../../Plugins/FX/Niagara/Content/Enums/ENiagaraMassByVolume.uasset" 580
"../../Plugins/FX/Niagara/Content/Enums/ENiagaraMassCalculationForRendererTypes.uasset" 581
"../../Plugins/FX/Niagara/Content/Enums/ENiagaraMeshOrSprite.uasset" 582
"../../Plugins/FX/Niagara/Content/Enums/ENiagaraMeshSamplingMode.uasset" 583
"../../Plugins/FX/Niagara/Content/Enums/ENiagaraMeshSurfaceSamplingMode.uasset" 584
"../../Plugins/FX/Niagara/Content/Enums/ENiagaraMeshTransforms.uasset" 585
"../../Plugins/FX/Niagara/Content/Enums/ENiagaraMinOrMax.uasset" 586
"../../Plugins/FX/Niagara/Content/Enums/ENiagaraOrientationAxis.uasset" 587
"../../Plugins/FX/Niagara/Content/Enums/ENiagaraRandomnessMode.uasset" 588
"../../Plugins/FX/Niagara/Content/Enums/ENiagaraRestitutionMergeType.uasset" 589
"../../Plugins/FX/Niagara/Content/Enums/ENiagaraScaleColorMode.uasset" 590
"../../Plugins/FX/Niagara/Content/Enums/ENiagaraSimulationTarget.uasset" 591
"../../Plugins/FX/Niagara/Content/Enums/ENiagaraSkeletalSpawning.uasset" 592
"../../Plugins/FX/Niagara/Content/Enums/ENiagaraSUbUVAnimationMode.uasset" 593
"../../Plugins/FX/Niagara/Content/Enums/ENiagaraSystemInactiveMode.uasset" 594
"../../Plugins/FX/Niagara/Content/Enums/ENiagaraTorusDistributionMode.uasset" 595
"../../Plugins/FX/Niagara/Content/Enums/ENiagaraTorusMode.uasset" 596
"../../Plugins/FX/Niagara/Content/Enums/ENiagaraVector2_Channels.uasset" 597
"../../Plugins/FX/Niagara/Content/Enums/ENiagaraVector3_Channels.uasset" 598
"../../Plugins/FX/Niagara/Content/Enums/ENiagaraVector4_Channels.uasset" 599
"../../Plugins/FX/Niagara/Content/Enums/ENiagara_CollisionType.uasset" 600
"../../Plugins/FX/Niagara/Content/Enums/ENiagara_CPUCollisionType.uasset" 601
"../../Plugins/FX/Niagara/Content/Enums/ENiagara_EmitterStateOptions.uasset" 602
"../../Plugins/FX/Niagara/Content/Enums/ENiagara_GPUCollisionType.uasset" 603
"../../Plugins/FX/Niagara/Content/Icons/S_ParticleSystem.uasset" 604
"../../../Engine/Content/Functions/Engine_MaterialFunctions02/Utility/BreakOutFloat4Components.uasset" 605
"../../Plugins/Runtime/Oculus/OculusVR/Content/Materials/OculusMR_ChromaKey.uasset" 606
"../../Plugins/Runtime/Oculus/OculusVR/Content/Materials/OculusMR_ChromaKey_Lit.uasset" 607
"../../Plugins/Runtime/Oculus/OculusVR/Content/Materials/OculusMR_OpaqueColoredMaterial.uasset" 608
"../../Plugins/Runtime/Oculus/OculusVR/Content/Materials/OculusMR_WhiteMaterial.uasset" 609
"../../../../JSColabTeam17/Team17Colab/Content/RollingBP/UI/UIArtAssets/LevelNames/MarbleExplorer1.uasset" 610
"../../../Engine/Content/Maps/Entry_BuiltData.uasset" 611
"../../../Engine/Content/Maps/Entry.umap" 612
"../../../../JSColabTeam17/Team17Colab/Content/RollingBP/UI/UIArtAssets/LevelNames/CLICK_TO_START.uasset" 613
"../../../../JSColabTeam17/Team17Colab/Content/RollingBP/UI/UIArtAssets/TitleScreen_3.uasset" 614
"../../../../JSColabTeam17/Team17Colab/Content/RollingBP/UI/Widgets/TitleScreen.uasset" 615
"../../../../JSColabTeam17/Team17Colab/Content/RollingBP/UI/GameModes/TitleScreenGM.uasset" 616
"../../../../JSColabTeam17/Team17Colab/Content/RollingBP/Maps/TitleScreen.umap" 617
