Log file open, 05/24/20 21:57:11
LogWindows: Failed to load 'aqProf.dll' (GetLastError=126)
LogWindows: File 'aqProf.dll' does not exist
LogWindows: Failed to load 'VtuneApi.dll' (GetLastError=126)
LogWindows: File 'VtuneApi.dll' does not exist
LogWindows: Failed to load 'VtuneApi32e.dll' (GetLastError=126)
LogWindows: File 'VtuneApi32e.dll' does not exist
LogConsoleResponse: Display: Failed to find resolution value strings in scalability ini. Falling back to default.
LogInit: Display: Running engine for game: Team17Colab
LogPlatformFile: Not using cached read wrapper
LogTaskGraph: Started task graph with 5 named threads and 35 total threads with 3 sets of task threads.
LogStats: Stats thread started at 0.113526
LogD3D11RHI: Loaded GFSDK_Aftermath_Lib.x64.dll
LogICUInternationalization: ICU TimeZone Detection - Raw Offset: +0:00, Platform Override: ''
LogPluginManager: Mounting plugin Paper2D
LogPluginManager: Mounting plugin AISupport
LogPluginManager: Mounting plugin LightPropagationVolume
LogPluginManager: Mounting plugin ActorLayerUtilities
LogPluginManager: Mounting plugin AnimationSharing
LogPluginManager: Mounting plugin CLionSourceCodeAccess
LogPluginManager: Mounting plugin CodeLiteSourceCodeAccess
LogPluginManager: Mounting plugin GitSourceControl
LogPluginManager: Mounting plugin KDevelopSourceCodeAccess
LogPluginManager: Mounting plugin NullSourceCodeAccess
LogPluginManager: Mounting plugin PerforceSourceControl
LogPluginManager: Mounting plugin PlasticSourceControl
LogPluginManager: Mounting plugin SubversionSourceControl
LogPluginManager: Mounting plugin UObjectPlugin
LogPluginManager: Mounting plugin VisualStudioCodeSourceCodeAccess
LogPluginManager: Mounting plugin VisualStudioSourceCodeAccess
LogPluginManager: Mounting plugin XCodeSourceCodeAccess
LogPluginManager: Mounting plugin AssetManagerEditor
LogPluginManager: Mounting plugin CryptoKeys
LogPluginManager: Mounting plugin CurveEditorTools
LogPluginManager: Mounting plugin DataValidation
LogPluginManager: Mounting plugin FacialAnimation
LogPluginManager: Mounting plugin GameplayTagsEditor
LogPluginManager: Mounting plugin MacGraphicsSwitching
LogPluginManager: Mounting plugin MaterialAnalyzer
LogPluginManager: Mounting plugin MobileLauncherProfileWizard
LogPluginManager: Mounting plugin PluginBrowser
LogPluginManager: Mounting plugin SpeedTreeImporter
LogPluginManager: Mounting plugin DatasmithContent
LogPluginManager: Mounting plugin VariantManagerContent
LogPluginManager: Mounting plugin AlembicImporter
LogPluginManager: Mounting plugin AutomationUtils
LogPluginManager: Mounting plugin BackChannel
LogPluginManager: Mounting plugin CharacterAI
LogPluginManager: Mounting plugin GeometryCache
LogPluginManager: Mounting plugin PlatformCrypto
LogPluginManager: Mounting plugin ProxyLODPlugin
LogPluginManager: Mounting plugin SkeletalReduction
LogPluginManager: Mounting plugin MagicLeap
LogPluginManager: Mounting plugin MagicLeapMedia
LogPluginManager: Mounting plugin MLSDK
LogPluginManager: Mounting plugin AndroidMedia
LogPluginManager: Mounting plugin AvfMedia
LogPluginManager: Mounting plugin ImgMedia
LogPluginManager: Mounting plugin MediaCompositing
LogPluginManager: Mounting plugin MediaPlayerEditor
LogPluginManager: Mounting plugin WebMMedia
LogPluginManager: Mounting plugin WmfMedia
LogPluginManager: Mounting plugin TcpMessaging
LogPluginManager: Mounting plugin UdpMessaging
LogPluginManager: Mounting plugin ActorSequence
LogPluginManager: Mounting plugin LevelSequenceEditor
LogPluginManager: Mounting plugin MatineeToLevelSequence
LogPluginManager: Mounting plugin NetcodeUnitTest
LogPluginManager: Mounting plugin NUTUnrealEngine4
LogPluginManager: Mounting plugin OnlineSubsystemGooglePlay
LogPluginManager: Mounting plugin OnlineSubsystemIOS
LogPluginManager: Mounting plugin OnlineSubsystem
LogPluginManager: Mounting plugin OnlineSubsystemNull
LogPluginManager: Mounting plugin OnlineSubsystemUtils
LogPluginManager: Mounting plugin LauncherChunkInstaller
LogPluginManager: Mounting plugin AndroidDeviceProfileSelector
LogPluginManager: Mounting plugin AndroidMoviePlayer
LogPluginManager: Mounting plugin AndroidPermission
LogPluginManager: Mounting plugin AppleImageUtils
LogPluginManager: Mounting plugin AppleMoviePlayer
LogPluginManager: Mounting plugin ArchVisCharacter
LogPluginManager: Mounting plugin AssetTags
LogPluginManager: Mounting plugin AudioCapture
LogPluginManager: Mounting plugin CableComponent
LogPluginManager: Mounting plugin CustomMeshComponent
LogPluginManager: Mounting plugin EditableMesh
LogPluginManager: Mounting plugin ExampleDeviceProfileSelector
LogPluginManager: Mounting plugin GoogleCloudMessaging
LogPluginManager: Mounting plugin IOSDeviceProfileSelector
LogPluginManager: Mounting plugin LinuxDeviceProfileSelector
LogPluginManager: Mounting plugin LocationServicesBPLibrary
LogPluginManager: Mounting plugin MobilePatchingUtils
LogPluginManager: Mounting plugin OculusVR
LogPluginManager: Mounting plugin PhysXVehicles
LogPluginManager: Mounting plugin PostSplashScreen
LogPluginManager: Mounting plugin ProceduralMeshComponent
LogPluginManager: Mounting plugin RuntimePhysXCooking
LogPluginManager: Mounting plugin SignificanceManager
LogPluginManager: Mounting plugin SteamVR
LogPluginManager: Mounting plugin WebMMoviePlayer
LogPluginManager: Mounting plugin WindowsMoviePlayer
LogPluginManager: Mounting plugin ScreenshotTools
LogInit: Using libcurl 7.55.1-DEV
LogInit:  - built for x86_64-pc-win32
LogInit:  - supports SSL with OpenSSL/1.1.1
LogInit:  - supports HTTP deflate (compression) using libz 1.2.8
LogInit:  - other features:
LogInit:      CURL_VERSION_SSL
LogInit:      CURL_VERSION_LIBZ
LogInit:      CURL_VERSION_IPV6
LogInit:      CURL_VERSION_ASYNCHDNS
LogInit:      CURL_VERSION_LARGEFILE
LogInit:      CURL_VERSION_IDN
LogInit:  CurlRequestOptions (configurable via config and command line):
LogInit:  - bVerifyPeer = true  - Libcurl will verify peer certificate
LogInit:  - bUseHttpProxy = false  - Libcurl will NOT use HTTP proxy
LogInit:  - bDontReuseConnections = false  - Libcurl will reuse connections
LogInit:  - MaxHostConnections = 16  - Libcurl will limit the number of connections to a host
LogInit:  - LocalHostAddr = Default
LogInit:  - BufferSize = 65536
LogOnline: OSS: Creating online subsystem instance for: NULL
LogInit: WinSock: version 1.1 (2.2), MaxSocks=32767, MaxUdp=65467
LogOnline: OSS: TryLoadSubsystemAndSetDefault: Loaded subsystem for module [NULL]
LogInit: Build: ++UE4+Release-4.24-CL-11590370
LogInit: Engine Version: 4.24.3-11590370+++UE4+Release-4.24
LogInit: Compatible Engine Version: 4.24.0-10570792+++UE4+Release-4.24
LogInit: Net CL: 10570792
LogInit: OS: Windows 10 (Release 1909) (), CPU: AMD Ryzen 5 3600 6-Core Processor              , GPU: NVIDIA GeForce RTX 2070 SUPER
LogInit: Compiled (64-bit): Feb 24 2020 15:39:18
LogInit: Compiled with Visual C++: 19.16.27032.01
LogInit: Build Configuration: Development
LogInit: Branch Name: ++UE4+Release-4.24
LogInit: Command Line: 
LogInit: Base Directory: C:/Program Files/Epic Games/UE_4.24/Engine/Binaries/Win64/
LogInit: Installed Engine Build: 1
LogDevObjectVersion: Number of dev versions registered: 25
LogDevObjectVersion:   Dev-Blueprints (B0D832E4-1F89-4F0D-ACCF-7EB736FD4AA2): 10
LogDevObjectVersion:   Dev-Build (E1C64328-A22C-4D53-A36C-8E866417BD8C): 0
LogDevObjectVersion:   Dev-Core (375EC13C-06E4-48FB-B500-84F0262A717E): 3
LogDevObjectVersion:   Dev-Editor (E4B068ED-F494-42E9-A231-DA0B2E46BB41): 37
LogDevObjectVersion:   Dev-Framework (CFFC743F-43B0-4480-9391-14DF171D2073): 36
LogDevObjectVersion:   Dev-Mobile (B02B49B5-BB20-44E9-A304-32B752E40360): 2
LogDevObjectVersion:   Dev-Networking (A4E4105C-59A1-49B5-A7C5-40C4547EDFEE): 0
LogDevObjectVersion:   Dev-Online (39C831C9-5AE6-47DC-9A44-9C173E1C8E7C): 0
LogDevObjectVersion:   Dev-Physics (78F01B33-EBEA-4F98-B9B4-84EACCB95AA2): 2
LogDevObjectVersion:   Dev-Platform (6631380F-2D4D-43E0-8009-CF276956A95A): 0
LogDevObjectVersion:   Dev-Rendering (12F88B9F-8875-4AFC-A67C-D90C383ABD29): 36
LogDevObjectVersion:   Dev-Sequencer (7B5AE74C-D270-4C10-A958-57980B212A5A): 11
LogDevObjectVersion:   Dev-VR (D7296918-1DD6-4BDD-9DE2-64A83CC13884): 2
LogDevObjectVersion:   Dev-LoadTimes (C2A15278-BFE7-4AFE-6C17-90FF531DF755): 1
LogDevObjectVersion:   Private-Geometry (6EACA3D4-40EC-4CC1-B786-8BED09428FC5): 3
LogDevObjectVersion:   Dev-AnimPhys (29E575DD-E0A3-4627-9D10-D276232CDCEA): 17
LogDevObjectVersion:   Dev-Anim (AF43A65D-7FD3-4947-9873-3E8ED9C1BB05): 2
LogDevObjectVersion:   Dev-ReflectionCapture (6B266CEC-1EC7-4B8F-A30B-E4D90942FC07): 1
LogDevObjectVersion:   Dev-Automation (0DF73D61-A23F-47EA-B727-89E90C41499A): 1
LogDevObjectVersion:   FortniteMain (601D1886-AC64-4F84-AA16-D3DE0DEAC7D6): 31
LogDevObjectVersion:   Dev-Enterprise (9DFFBCD6-494F-0158-E221-12823C92A888): 8
LogDevObjectVersion:   Dev-Niagara (F2AED0AC-9AFE-416F-8664-AA7FFA26D6FC): 1
LogDevObjectVersion:   Dev-Destruction (174F1F0B-B4C6-45A5-B13F-2EE8D0FB917D): 9
LogDevObjectVersion:   Dev-Physics-Ext (35F94A83-E258-406C-A318-09F59610247C): 8
LogDevObjectVersion:   Dev-CineCamera (B2E18506-4273-CFC2-A54E-F4BB758BBA07): 1
LogInit: Presizing for max 25165824 objects, including 0 objects not considered by GC, pre-allocating 0 bytes for permanent pool.
LogInit: Object subsystem initialized
LogConfig: Setting CVar [[con.DebugEarlyDefault:1]]
LogConfig: Setting CVar [[r.setres:1280x720]]
[2020.05.24-20.57.12:369][  0]LogConfig: Setting CVar [[r.VSync:0]]
[2020.05.24-20.57.12:369][  0]LogConfig: Setting CVar [[r.RHICmdBypass:0]]
[2020.05.24-20.57.12:370][  0]LogConfig: Applying CVar settings from Section [/Script/Engine.RendererSettings] File [E:/JrSrProject/JSColabTeam17/Team17Colab/Saved/Config/Windows/Engine.ini]
[2020.05.24-20.57.12:370][  0]LogConfig: Setting CVar [[r.GPUCrashDebugging:0]]
[2020.05.24-20.57.12:370][  0]LogConfig: Applying CVar settings from Section [/Script/Engine.RendererOverrideSettings] File [E:/JrSrProject/JSColabTeam17/Team17Colab/Saved/Config/Windows/Engine.ini]
[2020.05.24-20.57.12:370][  0]LogConfig: Applying CVar settings from Section [/Script/Engine.StreamingSettings] File [E:/JrSrProject/JSColabTeam17/Team17Colab/Saved/Config/Windows/Engine.ini]
[2020.05.24-20.57.12:370][  0]LogConfig: Setting CVar [[s.MinBulkDataSizeForAsyncLoading:131072]]
[2020.05.24-20.57.12:370][  0]LogConfig: Setting CVar [[s.AsyncLoadingThreadEnabled:0]]
[2020.05.24-20.57.12:370][  0]LogConfig: Setting CVar [[s.EventDrivenLoaderEnabled:1]]
[2020.05.24-20.57.12:370][  0]LogConfig: Setting CVar [[s.WarnIfTimeLimitExceeded:0]]
[2020.05.24-20.57.12:370][  0]LogConfig: Setting CVar [[s.TimeLimitExceededMultiplier:1.5]]
[2020.05.24-20.57.12:370][  0]LogConfig: Setting CVar [[s.TimeLimitExceededMinTime:0.005]]
[2020.05.24-20.57.12:370][  0]LogConfig: Setting CVar [[s.UseBackgroundLevelStreaming:1]]
[2020.05.24-20.57.12:370][  0]LogConfig: Setting CVar [[s.PriorityAsyncLoadingExtraTime:15.0]]
[2020.05.24-20.57.12:370][  0]LogConfig: Setting CVar [[s.LevelStreamingActorsUpdateTimeLimit:5.0]]
[2020.05.24-20.57.12:370][  0]LogConfig: Setting CVar [[s.PriorityLevelStreamingActorsUpdateExtraTime:5.0]]
[2020.05.24-20.57.12:370][  0]LogConfig: Setting CVar [[s.LevelStreamingComponentsRegistrationGranularity:10]]
[2020.05.24-20.57.12:370][  0]LogConfig: Setting CVar [[s.UnregisterComponentsTimeLimit:1.0]]
[2020.05.24-20.57.12:370][  0]LogConfig: Setting CVar [[s.LevelStreamingComponentsUnregistrationGranularity:5]]
[2020.05.24-20.57.12:370][  0]LogConfig: Setting CVar [[s.FlushStreamingOnExit:1]]
[2020.05.24-20.57.12:370][  0]LogConfig: Applying CVar settings from Section [/Script/Engine.GarbageCollectionSettings] File [E:/JrSrProject/JSColabTeam17/Team17Colab/Saved/Config/Windows/Engine.ini]
[2020.05.24-20.57.12:370][  0]LogConfig: Setting CVar [[gc.MaxObjectsNotConsideredByGC:1]]
[2020.05.24-20.57.12:370][  0]LogConfig: Setting CVar [[gc.SizeOfPermanentObjectPool:0]]
[2020.05.24-20.57.12:370][  0]LogConfig: Setting CVar [[gc.FlushStreamingOnGC:0]]
[2020.05.24-20.57.12:370][  0]LogConfig: Setting CVar [[gc.NumRetriesBeforeForcingGC:10]]
[2020.05.24-20.57.12:370][  0]LogConfig: Setting CVar [[gc.AllowParallelGC:1]]
[2020.05.24-20.57.12:370][  0]LogConfig: Setting CVar [[gc.TimeBetweenPurgingPendingKillObjects:61.1]]
[2020.05.24-20.57.12:370][  0]LogConfig: Setting CVar [[gc.MaxObjectsInEditor:25165824]]
[2020.05.24-20.57.12:370][  0]LogConfig: Setting CVar [[gc.IncrementalBeginDestroyEnabled:1]]
[2020.05.24-20.57.12:370][  0]LogConfig: Setting CVar [[gc.CreateGCClusters:1]]
[2020.05.24-20.57.12:370][  0]LogConfig: Setting CVar [[gc.MinGCClusterSize:5]]
[2020.05.24-20.57.12:370][  0]LogConfig: Setting CVar [[gc.ActorClusteringEnabled:0]]
[2020.05.24-20.57.12:370][  0]LogConfig: Setting CVar [[gc.BlueprintClusteringEnabled:0]]
[2020.05.24-20.57.12:370][  0]LogConfig: Setting CVar [[gc.UseDisregardForGCOnDedicatedServers:0]]
[2020.05.24-20.57.12:371][  0]LogConfig: Applying CVar settings from Section [/Script/Engine.NetworkSettings] File [E:/JrSrProject/JSColabTeam17/Team17Colab/Saved/Config/Windows/Engine.ini]
[2020.05.24-20.57.12:371][  0]LogConfig: Applying CVar settings from Section [/Script/UnrealEd.CookerSettings] File [E:/JrSrProject/JSColabTeam17/Team17Colab/Saved/Config/Windows/Engine.ini]
[2020.05.24-20.57.12:375][  0]LogConfig: Applying CVar settings from Section [ViewDistanceQuality@3] File [E:/JrSrProject/JSColabTeam17/Team17Colab/Saved/Config/Windows/Scalability.ini]
[2020.05.24-20.57.12:375][  0]LogConfig: Setting CVar [[r.SkeletalMeshLODBias:0]]
[2020.05.24-20.57.12:375][  0]LogConfig: Setting CVar [[r.ViewDistanceScale:1.0]]
[2020.05.24-20.57.12:375][  0]LogConfig: Applying CVar settings from Section [AntiAliasingQuality@3] File [E:/JrSrProject/JSColabTeam17/Team17Colab/Saved/Config/Windows/Scalability.ini]
[2020.05.24-20.57.12:375][  0]LogConfig: Setting CVar [[r.PostProcessAAQuality:4]]
[2020.05.24-20.57.12:375][  0]LogConfig: Applying CVar settings from Section [ShadowQuality@3] File [E:/JrSrProject/JSColabTeam17/Team17Colab/Saved/Config/Windows/Scalability.ini]
[2020.05.24-20.57.12:375][  0]LogConfig: Setting CVar [[r.LightFunctionQuality:1]]
[2020.05.24-20.57.12:375][  0]LogConfig: Setting CVar [[r.ShadowQuality:5]]
[2020.05.24-20.57.12:375][  0]LogConfig: Setting CVar [[r.Shadow.CSM.MaxCascades:10]]
[2020.05.24-20.57.12:375][  0]LogConfig: Setting CVar [[r.Shadow.MaxResolution:2048]]
[2020.05.24-20.57.12:375][  0]LogConfig: Setting CVar [[r.Shadow.MaxCSMResolution:2048]]
[2020.05.24-20.57.12:375][  0]LogConfig: Setting CVar [[r.Shadow.RadiusThreshold:0.01]]
[2020.05.24-20.57.12:375][  0]LogConfig: Setting CVar [[r.Shadow.DistanceScale:1.0]]
[2020.05.24-20.57.12:375][  0]LogConfig: Setting CVar [[r.Shadow.CSM.TransitionScale:1.0]]
[2020.05.24-20.57.12:375][  0]LogConfig: Setting CVar [[r.Shadow.PreShadowResolutionFactor:1.0]]
[2020.05.24-20.57.12:375][  0]LogConfig: Setting CVar [[r.DistanceFieldShadowing:1]]
[2020.05.24-20.57.12:375][  0]LogConfig: Setting CVar [[r.DistanceFieldAO:1]]
[2020.05.24-20.57.12:375][  0]LogConfig: Setting CVar [[r.AOQuality:2]]
[2020.05.24-20.57.12:375][  0]LogConfig: Setting CVar [[r.VolumetricFog:1]]
[2020.05.24-20.57.12:375][  0]LogConfig: Setting CVar [[r.VolumetricFog.GridPixelSize:8]]
[2020.05.24-20.57.12:375][  0]LogConfig: Setting CVar [[r.VolumetricFog.GridSizeZ:128]]
[2020.05.24-20.57.12:375][  0]LogConfig: Setting CVar [[r.VolumetricFog.HistoryMissSupersampleCount:4]]
[2020.05.24-20.57.12:375][  0]LogConfig: Setting CVar [[r.LightMaxDrawDistanceScale:1]]
[2020.05.24-20.57.12:375][  0]LogConfig: Setting CVar [[r.CapsuleShadows:1]]
[2020.05.24-20.57.12:375][  0]LogConfig: Applying CVar settings from Section [PostProcessQuality@3] File [E:/JrSrProject/JSColabTeam17/Team17Colab/Saved/Config/Windows/Scalability.ini]
[2020.05.24-20.57.12:375][  0]LogConfig: Setting CVar [[r.MotionBlurQuality:4]]
[2020.05.24-20.57.12:375][  0]LogConfig: Setting CVar [[r.AmbientOcclusionMipLevelFactor:0.4]]
[2020.05.24-20.57.12:375][  0]LogConfig: Setting CVar [[r.AmbientOcclusionMaxQuality:100]]
[2020.05.24-20.57.12:375][  0]LogConfig: Setting CVar [[r.AmbientOcclusionLevels:-1]]
[2020.05.24-20.57.12:375][  0]LogConfig: Setting CVar [[r.AmbientOcclusionRadiusScale:1.0]]
[2020.05.24-20.57.12:375][  0]LogConfig: Setting CVar [[r.DepthOfFieldQuality:2]]
[2020.05.24-20.57.12:375][  0]LogConfig: Setting CVar [[r.RenderTargetPoolMin:400]]
[2020.05.24-20.57.12:375][  0]LogConfig: Setting CVar [[r.LensFlareQuality:2]]
[2020.05.24-20.57.12:375][  0]LogConfig: Setting CVar [[r.SceneColorFringeQuality:1]]
[2020.05.24-20.57.12:375][  0]LogConfig: Setting CVar [[r.EyeAdaptationQuality:2]]
[2020.05.24-20.57.12:375][  0]LogConfig: Setting CVar [[r.BloomQuality:5]]
[2020.05.24-20.57.12:375][  0]LogConfig: Setting CVar [[r.FastBlurThreshold:100]]
[2020.05.24-20.57.12:375][  0]LogConfig: Setting CVar [[r.Upscale.Quality:3]]
[2020.05.24-20.57.12:375][  0]LogConfig: Setting CVar [[r.Tonemapper.GrainQuantization:1]]
[2020.05.24-20.57.12:375][  0]LogConfig: Setting CVar [[r.LightShaftQuality:1]]
[2020.05.24-20.57.12:375][  0]LogConfig: Setting CVar [[r.Filter.SizeScale:1]]
[2020.05.24-20.57.12:375][  0]LogConfig: Setting CVar [[r.Tonemapper.Quality:5]]
[2020.05.24-20.57.12:376][  0]LogConfig: Setting CVar [[r.DOF.Gather.AccumulatorQuality:1        ; higher gathering accumulator quality]]
[2020.05.24-20.57.12:376][  0]LogConfig: Setting CVar [[r.DOF.Gather.PostfilterMethod:1          ; Median3x3 postfilering method]]
[2020.05.24-20.57.12:376][  0]LogConfig: Setting CVar [[r.DOF.Gather.EnableBokehSettings:0       ; no bokeh simulation when gathering]]
[2020.05.24-20.57.12:376][  0]LogConfig: Setting CVar [[r.DOF.Gather.RingCount:4                 ; medium number of samples when gathering]]
[2020.05.24-20.57.12:376][  0]LogConfig: Setting CVar [[r.DOF.Scatter.ForegroundCompositing:1    ; additive foreground scattering]]
[2020.05.24-20.57.12:376][  0]LogConfig: Setting CVar [[r.DOF.Scatter.BackgroundCompositing:2    ; additive background scattering]]
[2020.05.24-20.57.12:376][  0]LogConfig: Setting CVar [[r.DOF.Scatter.EnableBokehSettings:1      ; bokeh simulation when scattering]]
[2020.05.24-20.57.12:376][  0]LogConfig: Setting CVar [[r.DOF.Scatter.MaxSpriteRatio:0.1         ; only a maximum of 10% of scattered bokeh]]
[2020.05.24-20.57.12:376][  0]LogConfig: Setting CVar [[r.DOF.Recombine.Quality:1                ; cheap slight out of focus]]
[2020.05.24-20.57.12:376][  0]LogConfig: Setting CVar [[r.DOF.Recombine.EnableBokehSettings:0    ; no bokeh simulation on slight out of focus]]
[2020.05.24-20.57.12:376][  0]LogConfig: Setting CVar [[r.DOF.TemporalAAQuality:1                ; more stable temporal accumulation]]
[2020.05.24-20.57.12:376][  0]LogConfig: Setting CVar [[r.DOF.Kernel.MaxForegroundRadius:0.025]]
[2020.05.24-20.57.12:376][  0]LogConfig: Setting CVar [[r.DOF.Kernel.MaxBackgroundRadius:0.025]]
[2020.05.24-20.57.12:376][  0]LogConfig: Applying CVar settings from Section [TextureQuality@3] File [E:/JrSrProject/JSColabTeam17/Team17Colab/Saved/Config/Windows/Scalability.ini]
[2020.05.24-20.57.12:376][  0]LogConfig: Setting CVar [[r.Streaming.MipBias:0]]
[2020.05.24-20.57.12:376][  0]LogConfig: Setting CVar [[r.Streaming.AmortizeCPUToGPUCopy:0]]
[2020.05.24-20.57.12:376][  0]LogConfig: Setting CVar [[r.Streaming.MaxNumTexturesToStreamPerFrame:0]]
[2020.05.24-20.57.12:376][  0]LogConfig: Setting CVar [[r.Streaming.Boost:1]]
[2020.05.24-20.57.12:376][  0]LogConfig: Setting CVar [[r.MaxAnisotropy:8]]
[2020.05.24-20.57.12:376][  0]LogConfig: Setting CVar [[r.VT.MaxAnisotropy:8]]
[2020.05.24-20.57.12:376][  0]LogConfig: Setting CVar [[r.Streaming.LimitPoolSizeToVRAM:0]]
[2020.05.24-20.57.12:376][  0]LogConfig: Setting CVar [[r.Streaming.PoolSize:1000]]
[2020.05.24-20.57.12:376][  0]LogConfig: Setting CVar [[r.Streaming.MaxEffectiveScreenSize:0]]
[2020.05.24-20.57.12:376][  0]LogConfig: Applying CVar settings from Section [EffectsQuality@3] File [E:/JrSrProject/JSColabTeam17/Team17Colab/Saved/Config/Windows/Scalability.ini]
[2020.05.24-20.57.12:376][  0]LogConfig: Setting CVar [[r.TranslucencyLightingVolumeDim:64]]
[2020.05.24-20.57.12:376][  0]LogConfig: Setting CVar [[r.RefractionQuality:2]]
[2020.05.24-20.57.12:376][  0]LogConfig: Setting CVar [[r.SSR.Quality:3]]
[2020.05.24-20.57.12:376][  0]LogConfig: Setting CVar [[r.SSR.HalfResSceneColor:0]]
[2020.05.24-20.57.12:376][  0]LogConfig: Setting CVar [[r.SceneColorFormat:4]]
[2020.05.24-20.57.12:376][  0]LogConfig: Setting CVar [[r.DetailMode:2]]
[2020.05.24-20.57.12:376][  0]LogConfig: Setting CVar [[r.TranslucencyVolumeBlur:1]]
[2020.05.24-20.57.12:376][  0]LogConfig: Setting CVar [[r.MaterialQualityLevel:1 ; High quality]]
[2020.05.24-20.57.12:376][  0]LogConfig: Setting CVar [[r.SSS.Scale:1]]
[2020.05.24-20.57.12:376][  0]LogConfig: Setting CVar [[r.SSS.SampleSet:2]]
[2020.05.24-20.57.12:376][  0]LogConfig: Setting CVar [[r.SSS.Quality:1]]
[2020.05.24-20.57.12:376][  0]LogConfig: Setting CVar [[r.SSS.HalfRes:1]]
[2020.05.24-20.57.12:376][  0]LogConfig: Setting CVar [[r.SSGI.Quality:3]]
[2020.05.24-20.57.12:376][  0]LogConfig: Setting CVar [[r.EmitterSpawnRateScale:1.0]]
[2020.05.24-20.57.12:376][  0]LogConfig: Setting CVar [[r.ParticleLightQuality:2]]
[2020.05.24-20.57.12:376][  0]LogConfig: Setting CVar [[r.SkyAtmosphere.AerialPerspectiveLUT.FastApplyOnOpaque:1 ; Always have FastSkyLUT 1 in this case to avoid wrong sky]]
[2020.05.24-20.57.12:376][  0]LogConfig: Setting CVar [[r.SkyAtmosphere.AerialPerspectiveLUT.SampleCountPerSlice:1]]
[2020.05.24-20.57.12:376][  0]LogConfig: Setting CVar [[r.SkyAtmosphere.AerialPerspectiveLUT.DepthResolution:16.0]]
[2020.05.24-20.57.12:376][  0]LogConfig: Setting CVar [[r.SkyAtmosphere.FastSkyLUT:1]]
[2020.05.24-20.57.12:376][  0]LogConfig: Setting CVar [[r.SkyAtmosphere.FastSkyLUT.SampleCountMin:4.0]]
[2020.05.24-20.57.12:376][  0]LogConfig: Setting CVar [[r.SkyAtmosphere.FastSkyLUT.SampleCountMax:32.0]]
[2020.05.24-20.57.12:376][  0]LogConfig: Setting CVar [[r.SkyAtmosphere.SampleCountMin:4.0]]
[2020.05.24-20.57.12:376][  0]LogConfig: Setting CVar [[r.SkyAtmosphere.SampleCountMax:32.0]]
[2020.05.24-20.57.12:376][  0]LogConfig: Setting CVar [[r.SkyAtmosphere.TransmittanceLUT.UseSmallFormat:0]]
[2020.05.24-20.57.12:376][  0]LogConfig: Setting CVar [[r.SkyAtmosphere.TransmittanceLUT.SampleCount:10.0]]
[2020.05.24-20.57.12:376][  0]LogConfig: Setting CVar [[r.SkyAtmosphere.MultiScatteringLUT.SampleCount:15.0]]
[2020.05.24-20.57.12:376][  0]LogConfig: Applying CVar settings from Section [FoliageQuality@3] File [E:/JrSrProject/JSColabTeam17/Team17Colab/Saved/Config/Windows/Scalability.ini]
[2020.05.24-20.57.12:376][  0]LogConfig: Setting CVar [[foliage.DensityScale:1.0]]
[2020.05.24-20.57.12:376][  0]LogConfig: Setting CVar [[grass.DensityScale:1.0]]
[2020.05.24-20.57.12:376][  0]LogConfig: Applying CVar settings from Section [ShadingQuality@3] File [E:/JrSrProject/JSColabTeam17/Team17Colab/Saved/Config/Windows/Scalability.ini]
[2020.05.24-20.57.12:376][  0]LogConfig: Setting CVar [[r.HairStrands.SkyLighting.SampleCount:16]]
[2020.05.24-20.57.12:376][  0]LogConfig: Setting CVar [[r.HairStrands.SkyLighting.JitterIntegration:0]]
[2020.05.24-20.57.12:376][  0]LogConfig: Setting CVar [[r.HairStrands.SkyAO.SampleCount:16]]
[2020.05.24-20.57.12:377][  0]LogInit: Selected Device Profile: [Windows]
[2020.05.24-20.57.12:377][  0]LogInit: Applying CVar settings loaded from the selected device profile: [Windows]
[2020.05.24-20.57.12:385][  0]LogHAL: Display: Platform has ~ 32 GB [34306576384 / 34359738368 / 32], which maps to Largest [LargestMinGB=32, LargerMinGB=12, DefaultMinGB=8, SmallerMinGB=6, SmallestMinGB=0)
[2020.05.24-20.57.12:385][  0]LogInit: Going up to parent DeviceProfile []
[2020.05.24-20.57.12:387][  0]LogConfig: Applying CVar settings from Section [ViewDistanceQuality@3] File [E:/JrSrProject/JSColabTeam17/Team17Colab/Saved/Config/Windows/Scalability.ini]
[2020.05.24-20.57.12:387][  0]LogConfig: Setting CVar [[r.SkeletalMeshLODBias:0]]
[2020.05.24-20.57.12:387][  0]LogConfig: Setting CVar [[r.ViewDistanceScale:1.0]]
[2020.05.24-20.57.12:387][  0]LogConfig: Applying CVar settings from Section [AntiAliasingQuality@3] File [E:/JrSrProject/JSColabTeam17/Team17Colab/Saved/Config/Windows/Scalability.ini]
[2020.05.24-20.57.12:387][  0]LogConfig: Setting CVar [[r.PostProcessAAQuality:4]]
[2020.05.24-20.57.12:387][  0]LogConfig: Applying CVar settings from Section [ShadowQuality@3] File [E:/JrSrProject/JSColabTeam17/Team17Colab/Saved/Config/Windows/Scalability.ini]
[2020.05.24-20.57.12:387][  0]LogConfig: Setting CVar [[r.LightFunctionQuality:1]]
[2020.05.24-20.57.12:387][  0]LogConfig: Setting CVar [[r.ShadowQuality:5]]
[2020.05.24-20.57.12:387][  0]LogConfig: Setting CVar [[r.Shadow.CSM.MaxCascades:10]]
[2020.05.24-20.57.12:387][  0]LogConfig: Setting CVar [[r.Shadow.MaxResolution:2048]]
[2020.05.24-20.57.12:387][  0]LogConfig: Setting CVar [[r.Shadow.MaxCSMResolution:2048]]
[2020.05.24-20.57.12:387][  0]LogConfig: Setting CVar [[r.Shadow.RadiusThreshold:0.01]]
[2020.05.24-20.57.12:387][  0]LogConfig: Setting CVar [[r.Shadow.DistanceScale:1.0]]
[2020.05.24-20.57.12:387][  0]LogConfig: Setting CVar [[r.Shadow.CSM.TransitionScale:1.0]]
[2020.05.24-20.57.12:387][  0]LogConfig: Setting CVar [[r.Shadow.PreShadowResolutionFactor:1.0]]
[2020.05.24-20.57.12:387][  0]LogConfig: Setting CVar [[r.DistanceFieldShadowing:1]]
[2020.05.24-20.57.12:387][  0]LogConfig: Setting CVar [[r.DistanceFieldAO:1]]
[2020.05.24-20.57.12:387][  0]LogConfig: Setting CVar [[r.AOQuality:2]]
[2020.05.24-20.57.12:387][  0]LogConfig: Setting CVar [[r.VolumetricFog:1]]
[2020.05.24-20.57.12:387][  0]LogConfig: Setting CVar [[r.VolumetricFog.GridPixelSize:8]]
[2020.05.24-20.57.12:387][  0]LogConfig: Setting CVar [[r.VolumetricFog.GridSizeZ:128]]
[2020.05.24-20.57.12:387][  0]LogConfig: Setting CVar [[r.VolumetricFog.HistoryMissSupersampleCount:4]]
[2020.05.24-20.57.12:387][  0]LogConfig: Setting CVar [[r.LightMaxDrawDistanceScale:1]]
[2020.05.24-20.57.12:387][  0]LogConfig: Setting CVar [[r.CapsuleShadows:1]]
[2020.05.24-20.57.12:387][  0]LogConfig: Applying CVar settings from Section [PostProcessQuality@3] File [E:/JrSrProject/JSColabTeam17/Team17Colab/Saved/Config/Windows/Scalability.ini]
[2020.05.24-20.57.12:387][  0]LogConfig: Setting CVar [[r.MotionBlurQuality:4]]
[2020.05.24-20.57.12:387][  0]LogConfig: Setting CVar [[r.AmbientOcclusionMipLevelFactor:0.4]]
[2020.05.24-20.57.12:387][  0]LogConfig: Setting CVar [[r.AmbientOcclusionMaxQuality:100]]
[2020.05.24-20.57.12:387][  0]LogConfig: Setting CVar [[r.AmbientOcclusionLevels:-1]]
[2020.05.24-20.57.12:387][  0]LogConfig: Setting CVar [[r.AmbientOcclusionRadiusScale:1.0]]
[2020.05.24-20.57.12:387][  0]LogConfig: Setting CVar [[r.DepthOfFieldQuality:2]]
[2020.05.24-20.57.12:387][  0]LogConfig: Setting CVar [[r.RenderTargetPoolMin:400]]
[2020.05.24-20.57.12:387][  0]LogConfig: Setting CVar [[r.LensFlareQuality:2]]
[2020.05.24-20.57.12:387][  0]LogConfig: Setting CVar [[r.SceneColorFringeQuality:1]]
[2020.05.24-20.57.12:387][  0]LogConfig: Setting CVar [[r.EyeAdaptationQuality:2]]
[2020.05.24-20.57.12:387][  0]LogConfig: Setting CVar [[r.BloomQuality:5]]
[2020.05.24-20.57.12:387][  0]LogConfig: Setting CVar [[r.FastBlurThreshold:100]]
[2020.05.24-20.57.12:387][  0]LogConfig: Setting CVar [[r.Upscale.Quality:3]]
[2020.05.24-20.57.12:387][  0]LogConfig: Setting CVar [[r.Tonemapper.GrainQuantization:1]]
[2020.05.24-20.57.12:387][  0]LogConfig: Setting CVar [[r.LightShaftQuality:1]]
[2020.05.24-20.57.12:387][  0]LogConfig: Setting CVar [[r.Filter.SizeScale:1]]
[2020.05.24-20.57.12:387][  0]LogConfig: Setting CVar [[r.Tonemapper.Quality:5]]
[2020.05.24-20.57.12:387][  0]LogConfig: Setting CVar [[r.DOF.Gather.AccumulatorQuality:1        ; higher gathering accumulator quality]]
[2020.05.24-20.57.12:387][  0]LogConfig: Setting CVar [[r.DOF.Gather.PostfilterMethod:1          ; Median3x3 postfilering method]]
[2020.05.24-20.57.12:387][  0]LogConfig: Setting CVar [[r.DOF.Gather.EnableBokehSettings:0       ; no bokeh simulation when gathering]]
[2020.05.24-20.57.12:387][  0]LogConfig: Setting CVar [[r.DOF.Gather.RingCount:4                 ; medium number of samples when gathering]]
[2020.05.24-20.57.12:387][  0]LogConfig: Setting CVar [[r.DOF.Scatter.ForegroundCompositing:1    ; additive foreground scattering]]
[2020.05.24-20.57.12:387][  0]LogConfig: Setting CVar [[r.DOF.Scatter.BackgroundCompositing:2    ; additive background scattering]]
[2020.05.24-20.57.12:387][  0]LogConfig: Setting CVar [[r.DOF.Scatter.EnableBokehSettings:1      ; bokeh simulation when scattering]]
[2020.05.24-20.57.12:387][  0]LogConfig: Setting CVar [[r.DOF.Scatter.MaxSpriteRatio:0.1         ; only a maximum of 10% of scattered bokeh]]
[2020.05.24-20.57.12:387][  0]LogConfig: Setting CVar [[r.DOF.Recombine.Quality:1                ; cheap slight out of focus]]
[2020.05.24-20.57.12:387][  0]LogConfig: Setting CVar [[r.DOF.Recombine.EnableBokehSettings:0    ; no bokeh simulation on slight out of focus]]
[2020.05.24-20.57.12:387][  0]LogConfig: Setting CVar [[r.DOF.TemporalAAQuality:1                ; more stable temporal accumulation]]
[2020.05.24-20.57.12:387][  0]LogConfig: Setting CVar [[r.DOF.Kernel.MaxForegroundRadius:0.025]]
[2020.05.24-20.57.12:387][  0]LogConfig: Setting CVar [[r.DOF.Kernel.MaxBackgroundRadius:0.025]]
[2020.05.24-20.57.12:387][  0]LogConfig: Applying CVar settings from Section [TextureQuality@3] File [E:/JrSrProject/JSColabTeam17/Team17Colab/Saved/Config/Windows/Scalability.ini]
[2020.05.24-20.57.12:387][  0]LogConfig: Setting CVar [[r.Streaming.MipBias:0]]
[2020.05.24-20.57.12:387][  0]LogConfig: Setting CVar [[r.Streaming.AmortizeCPUToGPUCopy:0]]
[2020.05.24-20.57.12:387][  0]LogConfig: Setting CVar [[r.Streaming.MaxNumTexturesToStreamPerFrame:0]]
[2020.05.24-20.57.12:387][  0]LogConfig: Setting CVar [[r.Streaming.Boost:1]]
[2020.05.24-20.57.12:387][  0]LogConfig: Setting CVar [[r.MaxAnisotropy:8]]
[2020.05.24-20.57.12:387][  0]LogConfig: Setting CVar [[r.VT.MaxAnisotropy:8]]
[2020.05.24-20.57.12:387][  0]LogConfig: Setting CVar [[r.Streaming.LimitPoolSizeToVRAM:0]]
[2020.05.24-20.57.12:387][  0]LogConfig: Setting CVar [[r.Streaming.PoolSize:1000]]
[2020.05.24-20.57.12:387][  0]LogConfig: Setting CVar [[r.Streaming.MaxEffectiveScreenSize:0]]
[2020.05.24-20.57.12:387][  0]LogConfig: Applying CVar settings from Section [EffectsQuality@3] File [E:/JrSrProject/JSColabTeam17/Team17Colab/Saved/Config/Windows/Scalability.ini]
[2020.05.24-20.57.12:387][  0]LogConfig: Setting CVar [[r.TranslucencyLightingVolumeDim:64]]
[2020.05.24-20.57.12:387][  0]LogConfig: Setting CVar [[r.RefractionQuality:2]]
[2020.05.24-20.57.12:387][  0]LogConfig: Setting CVar [[r.SSR.Quality:3]]
[2020.05.24-20.57.12:387][  0]LogConfig: Setting CVar [[r.SSR.HalfResSceneColor:0]]
[2020.05.24-20.57.12:387][  0]LogConfig: Setting CVar [[r.SceneColorFormat:4]]
[2020.05.24-20.57.12:387][  0]LogConfig: Setting CVar [[r.DetailMode:2]]
[2020.05.24-20.57.12:387][  0]LogConfig: Setting CVar [[r.TranslucencyVolumeBlur:1]]
[2020.05.24-20.57.12:387][  0]LogConfig: Setting CVar [[r.MaterialQualityLevel:1 ; High quality]]
[2020.05.24-20.57.12:387][  0]LogConfig: Setting CVar [[r.SSS.Scale:1]]
[2020.05.24-20.57.12:387][  0]LogConfig: Setting CVar [[r.SSS.SampleSet:2]]
[2020.05.24-20.57.12:387][  0]LogConfig: Setting CVar [[r.SSS.Quality:1]]
[2020.05.24-20.57.12:387][  0]LogConfig: Setting CVar [[r.SSS.HalfRes:1]]
[2020.05.24-20.57.12:387][  0]LogConfig: Setting CVar [[r.SSGI.Quality:3]]
[2020.05.24-20.57.12:387][  0]LogConfig: Setting CVar [[r.EmitterSpawnRateScale:1.0]]
[2020.05.24-20.57.12:387][  0]LogConfig: Setting CVar [[r.ParticleLightQuality:2]]
[2020.05.24-20.57.12:387][  0]LogConfig: Setting CVar [[r.SkyAtmosphere.AerialPerspectiveLUT.FastApplyOnOpaque:1 ; Always have FastSkyLUT 1 in this case to avoid wrong sky]]
[2020.05.24-20.57.12:387][  0]LogConfig: Setting CVar [[r.SkyAtmosphere.AerialPerspectiveLUT.SampleCountPerSlice:1]]
[2020.05.24-20.57.12:387][  0]LogConfig: Setting CVar [[r.SkyAtmosphere.AerialPerspectiveLUT.DepthResolution:16.0]]
[2020.05.24-20.57.12:387][  0]LogConfig: Setting CVar [[r.SkyAtmosphere.FastSkyLUT:1]]
[2020.05.24-20.57.12:387][  0]LogConfig: Setting CVar [[r.SkyAtmosphere.FastSkyLUT.SampleCountMin:4.0]]
[2020.05.24-20.57.12:387][  0]LogConfig: Setting CVar [[r.SkyAtmosphere.FastSkyLUT.SampleCountMax:32.0]]
[2020.05.24-20.57.12:387][  0]LogConfig: Setting CVar [[r.SkyAtmosphere.SampleCountMin:4.0]]
[2020.05.24-20.57.12:387][  0]LogConfig: Setting CVar [[r.SkyAtmosphere.SampleCountMax:32.0]]
[2020.05.24-20.57.12:387][  0]LogConfig: Setting CVar [[r.SkyAtmosphere.TransmittanceLUT.UseSmallFormat:0]]
[2020.05.24-20.57.12:387][  0]LogConfig: Setting CVar [[r.SkyAtmosphere.TransmittanceLUT.SampleCount:10.0]]
[2020.05.24-20.57.12:388][  0]LogConfig: Setting CVar [[r.SkyAtmosphere.MultiScatteringLUT.SampleCount:15.0]]
[2020.05.24-20.57.12:388][  0]LogConfig: Applying CVar settings from Section [FoliageQuality@3] File [E:/JrSrProject/JSColabTeam17/Team17Colab/Saved/Config/Windows/Scalability.ini]
[2020.05.24-20.57.12:388][  0]LogConfig: Setting CVar [[foliage.DensityScale:1.0]]
[2020.05.24-20.57.12:388][  0]LogConfig: Setting CVar [[grass.DensityScale:1.0]]
[2020.05.24-20.57.12:388][  0]LogConfig: Applying CVar settings from Section [ShadingQuality@3] File [E:/JrSrProject/JSColabTeam17/Team17Colab/Saved/Config/Windows/Scalability.ini]
[2020.05.24-20.57.12:388][  0]LogConfig: Setting CVar [[r.HairStrands.SkyLighting.SampleCount:16]]
[2020.05.24-20.57.12:388][  0]LogConfig: Setting CVar [[r.HairStrands.SkyLighting.JitterIntegration:0]]
[2020.05.24-20.57.12:388][  0]LogConfig: Setting CVar [[r.HairStrands.SkyAO.SampleCount:16]]
[2020.05.24-20.57.12:388][  0]LogConfig: Applying CVar settings from Section [Startup] File [../../../Engine/Config/ConsoleVariables.ini]
[2020.05.24-20.57.12:391][  0]LogConfig: Setting CVar [[net.UseAdaptiveNetUpdateFrequency:0]]
[2020.05.24-20.57.12:391][  0]LogConfig: Setting CVar [[p.chaos.AllowCreatePhysxBodies:1]]
[2020.05.24-20.57.12:391][  0]LogConfig: Applying CVar settings from Section [ConsoleVariables] File [E:/JrSrProject/JSColabTeam17/Team17Colab/Saved/Config/Windows/Engine.ini]
[2020.05.24-20.57.12:392][  0]LogInit: Computer: ADENS-DESKTOP
[2020.05.24-20.57.12:392][  0]LogInit: User: lemon
[2020.05.24-20.57.12:392][  0]LogInit: CPU Page size=4096, Cores=6
[2020.05.24-20.57.12:392][  0]LogInit: High frequency timer resolution =10.000000 MHz
[2020.05.24-20.57.12:392][  0]LogMemory: Memory total: Physical=32.0GB (32GB approx)
[2020.05.24-20.57.12:393][  0]LogMemory: Platform Memory Stats for Windows
[2020.05.24-20.57.12:393][  0]LogMemory: Process Physical Memory: 105.73 MB used, 105.73 MB peak
[2020.05.24-20.57.12:393][  0]LogMemory: Process Virtual Memory: 101.25 MB used, 101.25 MB peak
[2020.05.24-20.57.12:393][  0]LogMemory: Physical Memory: 6395.82 MB used,  26321.48 MB free, 32717.30 MB total
[2020.05.24-20.57.12:393][  0]LogMemory: Virtual Memory: 5159.29 MB used,  134212568.00 MB free, 134217728.00 MB total
[2020.05.24-20.57.12:397][  0]LogWindows: WindowsPlatformFeatures enabled
[2020.05.24-20.57.12:579][  0]LogInit: Using OS detected language (en-GB).
[2020.05.24-20.57.12:579][  0]LogInit: Using OS detected locale (en-GB).
[2020.05.24-20.57.12:580][  0]LogTextLocalizationManager: No specific localization for 'en-GB' exists, so the 'en' localization will be used.
[2020.05.24-20.57.12:803][  0]LogInit: Setting process to per monitor DPI aware
[2020.05.24-20.57.12:872][  0]LogSlate: New Slate User Created.  User Index 0, Is Virtual User: 0
[2020.05.24-20.57.12:872][  0]LogSlate: Slate User Registered.  User Index 0, Is Virtual User: 0
[2020.05.24-20.57.14:703][  0]LogHMD: Failed to initialize OpenVR with code 110
[2020.05.24-20.57.14:703][  0]LogD3D11RHI: D3D11 min allowed feature level: 11_0
[2020.05.24-20.57.14:703][  0]LogD3D11RHI: D3D11 max allowed feature level: 11_0
[2020.05.24-20.57.14:703][  0]LogD3D11RHI: D3D11 adapters:
[2020.05.24-20.57.14:781][  0]LogD3D11RHI:    0. 'NVIDIA GeForce RTX 2070 SUPER' (Feature Level 11_0)
[2020.05.24-20.57.14:781][  0]LogD3D11RHI:       8011/0/16358 MB DedicatedVideo/DedicatedSystem/SharedSystem, Outputs:1, VendorId:0x10de
[2020.05.24-20.57.14:783][  0]LogD3D11RHI:    1. 'Microsoft Basic Render Driver' (Feature Level 11_0)
[2020.05.24-20.57.14:783][  0]LogD3D11RHI:       0/0/16358 MB DedicatedVideo/DedicatedSystem/SharedSystem, Outputs:0, VendorId:0x1414
[2020.05.24-20.57.14:783][  0]LogD3D11RHI: Chosen D3D11 Adapter: 0
[2020.05.24-20.57.14:791][  0]LogD3D11RHI: Creating new Direct3DDevice
[2020.05.24-20.57.14:792][  0]LogD3D11RHI:     GPU DeviceId: 0x1e84 (for the marketing name, search the web for "GPU Device Id")
[2020.05.24-20.57.14:792][  0]LogWindows: EnumDisplayDevices:
[2020.05.24-20.57.14:792][  0]LogWindows:    0. 'NVIDIA GeForce RTX 2070 SUPER' (P:1 D:1)
[2020.05.24-20.57.14:792][  0]LogWindows:    1. 'NVIDIA GeForce RTX 2070 SUPER' (P:0 D:0)
[2020.05.24-20.57.14:792][  0]LogWindows:    2. 'NVIDIA GeForce RTX 2070 SUPER' (P:0 D:0)
[2020.05.24-20.57.14:792][  0]LogWindows:    3. 'NVIDIA GeForce RTX 2070 SUPER' (P:0 D:0)
[2020.05.24-20.57.14:792][  0]LogWindows: DebugString: FoundDriverCount:4 
[2020.05.24-20.57.14:792][  0]LogD3D11RHI:     Adapter Name: NVIDIA GeForce RTX 2070 SUPER
[2020.05.24-20.57.14:792][  0]LogD3D11RHI:   Driver Version: 445.87 (internal:26.21.14.4587, unified:445.87)
[2020.05.24-20.57.14:792][  0]LogD3D11RHI:      Driver Date: 4-3-2020
[2020.05.24-20.57.14:792][  0]LogRHI: Texture pool is 5607 MB (70% of 8011 MB)
[2020.05.24-20.57.14:831][  0]LogD3D11RHI: RHI has support for 64 bit atomics
[2020.05.24-20.57.14:832][  0]LogD3D11RHI: Async texture creation enabled
[2020.05.24-20.57.14:863][  0]LogD3D11RHI: GPU Timing Frequency: 1000.000000 (Debug: 2 1)
[2020.05.24-20.57.15:181][  0]LogTargetPlatformManager: Display: Loaded TargetPlatform 'AllDesktop'
[2020.05.24-20.57.15:216][  0]LogTargetPlatformManager: Display: Loaded TargetPlatform 'Android'
[2020.05.24-20.57.15:217][  0]LogTargetPlatformManager: Display: Loaded TargetPlatform 'Android_ASTC'
[2020.05.24-20.57.15:217][  0]LogTargetPlatformManager: Display: Loaded TargetPlatform 'Android_ATC'
[2020.05.24-20.57.15:217][  0]LogTargetPlatformManager: Display: Loaded TargetPlatform 'Android_DXT'
[2020.05.24-20.57.15:217][  0]LogTargetPlatformManager: Display: Loaded TargetPlatform 'Android_ETC1'
[2020.05.24-20.57.15:217][  0]LogTargetPlatformManager: Display: Loaded TargetPlatform 'Android_ETC1a'
[2020.05.24-20.57.15:217][  0]LogTargetPlatformManager: Display: Loaded TargetPlatform 'Android_ETC2'
[2020.05.24-20.57.15:217][  0]LogTargetPlatformManager: Display: Loaded TargetPlatform 'Android_PVRTC'
[2020.05.24-20.57.15:217][  0]LogTargetPlatformManager: Display: Loaded TargetPlatform 'AndroidClient'
[2020.05.24-20.57.15:217][  0]LogTargetPlatformManager: Display: Loaded TargetPlatform 'Android_ASTCClient'
[2020.05.24-20.57.15:217][  0]LogTargetPlatformManager: Display: Loaded TargetPlatform 'Android_ATCClient'
[2020.05.24-20.57.15:217][  0]LogTargetPlatformManager: Display: Loaded TargetPlatform 'Android_DXTClient'
[2020.05.24-20.57.15:217][  0]LogTargetPlatformManager: Display: Loaded TargetPlatform 'Android_ETC1Client'
[2020.05.24-20.57.15:217][  0]LogTargetPlatformManager: Display: Loaded TargetPlatform 'Android_ETC1aClient'
[2020.05.24-20.57.15:217][  0]LogTargetPlatformManager: Display: Loaded TargetPlatform 'Android_ETC2Client'
[2020.05.24-20.57.15:217][  0]LogTargetPlatformManager: Display: Loaded TargetPlatform 'Android_PVRTCClient'
[2020.05.24-20.57.15:217][  0]LogTargetPlatformManager: Display: Loaded TargetPlatform 'Android_Multi'
[2020.05.24-20.57.15:217][  0]LogTargetPlatformManager: Display: Loaded TargetPlatform 'Android_MultiClient'
[2020.05.24-20.57.15:244][  0]LogTargetPlatformManager: Display: Loaded TargetPlatform 'IOSClient'
[2020.05.24-20.57.15:244][  0]LogTargetPlatformManager: Display: Loaded TargetPlatform 'IOS'
[2020.05.24-20.57.15:251][  0]LogTargetPlatformManager: Display: Loaded TargetPlatform 'LinuxNoEditor'
[2020.05.24-20.57.15:257][  0]LogTargetPlatformManager: Display: Loaded TargetPlatform 'LinuxClient'
[2020.05.24-20.57.15:264][  0]LogTargetPlatformManager: Display: Loaded TargetPlatform 'LinuxServer'
[2020.05.24-20.57.15:270][  0]LogTargetPlatformManager: Display: Loaded TargetPlatform 'LinuxAArch64NoEditor'
[2020.05.24-20.57.15:277][  0]LogTargetPlatformManager: Display: Loaded TargetPlatform 'LinuxAArch64Client'
[2020.05.24-20.57.15:283][  0]LogTargetPlatformManager: Display: Loaded TargetPlatform 'LinuxAArch64Server'
[2020.05.24-20.57.15:308][  0]LogTargetPlatformManager: Display: Loaded TargetPlatform 'Lumin'
[2020.05.24-20.57.15:308][  0]LogTargetPlatformManager: Display: Loaded TargetPlatform 'LuminClient'
[2020.05.24-20.57.15:320][  0]LogTargetPlatformManager: Display: Loaded TargetPlatform 'TVOSClient'
[2020.05.24-20.57.15:320][  0]LogTargetPlatformManager: Display: Loaded TargetPlatform 'TVOS'
[2020.05.24-20.57.15:328][  0]LogTargetPlatformManager: Display: Loaded TargetPlatform 'WindowsNoEditor'
[2020.05.24-20.57.15:335][  0]LogTargetPlatformManager: Display: Loaded TargetPlatform 'Windows'
[2020.05.24-20.57.15:341][  0]LogTargetPlatformManager: Display: Loaded TargetPlatform 'WindowsClient'
[2020.05.24-20.57.15:348][  0]LogTargetPlatformManager: Display: Loaded TargetPlatform 'WindowsServer'
[2020.05.24-20.57.15:348][  0]LogTargetPlatformManager: Display: Building Assets For Windows
[2020.05.24-20.57.15:380][  0]LogAudioDebug: Display: Lib vorbis DLL was dynamically loaded.
[2020.05.24-20.57.15:457][  0]LogShaderCompilers: Guid format shader working directory is 5 characters bigger than the processId version (E:/JrSrProject/JSColabTeam17/Team17Colab/Intermediate/Shaders/WorkingDirectory/13540/).
[2020.05.24-20.57.15:457][  0]LogShaderCompilers: Cleaned the shader compiler working directory 'C:/Users/lemon/AppData/Local/Temp/UnrealShaderWorkingDir/27FD59374817C9AE064342B08CF70426/'.
[2020.05.24-20.57.15:458][  0]LogXGEController: Cleaning working directory: C:/Users/lemon/AppData/Local/Temp/UnrealXGEWorkingDir/
[2020.05.24-20.57.15:458][  0]LogXGEController: Cannot use XGE Controller as Incredibuild is not installed on this machine.
[2020.05.24-20.57.15:458][  0]LogShaderCompilers: Cannot use XGE Shader Compiler as Incredibuild is not installed on this machine.
[2020.05.24-20.57.15:458][  0]LogShaderCompilers: Display: Using Local Shader Compiler.
[2020.05.24-20.57.17:531][  0]LogDerivedDataCache: Display: Max Cache Size: 512 MB
[2020.05.24-20.57.17:731][  0]LogDerivedDataCache: Loaded boot cache 0.20s 78MB C:/Users/lemon/AppData/Local/UnrealEngine/4.24/DerivedDataCache/Boot.ddc.
[2020.05.24-20.57.17:731][  0]LogDerivedDataCache: Display: Loaded Boot cache: C:/Users/lemon/AppData/Local/UnrealEngine/4.24/DerivedDataCache/Boot.ddc
[2020.05.24-20.57.17:731][  0]LogDerivedDataCache: FDerivedDataBackendGraph:  Pak pak cache file E:/JrSrProject/JSColabTeam17/Team17Colab/DerivedDataCache/DDC.ddp not found, will not use a pak cache.
[2020.05.24-20.57.17:731][  0]LogDerivedDataCache: Unable to find inner node Pak for hierarchical cache Hierarchy.
[2020.05.24-20.57.17:732][  0]LogDerivedDataCache: FDerivedDataBackendGraph:  CompressedPak pak cache file E:/JrSrProject/JSColabTeam17/Team17Colab/DerivedDataCache/Compressed.ddp not found, will not use a pak cache.
[2020.05.24-20.57.17:732][  0]LogDerivedDataCache: Unable to find inner node CompressedPak for hierarchical cache Hierarchy.
[2020.05.24-20.57.17:749][  0]LogDerivedDataCache: Display: Pak cache opened for reading ../../../Engine/DerivedDataCache/Compressed.ddp.
[2020.05.24-20.57.17:749][  0]LogDerivedDataCache: FDerivedDataBackendGraph:  EnterprisePak pak cache file ../../../Enterprise/DerivedDataCache/Compressed.ddp not found, will not use a pak cache.
[2020.05.24-20.57.17:749][  0]LogDerivedDataCache: Unable to find inner node EnterprisePak for hierarchical cache Hierarchy.
[2020.05.24-20.57.17:750][  0]LogDerivedDataCache: Using Local data cache path C:/Users/lemon/AppData/Local/UnrealEngine/Common/DerivedDataCache: Writable
[2020.05.24-20.57.17:750][  0]LogDerivedDataCache: Shared data cache path not found in *engine.ini, will not use an Shared cache.
[2020.05.24-20.57.17:750][  0]LogDerivedDataCache: Unable to find inner node Shared for hierarchical cache Hierarchy.
[2020.05.24-20.57.17:773][  0]LogMaterial: Verifying Global Shaders for PCD3D_SM5
[2020.05.24-20.57.17:781][  0]LogSlate: Using FreeType 2.10.0
[2020.05.24-20.57.17:794][  0]LogSlate: SlateFontServices - WITH_FREETYPE: 1, WITH_HARFBUZZ: 1
[2020.05.24-20.57.17:971][  0]LogAssetRegistry: FAssetRegistry took 0.0040 seconds to start up
[2020.05.24-20.57.18:376][  0]LogInit: Selected Device Profile: [Windows]
[2020.05.24-20.57.18:640][  0]LogMeshReduction: Using QuadricMeshReduction for automatic static mesh reduction
[2020.05.24-20.57.18:640][  0]LogMeshReduction: Using SimplygonMeshReduction for automatic skeletal mesh reduction
[2020.05.24-20.57.18:640][  0]LogMeshReduction: Using ProxyLODMeshReduction for automatic mesh merging
[2020.05.24-20.57.18:640][  0]LogMeshReduction: No distributed automatic mesh merging module available
[2020.05.24-20.57.18:640][  0]LogMeshMerging: No distributed automatic mesh merging module available
[2020.05.24-20.57.18:681][  0]LogNetVersion: Team17Colab 1.0.0, NetCL: 10570792, EngineNetVer: 13, GameNetVer: 0 (Checksum: 1188365398)
[2020.05.24-20.57.21:434][  0]LogPackageLocalizationCache: Processed 10 localized package path(s) for 1 prioritized culture(s) in 0.034712 seconds
[2020.05.24-20.57.21:440][  0]LogUObjectArray: 46750 objects as part of root set at end of initial load.
[2020.05.24-20.57.21:440][  0]LogUObjectAllocator: 8137160 out of 0 bytes used by permanent object pool.
[2020.05.24-20.57.21:440][  0]LogUObjectArray: CloseDisregardForGC: 0/0 objects in disregard for GC pool
[2020.05.24-20.57.22:197][  0]LogTcpMessaging: Initializing TcpMessaging bridge
[2020.05.24-20.57.22:202][  0]LogUdpMessaging: Initializing bridge on interface 0.0.0.0:0 to multicast group 230.0.0.1:6666.
[2020.05.24-20.57.22:284][  0]SourceControl: Source control is disabled
[2020.05.24-20.57.22:285][  0]SourceControl: Source control is disabled
[2020.05.24-20.57.22:291][  0]SourceControl: Source control is disabled
[2020.05.24-20.57.22:294][  0]SourceControl: Source control is disabled
[2020.05.24-20.57.22:297][  0]SourceControl: Source control is disabled
[2020.05.24-20.57.22:305][  0]LogVSAccessor: Display: Unable to create Visual Studio setup instance: 80040154
[2020.05.24-20.57.22:305][  0]LogVSAccessor: Display: Unable to create Visual Studio setup instance: 80040154
[2020.05.24-20.57.22:445][  0]LogAndroidPermission: UAndroidPermissionCallbackProxy::GetInstance
[2020.05.24-20.57.22:458][  0]LogAudioCaptureCore: Display: No Audio Capture implementations found. Audio input will be silent.
[2020.05.24-20.57.22:458][  0]LogAudioCaptureCore: Display: No Audio Capture implementations found. Audio input will be silent.
[2020.05.24-20.57.22:585][  0]LogOcInput: OculusInput pre-init called
[2020.05.24-20.57.22:596][  0]LogWindows: Failed to load 'OVRPlugin.dll' (GetLastError=126)
[2020.05.24-20.57.22:596][  0]LogWindows: File 'OVRPlugin.dll' does not exist
[2020.05.24-20.57.22:708][  0]LogEngine: Initializing Engine...
[2020.05.24-20.57.22:709][  0]LogHMD: Failed to initialize OpenVR with code 110
[2020.05.24-20.57.22:712][  0]LogStats: UGameplayTagsManager::InitializeManager -  0.001 s
[2020.05.24-20.57.23:121][  0]LogInit: Initializing FReadOnlyCVARCache
[2020.05.24-20.57.23:148][  0]LogAIModule: Creating AISystem for world Untitled
[2020.05.24-20.57.23:157][  0]LogAudioMixer: Display: Audio Mixer Platform Settings:
[2020.05.24-20.57.23:157][  0]LogAudioMixer: Display: 	Sample Rate:						  48000
[2020.05.24-20.57.23:157][  0]LogAudioMixer: Display: 	Callback Buffer Frame Size Requested: 1024
[2020.05.24-20.57.23:157][  0]LogAudioMixer: Display: 	Callback Buffer Frame Size To Use:	  1024
[2020.05.24-20.57.23:157][  0]LogAudioMixer: Display: 	Number of buffers to queue:			  2
[2020.05.24-20.57.23:157][  0]LogAudioMixer: Display: 	Max Channels (voices):				  32
[2020.05.24-20.57.23:157][  0]LogAudioMixer: Display: 	Number of Async Source Workers:		  0
[2020.05.24-20.57.23:157][  0]LogAudio: Display: AudioDevice MaxSources: 32
[2020.05.24-20.57.23:158][  0]LogAudio: Display: Using built-in audio occlusion.
[2020.05.24-20.57.23:158][  0]LogAudioMixer: Display: Initializing audio mixer.
[2020.05.24-20.57.23:170][  0]LogAudioMixer: Display: Audio Device Output Speaker Info:
[2020.05.24-20.57.23:170][  0]LogAudioMixer: Display: Name: HP 23tm (NVIDIA High Definition Audio)
[2020.05.24-20.57.23:170][  0]LogAudioMixer: Display: Is Default: Yes
[2020.05.24-20.57.23:170][  0]LogAudioMixer: Display: Sample Rate: 48000
[2020.05.24-20.57.23:170][  0]LogAudioMixer: Display: Channel Count Used: 2
[2020.05.24-20.57.23:170][  0]LogAudioMixer: Display: Device Channel Count: 2
[2020.05.24-20.57.23:170][  0]LogAudioMixer: Display: Channel Order:
[2020.05.24-20.57.23:170][  0]LogAudioMixer: Display: 0: FrontLeft
[2020.05.24-20.57.23:170][  0]LogAudioMixer: Display: 1: FrontRight
[2020.05.24-20.57.23:181][  0]LogAudioMixer: Display: Using Audio Device HP 23tm (NVIDIA High Definition Audio)
[2020.05.24-20.57.23:184][  0]LogInit: FAudioDevice initialized.
[2020.05.24-20.57.23:185][  0]LogNetVersion: Set ProjectVersion to 1.0.0.0. Version Checksum will be recalculated on next use.
[2020.05.24-20.57.23:247][  0]LogDerivedDataCache: Saved boot cache 0.06s 78MB C:/Users/lemon/AppData/Local/UnrealEngine/4.24/DerivedDataCache/Boot.ddc.
[2020.05.24-20.57.23:250][  0]LogInit: Texture streaming: Enabled
[2020.05.24-20.57.23:262][  0]LogEngineSessionManager: EngineSessionManager initialized
[2020.05.24-20.57.23:263][  0]LogEditorSessionSummary: Verbose: Initializing EditorSessionSummaryWriter for editor session tracking
[2020.05.24-20.57.23:264][  0]LogEditorSessionSummary: EditorSessionSummaryWriter initialized
[2020.05.24-20.57.23:449][  0]LogInit: Transaction tracking system initialized
[2020.05.24-20.57.23:480][  0]BlueprintLog: New page: Editor Load
[2020.05.24-20.57.23:569][  0]LocalizationService: Localization service is disabled
[2020.05.24-20.57.23:673][  0]LogVSAccessor: Display: Unable to create Visual Studio setup instance: 80040154
[2020.05.24-20.57.23:673][  0]LogVSAccessor: Display: Unable to create Visual Studio setup instance: 80040154
[2020.05.24-20.57.24:079][  0]LogFileCache: Scanning file cache for directory 'E:/JrSrProject/JSColabTeam17/Team17Colab/Content/' took 0.00s
[2020.05.24-20.57.24:079][  0]LogCook: Display: Max memory allowance for cook 16384mb min free memory 0mb
[2020.05.24-20.57.24:079][  0]LogCook: Display: Mobile HDR setting 1
[2020.05.24-20.57.24:748][  0]SourceControl: Source control is disabled
[2020.05.24-20.57.24:749][  0]Cmd: MAP LOAD FILE="E:/JrSrProject/JSColabTeam17/Team17Colab/Content/RollingBP/Maps/TitleScreen.umap" TEMPLATE=0 SHOWPROGRESS=1 FEATURELEVEL=3
[2020.05.24-20.57.24:764][  0]LightingResults: New page: Lighting Build
[2020.05.24-20.57.24:767][  0]LogWorld: UWorld::CleanupWorld for Untitled, bSessionEnded=true, bCleanupResources=true
[2020.05.24-20.57.24:768][  0]LogSlate: InvalidateAllWidgets triggered.  All widgets were invalidated
[2020.05.24-20.57.24:768][  0]MapCheck: New page: Map Check
[2020.05.24-20.57.24:768][  0]LightingResults: New page: Lighting Build
[2020.05.24-20.57.24:800][  0]LogUObjectHash: Compacting FUObjectHashTables data took   1.57ms
[2020.05.24-20.57.24:849][  0]LogAIModule: Creating AISystem for world TitleScreen
[2020.05.24-20.57.24:853][  0]LogEditorServer: Finished looking for orphan Actors (0.000 secs)
[2020.05.24-20.57.24:881][  0]LogUObjectHash: Compacting FUObjectHashTables data took   1.71ms
[2020.05.24-20.57.24:881][  0]Cmd: MAP CHECKDEP NOCLEARLOG
[2020.05.24-20.57.24:882][  0]MapCheck: Map check complete: 0 Error(s), 0 Warning(s), took 0.215ms to complete.
[2020.05.24-20.57.24:882][  0]LogFileHelpers: Loading map 'TitleScreen' took 0.134
[2020.05.24-20.57.25:118][  0]LogSlate: Updating window title bar state: overlay mode, drag disabled, window buttons hidden, title bar hidden
[2020.05.24-20.57.25:126][  0]LogSlate: Updating window title bar state: overlay mode, drag disabled, window buttons hidden, title bar hidden
[2020.05.24-20.57.25:140][  0]LogSlate: Updating window title bar state: overlay mode, drag disabled, window buttons hidden, title bar hidden
[2020.05.24-20.57.25:145][  0]LogSlate: Updating window title bar state: overlay mode, drag disabled, window buttons hidden, title bar hidden
[2020.05.24-20.57.25:162][  0]LogCollectionManager: Loaded 0 collections in 0.001788 seconds
[2020.05.24-20.57.25:190][  0]LogFileCache: Scanning file cache for directory 'E:/JrSrProject/JSColabTeam17/Team17Colab/Saved/Collections/' took 0.00s
[2020.05.24-20.57.25:190][  0]LogFileCache: Scanning file cache for directory 'E:/JrSrProject/JSColabTeam17/Team17Colab/Content/Developers/lemon/Collections/' took 0.00s
[2020.05.24-20.57.25:190][  0]LogFileCache: Scanning file cache for directory 'E:/JrSrProject/JSColabTeam17/Team17Colab/Content/Collections/' took 0.00s
[2020.05.24-20.57.25:190][  0]LogContentBrowser: Native class hierarchy populated in 0.0080 seconds. Added 3015 classes and 717 folders.
[2020.05.24-20.57.25:196][  0]LogContentBrowser: Native class hierarchy updated for 'WidgetCarousel' in 0.0003 seconds. Added 0 classes and 0 folders.
[2020.05.24-20.57.25:441][  0]LogContentBrowser: Native class hierarchy updated for 'AddContentDialog' in 0.0003 seconds. Added 0 classes and 0 folders.
[2020.05.24-20.57.25:451][  0]LogContentBrowser: Native class hierarchy updated for 'SceneOutliner' in 0.0003 seconds. Added 2 classes and 3 folders.
[2020.05.24-20.57.25:597][  0]LogSlate: Took 0.004776 seconds to synchronously load lazily loaded font '../../../Engine/Content/Slate/Fonts/Roboto-Regular.ttf' (155K)
[2020.05.24-20.57.25:602][  0]LogSlate: Took 0.003908 seconds to synchronously load lazily loaded font '../../../Engine/Content/Slate/Fonts/Roboto-Bold.ttf' (160K)
[2020.05.24-20.57.25:610][  0]LogSlate: Took 0.004093 seconds to synchronously load lazily loaded font '../../../Engine/Content/Editor/Slate/Fonts/FontAwesome.ttf' (139K)
[2020.05.24-20.57.25:681][  0]LogRenderer: Reallocating scene render targets to support 1208x572 Format 10 NumSamples 1 (Frame:1).
[2020.05.24-20.57.25:782][  0]LogContentBrowser: Native class hierarchy updated for 'HierarchicalLODOutliner' in 0.0003 seconds. Added 0 classes and 0 folders.
[2020.05.24-20.57.25:782][  0]LogLoad: (Engine Initialization) Total time: 16.10 seconds
[2020.05.24-20.57.25:782][  0]LogLoad: (Engine Initialization) Total Blueprint compile time: 0.00 seconds
[2020.05.24-20.57.25:845][  0]LogContentStreaming: Texture pool size now 1000 MB
[2020.05.24-20.57.25:889][  0]LogSlate: Took 0.004430 seconds to synchronously load lazily loaded font '../../../Engine/Content/Slate/Fonts/Roboto-Light.ttf' (167K)
[2020.05.24-20.57.26:893][ 19]LogAssetRegistry: Asset discovery search completed in 8.9232 seconds
[2020.05.24-20.57.26:896][ 19]LogCollectionManager: Fixed up redirectors for 0 collections in 0.000005 seconds (updated 0 objects)
[2020.05.24-21.17.26:637][421]LogSlate: Took 0.000150 seconds to synchronously load lazily loaded font '../../../Engine/Content/Slate/Fonts/Roboto-Light.ttf' (167K)
[2020.05.24-21.17.27:047][421]LogLinker: Warning: While loading '../../../Engine/Content/EngineSky/BP_Sky_Sphere.uasset' failed to load '/Game/RollingBP/M_Sky': Can't find file.
[2020.05.24-21.17.27:047][421]LogLinker: Warning: While loading '../../../Engine/Content/EngineSky/BP_Sky_Sphere.uasset' failed to load '/Game/RollingBP/M_Sky': Can't find file.
[2020.05.24-21.17.27:052][421]LogLinker: Warning: While loading '../../../Engine/Content/EngineSky/BP_Sky_Sphere.uasset' failed to load '/Game/RollingBP/M_Sky': Can't find file.
[2020.05.24-21.17.27:052][421]LogLinker: Warning: While loading '../../../Engine/Content/EngineSky/BP_Sky_Sphere.uasset' failed to load '/Game/RollingBP/M_Sky': Can't find file.
[2020.05.24-21.17.27:053][421]LogLinker: Warning: While loading 'E:/JrSrProject/JSColabTeam17/Team17Colab/Content/RollingBP/Maps/RiverV2-art.umap' failed to load '/Game/RollingBP/M_Sky': Can't find file.
[2020.05.24-21.17.27:053][421]LogLinker: Warning: While loading 'E:/JrSrProject/JSColabTeam17/Team17Colab/Content/RollingBP/Maps/RiverV2-art.umap' failed to load '/Game/RollingBP/M_Sky': Can't find file.
[2020.05.24-21.17.27:053][421]LogLinker: Warning: While loading 'E:/JrSrProject/JSColabTeam17/Team17Colab/Content/RollingBP/Maps/RiverV2-art.umap' failed to load '/Game/RollingBP/M_Sky': Can't find file.
[2020.05.24-21.17.27:053][421]LogLinker: Warning: While loading 'E:/JrSrProject/JSColabTeam17/Team17Colab/Content/RollingBP/Maps/RiverV2-art.umap' failed to load '/Game/RollingBP/M_Sky': Can't find file.
[2020.05.24-21.17.27:059][421]LogLinker: Warning: While loading 'E:/JrSrProject/JSColabTeam17/Team17Colab/Content/RollingBP/Maps/RiverV2-art.umap' failed to load '/Game/RollingBP/M_Sky': Can't find file.
[2020.05.24-21.17.27:060][421]LoadErrors: Failed to load /Game/RollingBP/M_Sky.M_Sky Referenced by SkySphereMesh_GEN_VARIABLE
[2020.05.24-21.17.27:060][421]LogLinker: Warning: While loading 'E:/JrSrProject/JSColabTeam17/Team17Colab/Content/RollingBP/Maps/RiverV2-art.umap' failed to load '/Game/RollingBP/M_Sky': Can't find file.
[2020.05.24-21.17.28:848][421]LogAIModule: Creating AISystem for world RiverV2-art
[2020.05.24-21.17.29:035][421]LogAssetEditorSubsystem: Opening Asset editor for World /Game/RollingBP/Maps/RiverV2-art.RiverV2-art
[2020.05.24-21.17.29:121][421]LogUObjectHash: Compacting FUObjectHashTables data took   2.52ms
[2020.05.24-21.17.29:124][421]Cmd: MAP LOAD FILE="E:/JrSrProject/JSColabTeam17/Team17Colab/Content/RollingBP/Maps/RiverV2-art.umap" TEMPLATE=0 SHOWPROGRESS=1 FEATURELEVEL=3
[2020.05.24-21.17.29:125][421]LightingResults: New page: Lighting Build
[2020.05.24-21.17.29:125][421]LoadErrors: New page: Loading map: RiverV2-art.umap
[2020.05.24-21.17.29:125][421]LogWorld: UWorld::CleanupWorld for TitleScreen, bSessionEnded=true, bCleanupResources=true
[2020.05.24-21.17.29:126][421]LogSlate: InvalidateAllWidgets triggered.  All widgets were invalidated
[2020.05.24-21.17.29:126][421]MapCheck: New page: Map Check
[2020.05.24-21.17.29:126][421]LightingResults: New page: Lighting Build
[2020.05.24-21.17.29:154][421]LogUObjectHash: Compacting FUObjectHashTables data took   1.74ms
[2020.05.24-21.17.37:791][421]LogEditorServer: Finished looking for orphan Actors (0.000 secs)
[2020.05.24-21.17.37:829][421]LogUObjectHash: Compacting FUObjectHashTables data took   1.75ms
[2020.05.24-21.17.37:852][421]Cmd: MAP CHECKDEP NOCLEARLOG
[2020.05.24-21.17.37:852][421]MapCheck: Map check complete: 0 Error(s), 0 Warning(s), took 0.095ms to complete.
[2020.05.24-21.17.37:852][421]LogFileHelpers: Loading map 'RiverV2-art' took 8.730
[2020.05.24-21.18.10:612][268]LogAudioMixer: Warning: Changing default audio render device to new device: {0.0.0.00000000}.{c388f51a-47a9-44a8-bb42-e1a61d3809b7}.
[2020.05.24-21.18.10:612][268]LogTemp: Resetting audio stream to device id 
[2020.05.24-21.18.10:628][268]LogAudioMixer: Display: Audio Device Output Speaker Info:
[2020.05.24-21.18.10:628][268]LogAudioMixer: Display: Name: Headset Earphone (Wireless Controller)
[2020.05.24-21.18.10:628][268]LogAudioMixer: Display: Is Default: Yes
[2020.05.24-21.18.10:628][268]LogAudioMixer: Display: Sample Rate: 32000
[2020.05.24-21.18.10:628][268]LogAudioMixer: Display: Channel Count Used: 2
[2020.05.24-21.18.10:628][268]LogAudioMixer: Display: Device Channel Count: 2
[2020.05.24-21.18.10:628][268]LogAudioMixer: Display: Channel Order:
[2020.05.24-21.18.10:628][268]LogAudioMixer: Display: 0: FrontLeft
[2020.05.24-21.18.10:628][268]LogAudioMixer: Display: 1: FrontRight
[2020.05.24-21.18.10:757][268]LogAudioMixer: Error: Audio Platform Device Error: 0x88960001: UNKNOWN (File D:/Build/++UE4/Sync/Engine/Source/Runtime/Windows/AudioMixerXAudio2/Private/AudioMixerPlatformXAudio2.cpp, Line 867)
[2020.05.24-21.18.10:791][273]LogAudioMixer: Warning: Changing default audio render device to new device: {0.0.0.00000000}.{d8bff7e3-2d74-4492-9122-94809437e22c}.
[2020.05.24-21.18.10:808][273]LogTemp: Resetting audio stream to device id 
[2020.05.24-21.18.10:820][273]LogAudioMixer: Display: Audio Device Output Speaker Info:
[2020.05.24-21.18.10:820][273]LogAudioMixer: Display: Name: HP 23tm (NVIDIA High Definition Audio)
[2020.05.24-21.18.10:820][273]LogAudioMixer: Display: Is Default: Yes
[2020.05.24-21.18.10:820][273]LogAudioMixer: Display: Sample Rate: 48000
[2020.05.24-21.18.10:820][273]LogAudioMixer: Display: Channel Count Used: 2
[2020.05.24-21.18.10:820][273]LogAudioMixer: Display: Device Channel Count: 2
[2020.05.24-21.18.10:820][273]LogAudioMixer: Display: Channel Order:
[2020.05.24-21.18.10:820][273]LogAudioMixer: Display: 0: FrontLeft
[2020.05.24-21.18.10:820][273]LogAudioMixer: Display: 1: FrontRight
[2020.05.24-21.18.10:850][273]LogAudioMixer: Error: Audio Platform Device Error: 0x88890008: UNKNOWN (File D:/Build/++UE4/Sync/Engine/Source/Runtime/Windows/AudioMixerXAudio2/Private/AudioMixerPlatformXAudio2.cpp, Line 867)
[2020.05.24-21.18.11:589][362]LogTemp: Resetting audio stream to device id 
[2020.05.24-21.18.11:591][362]LogAudioMixer: Display: Audio Device Output Speaker Info:
[2020.05.24-21.18.11:591][362]LogAudioMixer: Display: Name: HP 23tm (NVIDIA High Definition Audio)
[2020.05.24-21.18.11:591][362]LogAudioMixer: Display: Is Default: Yes
[2020.05.24-21.18.11:591][362]LogAudioMixer: Display: Sample Rate: 48000
[2020.05.24-21.18.11:591][362]LogAudioMixer: Display: Channel Count Used: 2
[2020.05.24-21.18.11:591][362]LogAudioMixer: Display: Device Channel Count: 2
[2020.05.24-21.18.11:591][362]LogAudioMixer: Display: Channel Order:
[2020.05.24-21.18.11:591][362]LogAudioMixer: Display: 0: FrontLeft
[2020.05.24-21.18.11:591][362]LogAudioMixer: Display: 1: FrontRight
[2020.05.24-21.18.11:610][362]LogAudioMixer: Error: Audio Platform Device Error: 0x88890008: UNKNOWN (File D:/Build/++UE4/Sync/Engine/Source/Runtime/Windows/AudioMixerXAudio2/Private/AudioMixerPlatformXAudio2.cpp, Line 867)
[2020.05.24-21.18.12:589][480]LogTemp: Resetting audio stream to device id 
[2020.05.24-21.18.12:592][480]LogAudioMixer: Display: Audio Device Output Speaker Info:
[2020.05.24-21.18.12:592][480]LogAudioMixer: Display: Name: HP 23tm (NVIDIA High Definition Audio)
[2020.05.24-21.18.12:592][480]LogAudioMixer: Display: Is Default: Yes
[2020.05.24-21.18.12:592][480]LogAudioMixer: Display: Sample Rate: 48000
[2020.05.24-21.18.12:592][480]LogAudioMixer: Display: Channel Count Used: 2
[2020.05.24-21.18.12:592][480]LogAudioMixer: Display: Device Channel Count: 2
[2020.05.24-21.18.12:592][480]LogAudioMixer: Display: Channel Order:
[2020.05.24-21.18.12:592][480]LogAudioMixer: Display: 0: FrontLeft
[2020.05.24-21.18.12:592][480]LogAudioMixer: Display: 1: FrontRight
[2020.05.24-21.18.12:610][480]LogAudioMixer: Error: Audio Platform Device Error: 0x88890008: UNKNOWN (File D:/Build/++UE4/Sync/Engine/Source/Runtime/Windows/AudioMixerXAudio2/Private/AudioMixerPlatformXAudio2.cpp, Line 867)
[2020.05.24-21.18.13:590][598]LogTemp: Resetting audio stream to device id 
[2020.05.24-21.18.13:592][598]LogAudioMixer: Display: Audio Device Output Speaker Info:
[2020.05.24-21.18.13:592][598]LogAudioMixer: Display: Name: HP 23tm (NVIDIA High Definition Audio)
[2020.05.24-21.18.13:592][598]LogAudioMixer: Display: Is Default: Yes
[2020.05.24-21.18.13:592][598]LogAudioMixer: Display: Sample Rate: 48000
[2020.05.24-21.18.13:592][598]LogAudioMixer: Display: Channel Count Used: 2
[2020.05.24-21.18.13:592][598]LogAudioMixer: Display: Device Channel Count: 2
[2020.05.24-21.18.13:592][598]LogAudioMixer: Display: Channel Order:
[2020.05.24-21.18.13:592][598]LogAudioMixer: Display: 0: FrontLeft
[2020.05.24-21.18.13:592][598]LogAudioMixer: Display: 1: FrontRight
[2020.05.24-21.18.13:610][598]LogAudioMixer: Error: Audio Platform Device Error: 0x88890008: UNKNOWN (File D:/Build/++UE4/Sync/Engine/Source/Runtime/Windows/AudioMixerXAudio2/Private/AudioMixerPlatformXAudio2.cpp, Line 867)
[2020.05.24-21.18.14:597][717]LogTemp: Resetting audio stream to device id 
[2020.05.24-21.18.14:599][717]LogAudioMixer: Display: Audio Device Output Speaker Info:
[2020.05.24-21.18.14:599][717]LogAudioMixer: Display: Name: HP 23tm (NVIDIA High Definition Audio)
[2020.05.24-21.18.14:599][717]LogAudioMixer: Display: Is Default: Yes
[2020.05.24-21.18.14:599][717]LogAudioMixer: Display: Sample Rate: 48000
[2020.05.24-21.18.14:599][717]LogAudioMixer: Display: Channel Count Used: 2
[2020.05.24-21.18.14:599][717]LogAudioMixer: Display: Device Channel Count: 2
[2020.05.24-21.18.14:599][717]LogAudioMixer: Display: Channel Order:
[2020.05.24-21.18.14:599][717]LogAudioMixer: Display: 0: FrontLeft
[2020.05.24-21.18.14:599][717]LogAudioMixer: Display: 1: FrontRight
[2020.05.24-21.18.14:618][717]LogAudioMixer: Error: Audio Platform Device Error: 0x88890008: UNKNOWN (File D:/Build/++UE4/Sync/Engine/Source/Runtime/Windows/AudioMixerXAudio2/Private/AudioMixerPlatformXAudio2.cpp, Line 867)
[2020.05.24-21.18.15:597][835]LogTemp: Resetting audio stream to device id 
[2020.05.24-21.18.15:600][835]LogAudioMixer: Display: Audio Device Output Speaker Info:
[2020.05.24-21.18.15:600][835]LogAudioMixer: Display: Name: HP 23tm (NVIDIA High Definition Audio)
[2020.05.24-21.18.15:600][835]LogAudioMixer: Display: Is Default: Yes
[2020.05.24-21.18.15:600][835]LogAudioMixer: Display: Sample Rate: 48000
[2020.05.24-21.18.15:600][835]LogAudioMixer: Display: Channel Count Used: 2
[2020.05.24-21.18.15:600][835]LogAudioMixer: Display: Device Channel Count: 2
[2020.05.24-21.18.15:600][835]LogAudioMixer: Display: Channel Order:
[2020.05.24-21.18.15:600][835]LogAudioMixer: Display: 0: FrontLeft
[2020.05.24-21.18.15:600][835]LogAudioMixer: Display: 1: FrontRight
[2020.05.24-21.18.15:618][835]LogAudioMixer: Error: Audio Platform Device Error: 0x88890008: UNKNOWN (File D:/Build/++UE4/Sync/Engine/Source/Runtime/Windows/AudioMixerXAudio2/Private/AudioMixerPlatformXAudio2.cpp, Line 867)
[2020.05.24-21.18.16:597][953]LogTemp: Resetting audio stream to device id 
[2020.05.24-21.18.16:600][953]LogAudioMixer: Display: Audio Device Output Speaker Info:
[2020.05.24-21.18.16:600][953]LogAudioMixer: Display: Name: HP 23tm (NVIDIA High Definition Audio)
[2020.05.24-21.18.16:600][953]LogAudioMixer: Display: Is Default: Yes
[2020.05.24-21.18.16:600][953]LogAudioMixer: Display: Sample Rate: 48000
[2020.05.24-21.18.16:600][953]LogAudioMixer: Display: Channel Count Used: 2
[2020.05.24-21.18.16:600][953]LogAudioMixer: Display: Device Channel Count: 2
[2020.05.24-21.18.16:600][953]LogAudioMixer: Display: Channel Order:
[2020.05.24-21.18.16:600][953]LogAudioMixer: Display: 0: FrontLeft
[2020.05.24-21.18.16:600][953]LogAudioMixer: Display: 1: FrontRight
[2020.05.24-21.18.16:618][953]LogAudioMixer: Error: Audio Platform Device Error: 0x88890008: UNKNOWN (File D:/Build/++UE4/Sync/Engine/Source/Runtime/Windows/AudioMixerXAudio2/Private/AudioMixerPlatformXAudio2.cpp, Line 867)
[2020.05.24-21.18.17:597][ 71]LogTemp: Resetting audio stream to device id 
[2020.05.24-21.18.17:600][ 71]LogAudioMixer: Display: Audio Device Output Speaker Info:
[2020.05.24-21.18.17:600][ 71]LogAudioMixer: Display: Name: HP 23tm (NVIDIA High Definition Audio)
[2020.05.24-21.18.17:600][ 71]LogAudioMixer: Display: Is Default: Yes
[2020.05.24-21.18.17:600][ 71]LogAudioMixer: Display: Sample Rate: 48000
[2020.05.24-21.18.17:600][ 71]LogAudioMixer: Display: Channel Count Used: 2
[2020.05.24-21.18.17:600][ 71]LogAudioMixer: Display: Device Channel Count: 2
[2020.05.24-21.18.17:600][ 71]LogAudioMixer: Display: Channel Order:
[2020.05.24-21.18.17:600][ 71]LogAudioMixer: Display: 0: FrontLeft
[2020.05.24-21.18.17:600][ 71]LogAudioMixer: Display: 1: FrontRight
[2020.05.24-21.18.17:618][ 71]LogAudioMixer: Error: Audio Platform Device Error: 0x88890008: UNKNOWN (File D:/Build/++UE4/Sync/Engine/Source/Runtime/Windows/AudioMixerXAudio2/Private/AudioMixerPlatformXAudio2.cpp, Line 867)
[2020.05.24-21.18.18:598][189]LogTemp: Resetting audio stream to device id 
[2020.05.24-21.18.18:600][189]LogAudioMixer: Display: Audio Device Output Speaker Info:
[2020.05.24-21.18.18:600][189]LogAudioMixer: Display: Name: HP 23tm (NVIDIA High Definition Audio)
[2020.05.24-21.18.18:600][189]LogAudioMixer: Display: Is Default: Yes
[2020.05.24-21.18.18:600][189]LogAudioMixer: Display: Sample Rate: 48000
[2020.05.24-21.18.18:600][189]LogAudioMixer: Display: Channel Count Used: 2
[2020.05.24-21.18.18:600][189]LogAudioMixer: Display: Device Channel Count: 2
[2020.05.24-21.18.18:600][189]LogAudioMixer: Display: Channel Order:
[2020.05.24-21.18.18:600][189]LogAudioMixer: Display: 0: FrontLeft
[2020.05.24-21.18.18:600][189]LogAudioMixer: Display: 1: FrontRight
[2020.05.24-21.18.18:619][189]LogAudioMixer: Error: Audio Platform Device Error: 0x88890008: UNKNOWN (File D:/Build/++UE4/Sync/Engine/Source/Runtime/Windows/AudioMixerXAudio2/Private/AudioMixerPlatformXAudio2.cpp, Line 867)
[2020.05.24-21.18.19:598][307]LogTemp: Resetting audio stream to device id 
[2020.05.24-21.18.19:600][307]LogAudioMixer: Display: Audio Device Output Speaker Info:
[2020.05.24-21.18.19:600][307]LogAudioMixer: Display: Name: HP 23tm (NVIDIA High Definition Audio)
[2020.05.24-21.18.19:600][307]LogAudioMixer: Display: Is Default: Yes
[2020.05.24-21.18.19:600][307]LogAudioMixer: Display: Sample Rate: 48000
[2020.05.24-21.18.19:600][307]LogAudioMixer: Display: Channel Count Used: 2
[2020.05.24-21.18.19:600][307]LogAudioMixer: Display: Device Channel Count: 2
[2020.05.24-21.18.19:601][307]LogAudioMixer: Display: Channel Order:
[2020.05.24-21.18.19:601][307]LogAudioMixer: Display: 0: FrontLeft
[2020.05.24-21.18.19:601][307]LogAudioMixer: Display: 1: FrontRight
[2020.05.24-21.18.19:620][307]LogAudioMixer: Error: Audio Platform Device Error: 0x88890008: UNKNOWN (File D:/Build/++UE4/Sync/Engine/Source/Runtime/Windows/AudioMixerXAudio2/Private/AudioMixerPlatformXAudio2.cpp, Line 867)
[2020.05.24-21.18.20:600][425]LogTemp: Resetting audio stream to device id 
[2020.05.24-21.18.20:602][425]LogAudioMixer: Display: Audio Device Output Speaker Info:
[2020.05.24-21.18.20:602][425]LogAudioMixer: Display: Name: HP 23tm (NVIDIA High Definition Audio)
[2020.05.24-21.18.20:602][425]LogAudioMixer: Display: Is Default: Yes
[2020.05.24-21.18.20:602][425]LogAudioMixer: Display: Sample Rate: 48000
[2020.05.24-21.18.20:602][425]LogAudioMixer: Display: Channel Count Used: 2
[2020.05.24-21.18.20:602][425]LogAudioMixer: Display: Device Channel Count: 2
[2020.05.24-21.18.20:602][425]LogAudioMixer: Display: Channel Order:
[2020.05.24-21.18.20:602][425]LogAudioMixer: Display: 0: FrontLeft
[2020.05.24-21.18.20:602][425]LogAudioMixer: Display: 1: FrontRight
[2020.05.24-21.18.20:621][425]LogAudioMixer: Error: Audio Platform Device Error: 0x88890008: UNKNOWN (File D:/Build/++UE4/Sync/Engine/Source/Runtime/Windows/AudioMixerXAudio2/Private/AudioMixerPlatformXAudio2.cpp, Line 867)
[2020.05.24-21.18.21:600][543]LogTemp: Resetting audio stream to device id 
[2020.05.24-21.18.21:603][543]LogAudioMixer: Display: Audio Device Output Speaker Info:
[2020.05.24-21.18.21:603][543]LogAudioMixer: Display: Name: HP 23tm (NVIDIA High Definition Audio)
[2020.05.24-21.18.21:603][543]LogAudioMixer: Display: Is Default: Yes
[2020.05.24-21.18.21:603][543]LogAudioMixer: Display: Sample Rate: 48000
[2020.05.24-21.18.21:603][543]LogAudioMixer: Display: Channel Count Used: 2
[2020.05.24-21.18.21:603][543]LogAudioMixer: Display: Device Channel Count: 2
[2020.05.24-21.18.21:603][543]LogAudioMixer: Display: Channel Order:
[2020.05.24-21.18.21:603][543]LogAudioMixer: Display: 0: FrontLeft
[2020.05.24-21.18.21:603][543]LogAudioMixer: Display: 1: FrontRight
[2020.05.24-21.18.21:621][543]LogAudioMixer: Error: Audio Platform Device Error: 0x88890008: UNKNOWN (File D:/Build/++UE4/Sync/Engine/Source/Runtime/Windows/AudioMixerXAudio2/Private/AudioMixerPlatformXAudio2.cpp, Line 867)
[2020.05.24-21.18.22:602][660]LogTemp: Resetting audio stream to device id 
[2020.05.24-21.18.22:604][660]LogAudioMixer: Display: Audio Device Output Speaker Info:
[2020.05.24-21.18.22:604][660]LogAudioMixer: Display: Name: HP 23tm (NVIDIA High Definition Audio)
[2020.05.24-21.18.22:604][660]LogAudioMixer: Display: Is Default: Yes
[2020.05.24-21.18.22:604][660]LogAudioMixer: Display: Sample Rate: 48000
[2020.05.24-21.18.22:604][660]LogAudioMixer: Display: Channel Count Used: 2
[2020.05.24-21.18.22:604][660]LogAudioMixer: Display: Device Channel Count: 2
[2020.05.24-21.18.22:604][660]LogAudioMixer: Display: Channel Order:
[2020.05.24-21.18.22:604][660]LogAudioMixer: Display: 0: FrontLeft
[2020.05.24-21.18.22:604][660]LogAudioMixer: Display: 1: FrontRight
[2020.05.24-21.18.22:623][660]LogAudioMixer: Error: Audio Platform Device Error: 0x88890008: UNKNOWN (File D:/Build/++UE4/Sync/Engine/Source/Runtime/Windows/AudioMixerXAudio2/Private/AudioMixerPlatformXAudio2.cpp, Line 867)
[2020.05.24-21.18.22:793][681]LogTemp: Repeating last play command: Selected Viewport
[2020.05.24-21.18.22:808][681]LogPlayLevel: PlayLevel: No blueprints needed recompiling
[2020.05.24-21.18.22:809][681]PIE: New page: PIE session: RiverV2-art (24 May 2020, 23:18:22)
[2020.05.24-21.18.22:810][681]LogOnline: OSS: Creating online subsystem instance for: NULL
[2020.05.24-21.18.22:811][681]LogOnline: OSS: TryLoadSubsystemAndSetDefault: Loaded subsystem for module [NULL]
[2020.05.24-21.18.22:814][681]LogPlayLevel: Creating play world package: /Game/RollingBP/Maps/UEDPIE_0_RiverV2-art
[2020.05.24-21.18.23:311][681]LogPlayLevel: PIE: StaticDuplicateObject took: (0.497947s)
[2020.05.24-21.18.23:312][681]LogAIModule: Creating AISystem for world RiverV2-art
[2020.05.24-21.18.23:312][681]LogPlayLevel: PIE: World Init took: (0.000905s)
[2020.05.24-21.18.23:312][681]LogPlayLevel: PIE: Created PIE world by copying editor world from /Game/RollingBP/Maps/RiverV2-art.RiverV2-art to /Game/RollingBP/Maps/UEDPIE_0_RiverV2-art.RiverV2-art (0.499270s)
[2020.05.24-21.18.23:337][681]LogUObjectHash: Compacting FUObjectHashTables data took   1.86ms
[2020.05.24-21.18.23:339][681]LogAudioMixer: Display: Audio Mixer Platform Settings:
[2020.05.24-21.18.23:339][681]LogAudioMixer: Display: 	Sample Rate:						  48000
[2020.05.24-21.18.23:339][681]LogAudioMixer: Display: 	Callback Buffer Frame Size Requested: 1024
[2020.05.24-21.18.23:339][681]LogAudioMixer: Display: 	Callback Buffer Frame Size To Use:	  1024
[2020.05.24-21.18.23:339][681]LogAudioMixer: Display: 	Number of buffers to queue:			  2
[2020.05.24-21.18.23:339][681]LogAudioMixer: Display: 	Max Channels (voices):				  32
[2020.05.24-21.18.23:339][681]LogAudioMixer: Display: 	Number of Async Source Workers:		  0
[2020.05.24-21.18.23:339][681]LogAudio: Display: AudioDevice MaxSources: 32
[2020.05.24-21.18.23:339][681]LogAudio: Display: Using built-in audio occlusion.
[2020.05.24-21.18.23:339][681]LogAudioMixer: Display: Initializing audio mixer.
[2020.05.24-21.18.23:342][681]LogAudioMixer: Display: Audio Device Output Speaker Info:
[2020.05.24-21.18.23:342][681]LogAudioMixer: Display: Name: HP 23tm (NVIDIA High Definition Audio)
[2020.05.24-21.18.23:342][681]LogAudioMixer: Display: Is Default: Yes
[2020.05.24-21.18.23:342][681]LogAudioMixer: Display: Sample Rate: 48000
[2020.05.24-21.18.23:342][681]LogAudioMixer: Display: Channel Count Used: 2
[2020.05.24-21.18.23:342][681]LogAudioMixer: Display: Device Channel Count: 2
[2020.05.24-21.18.23:342][681]LogAudioMixer: Display: Channel Order:
[2020.05.24-21.18.23:342][681]LogAudioMixer: Display: 0: FrontLeft
[2020.05.24-21.18.23:342][681]LogAudioMixer: Display: 1: FrontRight
[2020.05.24-21.18.23:348][681]LogAudioMixer: Error: Audio Platform Device Error: 0x88890008: UNKNOWN (File D:/Build/++UE4/Sync/Engine/Source/Runtime/Windows/AudioMixerXAudio2/Private/AudioMixerPlatformXAudio2.cpp, Line 614)
[2020.05.24-21.18.23:349][681]LogOutputDevice: Warning: 

Script Stack (0 frames):

[2020.05.24-21.18.23:349][681]LogWindows: Windows GetLastError: The operation completed successfully. (0)
[2020.05.24-21.18.24:748][681]LogWindows: Error: === Critical error: ===
[2020.05.24-21.18.24:748][681]LogWindows: Error: 
[2020.05.24-21.18.24:748][681]LogWindows: Error: Assertion failed: (Index >= 0) & (Index < ArrayNum) [File:D:\Build\++UE4\Sync\Engine\Source\Runtime\Core\Public\Containers/Array.h] [Line: 614] 
[2020.05.24-21.18.24:748][681]LogWindows: Error: Array index out of bounds: 1 from an array of size 0
[2020.05.24-21.18.24:749][681]LogWindows: Error: 
[2020.05.24-21.18.24:749][681]LogWindows: Error: 
[2020.05.24-21.18.24:749][681]LogWindows: Error: [Callstack] 0x00007ffef723a799 KERNELBASE.dll!UnknownFunction []
[2020.05.24-21.18.24:749][681]LogWindows: Error: [Callstack] 0x00007ffe9b54a7b6 UE4Editor-Core.dll!UnknownFunction []
[2020.05.24-21.18.24:749][681]LogWindows: Error: [Callstack] 0x00007ffe9b54dc58 UE4Editor-Core.dll!UnknownFunction []
[2020.05.24-21.18.24:749][681]LogWindows: Error: [Callstack] 0x00007ffe9b302c7d UE4Editor-Core.dll!UnknownFunction []
[2020.05.24-21.18.24:749][681]LogWindows: Error: [Callstack] 0x00007ffe9b28fd43 UE4Editor-Core.dll!UnknownFunction []
[2020.05.24-21.18.24:749][681]LogWindows: Error: [Callstack] 0x00007ffe9b2920c0 UE4Editor-Core.dll!UnknownFunction []
[2020.05.24-21.18.24:749][681]LogWindows: Error: [Callstack] 0x00007ffe882602d8 UE4Editor-AudioMixer.dll!UnknownFunction []
[2020.05.24-21.18.24:749][681]LogWindows: Error: [Callstack] 0x00007ffe8821be6b UE4Editor-AudioMixer.dll!UnknownFunction []
[2020.05.24-21.18.24:749][681]LogWindows: Error: [Callstack] 0x00007ffe88249f8a UE4Editor-AudioMixer.dll!UnknownFunction []
[2020.05.24-21.18.24:749][681]LogWindows: Error: [Callstack] 0x00007ffe8e4f86f7 UE4Editor-Engine.dll!UnknownFunction []
[2020.05.24-21.18.24:749][681]LogWindows: Error: [Callstack] 0x00007ffe8e51f8e6 UE4Editor-Engine.dll!UnknownFunction []
[2020.05.24-21.18.24:749][681]LogWindows: Error: [Callstack] 0x00007ffe8e5034c2 UE4Editor-Engine.dll!UnknownFunction []
[2020.05.24-21.18.24:749][681]LogWindows: Error: [Callstack] 0x00007ffe8e4ed96b UE4Editor-Engine.dll!UnknownFunction []
[2020.05.24-21.18.24:749][681]LogWindows: Error: [Callstack] 0x00007ffe8e973fb8 UE4Editor-Engine.dll!UnknownFunction []
[2020.05.24-21.18.24:749][681]LogWindows: Error: [Callstack] 0x00007ffe8cc60703 UE4Editor-UnrealEd.dll!UnknownFunction []
[2020.05.24-21.18.24:749][681]LogWindows: Error: [Callstack] 0x00007ffe8cc82806 UE4Editor-UnrealEd.dll!UnknownFunction []
[2020.05.24-21.18.24:749][681]LogWindows: Error: [Callstack] 0x00007ffe8cc9d285 UE4Editor-UnrealEd.dll!UnknownFunction []
[2020.05.24-21.18.24:749][681]LogWindows: Error: [Callstack] 0x00007ffe8c76a5f5 UE4Editor-UnrealEd.dll!UnknownFunction []
[2020.05.24-21.18.24:749][681]LogWindows: Error: [Callstack] 0x00007ffe8cfce476 UE4Editor-UnrealEd.dll!UnknownFunction []
[2020.05.24-21.18.24:749][681]LogWindows: Error: [Callstack] 0x00007ff6f72c7f62 UE4Editor.exe!UnknownFunction []
[2020.05.24-21.18.24:749][681]LogWindows: Error: [Callstack] 0x00007ff6f72dc3ec UE4Editor.exe!UnknownFunction []
[2020.05.24-21.18.24:749][681]LogWindows: Error: [Callstack] 0x00007ff6f72dc4ca UE4Editor.exe!UnknownFunction []
[2020.05.24-21.18.24:749][681]LogWindows: Error: [Callstack] 0x00007ff6f72eceae UE4Editor.exe!UnknownFunction []
[2020.05.24-21.18.24:749][681]LogWindows: Error: [Callstack] 0x00007ff6f72efcbe UE4Editor.exe!UnknownFunction []
[2020.05.24-21.18.24:749][681]LogWindows: Error: [Callstack] 0x00007ffef8fc7bd4 KERNEL32.DLL!UnknownFunction []
[2020.05.24-21.18.24:749][681]LogWindows: Error: [Callstack] 0x00007ffef976ce51 ntdll.dll!UnknownFunction []
[2020.05.24-21.18.24:749][681]LogWindows: Error: 
[2020.05.24-21.18.24:782][681]LogExit: Executing StaticShutdownAfterError
[2020.05.24-21.18.24:788][681]LogWindows: FPlatformMisc::RequestExit(1)
[2020.05.24-21.18.24:788][681]LogCore: Engine exit requested (reason: Win RequestExit)
[2020.05.24-21.18.24:809][681]Log file closed, 05/24/20 22:18:24
