Log file open, 06/05/20 12:32:11
LogWindows: Failed to load 'aqProf.dll' (GetLastError=126)
LogWindows: File 'aqProf.dll' does not exist
LogWindows: Failed to load 'VtuneApi.dll' (GetLastError=126)
LogWindows: File 'VtuneApi.dll' does not exist
LogWindows: Failed to load 'VtuneApi32e.dll' (GetLastError=126)
LogWindows: File 'VtuneApi32e.dll' does not exist
LogConsoleResponse: Display: Failed to find resolution value strings in scalability ini. Falling back to default.
LogInit: Display: Running engine for game: Team17Colab
LogPlatformFile: Not using cached read wrapper
LogTaskGraph: Started task graph with 5 named threads and 35 total threads with 3 sets of task threads.
LogStats: Stats thread started at 0.077448
LogD3D11RHI: Loaded GFSDK_Aftermath_Lib.x64.dll
LogICUInternationalization: ICU TimeZone Detection - Raw Offset: +0:00, Platform Override: ''
LogPluginManager: Mounting plugin Paper2D
LogPluginManager: Mounting plugin AISupport
LogPluginManager: Mounting plugin LightPropagationVolume
LogPluginManager: Mounting plugin ActorLayerUtilities
LogPluginManager: Mounting plugin AnimationSharing
LogPluginManager: Mounting plugin CLionSourceCodeAccess
LogPluginManager: Mounting plugin CodeLiteSourceCodeAccess
LogPluginManager: Mounting plugin GitSourceControl
LogPluginManager: Mounting plugin KDevelopSourceCodeAccess
LogPluginManager: Mounting plugin NullSourceCodeAccess
LogPluginManager: Mounting plugin PerforceSourceControl
LogPluginManager: Mounting plugin PlasticSourceControl
LogPluginManager: Mounting plugin SubversionSourceControl
LogPluginManager: Mounting plugin UObjectPlugin
LogPluginManager: Mounting plugin VisualStudioCodeSourceCodeAccess
LogPluginManager: Mounting plugin VisualStudioSourceCodeAccess
LogPluginManager: Mounting plugin XCodeSourceCodeAccess
LogPluginManager: Mounting plugin AssetManagerEditor
LogPluginManager: Mounting plugin CryptoKeys
LogPluginManager: Mounting plugin CurveEditorTools
LogPluginManager: Mounting plugin DataValidation
LogPluginManager: Mounting plugin FacialAnimation
LogPluginManager: Mounting plugin GameplayTagsEditor
LogPluginManager: Mounting plugin MacGraphicsSwitching
LogPluginManager: Mounting plugin MaterialAnalyzer
LogPluginManager: Mounting plugin MobileLauncherProfileWizard
LogPluginManager: Mounting plugin PluginBrowser
LogPluginManager: Mounting plugin SpeedTreeImporter
LogPluginManager: Mounting plugin DatasmithContent
LogPluginManager: Mounting plugin VariantManagerContent
LogPluginManager: Mounting plugin AlembicImporter
LogPluginManager: Mounting plugin AutomationUtils
LogPluginManager: Mounting plugin BackChannel
LogPluginManager: Mounting plugin CharacterAI
LogPluginManager: Mounting plugin GeometryCache
LogPluginManager: Mounting plugin PlatformCrypto
LogPluginManager: Mounting plugin ProxyLODPlugin
LogPluginManager: Mounting plugin SkeletalReduction
LogPluginManager: Mounting plugin Niagara
LogPluginManager: Mounting plugin NiagaraExtras
LogPluginManager: Mounting plugin MagicLeap
LogPluginManager: Mounting plugin MagicLeapMedia
LogPluginManager: Mounting plugin MLSDK
LogPluginManager: Mounting plugin AndroidMedia
LogPluginManager: Mounting plugin AvfMedia
LogPluginManager: Mounting plugin ImgMedia
LogPluginManager: Mounting plugin MediaCompositing
LogPluginManager: Mounting plugin MediaPlayerEditor
LogPluginManager: Mounting plugin WebMMedia
LogPluginManager: Mounting plugin WmfMedia
LogPluginManager: Mounting plugin TcpMessaging
LogPluginManager: Mounting plugin UdpMessaging
LogPluginManager: Mounting plugin ActorSequence
LogPluginManager: Mounting plugin LevelSequenceEditor
LogPluginManager: Mounting plugin MatineeToLevelSequence
LogPluginManager: Mounting plugin NetcodeUnitTest
LogPluginManager: Mounting plugin NUTUnrealEngine4
LogPluginManager: Mounting plugin OnlineSubsystemGooglePlay
LogPluginManager: Mounting plugin OnlineSubsystemIOS
LogPluginManager: Mounting plugin OnlineSubsystem
LogPluginManager: Mounting plugin OnlineSubsystemNull
LogPluginManager: Mounting plugin OnlineSubsystemUtils
LogPluginManager: Mounting plugin LauncherChunkInstaller
LogPluginManager: Mounting plugin AndroidDeviceProfileSelector
LogPluginManager: Mounting plugin AndroidMoviePlayer
LogPluginManager: Mounting plugin AndroidPermission
LogPluginManager: Mounting plugin AppleImageUtils
LogPluginManager: Mounting plugin AppleMoviePlayer
LogPluginManager: Mounting plugin ArchVisCharacter
LogPluginManager: Mounting plugin AssetTags
LogPluginManager: Mounting plugin AudioCapture
LogPluginManager: Mounting plugin CableComponent
LogPluginManager: Mounting plugin CustomMeshComponent
LogPluginManager: Mounting plugin EditableMesh
LogPluginManager: Mounting plugin ExampleDeviceProfileSelector
LogPluginManager: Mounting plugin GoogleCloudMessaging
LogPluginManager: Mounting plugin IOSDeviceProfileSelector
LogPluginManager: Mounting plugin LinuxDeviceProfileSelector
LogPluginManager: Mounting plugin LocationServicesBPLibrary
LogPluginManager: Mounting plugin MobilePatchingUtils
LogPluginManager: Mounting plugin OculusVR
LogPluginManager: Mounting plugin PhysXVehicles
LogPluginManager: Mounting plugin PostSplashScreen
LogPluginManager: Mounting plugin ProceduralMeshComponent
LogPluginManager: Mounting plugin RuntimePhysXCooking
LogPluginManager: Mounting plugin SignificanceManager
LogPluginManager: Mounting plugin SteamVR
LogPluginManager: Mounting plugin WebMMoviePlayer
LogPluginManager: Mounting plugin WindowsMoviePlayer
LogPluginManager: Mounting plugin ScreenshotTools
LogInit: Using libcurl 7.55.1-DEV
LogInit:  - built for x86_64-pc-win32
LogInit:  - supports SSL with OpenSSL/1.1.1
LogInit:  - supports HTTP deflate (compression) using libz 1.2.8
LogInit:  - other features:
LogInit:      CURL_VERSION_SSL
LogInit:      CURL_VERSION_LIBZ
LogInit:      CURL_VERSION_IPV6
LogInit:      CURL_VERSION_ASYNCHDNS
LogInit:      CURL_VERSION_LARGEFILE
LogInit:      CURL_VERSION_IDN
LogInit:  CurlRequestOptions (configurable via config and command line):
LogInit:  - bVerifyPeer = true  - Libcurl will verify peer certificate
LogInit:  - bUseHttpProxy = false  - Libcurl will NOT use HTTP proxy
LogInit:  - bDontReuseConnections = false  - Libcurl will reuse connections
LogInit:  - MaxHostConnections = 16  - Libcurl will limit the number of connections to a host
LogInit:  - LocalHostAddr = Default
LogInit:  - BufferSize = 65536
LogOnline: OSS: Creating online subsystem instance for: NULL
LogInit: WinSock: version 1.1 (2.2), MaxSocks=32767, MaxUdp=65467
LogOnline: OSS: TryLoadSubsystemAndSetDefault: Loaded subsystem for module [NULL]
LogInit: Build: ++UE4+Release-4.24-CL-11590370
LogInit: Engine Version: 4.24.3-11590370+++UE4+Release-4.24
LogInit: Compatible Engine Version: 4.24.0-10570792+++UE4+Release-4.24
LogInit: Net CL: 10570792
LogInit: OS: Windows 10 (Release 1903) (), CPU: Intel(R) Core(TM) i7-8700 CPU @ 3.20GHz, GPU: NVIDIA GeForce GTX 1070 Ti
LogInit: Compiled (64-bit): Feb 24 2020 15:39:18
LogInit: Compiled with Visual C++: 19.16.27032.01
LogInit: Build Configuration: Development
LogInit: Branch Name: ++UE4+Release-4.24
LogInit: Command Line: 
LogInit: Base Directory: D:/UE_4.24/Engine/Binaries/Win64/
LogInit: Installed Engine Build: 1
LogDevObjectVersion: Number of dev versions registered: 25
LogDevObjectVersion:   Dev-Blueprints (B0D832E4-1F89-4F0D-ACCF-7EB736FD4AA2): 10
LogDevObjectVersion:   Dev-Build (E1C64328-A22C-4D53-A36C-8E866417BD8C): 0
LogDevObjectVersion:   Dev-Core (375EC13C-06E4-48FB-B500-84F0262A717E): 3
LogDevObjectVersion:   Dev-Editor (E4B068ED-F494-42E9-A231-DA0B2E46BB41): 37
LogDevObjectVersion:   Dev-Framework (CFFC743F-43B0-4480-9391-14DF171D2073): 36
LogDevObjectVersion:   Dev-Mobile (B02B49B5-BB20-44E9-A304-32B752E40360): 2
LogDevObjectVersion:   Dev-Networking (A4E4105C-59A1-49B5-A7C5-40C4547EDFEE): 0
LogDevObjectVersion:   Dev-Online (39C831C9-5AE6-47DC-9A44-9C173E1C8E7C): 0
LogDevObjectVersion:   Dev-Physics (78F01B33-EBEA-4F98-B9B4-84EACCB95AA2): 2
LogDevObjectVersion:   Dev-Platform (6631380F-2D4D-43E0-8009-CF276956A95A): 0
LogDevObjectVersion:   Dev-Rendering (12F88B9F-8875-4AFC-A67C-D90C383ABD29): 36
LogDevObjectVersion:   Dev-Sequencer (7B5AE74C-D270-4C10-A958-57980B212A5A): 11
LogDevObjectVersion:   Dev-VR (D7296918-1DD6-4BDD-9DE2-64A83CC13884): 2
LogDevObjectVersion:   Dev-LoadTimes (C2A15278-BFE7-4AFE-6C17-90FF531DF755): 1
LogDevObjectVersion:   Private-Geometry (6EACA3D4-40EC-4CC1-B786-8BED09428FC5): 3
LogDevObjectVersion:   Dev-AnimPhys (29E575DD-E0A3-4627-9D10-D276232CDCEA): 17
LogDevObjectVersion:   Dev-Anim (AF43A65D-7FD3-4947-9873-3E8ED9C1BB05): 2
LogDevObjectVersion:   Dev-ReflectionCapture (6B266CEC-1EC7-4B8F-A30B-E4D90942FC07): 1
LogDevObjectVersion:   Dev-Automation (0DF73D61-A23F-47EA-B727-89E90C41499A): 1
LogDevObjectVersion:   FortniteMain (601D1886-AC64-4F84-AA16-D3DE0DEAC7D6): 31
LogDevObjectVersion:   Dev-Enterprise (9DFFBCD6-494F-0158-E221-12823C92A888): 8
LogDevObjectVersion:   Dev-Niagara (F2AED0AC-9AFE-416F-8664-AA7FFA26D6FC): 1
LogDevObjectVersion:   Dev-Destruction (174F1F0B-B4C6-45A5-B13F-2EE8D0FB917D): 9
LogDevObjectVersion:   Dev-Physics-Ext (35F94A83-E258-406C-A318-09F59610247C): 8
LogDevObjectVersion:   Dev-CineCamera (B2E18506-4273-CFC2-A54E-F4BB758BBA07): 1
LogInit: Presizing for max 25165824 objects, including 0 objects not considered by GC, pre-allocating 0 bytes for permanent pool.
LogInit: Object subsystem initialized
LogConfig: Setting CVar [[con.DebugEarlyDefault:1]]
LogConfig: Setting CVar [[r.setres:1280x720]]
[2020.06.05-11.32.11:464][  0]LogConfig: Setting CVar [[r.VSync:0]]
[2020.06.05-11.32.11:464][  0]LogConfig: Setting CVar [[r.RHICmdBypass:0]]
[2020.06.05-11.32.11:464][  0]LogConfig: Applying CVar settings from Section [/Script/Engine.RendererSettings] File [C:/Users/eppez/OneDrive/Desktop/JSColabTeam17/Team17Colab/Saved/Config/Windows/Engine.ini]
[2020.06.05-11.32.11:464][  0]LogConfig: Setting CVar [[r.GPUCrashDebugging:0]]
[2020.06.05-11.32.11:464][  0]LogConfig: Applying CVar settings from Section [/Script/Engine.RendererOverrideSettings] File [C:/Users/eppez/OneDrive/Desktop/JSColabTeam17/Team17Colab/Saved/Config/Windows/Engine.ini]
[2020.06.05-11.32.11:464][  0]LogConfig: Applying CVar settings from Section [/Script/Engine.StreamingSettings] File [C:/Users/eppez/OneDrive/Desktop/JSColabTeam17/Team17Colab/Saved/Config/Windows/Engine.ini]
[2020.06.05-11.32.11:464][  0]LogConfig: Setting CVar [[s.MinBulkDataSizeForAsyncLoading:131072]]
[2020.06.05-11.32.11:464][  0]LogConfig: Setting CVar [[s.AsyncLoadingThreadEnabled:0]]
[2020.06.05-11.32.11:464][  0]LogConfig: Setting CVar [[s.EventDrivenLoaderEnabled:1]]
[2020.06.05-11.32.11:464][  0]LogConfig: Setting CVar [[s.WarnIfTimeLimitExceeded:0]]
[2020.06.05-11.32.11:464][  0]LogConfig: Setting CVar [[s.TimeLimitExceededMultiplier:1.5]]
[2020.06.05-11.32.11:464][  0]LogConfig: Setting CVar [[s.TimeLimitExceededMinTime:0.005]]
[2020.06.05-11.32.11:464][  0]LogConfig: Setting CVar [[s.UseBackgroundLevelStreaming:1]]
[2020.06.05-11.32.11:464][  0]LogConfig: Setting CVar [[s.PriorityAsyncLoadingExtraTime:15.0]]
[2020.06.05-11.32.11:464][  0]LogConfig: Setting CVar [[s.LevelStreamingActorsUpdateTimeLimit:5.0]]
[2020.06.05-11.32.11:464][  0]LogConfig: Setting CVar [[s.PriorityLevelStreamingActorsUpdateExtraTime:5.0]]
[2020.06.05-11.32.11:464][  0]LogConfig: Setting CVar [[s.LevelStreamingComponentsRegistrationGranularity:10]]
[2020.06.05-11.32.11:464][  0]LogConfig: Setting CVar [[s.UnregisterComponentsTimeLimit:1.0]]
[2020.06.05-11.32.11:464][  0]LogConfig: Setting CVar [[s.LevelStreamingComponentsUnregistrationGranularity:5]]
[2020.06.05-11.32.11:464][  0]LogConfig: Setting CVar [[s.FlushStreamingOnExit:1]]
[2020.06.05-11.32.11:464][  0]LogConfig: Applying CVar settings from Section [/Script/Engine.GarbageCollectionSettings] File [C:/Users/eppez/OneDrive/Desktop/JSColabTeam17/Team17Colab/Saved/Config/Windows/Engine.ini]
[2020.06.05-11.32.11:464][  0]LogConfig: Setting CVar [[gc.MaxObjectsNotConsideredByGC:1]]
[2020.06.05-11.32.11:464][  0]LogConfig: Setting CVar [[gc.SizeOfPermanentObjectPool:0]]
[2020.06.05-11.32.11:464][  0]LogConfig: Setting CVar [[gc.FlushStreamingOnGC:0]]
[2020.06.05-11.32.11:464][  0]LogConfig: Setting CVar [[gc.NumRetriesBeforeForcingGC:10]]
[2020.06.05-11.32.11:464][  0]LogConfig: Setting CVar [[gc.AllowParallelGC:1]]
[2020.06.05-11.32.11:464][  0]LogConfig: Setting CVar [[gc.TimeBetweenPurgingPendingKillObjects:61.1]]
[2020.06.05-11.32.11:464][  0]LogConfig: Setting CVar [[gc.MaxObjectsInEditor:25165824]]
[2020.06.05-11.32.11:464][  0]LogConfig: Setting CVar [[gc.IncrementalBeginDestroyEnabled:1]]
[2020.06.05-11.32.11:464][  0]LogConfig: Setting CVar [[gc.CreateGCClusters:1]]
[2020.06.05-11.32.11:464][  0]LogConfig: Setting CVar [[gc.MinGCClusterSize:5]]
[2020.06.05-11.32.11:464][  0]LogConfig: Setting CVar [[gc.ActorClusteringEnabled:0]]
[2020.06.05-11.32.11:464][  0]LogConfig: Setting CVar [[gc.BlueprintClusteringEnabled:0]]
[2020.06.05-11.32.11:464][  0]LogConfig: Setting CVar [[gc.UseDisregardForGCOnDedicatedServers:0]]
[2020.06.05-11.32.11:464][  0]LogConfig: Applying CVar settings from Section [/Script/Engine.NetworkSettings] File [C:/Users/eppez/OneDrive/Desktop/JSColabTeam17/Team17Colab/Saved/Config/Windows/Engine.ini]
[2020.06.05-11.32.11:464][  0]LogConfig: Applying CVar settings from Section [/Script/UnrealEd.CookerSettings] File [C:/Users/eppez/OneDrive/Desktop/JSColabTeam17/Team17Colab/Saved/Config/Windows/Engine.ini]
[2020.06.05-11.32.11:466][  0]LogConfig: Applying CVar settings from Section [ViewDistanceQuality@3] File [C:/Users/eppez/OneDrive/Desktop/JSColabTeam17/Team17Colab/Saved/Config/Windows/Scalability.ini]
[2020.06.05-11.32.11:467][  0]LogConfig: Setting CVar [[r.SkeletalMeshLODBias:0]]
[2020.06.05-11.32.11:467][  0]LogConfig: Setting CVar [[r.ViewDistanceScale:1.0]]
[2020.06.05-11.32.11:467][  0]LogConfig: Applying CVar settings from Section [AntiAliasingQuality@3] File [C:/Users/eppez/OneDrive/Desktop/JSColabTeam17/Team17Colab/Saved/Config/Windows/Scalability.ini]
[2020.06.05-11.32.11:467][  0]LogConfig: Setting CVar [[r.PostProcessAAQuality:4]]
[2020.06.05-11.32.11:467][  0]LogConfig: Applying CVar settings from Section [ShadowQuality@3] File [C:/Users/eppez/OneDrive/Desktop/JSColabTeam17/Team17Colab/Saved/Config/Windows/Scalability.ini]
[2020.06.05-11.32.11:467][  0]LogConfig: Setting CVar [[r.LightFunctionQuality:1]]
[2020.06.05-11.32.11:467][  0]LogConfig: Setting CVar [[r.ShadowQuality:5]]
[2020.06.05-11.32.11:467][  0]LogConfig: Setting CVar [[r.Shadow.CSM.MaxCascades:10]]
[2020.06.05-11.32.11:467][  0]LogConfig: Setting CVar [[r.Shadow.MaxResolution:2048]]
[2020.06.05-11.32.11:467][  0]LogConfig: Setting CVar [[r.Shadow.MaxCSMResolution:2048]]
[2020.06.05-11.32.11:467][  0]LogConfig: Setting CVar [[r.Shadow.RadiusThreshold:0.01]]
[2020.06.05-11.32.11:467][  0]LogConfig: Setting CVar [[r.Shadow.DistanceScale:1.0]]
[2020.06.05-11.32.11:467][  0]LogConfig: Setting CVar [[r.Shadow.CSM.TransitionScale:1.0]]
[2020.06.05-11.32.11:467][  0]LogConfig: Setting CVar [[r.Shadow.PreShadowResolutionFactor:1.0]]
[2020.06.05-11.32.11:467][  0]LogConfig: Setting CVar [[r.DistanceFieldShadowing:1]]
[2020.06.05-11.32.11:467][  0]LogConfig: Setting CVar [[r.DistanceFieldAO:1]]
[2020.06.05-11.32.11:467][  0]LogConfig: Setting CVar [[r.AOQuality:2]]
[2020.06.05-11.32.11:467][  0]LogConfig: Setting CVar [[r.VolumetricFog:1]]
[2020.06.05-11.32.11:467][  0]LogConfig: Setting CVar [[r.VolumetricFog.GridPixelSize:8]]
[2020.06.05-11.32.11:467][  0]LogConfig: Setting CVar [[r.VolumetricFog.GridSizeZ:128]]
[2020.06.05-11.32.11:467][  0]LogConfig: Setting CVar [[r.VolumetricFog.HistoryMissSupersampleCount:4]]
[2020.06.05-11.32.11:467][  0]LogConfig: Setting CVar [[r.LightMaxDrawDistanceScale:1]]
[2020.06.05-11.32.11:467][  0]LogConfig: Setting CVar [[r.CapsuleShadows:1]]
[2020.06.05-11.32.11:467][  0]LogConfig: Applying CVar settings from Section [PostProcessQuality@3] File [C:/Users/eppez/OneDrive/Desktop/JSColabTeam17/Team17Colab/Saved/Config/Windows/Scalability.ini]
[2020.06.05-11.32.11:467][  0]LogConfig: Setting CVar [[r.MotionBlurQuality:4]]
[2020.06.05-11.32.11:467][  0]LogConfig: Setting CVar [[r.AmbientOcclusionMipLevelFactor:0.4]]
[2020.06.05-11.32.11:467][  0]LogConfig: Setting CVar [[r.AmbientOcclusionMaxQuality:100]]
[2020.06.05-11.32.11:467][  0]LogConfig: Setting CVar [[r.AmbientOcclusionLevels:-1]]
[2020.06.05-11.32.11:467][  0]LogConfig: Setting CVar [[r.AmbientOcclusionRadiusScale:1.0]]
[2020.06.05-11.32.11:467][  0]LogConfig: Setting CVar [[r.DepthOfFieldQuality:2]]
[2020.06.05-11.32.11:467][  0]LogConfig: Setting CVar [[r.RenderTargetPoolMin:400]]
[2020.06.05-11.32.11:467][  0]LogConfig: Setting CVar [[r.LensFlareQuality:2]]
[2020.06.05-11.32.11:467][  0]LogConfig: Setting CVar [[r.SceneColorFringeQuality:1]]
[2020.06.05-11.32.11:467][  0]LogConfig: Setting CVar [[r.EyeAdaptationQuality:2]]
[2020.06.05-11.32.11:467][  0]LogConfig: Setting CVar [[r.BloomQuality:5]]
[2020.06.05-11.32.11:467][  0]LogConfig: Setting CVar [[r.FastBlurThreshold:100]]
[2020.06.05-11.32.11:467][  0]LogConfig: Setting CVar [[r.Upscale.Quality:3]]
[2020.06.05-11.32.11:467][  0]LogConfig: Setting CVar [[r.Tonemapper.GrainQuantization:1]]
[2020.06.05-11.32.11:467][  0]LogConfig: Setting CVar [[r.LightShaftQuality:1]]
[2020.06.05-11.32.11:467][  0]LogConfig: Setting CVar [[r.Filter.SizeScale:1]]
[2020.06.05-11.32.11:467][  0]LogConfig: Setting CVar [[r.Tonemapper.Quality:5]]
[2020.06.05-11.32.11:467][  0]LogConfig: Setting CVar [[r.DOF.Gather.AccumulatorQuality:1        ; higher gathering accumulator quality]]
[2020.06.05-11.32.11:467][  0]LogConfig: Setting CVar [[r.DOF.Gather.PostfilterMethod:1          ; Median3x3 postfilering method]]
[2020.06.05-11.32.11:467][  0]LogConfig: Setting CVar [[r.DOF.Gather.EnableBokehSettings:0       ; no bokeh simulation when gathering]]
[2020.06.05-11.32.11:467][  0]LogConfig: Setting CVar [[r.DOF.Gather.RingCount:4                 ; medium number of samples when gathering]]
[2020.06.05-11.32.11:467][  0]LogConfig: Setting CVar [[r.DOF.Scatter.ForegroundCompositing:1    ; additive foreground scattering]]
[2020.06.05-11.32.11:467][  0]LogConfig: Setting CVar [[r.DOF.Scatter.BackgroundCompositing:2    ; additive background scattering]]
[2020.06.05-11.32.11:467][  0]LogConfig: Setting CVar [[r.DOF.Scatter.EnableBokehSettings:1      ; bokeh simulation when scattering]]
[2020.06.05-11.32.11:467][  0]LogConfig: Setting CVar [[r.DOF.Scatter.MaxSpriteRatio:0.1         ; only a maximum of 10% of scattered bokeh]]
[2020.06.05-11.32.11:467][  0]LogConfig: Setting CVar [[r.DOF.Recombine.Quality:1                ; cheap slight out of focus]]
[2020.06.05-11.32.11:467][  0]LogConfig: Setting CVar [[r.DOF.Recombine.EnableBokehSettings:0    ; no bokeh simulation on slight out of focus]]
[2020.06.05-11.32.11:467][  0]LogConfig: Setting CVar [[r.DOF.TemporalAAQuality:1                ; more stable temporal accumulation]]
[2020.06.05-11.32.11:467][  0]LogConfig: Setting CVar [[r.DOF.Kernel.MaxForegroundRadius:0.025]]
[2020.06.05-11.32.11:467][  0]LogConfig: Setting CVar [[r.DOF.Kernel.MaxBackgroundRadius:0.025]]
[2020.06.05-11.32.11:467][  0]LogConfig: Applying CVar settings from Section [TextureQuality@3] File [C:/Users/eppez/OneDrive/Desktop/JSColabTeam17/Team17Colab/Saved/Config/Windows/Scalability.ini]
[2020.06.05-11.32.11:467][  0]LogConfig: Setting CVar [[r.Streaming.MipBias:0]]
[2020.06.05-11.32.11:467][  0]LogConfig: Setting CVar [[r.Streaming.AmortizeCPUToGPUCopy:0]]
[2020.06.05-11.32.11:467][  0]LogConfig: Setting CVar [[r.Streaming.MaxNumTexturesToStreamPerFrame:0]]
[2020.06.05-11.32.11:467][  0]LogConfig: Setting CVar [[r.Streaming.Boost:1]]
[2020.06.05-11.32.11:468][  0]LogConfig: Setting CVar [[r.MaxAnisotropy:8]]
[2020.06.05-11.32.11:468][  0]LogConfig: Setting CVar [[r.VT.MaxAnisotropy:8]]
[2020.06.05-11.32.11:468][  0]LogConfig: Setting CVar [[r.Streaming.LimitPoolSizeToVRAM:0]]
[2020.06.05-11.32.11:468][  0]LogConfig: Setting CVar [[r.Streaming.PoolSize:1000]]
[2020.06.05-11.32.11:468][  0]LogConfig: Setting CVar [[r.Streaming.MaxEffectiveScreenSize:0]]
[2020.06.05-11.32.11:468][  0]LogConfig: Applying CVar settings from Section [EffectsQuality@3] File [C:/Users/eppez/OneDrive/Desktop/JSColabTeam17/Team17Colab/Saved/Config/Windows/Scalability.ini]
[2020.06.05-11.32.11:468][  0]LogConfig: Setting CVar [[r.TranslucencyLightingVolumeDim:64]]
[2020.06.05-11.32.11:468][  0]LogConfig: Setting CVar [[r.RefractionQuality:2]]
[2020.06.05-11.32.11:468][  0]LogConfig: Setting CVar [[r.SSR.Quality:3]]
[2020.06.05-11.32.11:468][  0]LogConfig: Setting CVar [[r.SSR.HalfResSceneColor:0]]
[2020.06.05-11.32.11:468][  0]LogConfig: Setting CVar [[r.SceneColorFormat:4]]
[2020.06.05-11.32.11:468][  0]LogConfig: Setting CVar [[r.DetailMode:2]]
[2020.06.05-11.32.11:468][  0]LogConfig: Setting CVar [[r.TranslucencyVolumeBlur:1]]
[2020.06.05-11.32.11:468][  0]LogConfig: Setting CVar [[r.MaterialQualityLevel:1 ; High quality]]
[2020.06.05-11.32.11:468][  0]LogConfig: Setting CVar [[r.SSS.Scale:1]]
[2020.06.05-11.32.11:468][  0]LogConfig: Setting CVar [[r.SSS.SampleSet:2]]
[2020.06.05-11.32.11:468][  0]LogConfig: Setting CVar [[r.SSS.Quality:1]]
[2020.06.05-11.32.11:468][  0]LogConfig: Setting CVar [[r.SSS.HalfRes:1]]
[2020.06.05-11.32.11:468][  0]LogConfig: Setting CVar [[r.SSGI.Quality:3]]
[2020.06.05-11.32.11:468][  0]LogConfig: Setting CVar [[r.EmitterSpawnRateScale:1.0]]
[2020.06.05-11.32.11:468][  0]LogConfig: Setting CVar [[r.ParticleLightQuality:2]]
[2020.06.05-11.32.11:468][  0]LogConfig: Setting CVar [[r.SkyAtmosphere.AerialPerspectiveLUT.FastApplyOnOpaque:1 ; Always have FastSkyLUT 1 in this case to avoid wrong sky]]
[2020.06.05-11.32.11:468][  0]LogConfig: Setting CVar [[r.SkyAtmosphere.AerialPerspectiveLUT.SampleCountPerSlice:1]]
[2020.06.05-11.32.11:468][  0]LogConfig: Setting CVar [[r.SkyAtmosphere.AerialPerspectiveLUT.DepthResolution:16.0]]
[2020.06.05-11.32.11:468][  0]LogConfig: Setting CVar [[r.SkyAtmosphere.FastSkyLUT:1]]
[2020.06.05-11.32.11:468][  0]LogConfig: Setting CVar [[r.SkyAtmosphere.FastSkyLUT.SampleCountMin:4.0]]
[2020.06.05-11.32.11:468][  0]LogConfig: Setting CVar [[r.SkyAtmosphere.FastSkyLUT.SampleCountMax:32.0]]
[2020.06.05-11.32.11:468][  0]LogConfig: Setting CVar [[r.SkyAtmosphere.SampleCountMin:4.0]]
[2020.06.05-11.32.11:468][  0]LogConfig: Setting CVar [[r.SkyAtmosphere.SampleCountMax:32.0]]
[2020.06.05-11.32.11:468][  0]LogConfig: Setting CVar [[r.SkyAtmosphere.TransmittanceLUT.UseSmallFormat:0]]
[2020.06.05-11.32.11:468][  0]LogConfig: Setting CVar [[r.SkyAtmosphere.TransmittanceLUT.SampleCount:10.0]]
[2020.06.05-11.32.11:468][  0]LogConfig: Setting CVar [[r.SkyAtmosphere.MultiScatteringLUT.SampleCount:15.0]]
[2020.06.05-11.32.11:468][  0]LogConfig: Applying CVar settings from Section [FoliageQuality@3] File [C:/Users/eppez/OneDrive/Desktop/JSColabTeam17/Team17Colab/Saved/Config/Windows/Scalability.ini]
[2020.06.05-11.32.11:468][  0]LogConfig: Setting CVar [[foliage.DensityScale:1.0]]
[2020.06.05-11.32.11:468][  0]LogConfig: Setting CVar [[grass.DensityScale:1.0]]
[2020.06.05-11.32.11:468][  0]LogConfig: Applying CVar settings from Section [ShadingQuality@3] File [C:/Users/eppez/OneDrive/Desktop/JSColabTeam17/Team17Colab/Saved/Config/Windows/Scalability.ini]
[2020.06.05-11.32.11:468][  0]LogConfig: Setting CVar [[r.HairStrands.SkyLighting.SampleCount:16]]
[2020.06.05-11.32.11:468][  0]LogConfig: Setting CVar [[r.HairStrands.SkyLighting.JitterIntegration:0]]
[2020.06.05-11.32.11:469][  0]LogConfig: Setting CVar [[r.HairStrands.SkyAO.SampleCount:16]]
[2020.06.05-11.32.11:469][  0]LogInit: Selected Device Profile: [Windows]
[2020.06.05-11.32.11:469][  0]LogInit: Applying CVar settings loaded from the selected device profile: [Windows]
[2020.06.05-11.32.11:473][  0]LogHAL: Display: Platform has ~ 16 GB [17091125248 / 17179869184 / 16], which maps to Larger [LargestMinGB=32, LargerMinGB=12, DefaultMinGB=8, SmallerMinGB=6, SmallestMinGB=0)
[2020.06.05-11.32.11:473][  0]LogInit: Going up to parent DeviceProfile []
[2020.06.05-11.32.11:473][  0]LogConfig: Applying CVar settings from Section [ViewDistanceQuality@3] File [C:/Users/eppez/OneDrive/Desktop/JSColabTeam17/Team17Colab/Saved/Config/Windows/Scalability.ini]
[2020.06.05-11.32.11:473][  0]LogConfig: Setting CVar [[r.SkeletalMeshLODBias:0]]
[2020.06.05-11.32.11:473][  0]LogConfig: Setting CVar [[r.ViewDistanceScale:1.0]]
[2020.06.05-11.32.11:473][  0]LogConfig: Applying CVar settings from Section [AntiAliasingQuality@3] File [C:/Users/eppez/OneDrive/Desktop/JSColabTeam17/Team17Colab/Saved/Config/Windows/Scalability.ini]
[2020.06.05-11.32.11:473][  0]LogConfig: Setting CVar [[r.PostProcessAAQuality:4]]
[2020.06.05-11.32.11:473][  0]LogConfig: Applying CVar settings from Section [ShadowQuality@3] File [C:/Users/eppez/OneDrive/Desktop/JSColabTeam17/Team17Colab/Saved/Config/Windows/Scalability.ini]
[2020.06.05-11.32.11:473][  0]LogConfig: Setting CVar [[r.LightFunctionQuality:1]]
[2020.06.05-11.32.11:473][  0]LogConfig: Setting CVar [[r.ShadowQuality:5]]
[2020.06.05-11.32.11:473][  0]LogConfig: Setting CVar [[r.Shadow.CSM.MaxCascades:10]]
[2020.06.05-11.32.11:473][  0]LogConfig: Setting CVar [[r.Shadow.MaxResolution:2048]]
[2020.06.05-11.32.11:473][  0]LogConfig: Setting CVar [[r.Shadow.MaxCSMResolution:2048]]
[2020.06.05-11.32.11:473][  0]LogConfig: Setting CVar [[r.Shadow.RadiusThreshold:0.01]]
[2020.06.05-11.32.11:473][  0]LogConfig: Setting CVar [[r.Shadow.DistanceScale:1.0]]
[2020.06.05-11.32.11:473][  0]LogConfig: Setting CVar [[r.Shadow.CSM.TransitionScale:1.0]]
[2020.06.05-11.32.11:473][  0]LogConfig: Setting CVar [[r.Shadow.PreShadowResolutionFactor:1.0]]
[2020.06.05-11.32.11:473][  0]LogConfig: Setting CVar [[r.DistanceFieldShadowing:1]]
[2020.06.05-11.32.11:473][  0]LogConfig: Setting CVar [[r.DistanceFieldAO:1]]
[2020.06.05-11.32.11:474][  0]LogConfig: Setting CVar [[r.AOQuality:2]]
[2020.06.05-11.32.11:474][  0]LogConfig: Setting CVar [[r.VolumetricFog:1]]
[2020.06.05-11.32.11:474][  0]LogConfig: Setting CVar [[r.VolumetricFog.GridPixelSize:8]]
[2020.06.05-11.32.11:474][  0]LogConfig: Setting CVar [[r.VolumetricFog.GridSizeZ:128]]
[2020.06.05-11.32.11:474][  0]LogConfig: Setting CVar [[r.VolumetricFog.HistoryMissSupersampleCount:4]]
[2020.06.05-11.32.11:474][  0]LogConfig: Setting CVar [[r.LightMaxDrawDistanceScale:1]]
[2020.06.05-11.32.11:474][  0]LogConfig: Setting CVar [[r.CapsuleShadows:1]]
[2020.06.05-11.32.11:474][  0]LogConfig: Applying CVar settings from Section [PostProcessQuality@3] File [C:/Users/eppez/OneDrive/Desktop/JSColabTeam17/Team17Colab/Saved/Config/Windows/Scalability.ini]
[2020.06.05-11.32.11:474][  0]LogConfig: Setting CVar [[r.MotionBlurQuality:4]]
[2020.06.05-11.32.11:474][  0]LogConfig: Setting CVar [[r.AmbientOcclusionMipLevelFactor:0.4]]
[2020.06.05-11.32.11:474][  0]LogConfig: Setting CVar [[r.AmbientOcclusionMaxQuality:100]]
[2020.06.05-11.32.11:474][  0]LogConfig: Setting CVar [[r.AmbientOcclusionLevels:-1]]
[2020.06.05-11.32.11:474][  0]LogConfig: Setting CVar [[r.AmbientOcclusionRadiusScale:1.0]]
[2020.06.05-11.32.11:474][  0]LogConfig: Setting CVar [[r.DepthOfFieldQuality:2]]
[2020.06.05-11.32.11:474][  0]LogConfig: Setting CVar [[r.RenderTargetPoolMin:400]]
[2020.06.05-11.32.11:474][  0]LogConfig: Setting CVar [[r.LensFlareQuality:2]]
[2020.06.05-11.32.11:474][  0]LogConfig: Setting CVar [[r.SceneColorFringeQuality:1]]
[2020.06.05-11.32.11:474][  0]LogConfig: Setting CVar [[r.EyeAdaptationQuality:2]]
[2020.06.05-11.32.11:474][  0]LogConfig: Setting CVar [[r.BloomQuality:5]]
[2020.06.05-11.32.11:474][  0]LogConfig: Setting CVar [[r.FastBlurThreshold:100]]
[2020.06.05-11.32.11:474][  0]LogConfig: Setting CVar [[r.Upscale.Quality:3]]
[2020.06.05-11.32.11:474][  0]LogConfig: Setting CVar [[r.Tonemapper.GrainQuantization:1]]
[2020.06.05-11.32.11:474][  0]LogConfig: Setting CVar [[r.LightShaftQuality:1]]
[2020.06.05-11.32.11:474][  0]LogConfig: Setting CVar [[r.Filter.SizeScale:1]]
[2020.06.05-11.32.11:474][  0]LogConfig: Setting CVar [[r.Tonemapper.Quality:5]]
[2020.06.05-11.32.11:474][  0]LogConfig: Setting CVar [[r.DOF.Gather.AccumulatorQuality:1        ; higher gathering accumulator quality]]
[2020.06.05-11.32.11:474][  0]LogConfig: Setting CVar [[r.DOF.Gather.PostfilterMethod:1          ; Median3x3 postfilering method]]
[2020.06.05-11.32.11:474][  0]LogConfig: Setting CVar [[r.DOF.Gather.EnableBokehSettings:0       ; no bokeh simulation when gathering]]
[2020.06.05-11.32.11:474][  0]LogConfig: Setting CVar [[r.DOF.Gather.RingCount:4                 ; medium number of samples when gathering]]
[2020.06.05-11.32.11:474][  0]LogConfig: Setting CVar [[r.DOF.Scatter.ForegroundCompositing:1    ; additive foreground scattering]]
[2020.06.05-11.32.11:474][  0]LogConfig: Setting CVar [[r.DOF.Scatter.BackgroundCompositing:2    ; additive background scattering]]
[2020.06.05-11.32.11:474][  0]LogConfig: Setting CVar [[r.DOF.Scatter.EnableBokehSettings:1      ; bokeh simulation when scattering]]
[2020.06.05-11.32.11:474][  0]LogConfig: Setting CVar [[r.DOF.Scatter.MaxSpriteRatio:0.1         ; only a maximum of 10% of scattered bokeh]]
[2020.06.05-11.32.11:474][  0]LogConfig: Setting CVar [[r.DOF.Recombine.Quality:1                ; cheap slight out of focus]]
[2020.06.05-11.32.11:474][  0]LogConfig: Setting CVar [[r.DOF.Recombine.EnableBokehSettings:0    ; no bokeh simulation on slight out of focus]]
[2020.06.05-11.32.11:474][  0]LogConfig: Setting CVar [[r.DOF.TemporalAAQuality:1                ; more stable temporal accumulation]]
[2020.06.05-11.32.11:474][  0]LogConfig: Setting CVar [[r.DOF.Kernel.MaxForegroundRadius:0.025]]
[2020.06.05-11.32.11:474][  0]LogConfig: Setting CVar [[r.DOF.Kernel.MaxBackgroundRadius:0.025]]
[2020.06.05-11.32.11:474][  0]LogConfig: Applying CVar settings from Section [TextureQuality@3] File [C:/Users/eppez/OneDrive/Desktop/JSColabTeam17/Team17Colab/Saved/Config/Windows/Scalability.ini]
[2020.06.05-11.32.11:475][  0]LogConfig: Setting CVar [[r.Streaming.MipBias:0]]
[2020.06.05-11.32.11:475][  0]LogConfig: Setting CVar [[r.Streaming.AmortizeCPUToGPUCopy:0]]
[2020.06.05-11.32.11:475][  0]LogConfig: Setting CVar [[r.Streaming.MaxNumTexturesToStreamPerFrame:0]]
[2020.06.05-11.32.11:475][  0]LogConfig: Setting CVar [[r.Streaming.Boost:1]]
[2020.06.05-11.32.11:475][  0]LogConfig: Setting CVar [[r.MaxAnisotropy:8]]
[2020.06.05-11.32.11:475][  0]LogConfig: Setting CVar [[r.VT.MaxAnisotropy:8]]
[2020.06.05-11.32.11:475][  0]LogConfig: Setting CVar [[r.Streaming.LimitPoolSizeToVRAM:0]]
[2020.06.05-11.32.11:475][  0]LogConfig: Setting CVar [[r.Streaming.PoolSize:1000]]
[2020.06.05-11.32.11:475][  0]LogConfig: Setting CVar [[r.Streaming.MaxEffectiveScreenSize:0]]
[2020.06.05-11.32.11:475][  0]LogConfig: Applying CVar settings from Section [EffectsQuality@3] File [C:/Users/eppez/OneDrive/Desktop/JSColabTeam17/Team17Colab/Saved/Config/Windows/Scalability.ini]
[2020.06.05-11.32.11:475][  0]LogConfig: Setting CVar [[r.TranslucencyLightingVolumeDim:64]]
[2020.06.05-11.32.11:475][  0]LogConfig: Setting CVar [[r.RefractionQuality:2]]
[2020.06.05-11.32.11:475][  0]LogConfig: Setting CVar [[r.SSR.Quality:3]]
[2020.06.05-11.32.11:475][  0]LogConfig: Setting CVar [[r.SSR.HalfResSceneColor:0]]
[2020.06.05-11.32.11:475][  0]LogConfig: Setting CVar [[r.SceneColorFormat:4]]
[2020.06.05-11.32.11:475][  0]LogConfig: Setting CVar [[r.DetailMode:2]]
[2020.06.05-11.32.11:475][  0]LogConfig: Setting CVar [[r.TranslucencyVolumeBlur:1]]
[2020.06.05-11.32.11:475][  0]LogConfig: Setting CVar [[r.MaterialQualityLevel:1 ; High quality]]
[2020.06.05-11.32.11:475][  0]LogConfig: Setting CVar [[r.SSS.Scale:1]]
[2020.06.05-11.32.11:475][  0]LogConfig: Setting CVar [[r.SSS.SampleSet:2]]
[2020.06.05-11.32.11:475][  0]LogConfig: Setting CVar [[r.SSS.Quality:1]]
[2020.06.05-11.32.11:475][  0]LogConfig: Setting CVar [[r.SSS.HalfRes:1]]
[2020.06.05-11.32.11:475][  0]LogConfig: Setting CVar [[r.SSGI.Quality:3]]
[2020.06.05-11.32.11:475][  0]LogConfig: Setting CVar [[r.EmitterSpawnRateScale:1.0]]
[2020.06.05-11.32.11:475][  0]LogConfig: Setting CVar [[r.ParticleLightQuality:2]]
[2020.06.05-11.32.11:475][  0]LogConfig: Setting CVar [[r.SkyAtmosphere.AerialPerspectiveLUT.FastApplyOnOpaque:1 ; Always have FastSkyLUT 1 in this case to avoid wrong sky]]
[2020.06.05-11.32.11:475][  0]LogConfig: Setting CVar [[r.SkyAtmosphere.AerialPerspectiveLUT.SampleCountPerSlice:1]]
[2020.06.05-11.32.11:475][  0]LogConfig: Setting CVar [[r.SkyAtmosphere.AerialPerspectiveLUT.DepthResolution:16.0]]
[2020.06.05-11.32.11:475][  0]LogConfig: Setting CVar [[r.SkyAtmosphere.FastSkyLUT:1]]
[2020.06.05-11.32.11:475][  0]LogConfig: Setting CVar [[r.SkyAtmosphere.FastSkyLUT.SampleCountMin:4.0]]
[2020.06.05-11.32.11:475][  0]LogConfig: Setting CVar [[r.SkyAtmosphere.FastSkyLUT.SampleCountMax:32.0]]
[2020.06.05-11.32.11:475][  0]LogConfig: Setting CVar [[r.SkyAtmosphere.SampleCountMin:4.0]]
[2020.06.05-11.32.11:475][  0]LogConfig: Setting CVar [[r.SkyAtmosphere.SampleCountMax:32.0]]
[2020.06.05-11.32.11:475][  0]LogConfig: Setting CVar [[r.SkyAtmosphere.TransmittanceLUT.UseSmallFormat:0]]
[2020.06.05-11.32.11:475][  0]LogConfig: Setting CVar [[r.SkyAtmosphere.TransmittanceLUT.SampleCount:10.0]]
[2020.06.05-11.32.11:475][  0]LogConfig: Setting CVar [[r.SkyAtmosphere.MultiScatteringLUT.SampleCount:15.0]]
[2020.06.05-11.32.11:475][  0]LogConfig: Applying CVar settings from Section [FoliageQuality@3] File [C:/Users/eppez/OneDrive/Desktop/JSColabTeam17/Team17Colab/Saved/Config/Windows/Scalability.ini]
[2020.06.05-11.32.11:475][  0]LogConfig: Setting CVar [[foliage.DensityScale:1.0]]
[2020.06.05-11.32.11:475][  0]LogConfig: Setting CVar [[grass.DensityScale:1.0]]
[2020.06.05-11.32.11:475][  0]LogConfig: Applying CVar settings from Section [ShadingQuality@3] File [C:/Users/eppez/OneDrive/Desktop/JSColabTeam17/Team17Colab/Saved/Config/Windows/Scalability.ini]
[2020.06.05-11.32.11:475][  0]LogConfig: Setting CVar [[r.HairStrands.SkyLighting.SampleCount:16]]
[2020.06.05-11.32.11:475][  0]LogConfig: Setting CVar [[r.HairStrands.SkyLighting.JitterIntegration:0]]
[2020.06.05-11.32.11:475][  0]LogConfig: Setting CVar [[r.HairStrands.SkyAO.SampleCount:16]]
[2020.06.05-11.32.11:475][  0]LogConfig: Applying CVar settings from Section [Startup] File [../../../Engine/Config/ConsoleVariables.ini]
[2020.06.05-11.32.11:477][  0]LogConfig: Setting CVar [[net.UseAdaptiveNetUpdateFrequency:0]]
[2020.06.05-11.32.11:477][  0]LogConfig: Setting CVar [[p.chaos.AllowCreatePhysxBodies:1]]
[2020.06.05-11.32.11:477][  0]LogConfig: Setting CVar [[fx.SkipVectorVMBackendOptimizations:1]]
[2020.06.05-11.32.11:477][  0]LogConfig: Applying CVar settings from Section [ConsoleVariables] File [C:/Users/eppez/OneDrive/Desktop/JSColabTeam17/Team17Colab/Saved/Config/Windows/Engine.ini]
[2020.06.05-11.32.11:477][  0]LogInit: Computer: EDS-PC
[2020.06.05-11.32.11:477][  0]LogInit: User: eppez
[2020.06.05-11.32.11:477][  0]LogInit: CPU Page size=4096, Cores=6
[2020.06.05-11.32.11:477][  0]LogInit: High frequency timer resolution =10.000000 MHz
[2020.06.05-11.32.11:477][  0]LogMemory: Memory total: Physical=15.9GB (16GB approx)
[2020.06.05-11.32.11:477][  0]LogMemory: Platform Memory Stats for Windows
[2020.06.05-11.32.11:477][  0]LogMemory: Process Physical Memory: 107.49 MB used, 107.50 MB peak
[2020.06.05-11.32.11:477][  0]LogMemory: Process Virtual Memory: 101.78 MB used, 101.78 MB peak
[2020.06.05-11.32.11:477][  0]LogMemory: Physical Memory: 5175.20 MB used,  11124.16 MB free, 16299.37 MB total
[2020.06.05-11.32.11:477][  0]LogMemory: Virtual Memory: 5160.36 MB used,  134212568.00 MB free, 134217728.00 MB total
[2020.06.05-11.32.11:481][  0]LogWindows: WindowsPlatformFeatures enabled
[2020.06.05-11.32.11:521][  0]LogInit: Using OS detected language (en-US).
[2020.06.05-11.32.11:521][  0]LogInit: Using OS detected locale (en-GB).
[2020.06.05-11.32.11:522][  0]LogTextLocalizationManager: No specific localization for 'en-US' exists, so the 'en' localization will be used.
[2020.06.05-11.32.11:703][  0]LogInit: Setting process to per monitor DPI aware
[2020.06.05-11.32.11:734][  0]LogSlate: New Slate User Created.  User Index 0, Is Virtual User: 0
[2020.06.05-11.32.11:734][  0]LogSlate: Slate User Registered.  User Index 0, Is Virtual User: 0
[2020.06.05-11.32.11:984][  0]LogHMD: Failed to initialize OpenVR with code 110
[2020.06.05-11.32.11:984][  0]LogD3D11RHI: D3D11 min allowed feature level: 11_0
[2020.06.05-11.32.11:984][  0]LogD3D11RHI: D3D11 max allowed feature level: 11_0
[2020.06.05-11.32.11:984][  0]LogD3D11RHI: D3D11 adapters:
[2020.06.05-11.32.12:057][  0]LogD3D11RHI:    0. 'NVIDIA GeForce GTX 1070 Ti' (Feature Level 11_0)
[2020.06.05-11.32.12:057][  0]LogD3D11RHI:       8080/0/8149 MB DedicatedVideo/DedicatedSystem/SharedSystem, Outputs:1, VendorId:0x10de
[2020.06.05-11.32.12:061][  0]LogD3D11RHI:    1. 'Microsoft Basic Render Driver' (Feature Level 11_0)
[2020.06.05-11.32.12:061][  0]LogD3D11RHI:       0/0/8149 MB DedicatedVideo/DedicatedSystem/SharedSystem, Outputs:0, VendorId:0x1414
[2020.06.05-11.32.12:061][  0]LogD3D11RHI: Chosen D3D11 Adapter: 0
[2020.06.05-11.32.12:071][  0]LogD3D11RHI: Creating new Direct3DDevice
[2020.06.05-11.32.12:071][  0]LogD3D11RHI:     GPU DeviceId: 0x1b82 (for the marketing name, search the web for "GPU Device Id")
[2020.06.05-11.32.12:071][  0]LogWindows: EnumDisplayDevices:
[2020.06.05-11.32.12:071][  0]LogWindows:    0. 'NVIDIA GeForce GTX 1070 Ti' (P:1 D:1)
[2020.06.05-11.32.12:071][  0]LogWindows:    1. 'NVIDIA GeForce GTX 1070 Ti' (P:0 D:0)
[2020.06.05-11.32.12:071][  0]LogWindows:    2. 'NVIDIA GeForce GTX 1070 Ti' (P:0 D:0)
[2020.06.05-11.32.12:072][  0]LogWindows:    3. 'NVIDIA GeForce GTX 1070 Ti' (P:0 D:0)
[2020.06.05-11.32.12:072][  0]LogWindows: DebugString: FoundDriverCount:4 
[2020.06.05-11.32.12:072][  0]LogD3D11RHI:     Adapter Name: NVIDIA GeForce GTX 1070 Ti
[2020.06.05-11.32.12:072][  0]LogD3D11RHI:   Driver Version: 432.00 (internal:26.21.14.3200, unified:432.00)
[2020.06.05-11.32.12:072][  0]LogD3D11RHI:      Driver Date: 7-24-2019
[2020.06.05-11.32.12:072][  0]LogRHI: Texture pool is 5656 MB (70% of 8080 MB)
[2020.06.05-11.32.12:116][  0]LogD3D11RHI: RHI has support for 64 bit atomics
[2020.06.05-11.32.12:116][  0]LogD3D11RHI: Async texture creation enabled
[2020.06.05-11.32.12:182][  0]LogD3D11RHI: GPU Timing Frequency: 1000.000000 (Debug: 2 1)
[2020.06.05-11.32.12:545][  0]LogTargetPlatformManager: Display: Loaded TargetPlatform 'AllDesktop'
[2020.06.05-11.32.12:580][  0]LogTargetPlatformManager: Display: Loaded TargetPlatform 'Android'
[2020.06.05-11.32.12:580][  0]LogTargetPlatformManager: Display: Loaded TargetPlatform 'Android_ASTC'
[2020.06.05-11.32.12:580][  0]LogTargetPlatformManager: Display: Loaded TargetPlatform 'Android_ATC'
[2020.06.05-11.32.12:580][  0]LogTargetPlatformManager: Display: Loaded TargetPlatform 'Android_DXT'
[2020.06.05-11.32.12:580][  0]LogTargetPlatformManager: Display: Loaded TargetPlatform 'Android_ETC1'
[2020.06.05-11.32.12:580][  0]LogTargetPlatformManager: Display: Loaded TargetPlatform 'Android_ETC1a'
[2020.06.05-11.32.12:580][  0]LogTargetPlatformManager: Display: Loaded TargetPlatform 'Android_ETC2'
[2020.06.05-11.32.12:580][  0]LogTargetPlatformManager: Display: Loaded TargetPlatform 'Android_PVRTC'
[2020.06.05-11.32.12:581][  0]LogTargetPlatformManager: Display: Loaded TargetPlatform 'AndroidClient'
[2020.06.05-11.32.12:581][  0]LogTargetPlatformManager: Display: Loaded TargetPlatform 'Android_ASTCClient'
[2020.06.05-11.32.12:581][  0]LogTargetPlatformManager: Display: Loaded TargetPlatform 'Android_ATCClient'
[2020.06.05-11.32.12:581][  0]LogTargetPlatformManager: Display: Loaded TargetPlatform 'Android_DXTClient'
[2020.06.05-11.32.12:581][  0]LogTargetPlatformManager: Display: Loaded TargetPlatform 'Android_ETC1Client'
[2020.06.05-11.32.12:581][  0]LogTargetPlatformManager: Display: Loaded TargetPlatform 'Android_ETC1aClient'
[2020.06.05-11.32.12:581][  0]LogTargetPlatformManager: Display: Loaded TargetPlatform 'Android_ETC2Client'
[2020.06.05-11.32.12:581][  0]LogTargetPlatformManager: Display: Loaded TargetPlatform 'Android_PVRTCClient'
[2020.06.05-11.32.12:581][  0]LogTargetPlatformManager: Display: Loaded TargetPlatform 'Android_Multi'
[2020.06.05-11.32.12:581][  0]LogTargetPlatformManager: Display: Loaded TargetPlatform 'Android_MultiClient'
[2020.06.05-11.32.12:606][  0]LogTargetPlatformManager: Display: Loaded TargetPlatform 'IOSClient'
[2020.06.05-11.32.12:606][  0]LogTargetPlatformManager: Display: Loaded TargetPlatform 'IOS'
[2020.06.05-11.32.12:616][  0]LogTargetPlatformManager: Display: Loaded TargetPlatform 'LinuxNoEditor'
[2020.06.05-11.32.12:626][  0]LogTargetPlatformManager: Display: Loaded TargetPlatform 'LinuxClient'
[2020.06.05-11.32.12:635][  0]LogTargetPlatformManager: Display: Loaded TargetPlatform 'LinuxServer'
[2020.06.05-11.32.12:645][  0]LogTargetPlatformManager: Display: Loaded TargetPlatform 'LinuxAArch64NoEditor'
[2020.06.05-11.32.12:655][  0]LogTargetPlatformManager: Display: Loaded TargetPlatform 'LinuxAArch64Client'
[2020.06.05-11.32.12:664][  0]LogTargetPlatformManager: Display: Loaded TargetPlatform 'LinuxAArch64Server'
[2020.06.05-11.32.12:692][  0]LogTargetPlatformManager: Display: Loaded TargetPlatform 'Lumin'
[2020.06.05-11.32.12:692][  0]LogTargetPlatformManager: Display: Loaded TargetPlatform 'LuminClient'
[2020.06.05-11.32.12:708][  0]LogTargetPlatformManager: Display: Loaded TargetPlatform 'TVOSClient'
[2020.06.05-11.32.12:708][  0]LogTargetPlatformManager: Display: Loaded TargetPlatform 'TVOS'
[2020.06.05-11.32.12:718][  0]LogTargetPlatformManager: Display: Loaded TargetPlatform 'WindowsNoEditor'
[2020.06.05-11.32.12:728][  0]LogTargetPlatformManager: Display: Loaded TargetPlatform 'Windows'
[2020.06.05-11.32.12:738][  0]LogTargetPlatformManager: Display: Loaded TargetPlatform 'WindowsClient'
[2020.06.05-11.32.12:747][  0]LogTargetPlatformManager: Display: Loaded TargetPlatform 'WindowsServer'
[2020.06.05-11.32.12:747][  0]LogTargetPlatformManager: Display: Building Assets For Windows
[2020.06.05-11.32.12:759][  0]LogAudioDebug: Display: Lib vorbis DLL was dynamically loaded.
[2020.06.05-11.32.12:816][  0]LogShaderCompilers: Guid format shader working directory is -12 characters bigger than the processId version (C:/Users/eppez/OneDrive/Desktop/JSColabTeam17/Team17Colab/Intermediate/Shaders/WorkingDirectory/10412/).
[2020.06.05-11.32.12:816][  0]LogShaderCompilers: Cleaned the shader compiler working directory 'C:/Users/eppez/AppData/Local/Temp/UnrealShaderWorkingDir/35CBBC1A4AC258CB707E25B15F451A60/'.
[2020.06.05-11.32.12:816][  0]LogXGEController: Cleaning working directory: C:/Users/eppez/AppData/Local/Temp/UnrealXGEWorkingDir/
[2020.06.05-11.32.12:817][  0]LogXGEController: Cannot use XGE Controller as Incredibuild is not installed on this machine.
[2020.06.05-11.32.12:817][  0]LogShaderCompilers: Cannot use XGE Shader Compiler as Incredibuild is not installed on this machine.
[2020.06.05-11.32.12:817][  0]LogShaderCompilers: Display: Using Local Shader Compiler.
[2020.06.05-11.32.13:608][  0]LogDerivedDataCache: Display: Max Cache Size: 512 MB
[2020.06.05-11.32.13:663][  0]LogDerivedDataCache: Loaded boot cache 0.05s 80MB C:/Users/eppez/AppData/Local/UnrealEngine/4.24/DerivedDataCache/Boot.ddc.
[2020.06.05-11.32.13:663][  0]LogDerivedDataCache: Display: Loaded Boot cache: C:/Users/eppez/AppData/Local/UnrealEngine/4.24/DerivedDataCache/Boot.ddc
[2020.06.05-11.32.13:663][  0]LogDerivedDataCache: FDerivedDataBackendGraph:  Pak pak cache file C:/Users/eppez/OneDrive/Desktop/JSColabTeam17/Team17Colab/DerivedDataCache/DDC.ddp not found, will not use a pak cache.
[2020.06.05-11.32.13:663][  0]LogDerivedDataCache: Unable to find inner node Pak for hierarchical cache Hierarchy.
[2020.06.05-11.32.13:663][  0]LogDerivedDataCache: FDerivedDataBackendGraph:  CompressedPak pak cache file C:/Users/eppez/OneDrive/Desktop/JSColabTeam17/Team17Colab/DerivedDataCache/Compressed.ddp not found, will not use a pak cache.
[2020.06.05-11.32.13:663][  0]LogDerivedDataCache: Unable to find inner node CompressedPak for hierarchical cache Hierarchy.
[2020.06.05-11.32.13:674][  0]LogDerivedDataCache: Display: Pak cache opened for reading ../../../Engine/DerivedDataCache/Compressed.ddp.
[2020.06.05-11.32.13:674][  0]LogDerivedDataCache: FDerivedDataBackendGraph:  EnterprisePak pak cache file ../../../Enterprise/DerivedDataCache/Compressed.ddp not found, will not use a pak cache.
[2020.06.05-11.32.13:674][  0]LogDerivedDataCache: Unable to find inner node EnterprisePak for hierarchical cache Hierarchy.
[2020.06.05-11.32.13:675][  0]LogDerivedDataCache: Using Local data cache path C:/Users/eppez/AppData/Local/UnrealEngine/Common/DerivedDataCache: Writable
[2020.06.05-11.32.13:675][  0]LogDerivedDataCache: Shared data cache path not found in *engine.ini, will not use an Shared cache.
[2020.06.05-11.32.13:675][  0]LogDerivedDataCache: Unable to find inner node Shared for hierarchical cache Hierarchy.
[2020.06.05-11.32.13:701][  0]LogMaterial: Verifying Global Shaders for PCD3D_SM5
[2020.06.05-11.32.13:703][  0]LogSlate: Using FreeType 2.10.0
[2020.06.05-11.32.13:704][  0]LogSlate: SlateFontServices - WITH_FREETYPE: 1, WITH_HARFBUZZ: 1
[2020.06.05-11.32.13:773][  0]LogAssetRegistry: FAssetRegistry took 0.0024 seconds to start up
[2020.06.05-11.32.14:055][  0]LogInit: Selected Device Profile: [Windows]
[2020.06.05-11.32.14:243][  0]LogMeshReduction: Using QuadricMeshReduction for automatic static mesh reduction
[2020.06.05-11.32.14:243][  0]LogMeshReduction: Using SimplygonMeshReduction for automatic skeletal mesh reduction
[2020.06.05-11.32.14:243][  0]LogMeshReduction: Using ProxyLODMeshReduction for automatic mesh merging
[2020.06.05-11.32.14:243][  0]LogMeshReduction: No distributed automatic mesh merging module available
[2020.06.05-11.32.14:243][  0]LogMeshMerging: No distributed automatic mesh merging module available
[2020.06.05-11.32.14:253][  0]LogNetVersion: Team17Colab 1.0.0, NetCL: 10570792, EngineNetVer: 13, GameNetVer: 0 (Checksum: 1188365398)
[2020.06.05-11.32.15:480][  0]LogPackageLocalizationCache: Processed 12 localized package path(s) for 1 prioritized culture(s) in 0.041272 seconds
[2020.06.05-11.32.15:487][  0]LogUObjectArray: 46775 objects as part of root set at end of initial load.
[2020.06.05-11.32.15:487][  0]LogUObjectAllocator: 8142024 out of 0 bytes used by permanent object pool.
[2020.06.05-11.32.15:487][  0]LogUObjectArray: CloseDisregardForGC: 0/0 objects in disregard for GC pool
[2020.06.05-11.32.16:042][  0]LogTcpMessaging: Initializing TcpMessaging bridge
[2020.06.05-11.32.16:046][  0]LogUdpMessaging: Initializing bridge on interface 0.0.0.0:0 to multicast group 230.0.0.1:6666.
[2020.06.05-11.32.16:121][  0]SourceControl: Source control is disabled
[2020.06.05-11.32.16:121][  0]SourceControl: Source control is disabled
[2020.06.05-11.32.16:124][  0]SourceControl: Source control is disabled
[2020.06.05-11.32.16:126][  0]SourceControl: Source control is disabled
[2020.06.05-11.32.16:128][  0]SourceControl: Source control is disabled
[2020.06.05-11.32.16:272][  0]LogAndroidPermission: UAndroidPermissionCallbackProxy::GetInstance
[2020.06.05-11.32.16:294][  0]LogAudioCaptureCore: Display: No Audio Capture implementations found. Audio input will be silent.
[2020.06.05-11.32.16:294][  0]LogAudioCaptureCore: Display: No Audio Capture implementations found. Audio input will be silent.
[2020.06.05-11.32.16:414][  0]LogOcInput: OculusInput pre-init called
[2020.06.05-11.32.16:425][  0]LogWindows: Failed to load 'OVRPlugin.dll' (GetLastError=126)
[2020.06.05-11.32.16:425][  0]LogWindows: File 'OVRPlugin.dll' does not exist
[2020.06.05-11.32.16:512][  0]LogEngine: Initializing Engine...
[2020.06.05-11.32.16:513][  0]LogHMD: Failed to initialize OpenVR with code 110
[2020.06.05-11.32.16:514][  0]LogStats: UGameplayTagsManager::InitializeManager -  0.000 s
[2020.06.05-11.32.16:920][  0]LogInit: Initializing FReadOnlyCVARCache
[2020.06.05-11.32.16:931][  0]LogAIModule: Creating AISystem for world Untitled
[2020.06.05-11.32.16:936][  0]LogAudioMixer: Display: Audio Mixer Platform Settings:
[2020.06.05-11.32.16:936][  0]LogAudioMixer: Display: 	Sample Rate:						  48000
[2020.06.05-11.32.16:936][  0]LogAudioMixer: Display: 	Callback Buffer Frame Size Requested: 1024
[2020.06.05-11.32.16:936][  0]LogAudioMixer: Display: 	Callback Buffer Frame Size To Use:	  1024
[2020.06.05-11.32.16:936][  0]LogAudioMixer: Display: 	Number of buffers to queue:			  2
[2020.06.05-11.32.16:936][  0]LogAudioMixer: Display: 	Max Channels (voices):				  32
[2020.06.05-11.32.16:936][  0]LogAudioMixer: Display: 	Number of Async Source Workers:		  0
[2020.06.05-11.32.16:936][  0]LogAudio: Display: AudioDevice MaxSources: 32
[2020.06.05-11.32.16:936][  0]LogAudio: Display: Using built-in audio occlusion.
[2020.06.05-11.32.16:936][  0]LogAudioMixer: Display: Initializing audio mixer.
[2020.06.05-11.32.16:957][  0]LogAudioMixer: Display: Audio Device Output Speaker Info:
[2020.06.05-11.32.16:957][  0]LogAudioMixer: Display: Name: Speakers (Realtek(R) Audio)
[2020.06.05-11.32.16:957][  0]LogAudioMixer: Display: Is Default: Yes
[2020.06.05-11.32.16:957][  0]LogAudioMixer: Display: Sample Rate: 48000
[2020.06.05-11.32.16:957][  0]LogAudioMixer: Display: Channel Count Used: 2
[2020.06.05-11.32.16:957][  0]LogAudioMixer: Display: Device Channel Count: 2
[2020.06.05-11.32.16:957][  0]LogAudioMixer: Display: Channel Order:
[2020.06.05-11.32.16:957][  0]LogAudioMixer: Display: 0: FrontLeft
[2020.06.05-11.32.16:957][  0]LogAudioMixer: Display: 1: FrontRight
[2020.06.05-11.32.16:971][  0]LogAudioMixer: Display: Using Audio Device Speakers (Realtek(R) Audio)
[2020.06.05-11.32.16:976][  0]LogInit: FAudioDevice initialized.
[2020.06.05-11.32.16:976][  0]LogNetVersion: Set ProjectVersion to 1.0.0.0. Version Checksum will be recalculated on next use.
[2020.06.05-11.32.17:266][  0]LogDerivedDataCache: Saved boot cache 0.29s 80MB C:/Users/eppez/AppData/Local/UnrealEngine/4.24/DerivedDataCache/Boot.ddc.
[2020.06.05-11.32.17:266][  0]LogInit: Texture streaming: Enabled
[2020.06.05-11.32.17:284][  0]LogEngineSessionManager: EngineSessionManager initialized
[2020.06.05-11.32.17:284][  0]LogEditorSessionSummary: Verbose: Initializing EditorSessionSummaryWriter for editor session tracking
[2020.06.05-11.32.17:290][  0]LogEditorSessionSummary: EditorSessionSummaryWriter initialized
[2020.06.05-11.32.17:335][  0]LogInit: Transaction tracking system initialized
[2020.06.05-11.32.17:356][  0]BlueprintLog: New page: Editor Load
[2020.06.05-11.32.17:415][  0]LocalizationService: Localization service is disabled
[2020.06.05-11.32.17:758][  0]LogCook: Display: Max memory allowance for cook 16384mb min free memory 0mb
[2020.06.05-11.32.17:758][  0]LogCook: Display: Mobile HDR setting 1
[2020.06.05-11.32.17:879][  0]LogFileCache: Scanning file cache for directory 'C:/Users/eppez/OneDrive/Desktop/JSColabTeam17/Team17Colab/Content/' took 0.01s
[2020.06.05-11.32.18:695][  0]SourceControl: Source control is disabled
[2020.06.05-11.32.18:695][  0]Cmd: MAP LOAD FILE="C:/Users/eppez/OneDrive/Desktop/JSColabTeam17/Team17Colab/Content/RollingBP/Maps/TitleScreen.umap" TEMPLATE=0 SHOWPROGRESS=1 FEATURELEVEL=3
[2020.06.05-11.32.18:695][  0]LightingResults: New page: Lighting Build
[2020.06.05-11.32.18:696][  0]LogWorld: UWorld::CleanupWorld for Untitled, bSessionEnded=true, bCleanupResources=true
[2020.06.05-11.32.18:696][  0]LogSlate: InvalidateAllWidgets triggered.  All widgets were invalidated
[2020.06.05-11.32.18:696][  0]MapCheck: New page: Map Check
[2020.06.05-11.32.18:696][  0]LightingResults: New page: Lighting Build
[2020.06.05-11.32.18:730][  0]LogUObjectHash: Compacting FUObjectHashTables data took   1.85ms
[2020.06.05-11.32.18:761][  0]LogAIModule: Creating AISystem for world TitleScreen
[2020.06.05-11.32.18:765][  0]LogEditorServer: Finished looking for orphan Actors (0.000 secs)
[2020.06.05-11.32.18:798][  0]LogUObjectHash: Compacting FUObjectHashTables data took   2.02ms
[2020.06.05-11.32.18:799][  0]Cmd: MAP CHECKDEP NOCLEARLOG
[2020.06.05-11.32.18:799][  0]MapCheck: Map check complete: 0 Error(s), 0 Warning(s), took 0.181ms to complete.
[2020.06.05-11.32.18:799][  0]LogFileHelpers: Loading map 'TitleScreen' took 0.104
[2020.06.05-11.32.18:941][  0]LogSlate: Updating window title bar state: overlay mode, drag disabled, window buttons hidden, title bar hidden
[2020.06.05-11.32.18:948][  0]LogSlate: Updating window title bar state: overlay mode, drag disabled, window buttons hidden, title bar hidden
[2020.06.05-11.32.18:955][  0]LogSlate: Updating window title bar state: overlay mode, drag disabled, window buttons hidden, title bar hidden
[2020.06.05-11.32.18:962][  0]LogSlate: Updating window title bar state: overlay mode, drag disabled, window buttons hidden, title bar hidden
[2020.06.05-11.32.18:970][  0]LogCollectionManager: Loaded 0 collections in 0.001029 seconds
[2020.06.05-11.32.18:984][  0]LogFileCache: Scanning file cache for directory 'C:/Users/eppez/OneDrive/Desktop/JSColabTeam17/Team17Colab/Saved/Collections/' took 0.00s
[2020.06.05-11.32.18:984][  0]LogFileCache: Scanning file cache for directory 'C:/Users/eppez/OneDrive/Desktop/JSColabTeam17/Team17Colab/Content/Developers/eppez/Collections/' took 0.00s
[2020.06.05-11.32.18:984][  0]LogFileCache: Scanning file cache for directory 'C:/Users/eppez/OneDrive/Desktop/JSColabTeam17/Team17Colab/Content/Collections/' took 0.00s
[2020.06.05-11.32.18:984][  0]LogContentBrowser: Native class hierarchy populated in 0.0086 seconds. Added 3165 classes and 735 folders.
[2020.06.05-11.32.18:986][  0]LogContentBrowser: Native class hierarchy updated for 'WidgetCarousel' in 0.0002 seconds. Added 0 classes and 0 folders.
[2020.06.05-11.32.19:083][  0]LogContentBrowser: Native class hierarchy updated for 'AddContentDialog' in 0.0003 seconds. Added 0 classes and 0 folders.
[2020.06.05-11.32.19:089][  0]LogContentBrowser: Native class hierarchy updated for 'SceneOutliner' in 0.0004 seconds. Added 2 classes and 3 folders.
[2020.06.05-11.32.19:200][  0]LogSlate: Took 0.000234 seconds to synchronously load lazily loaded font '../../../Engine/Content/Slate/Fonts/Roboto-Regular.ttf' (155K)
[2020.06.05-11.32.19:202][  0]LogSlate: Took 0.000204 seconds to synchronously load lazily loaded font '../../../Engine/Content/Slate/Fonts/Roboto-Bold.ttf' (160K)
[2020.06.05-11.32.19:207][  0]LogSlate: Took 0.000234 seconds to synchronously load lazily loaded font '../../../Engine/Content/Editor/Slate/Fonts/FontAwesome.ttf' (139K)
[2020.06.05-11.32.19:288][  0]LogRenderer: Reallocating scene render targets to support 1008x572 Format 10 NumSamples 1 (Frame:1).
[2020.06.05-11.32.19:371][  0]LogContentBrowser: Native class hierarchy updated for 'HierarchicalLODOutliner' in 0.0003 seconds. Added 0 classes and 0 folders.
[2020.06.05-11.32.19:371][  0]LogLoad: (Engine Initialization) Total time: 10.12 seconds
[2020.06.05-11.32.19:371][  0]LogLoad: (Engine Initialization) Total Blueprint compile time: 0.00 seconds
[2020.06.05-11.32.19:430][  0]LogContentStreaming: Texture pool size now 1000 MB
[2020.06.05-11.32.19:462][  0]LogSlate: Took 0.000234 seconds to synchronously load lazily loaded font '../../../Engine/Content/Slate/Fonts/Roboto-Light.ttf' (167K)
[2020.06.05-11.32.19:467][  1]LogFileCache: Retrieving MD5 hashes for directory 'C:/Users/eppez/OneDrive/Desktop/JSColabTeam17/Team17Colab/Content/' took 0.08s
[2020.06.05-11.32.19:494][  1]LogAssetRegistry: Asset discovery search completed in 5.7220 seconds
[2020.06.05-11.32.19:498][  1]LogCollectionManager: Fixed up redirectors for 0 collections in 0.000009 seconds (updated 0 objects)
[2020.06.05-11.32.26:097][780]LogSlate: Took 0.000258 seconds to synchronously load lazily loaded font '../../../Engine/Content/Slate/Fonts/Roboto-Light.ttf' (167K)
[2020.06.05-11.32.26:107][780]LogAssetEditorSubsystem: Opening Asset editor for WidgetBlueprint /Game/RollingBP/UI/Widgets/HighScoresTut.HighScoresTut
[2020.06.05-11.32.26:289][780]LogContentBrowser: Native class hierarchy updated for 'BlueprintGraph' in 0.0006 seconds. Added 121 classes and 0 folders.
[2020.06.05-11.32.27:427][780]LogSlate: Took 0.000249 seconds to synchronously load lazily loaded font '../../../Engine/Content/Slate/Fonts/Roboto-BoldCondensed.ttf' (158K)
[2020.06.05-11.32.31:230][233]LogSlate: Took 0.001438 seconds to synchronously load lazily loaded font '../../../Engine/Content/Slate/Fonts/DroidSansFallback.ttf' (3848K)
[2020.06.05-11.32.37:835][ 16]BlueprintLog: New page: Compile HighScoresTut
[2020.06.05-11.32.37:908][ 16]LogUObjectHash: Compacting FUObjectHashTables data took   4.87ms
[2020.06.05-11.32.38:540][ 80]Cmd: OBJ SAVEPACKAGE PACKAGE="/Game/RollingBP/UI/Widgets/HighScoresTut" FILE="C:/Users/eppez/OneDrive/Desktop/JSColabTeam17/Team17Colab/Content/RollingBP/UI/Widgets/HighScoresTut.uasset" SILENT=true
[2020.06.05-11.32.38:577][ 80]LogSavePackage: Moving 'C:/Users/eppez/OneDrive/Desktop/JSColabTeam17/Team17Colab/Saved/HighScoresTut2AC88EB44A260B36DCED43927C933CB9.tmp' to 'C:/Users/eppez/OneDrive/Desktop/JSColabTeam17/Team17Colab/Content/RollingBP/UI/Widgets/HighScoresTut.uasset'
[2020.06.05-11.32.38:589][ 80]AssetCheck: New page: Asset Save: HighScoresTut
[2020.06.05-11.32.38:589][ 80]LogContentValidation: Display: Validating WidgetBlueprint /Game/RollingBP/UI/Widgets/HighScoresTut.HighScoresTut
[2020.06.05-11.33.00:729][645]LogAssetEditorSubsystem: Opening Asset editor for WidgetBlueprint /Game/RollingBP/UI/Widgets/GameOverScreenReview.GameOverScreenReview
[2020.06.05-11.38.51:642][808]BlueprintLog: New page: Compile HighScoresTut
[2020.06.05-11.38.51:706][808]LogUObjectHash: Compacting FUObjectHashTables data took   5.59ms
[2020.06.05-11.38.52:302][869]Cmd: OBJ SAVEPACKAGE PACKAGE="/Game/RollingBP/UI/Widgets/HighScoresTut" FILE="C:/Users/eppez/OneDrive/Desktop/JSColabTeam17/Team17Colab/Content/RollingBP/UI/Widgets/HighScoresTut.uasset" SILENT=true
[2020.06.05-11.38.52:338][869]LogSavePackage: Moving 'C:/Users/eppez/OneDrive/Desktop/JSColabTeam17/Team17Colab/Saved/HighScoresTut119BC35548DDD5C72EB0C8AC3FA62FED.tmp' to 'C:/Users/eppez/OneDrive/Desktop/JSColabTeam17/Team17Colab/Content/RollingBP/UI/Widgets/HighScoresTut.uasset'
[2020.06.05-11.38.52:349][869]AssetCheck: New page: Asset Save: HighScoresTut
[2020.06.05-11.38.52:349][869]LogContentValidation: Display: Validating WidgetBlueprint /Game/RollingBP/UI/Widgets/HighScoresTut.HighScoresTut
[2020.06.05-11.38.58:159][544]LogUObjectHash: Compacting FUObjectHashTables data took   4.41ms
[2020.06.05-11.38.59:060][645]LogTemp: Repeating last play command: Selected Viewport
[2020.06.05-11.38.59:081][645]LogBlueprintUserMessages: Early PlayInEditor Detection: Level '/Game/RollingBP/Maps/TitleScreen.TitleScreen:PersistentLevel' has LevelScriptBlueprint '/Game/RollingBP/Maps/TitleScreen.TitleScreen:PersistentLevel.TitleScreen' with GeneratedClass '/Game/RollingBP/Maps/TitleScreen.TitleScreen_C' with ClassGeneratedBy '/Game/RollingBP/Maps/TitleScreen.TitleScreen:PersistentLevel.TitleScreen'
[2020.06.05-11.38.59:081][645]LogPlayLevel: PlayLevel: No blueprints needed recompiling
[2020.06.05-11.38.59:081][645]PIE: New page: PIE session: TitleScreen (5 Jun 2020, 13:38:59)
[2020.06.05-11.38.59:082][645]LogOnline: OSS: Creating online subsystem instance for: NULL
[2020.06.05-11.38.59:083][645]LogOnline: OSS: TryLoadSubsystemAndSetDefault: Loaded subsystem for module [NULL]
[2020.06.05-11.38.59:084][645]LogPlayLevel: Creating play world package: /Game/RollingBP/Maps/UEDPIE_0_TitleScreen
[2020.06.05-11.38.59:085][645]LogPlayLevel: PIE: StaticDuplicateObject took: (0.000950s)
[2020.06.05-11.38.59:086][645]LogAIModule: Creating AISystem for world TitleScreen
[2020.06.05-11.38.59:086][645]LogPlayLevel: PIE: World Init took: (0.000976s)
[2020.06.05-11.38.59:086][645]LogPlayLevel: PIE: Created PIE world by copying editor world from /Game/RollingBP/Maps/TitleScreen.TitleScreen to /Game/RollingBP/Maps/UEDPIE_0_TitleScreen.TitleScreen (0.002159s)
[2020.06.05-11.38.59:135][645]LogUObjectHash: Compacting FUObjectHashTables data took   3.25ms
[2020.06.05-11.38.59:135][645]LogAudioMixer: Display: Audio Mixer Platform Settings:
[2020.06.05-11.38.59:135][645]LogAudioMixer: Display: 	Sample Rate:						  48000
[2020.06.05-11.38.59:135][645]LogAudioMixer: Display: 	Callback Buffer Frame Size Requested: 1024
[2020.06.05-11.38.59:135][645]LogAudioMixer: Display: 	Callback Buffer Frame Size To Use:	  1024
[2020.06.05-11.38.59:135][645]LogAudioMixer: Display: 	Number of buffers to queue:			  2
[2020.06.05-11.38.59:135][645]LogAudioMixer: Display: 	Max Channels (voices):				  32
[2020.06.05-11.38.59:135][645]LogAudioMixer: Display: 	Number of Async Source Workers:		  0
[2020.06.05-11.38.59:135][645]LogAudio: Display: AudioDevice MaxSources: 32
[2020.06.05-11.38.59:136][645]LogAudio: Display: Using built-in audio occlusion.
[2020.06.05-11.38.59:136][645]LogAudioMixer: Display: Initializing audio mixer.
[2020.06.05-11.38.59:151][645]LogAudioMixer: Display: Audio Device Output Speaker Info:
[2020.06.05-11.38.59:151][645]LogAudioMixer: Display: Name: Speakers (Realtek(R) Audio)
[2020.06.05-11.38.59:152][645]LogAudioMixer: Display: Is Default: Yes
[2020.06.05-11.38.59:152][645]LogAudioMixer: Display: Sample Rate: 48000
[2020.06.05-11.38.59:152][645]LogAudioMixer: Display: Channel Count Used: 2
[2020.06.05-11.38.59:152][645]LogAudioMixer: Display: Device Channel Count: 2
[2020.06.05-11.38.59:152][645]LogAudioMixer: Display: Channel Order:
[2020.06.05-11.38.59:152][645]LogAudioMixer: Display: 0: FrontLeft
[2020.06.05-11.38.59:152][645]LogAudioMixer: Display: 1: FrontRight
[2020.06.05-11.38.59:159][645]LogAudioMixer: Display: Using Audio Device Speakers (Realtek(R) Audio)
[2020.06.05-11.38.59:160][645]LogInit: FAudioDevice initialized.
[2020.06.05-11.38.59:185][645]LogSlate: Updating window title bar state: overlay mode, drag disabled, window buttons hidden, title bar hidden
[2020.06.05-11.38.59:187][645]LogLoad: Game class is 'TitleScreenGM_C'
[2020.06.05-11.38.59:188][645]LogWorld: Bringing World /Game/RollingBP/Maps/UEDPIE_0_TitleScreen.TitleScreen up for play (max tick rate 0) at 2020.06.05-12.38.59
[2020.06.05-11.38.59:188][645]LogWorld: Bringing up level for play took: 0.000461
[2020.06.05-11.38.59:188][645]LogOnline: OSS: Creating online subsystem instance for: :Context_5
[2020.06.05-11.38.59:190][645]LogGameMode: FindPlayerStart: PATHS NOT DEFINED or NO PLAYERSTART with positive rating
[2020.06.05-11.38.59:191][645]LogContentBrowser: Native class hierarchy updated for 'MovieSceneCapture' in 0.0003 seconds. Added 20 classes and 0 folders.
[2020.06.05-11.38.59:194][645]PIE: Play in editor start time for /Game/RollingBP/Maps/UEDPIE_0_TitleScreen 1.115
[2020.06.05-11.38.59:194][645]LogBlueprintUserMessages: Late PlayInEditor Detection: Level '/Game/RollingBP/Maps/TitleScreen.TitleScreen:PersistentLevel' has LevelScriptBlueprint '/Game/RollingBP/Maps/TitleScreen.TitleScreen:PersistentLevel.TitleScreen' with GeneratedClass '/Game/RollingBP/Maps/TitleScreen.TitleScreen_C' with ClassGeneratedBy '/Game/RollingBP/Maps/TitleScreen.TitleScreen:PersistentLevel.TitleScreen'
[2020.06.05-11.38.59:211][646]LogRenderer: Reallocating scene render targets to support 1280x720 Format 10 NumSamples 1 (Frame:1).
[2020.06.05-11.38.59:806][677]LogSlate: Updating window title bar state: overlay mode, drag disabled, window buttons hidden, title bar hidden
[2020.06.05-11.38.59:807][677]LogNet: Browse: /Game/RollingBP/Maps/RiverV2??game=/Game/RollingBP/UI/GameModes/MainMenuGM.MainMenuGM_C
[2020.06.05-11.38.59:807][677]LogLoad: LoadMap: /Game/RollingBP/Maps/RiverV2??game=/Game/RollingBP/UI/GameModes/MainMenuGM.MainMenuGM_C
[2020.06.05-11.38.59:807][677]LogWorld: BeginTearingDown for /Game/RollingBP/Maps/UEDPIE_0_TitleScreen
[2020.06.05-11.38.59:808][677]LogWorld: UWorld::CleanupWorld for TitleScreen, bSessionEnded=true, bCleanupResources=true
[2020.06.05-11.38.59:808][677]LogSlate: InvalidateAllWidgets triggered.  All widgets were invalidated
[2020.06.05-11.38.59:808][677]LogAudioMixer: Display: No commands were queued while flushing the source manager.
[2020.06.05-11.38.59:881][677]LogUObjectHash: Compacting FUObjectHashTables data took   5.31ms
[2020.06.05-11.39.01:057][677]LogAIModule: Creating AISystem for world RiverV2
[2020.06.05-11.39.01:304][677]LogLoad: Game class is 'MainMenuGM_C'
[2020.06.05-11.39.01:350][677]LogMaterial: Warning: Material /Game/Miles/Materials/M_BasicMaterial.M_BasicMaterial missing bUsedWithInstancedStaticMeshes=True! Default Material will be used in game.
[2020.06.05-11.39.01:350][677]LogMaterial: Warning:      The material will recompile every editor launch until resaved.
[2020.06.05-11.39.01:432][677]LogWorld: Bringing World /Game/RollingBP/Maps/UEDPIE_0_RiverV2.RiverV2 up for play (max tick rate 0) at 2020.06.05-12.39.01
[2020.06.05-11.39.01:433][677]LogWorld: Bringing up level for play took: 0.127772
[2020.06.05-11.39.01:444][677]LogLoad: Took 1.636880 seconds to LoadMap(/Game/RollingBP/Maps/RiverV2)
[2020.06.05-11.39.01:451][677]LogAudio: Warning: Detected orphaned looping sound 'Aztec-demo-loop'.
[2020.06.05-11.39.02:696][788]LogSlate: WidgetSwitcher ('None') active index changed to 1
[2020.06.05-11.39.06:158][203]LogNet: Browse: /Game/RollingBP/Maps/CharacterSelect
[2020.06.05-11.39.06:158][203]LogLoad: LoadMap: /Game/RollingBP/Maps/CharacterSelect
[2020.06.05-11.39.06:158][203]LogWorld: BeginTearingDown for /Game/RollingBP/Maps/UEDPIE_0_RiverV2
[2020.06.05-11.39.06:159][203]LogWorld: UWorld::CleanupWorld for RiverV2, bSessionEnded=true, bCleanupResources=true
[2020.06.05-11.39.06:164][203]LogSlate: InvalidateAllWidgets triggered.  All widgets were invalidated
[2020.06.05-11.39.06:177][203]LogAudioMixer: Display: Flush succeeded in the source manager command queue (1).
[2020.06.05-11.39.06:196][203]LogAudioMixer: Display: Flush succeeded the source manager command queue (2).
[2020.06.05-11.39.06:310][203]LogUObjectHash: Compacting FUObjectHashTables data took   5.90ms
[2020.06.05-11.39.06:488][203]LogLinker: Warning: While loading 'C:/Users/eppez/OneDrive/Desktop/JSColabTeam17/Team17Colab/Content/RollingBP/Maps/CharacterSelect.umap' failed to load '/Game/Miles/Meshes/Env_Props/SM_Shield': Can't find file.
[2020.06.05-11.39.06:488][203]LogLinker: Warning: While loading 'C:/Users/eppez/OneDrive/Desktop/JSColabTeam17/Team17Colab/Content/RollingBP/Maps/CharacterSelect.umap' failed to load '/Game/Miles/Meshes/Env_Props/SM_Shield': Can't find file.
[2020.06.05-11.39.06:493][203]LogLinker: Warning: While loading 'C:/Users/eppez/OneDrive/Desktop/JSColabTeam17/Team17Colab/Content/RollingBP/Maps/CharacterSelect.umap' failed to load '/Game/Miles/Meshes/Env_Props/SM_Shield': Can't find file.
[2020.06.05-11.39.06:493][203]LogLinker: Warning: While loading 'C:/Users/eppez/OneDrive/Desktop/JSColabTeam17/Team17Colab/Content/RollingBP/Maps/CharacterSelect.umap' failed to load '/Game/Miles/Meshes/Env_Props/SM_Shield': Can't find file.
[2020.06.05-11.39.06:495][203]LogLinker: Warning: Failed to load '/Game/Miles/Meshes/Env_Props/SM_Shield': Can't find file.
[2020.06.05-11.39.06:495][203]LogLinker: Warning: Failed to load '/Game/Miles/Meshes/Env_Props/SM_Shield': Can't find file.
[2020.06.05-11.39.06:495][203]LogLinker: Warning: Failed to load '/Game/Miles/Meshes/Env_Props/SM_Shield': Can't find file.
[2020.06.05-11.39.06:495][203]LogLinker: Warning: Failed to load '/Game/Miles/Meshes/Env_Props/SM_Shield': Can't find file.
[2020.06.05-11.39.06:575][203]LogLinker: Warning: While loading 'C:/Users/eppez/OneDrive/Desktop/JSColabTeam17/Team17Colab/Content/RollingBP/Maps/CharacterSelect.umap' failed to load '/Game/Miles/Meshes/Env_Props/SM_Shield': Can't find file.
[2020.06.05-11.39.06:575][203]LoadErrors: Failed to load /Game/Miles/Meshes/Env_Props/SM_Shield.SM_Shield Referenced by SM_Shield2
[2020.06.05-11.39.06:575][203]LogLinker: Warning: While loading 'C:/Users/eppez/OneDrive/Desktop/JSColabTeam17/Team17Colab/Content/RollingBP/Maps/CharacterSelect.umap' failed to load '/Game/Miles/Meshes/Env_Props/SM_Shield': Can't find file.
[2020.06.05-11.39.06:575][203]LogLinker: Warning: While loading 'C:/Users/eppez/OneDrive/Desktop/JSColabTeam17/Team17Colab/Content/RollingBP/Maps/CharacterSelect.umap' failed to load '/Game/Miles/Meshes/Env_Props/SM_Shield': Can't find file.
[2020.06.05-11.39.06:575][203]LoadErrors: Failed to load /Game/Miles/Meshes/Env_Props/SM_Shield.SM_Shield Referenced by SM_Shield3
[2020.06.05-11.39.06:576][203]LogLinker: Warning: While loading 'C:/Users/eppez/OneDrive/Desktop/JSColabTeam17/Team17Colab/Content/RollingBP/Maps/CharacterSelect.umap' failed to load '/Game/Miles/Meshes/Env_Props/SM_Shield': Can't find file.
[2020.06.05-11.39.06:576][203]LogLinker: Warning: While loading 'C:/Users/eppez/OneDrive/Desktop/JSColabTeam17/Team17Colab/Content/RollingBP/Maps/CharacterSelect.umap' failed to load '/Game/Miles/Meshes/Env_Props/SM_Shield': Can't find file.
[2020.06.05-11.39.06:576][203]LoadErrors: Failed to load /Game/Miles/Meshes/Env_Props/SM_Shield.SM_Shield Referenced by SM_Shield4
[2020.06.05-11.39.06:576][203]LogLinker: Warning: While loading 'C:/Users/eppez/OneDrive/Desktop/JSColabTeam17/Team17Colab/Content/RollingBP/Maps/CharacterSelect.umap' failed to load '/Game/Miles/Meshes/Env_Props/SM_Shield': Can't find file.
[2020.06.05-11.39.06:576][203]LogLinker: Warning: While loading 'C:/Users/eppez/OneDrive/Desktop/JSColabTeam17/Team17Colab/Content/RollingBP/Maps/CharacterSelect.umap' failed to load '/Game/Miles/Meshes/Env_Props/SM_Shield': Can't find file.
[2020.06.05-11.39.06:576][203]LoadErrors: Failed to load /Game/Miles/Meshes/Env_Props/SM_Shield.SM_Shield Referenced by SM_Shield_332
[2020.06.05-11.39.06:577][203]LogLinker: Warning: While loading 'C:/Users/eppez/OneDrive/Desktop/JSColabTeam17/Team17Colab/Content/RollingBP/Maps/CharacterSelect.umap' failed to load '/Game/Miles/Meshes/Env_Props/SM_Shield': Can't find file.
[2020.06.05-11.39.06:832][203]LogAIModule: Creating AISystem for world CharacterSelect
[2020.06.05-11.39.06:832][203]LogLoad: Game class is 'CharacterSelectGM_C'
[2020.06.05-11.39.06:891][203]LogWorld: Bringing World /Game/RollingBP/Maps/UEDPIE_0_CharacterSelect.CharacterSelect up for play (max tick rate 0) at 2020.06.05-12.39.06
[2020.06.05-11.39.06:891][203]LogWorld: Bringing up level for play took: 0.059776
[2020.06.05-11.39.06:894][203]LogMaterial: Warning: Material /Game/Miles/Materials/Characters/M_CharacterBasic.M_CharacterBasic missing bUsedWithSkeletalMesh=True! Default Material will be used in game.
[2020.06.05-11.39.06:894][203]LogMaterial: Warning:      The material will recompile every editor launch until resaved.
[2020.06.05-11.39.06:894][203]LogSkeletalMesh: Error: Material with missing usage flag was applied to skeletal mesh /Game/Animation/MainCharacters/Explorer/SK_Char_Explorer.SK_Char_Explorer
[2020.06.05-11.39.06:894][203]LogSkeletalMesh: Error: Material with missing usage flag was applied to skeletal mesh /Game/Animation/MainCharacters/Explorer/SK_Char_Explorer.SK_Char_Explorer
[2020.06.05-11.39.06:894][203]LogLoad: Took 0.736792 seconds to LoadMap(/Game/RollingBP/Maps/CharacterSelect)
[2020.06.05-11.39.10:443][604]LogNet: Browse: /Game/RollingBP/Maps/RiverV2
[2020.06.05-11.39.10:443][604]LogLoad: LoadMap: /Game/RollingBP/Maps/RiverV2
[2020.06.05-11.39.10:443][604]LogWorld: BeginTearingDown for /Game/RollingBP/Maps/UEDPIE_0_CharacterSelect
[2020.06.05-11.39.10:444][604]LogWorld: UWorld::CleanupWorld for CharacterSelect, bSessionEnded=true, bCleanupResources=true
[2020.06.05-11.39.10:446][604]LogSlate: InvalidateAllWidgets triggered.  All widgets were invalidated
[2020.06.05-11.39.10:446][604]LogAudioMixer: Display: No commands were queued while flushing the source manager.
[2020.06.05-11.39.10:507][604]LogUObjectHash: Compacting FUObjectHashTables data took   5.32ms
[2020.06.05-11.39.11:084][604]LogAIModule: Creating AISystem for world RiverV2
[2020.06.05-11.39.11:085][604]LogLoad: Game class is 'RollingGameMode_C'
[2020.06.05-11.39.11:212][604]LogWorld: Bringing World /Game/RollingBP/Maps/UEDPIE_0_RiverV2.RiverV2 up for play (max tick rate 0) at 2020.06.05-12.39.11
[2020.06.05-11.39.11:213][604]LogWorld: Bringing up level for play took: 0.127059
[2020.06.05-11.39.11:214][604]LogSkeletalMesh: Error: Material with missing usage flag was applied to skeletal mesh /Game/Animation/MainCharacters/Explorer/SK_Char_Explorer.SK_Char_Explorer
[2020.06.05-11.39.11:214][604]LogSkeletalMesh: Error: Material with missing usage flag was applied to skeletal mesh /Game/Animation/MainCharacters/Explorer/SK_Char_Explorer.SK_Char_Explorer
[2020.06.05-11.39.11:218][604]LogLoad: Took 0.774819 seconds to LoadMap(/Game/RollingBP/Maps/RiverV2)
[2020.06.05-11.39.11:225][604]LogAudio: Warning: Detected orphaned looping sound 'Aztec-demo-loop'.
[2020.06.05-11.40.03:800][871]LogPlayerController: Error: InputMode:UIOnly - Attempting to focus Non-Focusable widget SObjectWidget [Widget.cpp(776)]!
[2020.06.05-11.40.21:059][941]LogNet: Browse: /Game/RollingBP/Maps/RollingBPExampleMap??game=/Game/RollingBP/UI/GameModes/MainMenuGM.MainMenuGM_C
[2020.06.05-11.40.21:059][941]LogLoad: LoadMap: /Game/RollingBP/Maps/RollingBPExampleMap??game=/Game/RollingBP/UI/GameModes/MainMenuGM.MainMenuGM_C
[2020.06.05-11.40.21:059][941]LogWorld: BeginTearingDown for /Game/RollingBP/Maps/UEDPIE_0_RiverV2
[2020.06.05-11.40.21:060][941]LogWorld: UWorld::CleanupWorld for RiverV2, bSessionEnded=true, bCleanupResources=true
[2020.06.05-11.40.21:066][941]LogSlate: InvalidateAllWidgets triggered.  All widgets were invalidated
[2020.06.05-11.40.21:077][941]LogAudioMixer: Display: Flush succeeded in the source manager command queue (1).
[2020.06.05-11.40.21:106][941]LogAudioMixer: Display: Flush succeeded the source manager command queue (2).
[2020.06.05-11.40.21:228][941]LogUObjectHash: Compacting FUObjectHashTables data took   4.31ms
[2020.06.05-11.40.21:409][941]LogLinker: Warning: While loading 'C:/Users/eppez/OneDrive/Desktop/JSColabTeam17/Team17Colab/Content/RollingBP/Maps/RollingBPExampleMap.umap' failed to load '/Game/RollingBP/Maps/RollingBPExampleMap_BuiltData': Can't find file.
[2020.06.05-11.40.21:409][941]LogLinker: Warning: While loading 'C:/Users/eppez/OneDrive/Desktop/JSColabTeam17/Team17Colab/Content/RollingBP/Maps/RollingBPExampleMap.umap' failed to load '/Game/RollingBP/Maps/RollingBPExampleMap_BuiltData': Can't find file.
[2020.06.05-11.40.21:417][941]LogLinker: Warning: While loading 'C:/Users/eppez/OneDrive/Desktop/JSColabTeam17/Team17Colab/Content/RollingBP/Maps/RollingBPExampleMap.umap' failed to load '/Game/RollingBP/Maps/RollingBPExampleMap_BuiltData': Can't find file.
[2020.06.05-11.40.21:418][941]LogLinker: Warning: While loading 'C:/Users/eppez/OneDrive/Desktop/JSColabTeam17/Team17Colab/Content/RollingBP/Maps/RollingBPExampleMap.umap' failed to load '/Game/RollingBP/Maps/RollingBPExampleMap_BuiltData': Can't find file.
[2020.06.05-11.40.21:419][941]LogLinker: Warning: Failed to load '/Game/RollingBP/Maps/RollingBPExampleMap_BuiltData': Can't find file.
[2020.06.05-11.40.21:419][941]LogLinker: Warning: Failed to load '/Game/RollingBP/Maps/RollingBPExampleMap_BuiltData': Can't find file.
[2020.06.05-11.40.21:419][941]LogLinker: Warning: Failed to load '/Game/RollingBP/Maps/RollingBPExampleMap_BuiltData': Can't find file.
[2020.06.05-11.40.21:419][941]LogLinker: Warning: Failed to load '/Game/RollingBP/Maps/RollingBPExampleMap_BuiltData': Can't find file.
[2020.06.05-11.40.21:431][941]LogLinker: Warning: While loading 'C:/Users/eppez/OneDrive/Desktop/JSColabTeam17/Team17Colab/Content/RollingBP/Maps/RollingBPExampleMap.umap' failed to load '/Game/RollingBP/Maps/RollingBPExampleMap_BuiltData': Can't find file.
[2020.06.05-11.40.21:431][941]LoadErrors: Failed to load /Game/RollingBP/Maps/RollingBPExampleMap_BuiltData.RollingBPExampleMap_BuiltData Referenced by PersistentLevel
[2020.06.05-11.40.21:432][941]LogLinker: Warning: While loading 'C:/Users/eppez/OneDrive/Desktop/JSColabTeam17/Team17Colab/Content/RollingBP/Maps/RollingBPExampleMap.umap' failed to load '/Game/RollingBP/Maps/RollingBPExampleMap_BuiltData': Can't find file.
[2020.06.05-11.40.21:624][941]LogAIModule: Creating AISystem for world RollingBPExampleMap
[2020.06.05-11.40.21:624][941]LogLoad: Game class is 'MainMenuGM_C'
[2020.06.05-11.40.21:655][941]LogSkeletalMesh: Error: Material with missing usage flag was applied to skeletal mesh /Game/Animation/MainCharacters/Explorer/SK_Char_Explorer.SK_Char_Explorer
[2020.06.05-11.40.21:655][941]LogSkeletalMesh: Error: Material with missing usage flag was applied to skeletal mesh /Game/Animation/MainCharacters/Explorer/SK_Char_Explorer.SK_Char_Explorer
[2020.06.05-11.40.21:656][941]LogWorld: Bringing World /Game/RollingBP/Maps/UEDPIE_0_RollingBPExampleMap.RollingBPExampleMap up for play (max tick rate 0) at 2020.06.05-12.40.21
[2020.06.05-11.40.21:656][941]LogWorld: Bringing up level for play took: 0.031619
[2020.06.05-11.40.21:665][941]LogLoad: Took 0.606381 seconds to LoadMap(/Game/RollingBP/Maps/RollingBPExampleMap)
[2020.06.05-11.40.27:547][623]LogSlate: Updating window title bar state: overlay mode, drag disabled, window buttons hidden, title bar hidden
[2020.06.05-11.40.27:547][623]LogBlueprintUserMessages: Early EndPlayMap Detection: Level '/Game/RollingBP/Maps/TitleScreen.TitleScreen:PersistentLevel' has LevelScriptBlueprint '/Game/RollingBP/Maps/TitleScreen.TitleScreen:PersistentLevel.TitleScreen' with GeneratedClass '/Game/RollingBP/Maps/TitleScreen.TitleScreen_C' with ClassGeneratedBy '/Game/RollingBP/Maps/TitleScreen.TitleScreen:PersistentLevel.TitleScreen'
[2020.06.05-11.40.27:547][623]LogWorld: BeginTearingDown for /Game/RollingBP/Maps/UEDPIE_0_RollingBPExampleMap
[2020.06.05-11.40.27:559][623]LogSlate: Window 'Team17Colab Game Preview Standalone (64-bit/PCD3D_SM5)' being destroyed
[2020.06.05-11.40.27:566][623]LogAudioMixer: Display: Flush succeeded in the source manager command queue (1).
[2020.06.05-11.40.27:586][623]LogAudioMixer: Display: Flush succeeded the source manager command queue (2).
[2020.06.05-11.40.27:587][623]LogWorld: UWorld::CleanupWorld for RollingBPExampleMap, bSessionEnded=true, bCleanupResources=true
[2020.06.05-11.40.27:587][623]LogSlate: InvalidateAllWidgets triggered.  All widgets were invalidated
[2020.06.05-11.40.27:593][623]LogPlayLevel: Display: Shutting down PIE online subsystems
[2020.06.05-11.40.27:593][623]LogBlueprintUserMessages: Late EndPlayMap Detection: Level '/Game/RollingBP/Maps/TitleScreen.TitleScreen:PersistentLevel' has LevelScriptBlueprint '/Game/RollingBP/Maps/TitleScreen.TitleScreen:PersistentLevel.TitleScreen' with GeneratedClass '/Game/RollingBP/Maps/TitleScreen.TitleScreen_C' with ClassGeneratedBy '/Game/RollingBP/Maps/TitleScreen.TitleScreen:PersistentLevel.TitleScreen'
[2020.06.05-11.40.27:601][623]LogSlate: InvalidateAllWidgets triggered.  All widgets were invalidated
[2020.06.05-11.40.27:647][623]LogAudioMixer: Display: No commands were queued while flushing the source manager.
[2020.06.05-11.40.27:660][623]LogUObjectHash: Compacting FUObjectHashTables data took   5.25ms
[2020.06.05-11.40.27:672][624]LogPlayLevel: Display: Destroying online subsystem :Context_5
[2020.06.05-11.40.29:354][823]BlueprintLog: New page: Compile GameOverScreenReview
[2020.06.05-11.40.29:434][823]LogUObjectHash: Compacting FUObjectHashTables data took   5.02ms
[2020.06.05-11.40.29:944][866]LogSavePackage: Moving 'C:/Users/eppez/OneDrive/Desktop/JSColabTeam17/Team17Colab/Saved/GameOverScreenReview1111B3124593D2F92608B2AAD38E4711.tmp' to 'C:/Users/eppez/OneDrive/Desktop/JSColabTeam17/Team17Colab/Content/RollingBP/UI/Widgets/GameOverScreenReview.uasset'
[2020.06.05-11.40.29:963][866]AssetCheck: New page: Asset Save: GameOverScreenReview
[2020.06.05-11.40.29:963][866]LogContentValidation: Display: Validating WidgetBlueprint /Game/RollingBP/UI/Widgets/GameOverScreenReview.GameOverScreenReview
[2020.06.05-11.40.37:875][785]LogAssetEditorSubsystem: Opening Asset editor for WidgetBlueprint /Game/RollingBP/UI/Widgets/ConfirmScreens/ConfirmMenuGameOver.ConfirmMenuGameOver
[2020.06.05-11.40.39:540][928]LogSlate: Took 0.000264 seconds to synchronously load lazily loaded font '../../../Engine/Content/Slate/Fonts/Roboto-Italic.ttf' (157K)
