Log file open, 06/03/20 20:08:44
LogWindows: Failed to load 'aqProf.dll' (GetLastError=126)
LogWindows: File 'aqProf.dll' does not exist
LogWindows: Failed to load 'VtuneApi.dll' (GetLastError=126)
LogWindows: File 'VtuneApi.dll' does not exist
LogWindows: Failed to load 'VtuneApi32e.dll' (GetLastError=126)
LogWindows: File 'VtuneApi32e.dll' does not exist
LogConsoleResponse: Display: Failed to find resolution value strings in scalability ini. Falling back to default.
LogInit: Display: Running engine for game: Team17Colab
LogPlatformFile: Not using cached read wrapper
LogTaskGraph: Started task graph with 5 named threads and 26 total threads with 3 sets of task threads.
LogStats: Stats thread started at 0.059124
LogD3D11RHI: Loaded GFSDK_Aftermath_Lib.x64.dll
LogICUInternationalization: ICU TimeZone Detection - Raw Offset: +0:00, Platform Override: ''
LogPluginManager: Mounting plugin Paper2D
LogPluginManager: Mounting plugin AISupport
LogPluginManager: Mounting plugin LightPropagationVolume
LogPluginManager: Mounting plugin ActorLayerUtilities
LogPluginManager: Mounting plugin AnimationSharing
LogPluginManager: Mounting plugin CLionSourceCodeAccess
LogPluginManager: Mounting plugin CodeLiteSourceCodeAccess
LogPluginManager: Mounting plugin GitSourceControl
LogPluginManager: Mounting plugin KDevelopSourceCodeAccess
LogPluginManager: Mounting plugin NullSourceCodeAccess
LogPluginManager: Mounting plugin PerforceSourceControl
LogPluginManager: Mounting plugin PlasticSourceControl
LogPluginManager: Mounting plugin SubversionSourceControl
LogPluginManager: Mounting plugin UObjectPlugin
LogPluginManager: Mounting plugin VisualStudioCodeSourceCodeAccess
LogPluginManager: Mounting plugin VisualStudioSourceCodeAccess
LogPluginManager: Mounting plugin XCodeSourceCodeAccess
LogPluginManager: Mounting plugin AssetManagerEditor
LogPluginManager: Mounting plugin CryptoKeys
LogPluginManager: Mounting plugin CurveEditorTools
LogPluginManager: Mounting plugin DataValidation
LogPluginManager: Mounting plugin FacialAnimation
LogPluginManager: Mounting plugin GameplayTagsEditor
LogPluginManager: Mounting plugin MacGraphicsSwitching
LogPluginManager: Mounting plugin MaterialAnalyzer
LogPluginManager: Mounting plugin MobileLauncherProfileWizard
LogPluginManager: Mounting plugin PluginBrowser
LogPluginManager: Mounting plugin SpeedTreeImporter
LogPluginManager: Mounting plugin DatasmithContent
LogPluginManager: Mounting plugin VariantManagerContent
LogPluginManager: Mounting plugin AlembicImporter
LogPluginManager: Mounting plugin AutomationUtils
LogPluginManager: Mounting plugin BackChannel
LogPluginManager: Mounting plugin CharacterAI
LogPluginManager: Mounting plugin GeometryCache
LogPluginManager: Mounting plugin PlatformCrypto
LogPluginManager: Mounting plugin ProxyLODPlugin
LogPluginManager: Mounting plugin SkeletalReduction
LogPluginManager: Mounting plugin Niagara
LogPluginManager: Mounting plugin NiagaraExtras
LogPluginManager: Mounting plugin MagicLeap
LogPluginManager: Mounting plugin MagicLeapMedia
LogPluginManager: Mounting plugin MLSDK
LogPluginManager: Mounting plugin AndroidMedia
LogPluginManager: Mounting plugin AvfMedia
LogPluginManager: Mounting plugin ImgMedia
LogPluginManager: Mounting plugin MediaCompositing
LogPluginManager: Mounting plugin MediaPlayerEditor
LogPluginManager: Mounting plugin WebMMedia
LogPluginManager: Mounting plugin WmfMedia
LogPluginManager: Mounting plugin TcpMessaging
LogPluginManager: Mounting plugin UdpMessaging
LogPluginManager: Mounting plugin ActorSequence
LogPluginManager: Mounting plugin LevelSequenceEditor
LogPluginManager: Mounting plugin MatineeToLevelSequence
LogPluginManager: Mounting plugin NetcodeUnitTest
LogPluginManager: Mounting plugin NUTUnrealEngine4
LogPluginManager: Mounting plugin OnlineSubsystemGooglePlay
LogPluginManager: Mounting plugin OnlineSubsystemIOS
LogPluginManager: Mounting plugin OnlineSubsystem
LogPluginManager: Mounting plugin OnlineSubsystemNull
LogPluginManager: Mounting plugin OnlineSubsystemUtils
LogPluginManager: Mounting plugin LauncherChunkInstaller
LogPluginManager: Mounting plugin AndroidDeviceProfileSelector
LogPluginManager: Mounting plugin AndroidMoviePlayer
LogPluginManager: Mounting plugin AndroidPermission
LogPluginManager: Mounting plugin AppleImageUtils
LogPluginManager: Mounting plugin AppleMoviePlayer
LogPluginManager: Mounting plugin ArchVisCharacter
LogPluginManager: Mounting plugin AssetTags
LogPluginManager: Mounting plugin AudioCapture
LogPluginManager: Mounting plugin CableComponent
LogPluginManager: Mounting plugin CustomMeshComponent
LogPluginManager: Mounting plugin EditableMesh
LogPluginManager: Mounting plugin ExampleDeviceProfileSelector
LogPluginManager: Mounting plugin GoogleCloudMessaging
LogPluginManager: Mounting plugin IOSDeviceProfileSelector
LogPluginManager: Mounting plugin LinuxDeviceProfileSelector
LogPluginManager: Mounting plugin LocationServicesBPLibrary
LogPluginManager: Mounting plugin MobilePatchingUtils
LogPluginManager: Mounting plugin OculusVR
LogPluginManager: Mounting plugin PhysXVehicles
LogPluginManager: Mounting plugin PostSplashScreen
LogPluginManager: Mounting plugin ProceduralMeshComponent
LogPluginManager: Mounting plugin RuntimePhysXCooking
LogPluginManager: Mounting plugin SignificanceManager
LogPluginManager: Mounting plugin SteamVR
LogPluginManager: Mounting plugin WebMMoviePlayer
LogPluginManager: Mounting plugin WindowsMoviePlayer
LogPluginManager: Mounting plugin ScreenshotTools
LogInit: Using libcurl 7.55.1-DEV
LogInit:  - built for x86_64-pc-win32
LogInit:  - supports SSL with OpenSSL/1.1.1
LogInit:  - supports HTTP deflate (compression) using libz 1.2.8
LogInit:  - other features:
LogInit:      CURL_VERSION_SSL
LogInit:      CURL_VERSION_LIBZ
LogInit:      CURL_VERSION_IPV6
LogInit:      CURL_VERSION_ASYNCHDNS
LogInit:      CURL_VERSION_LARGEFILE
LogInit:      CURL_VERSION_IDN
LogInit:  CurlRequestOptions (configurable via config and command line):
LogInit:  - bVerifyPeer = true  - Libcurl will verify peer certificate
LogInit:  - bUseHttpProxy = false  - Libcurl will NOT use HTTP proxy
LogInit:  - bDontReuseConnections = false  - Libcurl will reuse connections
LogInit:  - MaxHostConnections = 16  - Libcurl will limit the number of connections to a host
LogInit:  - LocalHostAddr = Default
LogInit:  - BufferSize = 65536
LogOnline: OSS: Creating online subsystem instance for: NULL
LogInit: WinSock: version 1.1 (2.2), MaxSocks=32767, MaxUdp=65467
LogOnline: OSS: TryLoadSubsystemAndSetDefault: Loaded subsystem for module [NULL]
LogInit: Build: ++UE4+Release-4.24-CL-11590370
LogInit: Engine Version: 4.24.3-11590370+++UE4+Release-4.24
LogInit: Compatible Engine Version: 4.24.0-10570792+++UE4+Release-4.24
LogInit: Net CL: 10570792
LogInit: OS: Windows 10 (Release 1909) (), CPU: Intel(R) Core(TM) i7-9700K CPU @ 3.60GHz, GPU: NVIDIA GeForce RTX 2080
LogInit: Compiled (64-bit): Feb 24 2020 15:39:18
LogInit: Compiled with Visual C++: 19.16.27032.01
LogInit: Build Configuration: Development
LogInit: Branch Name: ++UE4+Release-4.24
LogInit: Command Line:  /Game/RollingBP/Maps/TitleScreen -game -PIEVIACONSOLE -ResX=1280 -ResY=720 -Multiprocess -messaging -SessionName="Play in Standalone Game" -windowed
LogInit: Base Directory: F:/UE_4.24/Engine/Binaries/Win64/
LogInit: Installed Engine Build: 1
LogDevObjectVersion: Number of dev versions registered: 25
LogDevObjectVersion:   Dev-Blueprints (B0D832E4-1F89-4F0D-ACCF-7EB736FD4AA2): 10
LogDevObjectVersion:   Dev-Build (E1C64328-A22C-4D53-A36C-8E866417BD8C): 0
LogDevObjectVersion:   Dev-Core (375EC13C-06E4-48FB-B500-84F0262A717E): 3
LogDevObjectVersion:   Dev-Editor (E4B068ED-F494-42E9-A231-DA0B2E46BB41): 37
LogDevObjectVersion:   Dev-Framework (CFFC743F-43B0-4480-9391-14DF171D2073): 36
LogDevObjectVersion:   Dev-Mobile (B02B49B5-BB20-44E9-A304-32B752E40360): 2
LogDevObjectVersion:   Dev-Networking (A4E4105C-59A1-49B5-A7C5-40C4547EDFEE): 0
LogDevObjectVersion:   Dev-Online (39C831C9-5AE6-47DC-9A44-9C173E1C8E7C): 0
LogDevObjectVersion:   Dev-Physics (78F01B33-EBEA-4F98-B9B4-84EACCB95AA2): 2
LogDevObjectVersion:   Dev-Platform (6631380F-2D4D-43E0-8009-CF276956A95A): 0
LogDevObjectVersion:   Dev-Rendering (12F88B9F-8875-4AFC-A67C-D90C383ABD29): 36
LogDevObjectVersion:   Dev-Sequencer (7B5AE74C-D270-4C10-A958-57980B212A5A): 11
LogDevObjectVersion:   Dev-VR (D7296918-1DD6-4BDD-9DE2-64A83CC13884): 2
LogDevObjectVersion:   Dev-LoadTimes (C2A15278-BFE7-4AFE-6C17-90FF531DF755): 1
LogDevObjectVersion:   Private-Geometry (6EACA3D4-40EC-4CC1-B786-8BED09428FC5): 3
LogDevObjectVersion:   Dev-AnimPhys (29E575DD-E0A3-4627-9D10-D276232CDCEA): 17
LogDevObjectVersion:   Dev-Anim (AF43A65D-7FD3-4947-9873-3E8ED9C1BB05): 2
LogDevObjectVersion:   Dev-ReflectionCapture (6B266CEC-1EC7-4B8F-A30B-E4D90942FC07): 1
LogDevObjectVersion:   Dev-Automation (0DF73D61-A23F-47EA-B727-89E90C41499A): 1
LogDevObjectVersion:   FortniteMain (601D1886-AC64-4F84-AA16-D3DE0DEAC7D6): 31
LogDevObjectVersion:   Dev-Enterprise (9DFFBCD6-494F-0158-E221-12823C92A888): 8
LogDevObjectVersion:   Dev-Niagara (F2AED0AC-9AFE-416F-8664-AA7FFA26D6FC): 1
LogDevObjectVersion:   Dev-Destruction (174F1F0B-B4C6-45A5-B13F-2EE8D0FB917D): 9
LogDevObjectVersion:   Dev-Physics-Ext (35F94A83-E258-406C-A318-09F59610247C): 8
LogDevObjectVersion:   Dev-CineCamera (B2E18506-4273-CFC2-A54E-F4BB758BBA07): 1
LogInit: Presizing for max 25165824 objects, including 0 objects not considered by GC, pre-allocating 0 bytes for permanent pool.
LogInit: Object subsystem initialized
LogConfig: Setting CVar [[con.DebugEarlyDefault:1]]
LogConfig: Setting CVar [[r.setres:1280x720]]
[2020.06.03-19.08.44:288][  0]LogConfig: Setting CVar [[con.DebugEarlyDefault:1]]
[2020.06.03-19.08.44:288][  0]LogConfig: Setting CVar [[r.setres:1280x720]]
[2020.06.03-19.08.44:288][  0]LogConfig: Applying CVar settings from Section [/Script/Engine.RendererSettings] File [F:/JSColabTeam17/Team17Colab/Saved/Config/Windows/Engine.ini]
[2020.06.03-19.08.44:288][  0]LogConfig: Setting CVar [[r.GPUCrashDebugging:0]]
[2020.06.03-19.08.44:288][  0]LogConfig: Applying CVar settings from Section [/Script/Engine.RendererOverrideSettings] File [F:/JSColabTeam17/Team17Colab/Saved/Config/Windows/Engine.ini]
[2020.06.03-19.08.44:288][  0]LogConfig: Applying CVar settings from Section [/Script/Engine.StreamingSettings] File [F:/JSColabTeam17/Team17Colab/Saved/Config/Windows/Engine.ini]
[2020.06.03-19.08.44:288][  0]LogConfig: Setting CVar [[s.MinBulkDataSizeForAsyncLoading:131072]]
[2020.06.03-19.08.44:288][  0]LogConfig: Setting CVar [[s.AsyncLoadingThreadEnabled:0]]
[2020.06.03-19.08.44:288][  0]LogConfig: Setting CVar [[s.EventDrivenLoaderEnabled:1]]
[2020.06.03-19.08.44:288][  0]LogConfig: Setting CVar [[s.WarnIfTimeLimitExceeded:0]]
[2020.06.03-19.08.44:288][  0]LogConfig: Setting CVar [[s.TimeLimitExceededMultiplier:1.5]]
[2020.06.03-19.08.44:288][  0]LogConfig: Setting CVar [[s.TimeLimitExceededMinTime:0.005]]
[2020.06.03-19.08.44:288][  0]LogConfig: Setting CVar [[s.UseBackgroundLevelStreaming:1]]
[2020.06.03-19.08.44:288][  0]LogConfig: Setting CVar [[s.PriorityAsyncLoadingExtraTime:15.0]]
[2020.06.03-19.08.44:288][  0]LogConfig: Setting CVar [[s.LevelStreamingActorsUpdateTimeLimit:5.0]]
[2020.06.03-19.08.44:288][  0]LogConfig: Setting CVar [[s.PriorityLevelStreamingActorsUpdateExtraTime:5.0]]
[2020.06.03-19.08.44:288][  0]LogConfig: Setting CVar [[s.LevelStreamingComponentsRegistrationGranularity:10]]
[2020.06.03-19.08.44:288][  0]LogConfig: Setting CVar [[s.UnregisterComponentsTimeLimit:1.0]]
[2020.06.03-19.08.44:288][  0]LogConfig: Setting CVar [[s.LevelStreamingComponentsUnregistrationGranularity:5]]
[2020.06.03-19.08.44:288][  0]LogConfig: Setting CVar [[s.FlushStreamingOnExit:1]]
[2020.06.03-19.08.44:288][  0]LogConfig: Applying CVar settings from Section [/Script/Engine.GarbageCollectionSettings] File [F:/JSColabTeam17/Team17Colab/Saved/Config/Windows/Engine.ini]
[2020.06.03-19.08.44:288][  0]LogConfig: Setting CVar [[gc.MaxObjectsNotConsideredByGC:1]]
[2020.06.03-19.08.44:288][  0]LogConfig: Setting CVar [[gc.SizeOfPermanentObjectPool:0]]
[2020.06.03-19.08.44:288][  0]LogConfig: Setting CVar [[gc.FlushStreamingOnGC:0]]
[2020.06.03-19.08.44:288][  0]LogConfig: Setting CVar [[gc.NumRetriesBeforeForcingGC:10]]
[2020.06.03-19.08.44:289][  0]LogConfig: Setting CVar [[gc.AllowParallelGC:1]]
[2020.06.03-19.08.44:289][  0]LogConfig: Setting CVar [[gc.TimeBetweenPurgingPendingKillObjects:61.1]]
[2020.06.03-19.08.44:289][  0]LogConfig: Setting CVar [[gc.MaxObjectsInEditor:25165824]]
[2020.06.03-19.08.44:289][  0]LogConfig: Setting CVar [[gc.IncrementalBeginDestroyEnabled:1]]
[2020.06.03-19.08.44:289][  0]LogConfig: Setting CVar [[gc.CreateGCClusters:1]]
[2020.06.03-19.08.44:289][  0]LogConfig: Setting CVar [[gc.MinGCClusterSize:5]]
[2020.06.03-19.08.44:289][  0]LogConfig: Setting CVar [[gc.ActorClusteringEnabled:0]]
[2020.06.03-19.08.44:289][  0]LogConfig: Setting CVar [[gc.BlueprintClusteringEnabled:0]]
[2020.06.03-19.08.44:289][  0]LogConfig: Setting CVar [[gc.UseDisregardForGCOnDedicatedServers:0]]
[2020.06.03-19.08.44:289][  0]LogConfig: Applying CVar settings from Section [/Script/Engine.NetworkSettings] File [F:/JSColabTeam17/Team17Colab/Saved/Config/Windows/Engine.ini]
[2020.06.03-19.08.44:289][  0]LogConfig: Applying CVar settings from Section [/Script/UnrealEd.CookerSettings] File [F:/JSColabTeam17/Team17Colab/Saved/Config/Windows/Engine.ini]
[2020.06.03-19.08.44:291][  0]LogConfig: Applying CVar settings from Section [ViewDistanceQuality@3] File [F:/JSColabTeam17/Team17Colab/Saved/Config/Windows/Scalability.ini]
[2020.06.03-19.08.44:291][  0]LogConfig: Setting CVar [[r.SkeletalMeshLODBias:0]]
[2020.06.03-19.08.44:291][  0]LogConfig: Setting CVar [[r.ViewDistanceScale:1.0]]
[2020.06.03-19.08.44:291][  0]LogConfig: Applying CVar settings from Section [AntiAliasingQuality@3] File [F:/JSColabTeam17/Team17Colab/Saved/Config/Windows/Scalability.ini]
[2020.06.03-19.08.44:291][  0]LogConfig: Setting CVar [[r.PostProcessAAQuality:4]]
[2020.06.03-19.08.44:291][  0]LogConfig: Applying CVar settings from Section [ShadowQuality@3] File [F:/JSColabTeam17/Team17Colab/Saved/Config/Windows/Scalability.ini]
[2020.06.03-19.08.44:291][  0]LogConfig: Setting CVar [[r.LightFunctionQuality:1]]
[2020.06.03-19.08.44:291][  0]LogConfig: Setting CVar [[r.ShadowQuality:5]]
[2020.06.03-19.08.44:291][  0]LogConfig: Setting CVar [[r.Shadow.CSM.MaxCascades:10]]
[2020.06.03-19.08.44:291][  0]LogConfig: Setting CVar [[r.Shadow.MaxResolution:2048]]
[2020.06.03-19.08.44:291][  0]LogConfig: Setting CVar [[r.Shadow.MaxCSMResolution:2048]]
[2020.06.03-19.08.44:291][  0]LogConfig: Setting CVar [[r.Shadow.RadiusThreshold:0.01]]
[2020.06.03-19.08.44:291][  0]LogConfig: Setting CVar [[r.Shadow.DistanceScale:1.0]]
[2020.06.03-19.08.44:291][  0]LogConfig: Setting CVar [[r.Shadow.CSM.TransitionScale:1.0]]
[2020.06.03-19.08.44:291][  0]LogConfig: Setting CVar [[r.Shadow.PreShadowResolutionFactor:1.0]]
[2020.06.03-19.08.44:291][  0]LogConfig: Setting CVar [[r.DistanceFieldShadowing:1]]
[2020.06.03-19.08.44:291][  0]LogConfig: Setting CVar [[r.DistanceFieldAO:1]]
[2020.06.03-19.08.44:291][  0]LogConfig: Setting CVar [[r.AOQuality:2]]
[2020.06.03-19.08.44:291][  0]LogConfig: Setting CVar [[r.VolumetricFog:1]]
[2020.06.03-19.08.44:291][  0]LogConfig: Setting CVar [[r.VolumetricFog.GridPixelSize:8]]
[2020.06.03-19.08.44:291][  0]LogConfig: Setting CVar [[r.VolumetricFog.GridSizeZ:128]]
[2020.06.03-19.08.44:291][  0]LogConfig: Setting CVar [[r.VolumetricFog.HistoryMissSupersampleCount:4]]
[2020.06.03-19.08.44:291][  0]LogConfig: Setting CVar [[r.LightMaxDrawDistanceScale:1]]
[2020.06.03-19.08.44:291][  0]LogConfig: Setting CVar [[r.CapsuleShadows:1]]
[2020.06.03-19.08.44:291][  0]LogConfig: Applying CVar settings from Section [PostProcessQuality@3] File [F:/JSColabTeam17/Team17Colab/Saved/Config/Windows/Scalability.ini]
[2020.06.03-19.08.44:291][  0]LogConfig: Setting CVar [[r.MotionBlurQuality:4]]
[2020.06.03-19.08.44:291][  0]LogConfig: Setting CVar [[r.AmbientOcclusionMipLevelFactor:0.4]]
[2020.06.03-19.08.44:291][  0]LogConfig: Setting CVar [[r.AmbientOcclusionMaxQuality:100]]
[2020.06.03-19.08.44:291][  0]LogConfig: Setting CVar [[r.AmbientOcclusionLevels:-1]]
[2020.06.03-19.08.44:291][  0]LogConfig: Setting CVar [[r.AmbientOcclusionRadiusScale:1.0]]
[2020.06.03-19.08.44:291][  0]LogConfig: Setting CVar [[r.DepthOfFieldQuality:2]]
[2020.06.03-19.08.44:291][  0]LogConfig: Setting CVar [[r.RenderTargetPoolMin:400]]
[2020.06.03-19.08.44:291][  0]LogConfig: Setting CVar [[r.LensFlareQuality:2]]
[2020.06.03-19.08.44:291][  0]LogConfig: Setting CVar [[r.SceneColorFringeQuality:1]]
[2020.06.03-19.08.44:291][  0]LogConfig: Setting CVar [[r.EyeAdaptationQuality:2]]
[2020.06.03-19.08.44:292][  0]LogConfig: Setting CVar [[r.BloomQuality:5]]
[2020.06.03-19.08.44:292][  0]LogConfig: Setting CVar [[r.FastBlurThreshold:100]]
[2020.06.03-19.08.44:292][  0]LogConfig: Setting CVar [[r.Upscale.Quality:3]]
[2020.06.03-19.08.44:292][  0]LogConfig: Setting CVar [[r.Tonemapper.GrainQuantization:1]]
[2020.06.03-19.08.44:292][  0]LogConfig: Setting CVar [[r.LightShaftQuality:1]]
[2020.06.03-19.08.44:292][  0]LogConfig: Setting CVar [[r.Filter.SizeScale:1]]
[2020.06.03-19.08.44:292][  0]LogConfig: Setting CVar [[r.Tonemapper.Quality:5]]
[2020.06.03-19.08.44:292][  0]LogConfig: Setting CVar [[r.DOF.Gather.AccumulatorQuality:1        ; higher gathering accumulator quality]]
[2020.06.03-19.08.44:292][  0]LogConfig: Setting CVar [[r.DOF.Gather.PostfilterMethod:1          ; Median3x3 postfilering method]]
[2020.06.03-19.08.44:292][  0]LogConfig: Setting CVar [[r.DOF.Gather.EnableBokehSettings:0       ; no bokeh simulation when gathering]]
[2020.06.03-19.08.44:292][  0]LogConfig: Setting CVar [[r.DOF.Gather.RingCount:4                 ; medium number of samples when gathering]]
[2020.06.03-19.08.44:292][  0]LogConfig: Setting CVar [[r.DOF.Scatter.ForegroundCompositing:1    ; additive foreground scattering]]
[2020.06.03-19.08.44:292][  0]LogConfig: Setting CVar [[r.DOF.Scatter.BackgroundCompositing:2    ; additive background scattering]]
[2020.06.03-19.08.44:292][  0]LogConfig: Setting CVar [[r.DOF.Scatter.EnableBokehSettings:1      ; bokeh simulation when scattering]]
[2020.06.03-19.08.44:292][  0]LogConfig: Setting CVar [[r.DOF.Scatter.MaxSpriteRatio:0.1         ; only a maximum of 10% of scattered bokeh]]
[2020.06.03-19.08.44:292][  0]LogConfig: Setting CVar [[r.DOF.Recombine.Quality:1                ; cheap slight out of focus]]
[2020.06.03-19.08.44:292][  0]LogConfig: Setting CVar [[r.DOF.Recombine.EnableBokehSettings:0    ; no bokeh simulation on slight out of focus]]
[2020.06.03-19.08.44:292][  0]LogConfig: Setting CVar [[r.DOF.TemporalAAQuality:1                ; more stable temporal accumulation]]
[2020.06.03-19.08.44:292][  0]LogConfig: Setting CVar [[r.DOF.Kernel.MaxForegroundRadius:0.025]]
[2020.06.03-19.08.44:292][  0]LogConfig: Setting CVar [[r.DOF.Kernel.MaxBackgroundRadius:0.025]]
[2020.06.03-19.08.44:292][  0]LogConfig: Applying CVar settings from Section [TextureQuality@3] File [F:/JSColabTeam17/Team17Colab/Saved/Config/Windows/Scalability.ini]
[2020.06.03-19.08.44:292][  0]LogConfig: Setting CVar [[r.Streaming.MipBias:0]]
[2020.06.03-19.08.44:292][  0]LogConfig: Setting CVar [[r.Streaming.AmortizeCPUToGPUCopy:0]]
[2020.06.03-19.08.44:292][  0]LogConfig: Setting CVar [[r.Streaming.MaxNumTexturesToStreamPerFrame:0]]
[2020.06.03-19.08.44:292][  0]LogConfig: Setting CVar [[r.Streaming.Boost:1]]
[2020.06.03-19.08.44:292][  0]LogConfig: Setting CVar [[r.MaxAnisotropy:8]]
[2020.06.03-19.08.44:292][  0]LogConfig: Setting CVar [[r.VT.MaxAnisotropy:8]]
[2020.06.03-19.08.44:292][  0]LogConfig: Setting CVar [[r.Streaming.LimitPoolSizeToVRAM:0]]
[2020.06.03-19.08.44:292][  0]LogConfig: Setting CVar [[r.Streaming.PoolSize:1000]]
[2020.06.03-19.08.44:292][  0]LogConfig: Setting CVar [[r.Streaming.MaxEffectiveScreenSize:0]]
[2020.06.03-19.08.44:292][  0]LogConfig: Applying CVar settings from Section [EffectsQuality@3] File [F:/JSColabTeam17/Team17Colab/Saved/Config/Windows/Scalability.ini]
[2020.06.03-19.08.44:292][  0]LogConfig: Setting CVar [[r.TranslucencyLightingVolumeDim:64]]
[2020.06.03-19.08.44:292][  0]LogConfig: Setting CVar [[r.RefractionQuality:2]]
[2020.06.03-19.08.44:292][  0]LogConfig: Setting CVar [[r.SSR.Quality:3]]
[2020.06.03-19.08.44:292][  0]LogConfig: Setting CVar [[r.SSR.HalfResSceneColor:0]]
[2020.06.03-19.08.44:292][  0]LogConfig: Setting CVar [[r.SceneColorFormat:4]]
[2020.06.03-19.08.44:292][  0]LogConfig: Setting CVar [[r.DetailMode:2]]
[2020.06.03-19.08.44:292][  0]LogConfig: Setting CVar [[r.TranslucencyVolumeBlur:1]]
[2020.06.03-19.08.44:292][  0]LogConfig: Setting CVar [[r.MaterialQualityLevel:1 ; High quality]]
[2020.06.03-19.08.44:292][  0]LogConfig: Setting CVar [[r.SSS.Scale:1]]
[2020.06.03-19.08.44:292][  0]LogConfig: Setting CVar [[r.SSS.SampleSet:2]]
[2020.06.03-19.08.44:292][  0]LogConfig: Setting CVar [[r.SSS.Quality:1]]
[2020.06.03-19.08.44:292][  0]LogConfig: Setting CVar [[r.SSS.HalfRes:1]]
[2020.06.03-19.08.44:292][  0]LogConfig: Setting CVar [[r.SSGI.Quality:3]]
[2020.06.03-19.08.44:292][  0]LogConfig: Setting CVar [[r.EmitterSpawnRateScale:1.0]]
[2020.06.03-19.08.44:292][  0]LogConfig: Setting CVar [[r.ParticleLightQuality:2]]
[2020.06.03-19.08.44:292][  0]LogConfig: Setting CVar [[r.SkyAtmosphere.AerialPerspectiveLUT.FastApplyOnOpaque:1 ; Always have FastSkyLUT 1 in this case to avoid wrong sky]]
[2020.06.03-19.08.44:292][  0]LogConfig: Setting CVar [[r.SkyAtmosphere.AerialPerspectiveLUT.SampleCountPerSlice:1]]
[2020.06.03-19.08.44:292][  0]LogConfig: Setting CVar [[r.SkyAtmosphere.AerialPerspectiveLUT.DepthResolution:16.0]]
[2020.06.03-19.08.44:292][  0]LogConfig: Setting CVar [[r.SkyAtmosphere.FastSkyLUT:1]]
[2020.06.03-19.08.44:292][  0]LogConfig: Setting CVar [[r.SkyAtmosphere.FastSkyLUT.SampleCountMin:4.0]]
[2020.06.03-19.08.44:292][  0]LogConfig: Setting CVar [[r.SkyAtmosphere.FastSkyLUT.SampleCountMax:32.0]]
[2020.06.03-19.08.44:292][  0]LogConfig: Setting CVar [[r.SkyAtmosphere.SampleCountMin:4.0]]
[2020.06.03-19.08.44:292][  0]LogConfig: Setting CVar [[r.SkyAtmosphere.SampleCountMax:32.0]]
[2020.06.03-19.08.44:292][  0]LogConfig: Setting CVar [[r.SkyAtmosphere.TransmittanceLUT.UseSmallFormat:0]]
[2020.06.03-19.08.44:292][  0]LogConfig: Setting CVar [[r.SkyAtmosphere.TransmittanceLUT.SampleCount:10.0]]
[2020.06.03-19.08.44:292][  0]LogConfig: Setting CVar [[r.SkyAtmosphere.MultiScatteringLUT.SampleCount:15.0]]
[2020.06.03-19.08.44:292][  0]LogConfig: Applying CVar settings from Section [FoliageQuality@3] File [F:/JSColabTeam17/Team17Colab/Saved/Config/Windows/Scalability.ini]
[2020.06.03-19.08.44:292][  0]LogConfig: Setting CVar [[foliage.DensityScale:1.0]]
[2020.06.03-19.08.44:292][  0]LogConfig: Setting CVar [[grass.DensityScale:1.0]]
[2020.06.03-19.08.44:292][  0]LogConfig: Applying CVar settings from Section [ShadingQuality@3] File [F:/JSColabTeam17/Team17Colab/Saved/Config/Windows/Scalability.ini]
[2020.06.03-19.08.44:292][  0]LogConfig: Setting CVar [[r.HairStrands.SkyLighting.SampleCount:16]]
[2020.06.03-19.08.44:292][  0]LogConfig: Setting CVar [[r.HairStrands.SkyLighting.JitterIntegration:0]]
[2020.06.03-19.08.44:292][  0]LogConfig: Setting CVar [[r.HairStrands.SkyAO.SampleCount:16]]
[2020.06.03-19.08.44:292][  0]LogInit: Selected Device Profile: [Windows]
[2020.06.03-19.08.44:292][  0]LogInit: Applying CVar settings loaded from the selected device profile: [Windows]
[2020.06.03-19.08.44:294][  0]LogHAL: Display: Platform has ~ 16 GB [16990044160 / 17179869184 / 16], which maps to Larger [LargestMinGB=32, LargerMinGB=12, DefaultMinGB=8, SmallerMinGB=6, SmallestMinGB=0)
[2020.06.03-19.08.44:294][  0]LogInit: Going up to parent DeviceProfile []
[2020.06.03-19.08.44:294][  0]LogConfig: Applying CVar settings from Section [ViewDistanceQuality@3] File [F:/JSColabTeam17/Team17Colab/Saved/Config/Windows/Scalability.ini]
[2020.06.03-19.08.44:294][  0]LogConfig: Setting CVar [[r.SkeletalMeshLODBias:0]]
[2020.06.03-19.08.44:294][  0]LogConfig: Setting CVar [[r.ViewDistanceScale:1.0]]
[2020.06.03-19.08.44:294][  0]LogConfig: Applying CVar settings from Section [AntiAliasingQuality@3] File [F:/JSColabTeam17/Team17Colab/Saved/Config/Windows/Scalability.ini]
[2020.06.03-19.08.44:294][  0]LogConfig: Setting CVar [[r.PostProcessAAQuality:4]]
[2020.06.03-19.08.44:294][  0]LogConfig: Applying CVar settings from Section [ShadowQuality@3] File [F:/JSColabTeam17/Team17Colab/Saved/Config/Windows/Scalability.ini]
[2020.06.03-19.08.44:294][  0]LogConfig: Setting CVar [[r.LightFunctionQuality:1]]
[2020.06.03-19.08.44:294][  0]LogConfig: Setting CVar [[r.ShadowQuality:5]]
[2020.06.03-19.08.44:294][  0]LogConfig: Setting CVar [[r.Shadow.CSM.MaxCascades:10]]
[2020.06.03-19.08.44:294][  0]LogConfig: Setting CVar [[r.Shadow.MaxResolution:2048]]
[2020.06.03-19.08.44:294][  0]LogConfig: Setting CVar [[r.Shadow.MaxCSMResolution:2048]]
[2020.06.03-19.08.44:294][  0]LogConfig: Setting CVar [[r.Shadow.RadiusThreshold:0.01]]
[2020.06.03-19.08.44:294][  0]LogConfig: Setting CVar [[r.Shadow.DistanceScale:1.0]]
[2020.06.03-19.08.44:294][  0]LogConfig: Setting CVar [[r.Shadow.CSM.TransitionScale:1.0]]
[2020.06.03-19.08.44:294][  0]LogConfig: Setting CVar [[r.Shadow.PreShadowResolutionFactor:1.0]]
[2020.06.03-19.08.44:294][  0]LogConfig: Setting CVar [[r.DistanceFieldShadowing:1]]
[2020.06.03-19.08.44:294][  0]LogConfig: Setting CVar [[r.DistanceFieldAO:1]]
[2020.06.03-19.08.44:295][  0]LogConfig: Setting CVar [[r.AOQuality:2]]
[2020.06.03-19.08.44:295][  0]LogConfig: Setting CVar [[r.VolumetricFog:1]]
[2020.06.03-19.08.44:295][  0]LogConfig: Setting CVar [[r.VolumetricFog.GridPixelSize:8]]
[2020.06.03-19.08.44:295][  0]LogConfig: Setting CVar [[r.VolumetricFog.GridSizeZ:128]]
[2020.06.03-19.08.44:295][  0]LogConfig: Setting CVar [[r.VolumetricFog.HistoryMissSupersampleCount:4]]
[2020.06.03-19.08.44:295][  0]LogConfig: Setting CVar [[r.LightMaxDrawDistanceScale:1]]
[2020.06.03-19.08.44:295][  0]LogConfig: Setting CVar [[r.CapsuleShadows:1]]
[2020.06.03-19.08.44:295][  0]LogConfig: Applying CVar settings from Section [PostProcessQuality@3] File [F:/JSColabTeam17/Team17Colab/Saved/Config/Windows/Scalability.ini]
[2020.06.03-19.08.44:295][  0]LogConfig: Setting CVar [[r.MotionBlurQuality:4]]
[2020.06.03-19.08.44:295][  0]LogConfig: Setting CVar [[r.AmbientOcclusionMipLevelFactor:0.4]]
[2020.06.03-19.08.44:295][  0]LogConfig: Setting CVar [[r.AmbientOcclusionMaxQuality:100]]
[2020.06.03-19.08.44:295][  0]LogConfig: Setting CVar [[r.AmbientOcclusionLevels:-1]]
[2020.06.03-19.08.44:295][  0]LogConfig: Setting CVar [[r.AmbientOcclusionRadiusScale:1.0]]
[2020.06.03-19.08.44:295][  0]LogConfig: Setting CVar [[r.DepthOfFieldQuality:2]]
[2020.06.03-19.08.44:295][  0]LogConfig: Setting CVar [[r.RenderTargetPoolMin:400]]
[2020.06.03-19.08.44:295][  0]LogConfig: Setting CVar [[r.LensFlareQuality:2]]
[2020.06.03-19.08.44:295][  0]LogConfig: Setting CVar [[r.SceneColorFringeQuality:1]]
[2020.06.03-19.08.44:295][  0]LogConfig: Setting CVar [[r.EyeAdaptationQuality:2]]
[2020.06.03-19.08.44:295][  0]LogConfig: Setting CVar [[r.BloomQuality:5]]
[2020.06.03-19.08.44:295][  0]LogConfig: Setting CVar [[r.FastBlurThreshold:100]]
[2020.06.03-19.08.44:295][  0]LogConfig: Setting CVar [[r.Upscale.Quality:3]]
[2020.06.03-19.08.44:295][  0]LogConfig: Setting CVar [[r.Tonemapper.GrainQuantization:1]]
[2020.06.03-19.08.44:295][  0]LogConfig: Setting CVar [[r.LightShaftQuality:1]]
[2020.06.03-19.08.44:295][  0]LogConfig: Setting CVar [[r.Filter.SizeScale:1]]
[2020.06.03-19.08.44:295][  0]LogConfig: Setting CVar [[r.Tonemapper.Quality:5]]
[2020.06.03-19.08.44:295][  0]LogConfig: Setting CVar [[r.DOF.Gather.AccumulatorQuality:1        ; higher gathering accumulator quality]]
[2020.06.03-19.08.44:295][  0]LogConfig: Setting CVar [[r.DOF.Gather.PostfilterMethod:1          ; Median3x3 postfilering method]]
[2020.06.03-19.08.44:295][  0]LogConfig: Setting CVar [[r.DOF.Gather.EnableBokehSettings:0       ; no bokeh simulation when gathering]]
[2020.06.03-19.08.44:295][  0]LogConfig: Setting CVar [[r.DOF.Gather.RingCount:4                 ; medium number of samples when gathering]]
[2020.06.03-19.08.44:295][  0]LogConfig: Setting CVar [[r.DOF.Scatter.ForegroundCompositing:1    ; additive foreground scattering]]
[2020.06.03-19.08.44:295][  0]LogConfig: Setting CVar [[r.DOF.Scatter.BackgroundCompositing:2    ; additive background scattering]]
[2020.06.03-19.08.44:295][  0]LogConfig: Setting CVar [[r.DOF.Scatter.EnableBokehSettings:1      ; bokeh simulation when scattering]]
[2020.06.03-19.08.44:295][  0]LogConfig: Setting CVar [[r.DOF.Scatter.MaxSpriteRatio:0.1         ; only a maximum of 10% of scattered bokeh]]
[2020.06.03-19.08.44:295][  0]LogConfig: Setting CVar [[r.DOF.Recombine.Quality:1                ; cheap slight out of focus]]
[2020.06.03-19.08.44:295][  0]LogConfig: Setting CVar [[r.DOF.Recombine.EnableBokehSettings:0    ; no bokeh simulation on slight out of focus]]
[2020.06.03-19.08.44:295][  0]LogConfig: Setting CVar [[r.DOF.TemporalAAQuality:1                ; more stable temporal accumulation]]
[2020.06.03-19.08.44:295][  0]LogConfig: Setting CVar [[r.DOF.Kernel.MaxForegroundRadius:0.025]]
[2020.06.03-19.08.44:295][  0]LogConfig: Setting CVar [[r.DOF.Kernel.MaxBackgroundRadius:0.025]]
[2020.06.03-19.08.44:295][  0]LogConfig: Applying CVar settings from Section [TextureQuality@3] File [F:/JSColabTeam17/Team17Colab/Saved/Config/Windows/Scalability.ini]
[2020.06.03-19.08.44:295][  0]LogConfig: Setting CVar [[r.Streaming.MipBias:0]]
[2020.06.03-19.08.44:295][  0]LogConfig: Setting CVar [[r.Streaming.AmortizeCPUToGPUCopy:0]]
[2020.06.03-19.08.44:295][  0]LogConfig: Setting CVar [[r.Streaming.MaxNumTexturesToStreamPerFrame:0]]
[2020.06.03-19.08.44:295][  0]LogConfig: Setting CVar [[r.Streaming.Boost:1]]
[2020.06.03-19.08.44:295][  0]LogConfig: Setting CVar [[r.MaxAnisotropy:8]]
[2020.06.03-19.08.44:295][  0]LogConfig: Setting CVar [[r.VT.MaxAnisotropy:8]]
[2020.06.03-19.08.44:295][  0]LogConfig: Setting CVar [[r.Streaming.LimitPoolSizeToVRAM:0]]
[2020.06.03-19.08.44:295][  0]LogConfig: Setting CVar [[r.Streaming.PoolSize:1000]]
[2020.06.03-19.08.44:295][  0]LogConfig: Setting CVar [[r.Streaming.MaxEffectiveScreenSize:0]]
[2020.06.03-19.08.44:295][  0]LogConfig: Applying CVar settings from Section [EffectsQuality@3] File [F:/JSColabTeam17/Team17Colab/Saved/Config/Windows/Scalability.ini]
[2020.06.03-19.08.44:295][  0]LogConfig: Setting CVar [[r.TranslucencyLightingVolumeDim:64]]
[2020.06.03-19.08.44:295][  0]LogConfig: Setting CVar [[r.RefractionQuality:2]]
[2020.06.03-19.08.44:295][  0]LogConfig: Setting CVar [[r.SSR.Quality:3]]
[2020.06.03-19.08.44:295][  0]LogConfig: Setting CVar [[r.SSR.HalfResSceneColor:0]]
[2020.06.03-19.08.44:295][  0]LogConfig: Setting CVar [[r.SceneColorFormat:4]]
[2020.06.03-19.08.44:295][  0]LogConfig: Setting CVar [[r.DetailMode:2]]
[2020.06.03-19.08.44:295][  0]LogConfig: Setting CVar [[r.TranslucencyVolumeBlur:1]]
[2020.06.03-19.08.44:295][  0]LogConfig: Setting CVar [[r.MaterialQualityLevel:1 ; High quality]]
[2020.06.03-19.08.44:295][  0]LogConfig: Setting CVar [[r.SSS.Scale:1]]
[2020.06.03-19.08.44:295][  0]LogConfig: Setting CVar [[r.SSS.SampleSet:2]]
[2020.06.03-19.08.44:295][  0]LogConfig: Setting CVar [[r.SSS.Quality:1]]
[2020.06.03-19.08.44:295][  0]LogConfig: Setting CVar [[r.SSS.HalfRes:1]]
[2020.06.03-19.08.44:295][  0]LogConfig: Setting CVar [[r.SSGI.Quality:3]]
[2020.06.03-19.08.44:295][  0]LogConfig: Setting CVar [[r.EmitterSpawnRateScale:1.0]]
[2020.06.03-19.08.44:295][  0]LogConfig: Setting CVar [[r.ParticleLightQuality:2]]
[2020.06.03-19.08.44:295][  0]LogConfig: Setting CVar [[r.SkyAtmosphere.AerialPerspectiveLUT.FastApplyOnOpaque:1 ; Always have FastSkyLUT 1 in this case to avoid wrong sky]]
[2020.06.03-19.08.44:295][  0]LogConfig: Setting CVar [[r.SkyAtmosphere.AerialPerspectiveLUT.SampleCountPerSlice:1]]
[2020.06.03-19.08.44:295][  0]LogConfig: Setting CVar [[r.SkyAtmosphere.AerialPerspectiveLUT.DepthResolution:16.0]]
[2020.06.03-19.08.44:295][  0]LogConfig: Setting CVar [[r.SkyAtmosphere.FastSkyLUT:1]]
[2020.06.03-19.08.44:295][  0]LogConfig: Setting CVar [[r.SkyAtmosphere.FastSkyLUT.SampleCountMin:4.0]]
[2020.06.03-19.08.44:295][  0]LogConfig: Setting CVar [[r.SkyAtmosphere.FastSkyLUT.SampleCountMax:32.0]]
[2020.06.03-19.08.44:295][  0]LogConfig: Setting CVar [[r.SkyAtmosphere.SampleCountMin:4.0]]
[2020.06.03-19.08.44:295][  0]LogConfig: Setting CVar [[r.SkyAtmosphere.SampleCountMax:32.0]]
[2020.06.03-19.08.44:295][  0]LogConfig: Setting CVar [[r.SkyAtmosphere.TransmittanceLUT.UseSmallFormat:0]]
[2020.06.03-19.08.44:295][  0]LogConfig: Setting CVar [[r.SkyAtmosphere.TransmittanceLUT.SampleCount:10.0]]
[2020.06.03-19.08.44:295][  0]LogConfig: Setting CVar [[r.SkyAtmosphere.MultiScatteringLUT.SampleCount:15.0]]
[2020.06.03-19.08.44:295][  0]LogConfig: Applying CVar settings from Section [FoliageQuality@3] File [F:/JSColabTeam17/Team17Colab/Saved/Config/Windows/Scalability.ini]
[2020.06.03-19.08.44:295][  0]LogConfig: Setting CVar [[foliage.DensityScale:1.0]]
[2020.06.03-19.08.44:295][  0]LogConfig: Setting CVar [[grass.DensityScale:1.0]]
[2020.06.03-19.08.44:295][  0]LogConfig: Applying CVar settings from Section [ShadingQuality@3] File [F:/JSColabTeam17/Team17Colab/Saved/Config/Windows/Scalability.ini]
[2020.06.03-19.08.44:295][  0]LogConfig: Setting CVar [[r.HairStrands.SkyLighting.SampleCount:16]]
[2020.06.03-19.08.44:295][  0]LogConfig: Setting CVar [[r.HairStrands.SkyLighting.JitterIntegration:0]]
[2020.06.03-19.08.44:295][  0]LogConfig: Setting CVar [[r.HairStrands.SkyAO.SampleCount:16]]
[2020.06.03-19.08.44:295][  0]LogConfig: Applying CVar settings from Section [Startup] File [../../../Engine/Config/ConsoleVariables.ini]
[2020.06.03-19.08.44:296][  0]LogConfig: Setting CVar [[net.UseAdaptiveNetUpdateFrequency:0]]
[2020.06.03-19.08.44:296][  0]LogConfig: Setting CVar [[p.chaos.AllowCreatePhysxBodies:1]]
[2020.06.03-19.08.44:296][  0]LogConfig: Setting CVar [[fx.SkipVectorVMBackendOptimizations:1]]
[2020.06.03-19.08.44:296][  0]LogConfig: Applying CVar settings from Section [ConsoleVariables] File [F:/JSColabTeam17/Team17Colab/Saved/Config/Windows/Engine.ini]
[2020.06.03-19.08.44:296][  0]LogInit: Computer: DESKTOP-NURFT9M
[2020.06.03-19.08.44:296][  0]LogInit: User: Thamilavan
[2020.06.03-19.08.44:296][  0]LogInit: CPU Page size=4096, Cores=8
[2020.06.03-19.08.44:296][  0]LogInit: High frequency timer resolution =10.000000 MHz
[2020.06.03-19.08.44:296][  0]LogMemory: Memory total: Physical=15.8GB (16GB approx)
[2020.06.03-19.08.44:296][  0]LogMemory: Platform Memory Stats for Windows
[2020.06.03-19.08.44:296][  0]LogMemory: Process Physical Memory: 106.65 MB used, 106.65 MB peak
[2020.06.03-19.08.44:296][  0]LogMemory: Process Virtual Memory: 101.02 MB used, 101.02 MB peak
[2020.06.03-19.08.44:296][  0]LogMemory: Physical Memory: 11162.09 MB used,  5040.88 MB free, 16202.97 MB total
[2020.06.03-19.08.44:296][  0]LogMemory: Virtual Memory: 5142.40 MB used,  134212584.00 MB free, 134217728.00 MB total
[2020.06.03-19.08.44:298][  0]LogWindows: WindowsPlatformFeatures enabled
[2020.06.03-19.08.44:315][  0]LogInit: Using OS detected language (en-US).
[2020.06.03-19.08.44:315][  0]LogInit: Using OS detected locale (en-GB).
[2020.06.03-19.08.44:316][  0]LogTextLocalizationManager: No specific localization for 'en-US' exists, so the 'en' localization will be used.
[2020.06.03-19.08.44:462][  0]LogSlate: New Slate User Created.  User Index 0, Is Virtual User: 0
[2020.06.03-19.08.44:462][  0]LogSlate: Slate User Registered.  User Index 0, Is Virtual User: 0
[2020.06.03-19.08.44:471][  0]LogHMD: Failed to initialize OpenVR with code 110
[2020.06.03-19.08.44:471][  0]LogD3D11RHI: D3D11 min allowed feature level: 11_0
[2020.06.03-19.08.44:471][  0]LogD3D11RHI: D3D11 max allowed feature level: 11_0
[2020.06.03-19.08.44:471][  0]LogD3D11RHI: D3D11 adapters:
[2020.06.03-19.08.44:540][  0]LogD3D11RHI:    0. 'NVIDIA GeForce RTX 2080' (Feature Level 11_0)
[2020.06.03-19.08.44:540][  0]LogD3D11RHI:       8010/0/8101 MB DedicatedVideo/DedicatedSystem/SharedSystem, Outputs:1, VendorId:0x10de
[2020.06.03-19.08.44:559][  0]LogD3D11RHI:    1. 'Intel(R) UHD Graphics 630' (Feature Level 11_0)
[2020.06.03-19.08.44:559][  0]LogD3D11RHI:       128/0/8101 MB DedicatedVideo/DedicatedSystem/SharedSystem, Outputs:0, VendorId:0x8086
[2020.06.03-19.08.44:561][  0]LogD3D11RHI:    2. 'Microsoft Basic Render Driver' (Feature Level 11_0)
[2020.06.03-19.08.44:561][  0]LogD3D11RHI:       0/0/8101 MB DedicatedVideo/DedicatedSystem/SharedSystem, Outputs:0, VendorId:0x1414
[2020.06.03-19.08.44:561][  0]LogD3D11RHI: Chosen D3D11 Adapter: 0
[2020.06.03-19.08.44:571][  0]LogD3D11RHI: Creating new Direct3DDevice
[2020.06.03-19.08.44:571][  0]LogD3D11RHI:     GPU DeviceId: 0x1e87 (for the marketing name, search the web for "GPU Device Id")
[2020.06.03-19.08.44:571][  0]LogWindows: EnumDisplayDevices:
[2020.06.03-19.08.44:571][  0]LogWindows:    0. 'NVIDIA GeForce RTX 2080' (P:1 D:1)
[2020.06.03-19.08.44:571][  0]LogWindows:    1. 'NVIDIA GeForce RTX 2080' (P:0 D:0)
[2020.06.03-19.08.44:571][  0]LogWindows:    2. 'NVIDIA GeForce RTX 2080' (P:0 D:0)
[2020.06.03-19.08.44:572][  0]LogWindows:    3. 'NVIDIA GeForce RTX 2080' (P:0 D:0)
[2020.06.03-19.08.44:572][  0]LogWindows:    4. 'Intel(R) UHD Graphics 630' (P:0 D:0)
[2020.06.03-19.08.44:572][  0]LogWindows:    5. 'Intel(R) UHD Graphics 630' (P:0 D:0)
[2020.06.03-19.08.44:572][  0]LogWindows:    6. 'Intel(R) UHD Graphics 630' (P:0 D:0)
[2020.06.03-19.08.44:572][  0]LogWindows: DebugString: PrimaryIsNotTheChoosenAdapter PrimaryIsNotTheChoosenAdapter PrimaryIsNotTheChoosenAdapter FoundDriverCount:4 
[2020.06.03-19.08.44:572][  0]LogD3D11RHI:     Adapter Name: NVIDIA GeForce RTX 2080
[2020.06.03-19.08.44:572][  0]LogD3D11RHI:   Driver Version: 445.75 (internal:26.21.14.4575, unified:445.75)
[2020.06.03-19.08.44:572][  0]LogD3D11RHI:      Driver Date: 3-17-2020
[2020.06.03-19.08.44:572][  0]LogRHI: Texture pool is 5607 MB (70% of 8010 MB)
[2020.06.03-19.08.45:010][  0]LogD3D11RHI: RHI has support for 64 bit atomics
[2020.06.03-19.08.45:010][  0]LogD3D11RHI: Async texture creation enabled
[2020.06.03-19.08.45:027][  0]LogD3D11RHI: GPU Timing Frequency: 1000.000000 (Debug: 2 2)
[2020.06.03-19.08.45:278][  0]LogTargetPlatformManager: Display: Loaded TargetPlatform 'WindowsNoEditor'
[2020.06.03-19.08.45:280][  0]LogTargetPlatformManager: Display: Loaded TargetPlatform 'Windows'
[2020.06.03-19.08.45:285][  0]LogTargetPlatformManager: Display: Loaded TargetPlatform 'WindowsClient'
[2020.06.03-19.08.45:290][  0]LogTargetPlatformManager: Display: Loaded TargetPlatform 'WindowsServer'
[2020.06.03-19.08.45:291][  0]LogTargetPlatformManager: Display: Building Assets For Windows
[2020.06.03-19.08.45:294][  0]LogAudioDebug: Display: Lib vorbis DLL was dynamically loaded.
[2020.06.03-19.08.45:312][  0]LogShaderCompilers: Guid format shader working directory is 10 characters bigger than the processId version (../../../../JSColabTeam17/Team17Colab/Intermediate/Shaders/WorkingDirectory/144/).
[2020.06.03-19.08.45:313][  0]LogShaderCompilers: Cleaned the shader compiler working directory 'C:/Users/ktam2/AppData/Local/Temp/UnrealShaderWorkingDir/7D7721204964DA781884F687BD91BA31/'.
[2020.06.03-19.08.45:313][  0]LogXGEController: Cannot use XGE Controller as Incredibuild is not installed on this machine.
[2020.06.03-19.08.45:313][  0]LogShaderCompilers: Cannot use XGE Shader Compiler as Incredibuild is not installed on this machine.
[2020.06.03-19.08.45:313][  0]LogShaderCompilers: Display: Using Local Shader Compiler.
[2020.06.03-19.08.45:874][  0]LogDerivedDataCache: Display: Max Cache Size: 512 MB
[2020.06.03-19.08.45:919][  0]LogDerivedDataCache: Loaded boot cache 0.04s 80MB C:/Users/ktam2/AppData/Local/UnrealEngine/4.24/DerivedDataCache/Boot.ddc.
[2020.06.03-19.08.45:919][  0]LogDerivedDataCache: Display: Loaded Boot cache: C:/Users/ktam2/AppData/Local/UnrealEngine/4.24/DerivedDataCache/Boot.ddc
[2020.06.03-19.08.45:919][  0]LogDerivedDataCache: FDerivedDataBackendGraph:  Pak pak cache file ../../../../JSColabTeam17/Team17Colab/DerivedDataCache/DDC.ddp not found, will not use a pak cache.
[2020.06.03-19.08.45:919][  0]LogDerivedDataCache: Unable to find inner node Pak for hierarchical cache Hierarchy.
[2020.06.03-19.08.45:919][  0]LogDerivedDataCache: FDerivedDataBackendGraph:  CompressedPak pak cache file ../../../../JSColabTeam17/Team17Colab/DerivedDataCache/Compressed.ddp not found, will not use a pak cache.
[2020.06.03-19.08.45:919][  0]LogDerivedDataCache: Unable to find inner node CompressedPak for hierarchical cache Hierarchy.
[2020.06.03-19.08.45:927][  0]LogDerivedDataCache: Display: Pak cache opened for reading ../../../Engine/DerivedDataCache/Compressed.ddp.
[2020.06.03-19.08.45:927][  0]LogDerivedDataCache: FDerivedDataBackendGraph:  EnterprisePak pak cache file ../../../Enterprise/DerivedDataCache/Compressed.ddp not found, will not use a pak cache.
[2020.06.03-19.08.45:927][  0]LogDerivedDataCache: Unable to find inner node EnterprisePak for hierarchical cache Hierarchy.
[2020.06.03-19.08.45:928][  0]LogDerivedDataCache: Using Local data cache path C:/Users/ktam2/AppData/Local/UnrealEngine/Common/DerivedDataCache: Writable
[2020.06.03-19.08.45:928][  0]LogDerivedDataCache: Shared data cache path not found in *engine.ini, will not use an Shared cache.
[2020.06.03-19.08.45:928][  0]LogDerivedDataCache: Unable to find inner node Shared for hierarchical cache Hierarchy.
[2020.06.03-19.08.45:946][  0]LogMaterial: Verifying Global Shaders for PCD3D_SM5
[2020.06.03-19.08.45:948][  0]LogSlate: Using FreeType 2.10.0
[2020.06.03-19.08.45:949][  0]LogSlate: SlateFontServices - WITH_FREETYPE: 1, WITH_HARFBUZZ: 1
[2020.06.03-19.08.46:041][  0]LogInit: Using OS detected language (en-US).
[2020.06.03-19.08.46:041][  0]LogInit: Using OS detected locale (en-GB).
[2020.06.03-19.08.46:041][  0]LogTextLocalizationManager: No localization for 'en-US' exists, so 'en' will be used for the language.
[2020.06.03-19.08.46:042][  0]LogTextLocalizationManager: No localization for 'en-GB' exists, so 'en' will be used for the locale.
[2020.06.03-19.08.46:042][  0]LogSlate: FontCache flush requested. Reason: Culture for localization was changed
[2020.06.03-19.08.46:042][  0]LogSlate: FontCache flush requested. Reason: Culture for localization was changed
[2020.06.03-19.08.46:042][  0]LogTextLocalizationManager: Compacting localization data took   0.00ms
[2020.06.03-19.08.46:044][  0]LogAssetRegistry: FAssetRegistry took 0.0013 seconds to start up
[2020.06.03-19.08.46:210][  0]LogPackageLocalizationCache: Processed 12 localized package path(s) for 1 prioritized culture(s) in 0.000785 seconds
[2020.06.03-19.08.46:254][  0]LogInit: Selected Device Profile: [Windows]
[2020.06.03-19.08.46:352][  0]LogMeshReduction: Using QuadricMeshReduction for automatic static mesh reduction
[2020.06.03-19.08.46:352][  0]LogMeshReduction: Using SimplygonMeshReduction for automatic skeletal mesh reduction
[2020.06.03-19.08.46:352][  0]LogMeshReduction: Using ProxyLODMeshReduction for automatic mesh merging
[2020.06.03-19.08.46:352][  0]LogMeshReduction: No distributed automatic mesh merging module available
[2020.06.03-19.08.46:352][  0]LogMeshMerging: No distributed automatic mesh merging module available
[2020.06.03-19.08.46:360][  0]LogNetVersion: Team17Colab 1.0.0, NetCL: 10570792, EngineNetVer: 13, GameNetVer: 0 (Checksum: 1188365398)
[2020.06.03-19.08.46:754][  0]LogMoviePlayer: Initializing movie player
[2020.06.03-19.08.46:872][  0]LogTcpMessaging: Initializing TcpMessaging bridge
[2020.06.03-19.08.46:875][  0]LogUdpMessaging: Initializing bridge on interface 0.0.0.0:0 to multicast group 230.0.0.1:6666.
[2020.06.03-19.08.46:901][  0]SourceControl: Source control is disabled
[2020.06.03-19.08.46:901][  0]SourceControl: Source control is disabled
[2020.06.03-19.08.46:902][  0]SourceControl: Source control is disabled
[2020.06.03-19.08.46:924][  0]LogAndroidPermission: UAndroidPermissionCallbackProxy::GetInstance
[2020.06.03-19.08.46:929][  0]LogAudioCaptureCore: Display: No Audio Capture implementations found. Audio input will be silent.
[2020.06.03-19.08.46:929][  0]LogAudioCaptureCore: Display: No Audio Capture implementations found. Audio input will be silent.
[2020.06.03-19.08.46:971][  0]LogOcInput: OculusInput pre-init called
[2020.06.03-19.08.46:979][  0]LogUObjectArray: 54330 objects as part of root set at end of initial load.
[2020.06.03-19.08.46:979][  0]LogUObjectAllocator: 9677784 out of 0 bytes used by permanent object pool.
[2020.06.03-19.08.46:979][  0]LogUObjectArray: CloseDisregardForGC: 0/0 objects in disregard for GC pool
[2020.06.03-19.08.47:021][  0]LogEngine: Initializing Engine...
[2020.06.03-19.08.47:022][  0]LogHMD: Failed to initialize OpenVR with code 110
[2020.06.03-19.08.47:023][  0]LogStats: UGameplayTagsManager::InitializeManager -  0.000 s
[2020.06.03-19.08.47:185][  0]LogInit: Initializing FReadOnlyCVARCache
[2020.06.03-19.08.47:187][  0]LogAudioMixer: Display: Audio Mixer Platform Settings:
[2020.06.03-19.08.47:187][  0]LogAudioMixer: Display: 	Sample Rate:						  48000
[2020.06.03-19.08.47:187][  0]LogAudioMixer: Display: 	Callback Buffer Frame Size Requested: 1024
[2020.06.03-19.08.47:187][  0]LogAudioMixer: Display: 	Callback Buffer Frame Size To Use:	  1024
[2020.06.03-19.08.47:187][  0]LogAudioMixer: Display: 	Number of buffers to queue:			  2
[2020.06.03-19.08.47:187][  0]LogAudioMixer: Display: 	Max Channels (voices):				  32
[2020.06.03-19.08.47:187][  0]LogAudioMixer: Display: 	Number of Async Source Workers:		  0
[2020.06.03-19.08.47:187][  0]LogAudio: Display: AudioDevice MaxSources: 32
[2020.06.03-19.08.47:187][  0]LogAudio: Display: Using built-in audio occlusion.
[2020.06.03-19.08.47:187][  0]LogAudioMixer: Display: Initializing audio mixer.
[2020.06.03-19.08.47:239][  0]LogAudioMixer: Display: Audio Device Output Speaker Info:
[2020.06.03-19.08.47:239][  0]LogAudioMixer: Display: Name: Speakers (HyperX Cloud Revolver S)
[2020.06.03-19.08.47:239][  0]LogAudioMixer: Display: Is Default: Yes
[2020.06.03-19.08.47:239][  0]LogAudioMixer: Display: Sample Rate: 48000
[2020.06.03-19.08.47:239][  0]LogAudioMixer: Display: Channel Count Used: 2
[2020.06.03-19.08.47:239][  0]LogAudioMixer: Display: Device Channel Count: 2
[2020.06.03-19.08.47:239][  0]LogAudioMixer: Display: Channel Order:
[2020.06.03-19.08.47:239][  0]LogAudioMixer: Display: 0: FrontLeft
[2020.06.03-19.08.47:239][  0]LogAudioMixer: Display: 1: FrontRight
[2020.06.03-19.08.47:246][  0]LogAudioMixer: Display: Using Audio Device Speakers (HyperX Cloud Revolver S)
[2020.06.03-19.08.47:254][  0]LogInit: FAudioDevice initialized.
[2020.06.03-19.08.47:255][  0]LogNetVersion: Set ProjectVersion to 1.0.0.0. Version Checksum will be recalculated on next use.
[2020.06.03-19.08.47:259][  0]LogInit: Texture streaming: Enabled
[2020.06.03-19.08.47:490][  0]LogSlate: Updating window title bar state: overlay mode, drag disabled, window buttons hidden, title bar hidden
[2020.06.03-19.08.47:490][  0]LogInit: Display: Game Engine Initialized.
[2020.06.03-19.08.47:491][  0]LogNiagaraEditor: Warning: GEditor isn't valid! Particle reset commands will not work for Niagara components!
[2020.06.03-19.08.47:500][  0]LogInit: Display: Starting Game.
[2020.06.03-19.08.47:501][  0]LogNet: Browse: /Game/RollingBP/Maps/TitleScreen?Name=Player
[2020.06.03-19.08.47:501][  0]LogLoad: LoadMap: /Game/RollingBP/Maps/TitleScreen?Name=Player
[2020.06.03-19.08.47:501][  0]LogWorld: BeginTearingDown for /Temp/Untitled_0
[2020.06.03-19.08.47:502][  0]LogWorld: UWorld::CleanupWorld for Untitled, bSessionEnded=true, bCleanupResources=true
[2020.06.03-19.08.47:502][  0]LogSlate: InvalidateAllWidgets triggered.  All widgets were invalidated
[2020.06.03-19.08.47:525][  0]LogAudioMixer: Display: No commands were queued while flushing the source manager.
[2020.06.03-19.08.47:527][  0]LogUObjectHash: Compacting FUObjectHashTables data took   1.59ms
[2020.06.03-19.08.47:554][  0]LogAIModule: Creating AISystem for world TitleScreen
[2020.06.03-19.08.47:554][  0]LogLoad: Game class is 'TitleScreenGM_C'
[2020.06.03-19.08.47:555][  0]LogWorld: Bringing World /Game/RollingBP/Maps/TitleScreen.TitleScreen up for play (max tick rate 0) at 2020.06.03-20.08.47
[2020.06.03-19.08.47:556][  0]LogWorld: Bringing up level for play took: 0.000330
[2020.06.03-19.08.47:556][  0]LogGameMode: FindPlayerStart: PATHS NOT DEFINED or NO PLAYERSTART with positive rating
[2020.06.03-19.08.47:558][  0]LogLoad: Took 0.057183 seconds to LoadMap(/Game/RollingBP/Maps/TitleScreen)
[2020.06.03-19.08.47:579][  0]LogSlate: InvalidateAllWidgets triggered.  All widgets were invalidated
[2020.06.03-19.09.00:621][  0]LogLoad: (Engine Initialization) Total time: 17.82 seconds
[2020.06.03-19.09.00:621][  0]LogLoad: (Engine Initialization) Total Blueprint compile time: 0.00 seconds
[2020.06.03-19.09.00:622][  0]LogContentStreaming: Texture pool size now 1000 MB
[2020.06.03-19.09.00:642][  2]LogRenderer: Reallocating scene render targets to support 1280x720 Format 10 NumSamples 1 (Frame:1).
[2020.06.03-19.09.07:150][624]LogSlate: Updating window title bar state: overlay mode, drag disabled, window buttons hidden, title bar hidden
[2020.06.03-19.09.07:270][624]LogPackageName: SearchForPackageOnDisk took   0.120s to resolve RiverV2.umap.
[2020.06.03-19.09.07:391][624]LogPackageName: SearchForPackageOnDisk took   0.120s to resolve RiverV2.umap.
[2020.06.03-19.09.07:391][624]LogNet: Browse: /Game/RollingBP/Maps/RiverV2?Name=Player??game=/Game/RollingBP/UI/GameModes/MainMenuGM.MainMenuGM_C
[2020.06.03-19.09.07:391][624]LogLoad: LoadMap: /Game/RollingBP/Maps/RiverV2?Name=Player??game=/Game/RollingBP/UI/GameModes/MainMenuGM.MainMenuGM_C
[2020.06.03-19.09.07:391][624]LogWorld: BeginTearingDown for /Game/RollingBP/Maps/TitleScreen
[2020.06.03-19.09.07:391][624]LogWorld: UWorld::CleanupWorld for TitleScreen, bSessionEnded=true, bCleanupResources=true
[2020.06.03-19.09.07:391][624]LogSlate: InvalidateAllWidgets triggered.  All widgets were invalidated
[2020.06.03-19.09.07:414][624]LogAudioMixer: Display: No commands were queued while flushing the source manager.
[2020.06.03-19.09.07:416][624]LogUObjectHash: Compacting FUObjectHashTables data took   1.45ms
[2020.06.03-19.09.08:201][624]LogAIModule: Creating AISystem for world RiverV2
[2020.06.03-19.09.08:340][624]LogLoad: Game class is 'MainMenuGM_C'
[2020.06.03-19.09.08:374][624]LogMaterial: Warning: Material /Game/Miles/Materials/M_BasicMaterial.M_BasicMaterial missing bUsedWithInstancedStaticMeshes=True! Default Material will be used in game.
[2020.06.03-19.09.08:374][624]LogMaterial: Warning:      The material will recompile every editor launch until resaved.
[2020.06.03-19.09.08:430][624]LogWorld: Bringing World /Game/RollingBP/Maps/RiverV2.RiverV2 up for play (max tick rate 0) at 2020.06.03-20.09.08
[2020.06.03-19.09.08:431][624]LogWorld: Bringing up level for play took: 0.090229
[2020.06.03-19.09.08:440][624]LogLoad: Took 1.049075 seconds to LoadMap(/Game/RollingBP/Maps/RiverV2)
[2020.06.03-19.09.08:444][625]LogAudio: Warning: Detected orphaned looping sound 'Aztec-demo-loop'.
[2020.06.03-19.09.08:886][719]LogWindowsDesktop: Alt-F4 pressed!
[2020.06.03-19.09.08:891][719]LogSlate: Window 'Team17Colab (64-bit Development PCD3D_SM5) ' being destroyed
[2020.06.03-19.09.08:892][719]LogWindowsTextInputMethodSystem: Display: IME system now deactivated.
[2020.06.03-19.09.08:894][719]LogWindowsTextInputMethodSystem: Display: IME system now deactivated.
[2020.06.03-19.09.08:896][719]LogSlate: Updating window title bar state: overlay mode, drag disabled, window buttons hidden, title bar hidden
[2020.06.03-19.09.08:896][719]LogEngine: All Windows Closed
[2020.06.03-19.09.08:896][719]LogWindows: FPlatformMisc::RequestExit(0)
[2020.06.03-19.09.08:896][719]LogCore: Engine exit requested (reason: Win RequestExit)
[2020.06.03-19.09.08:896][720]LogCore: Engine exit requested (reason: EngineExit() was called; note: exit was already requested)
[2020.06.03-19.09.08:913][720]LogAudioMixer: Display: Flush succeeded in the source manager command queue (1).
[2020.06.03-19.09.08:933][720]LogAudioMixer: Display: Flush succeeded the source manager command queue (2).
[2020.06.03-19.09.08:936][720]LogInit: Display: PreExit Game.
[2020.06.03-19.09.08:936][720]LogWorld: BeginTearingDown for /Game/RollingBP/Maps/RiverV2
[2020.06.03-19.09.08:937][720]LogWorld: UWorld::CleanupWorld for RiverV2, bSessionEnded=true, bCleanupResources=true
[2020.06.03-19.09.08:941][720]LogSlate: InvalidateAllWidgets triggered.  All widgets were invalidated
[2020.06.03-19.09.09:037][720]LogExit: Preparing to exit.
[2020.06.03-19.09.09:892][720]LogMoviePlayer: Shutting down movie player
[2020.06.03-19.09.09:911][720]LogSlate: Updating window title bar state: overlay mode, drag disabled, window buttons hidden, title bar hidden
[2020.06.03-19.09.09:924][720]LogDemo: Cleaned up 0 splitscreen connections with owner deletion
[2020.06.03-19.09.09:928][720]LogExit: Game engine shut down
[2020.06.03-19.09.09:994][720]LogExit: Object subsystem successfully closed.
[2020.06.03-19.09.10:014][720]LogShaderCompilers: Display: Shaders left to compile 0
[2020.06.03-19.09.10:022][720]LogModuleManager: Shutting down and abandoning module SequenceRecorderSections (446)
[2020.06.03-19.09.10:022][720]LogModuleManager: Shutting down and abandoning module SequenceRecorder (444)
[2020.06.03-19.09.10:022][720]LogModuleManager: Shutting down and abandoning module AutomationController (442)
[2020.06.03-19.09.10:022][720]LogModuleManager: Shutting down and abandoning module AutomationWorker (440)
[2020.06.03-19.09.10:022][720]LogModuleManager: Shutting down and abandoning module Voice (438)
[2020.06.03-19.09.10:022][720]LogModuleManager: Shutting down and abandoning module AIModule (436)
[2020.06.03-19.09.10:022][720]LogModuleManager: Shutting down and abandoning module GameplayDebugger (435)
[2020.06.03-19.09.10:022][720]LogModuleManager: Shutting down and abandoning module AITestSuite (433)
[2020.06.03-19.09.10:022][720]LogModuleManager: Shutting down and abandoning module NavigationSystem (431)
[2020.06.03-19.09.10:022][720]LogModuleManager: Shutting down and abandoning module OculusMR (428)
[2020.06.03-19.09.10:022][720]LogModuleManager: Shutting down and abandoning module WmfMediaFactory (426)
[2020.06.03-19.09.10:022][720]LogModuleManager: Shutting down and abandoning module WebMMediaFactory (424)
[2020.06.03-19.09.10:022][720]LogModuleManager: Shutting down and abandoning module WebMMedia (422)
[2020.06.03-19.09.10:022][720]LogModuleManager: Shutting down and abandoning module OpenExrWrapper (420)
[2020.06.03-19.09.10:022][720]LogModuleManager: Shutting down and abandoning module ImgMediaFactory (418)
[2020.06.03-19.09.10:022][720]LogModuleManager: Shutting down and abandoning module AvfMediaFactory (416)
[2020.06.03-19.09.10:022][720]LogModuleManager: Shutting down and abandoning module MagicLeapMediaCodecFactory (414)
[2020.06.03-19.09.10:022][720]LogModuleManager: Shutting down and abandoning module MagicLeapMediaFactory (412)
[2020.06.03-19.09.10:022][720]LogModuleManager: Shutting down and abandoning module CharacterAI (410)
[2020.06.03-19.09.10:022][720]LogModuleManager: Shutting down and abandoning module SessionServices (408)
[2020.06.03-19.09.10:022][720]LogModuleManager: Shutting down and abandoning module MovieSceneCapture (406)
[2020.06.03-19.09.10:022][720]LogModuleManager: Shutting down and abandoning module LiveCoding (404)
[2020.06.03-19.09.10:022][720]LogModuleManager: Shutting down and abandoning module LevelSequence (402)
[2020.06.03-19.09.10:023][720]LogModuleManager: Shutting down and abandoning module MovieSceneTracks (400)
[2020.06.03-19.09.10:023][720]LogModuleManager: Shutting down and abandoning module MovieScene (398)
[2020.06.03-19.09.10:023][720]LogModuleManager: Shutting down and abandoning module StreamingPauseRendering (396)
[2020.06.03-19.09.10:023][720]LogModuleManager: Shutting down and abandoning module PortalServices (394)
[2020.06.03-19.09.10:023][720]LogModuleManager: Shutting down and abandoning module PortalRpc (392)
[2020.06.03-19.09.10:023][720]LogModuleManager: Shutting down and abandoning module MessagingRpc (390)
[2020.06.03-19.09.10:023][720]LogModuleManager: Shutting down and abandoning module AudioMixerXAudio2 (388)
[2020.06.03-19.09.10:023][720]LogModuleManager: Shutting down and abandoning module ImageWriteQueue (386)
[2020.06.03-19.09.10:024][720]LogModuleManager: Shutting down and abandoning module ProfilerService (384)
[2020.06.03-19.09.10:028][720]LogModuleManager: Shutting down and abandoning module TaskGraph (382)
[2020.06.03-19.09.10:028][720]LogModuleManager: Shutting down and abandoning module ProceduralMeshComponent (380)
[2020.06.03-19.09.10:028][720]LogModuleManager: Shutting down and abandoning module OculusInput (378)
[2020.06.03-19.09.10:028][720]LogModuleManager: Shutting down and abandoning module MobilePatchingUtils (376)
[2020.06.03-19.09.10:028][720]LogModuleManager: Shutting down and abandoning module EditableMesh (374)
[2020.06.03-19.09.10:028][720]LogModuleManager: Shutting down and abandoning module CustomMeshComponent (372)
[2020.06.03-19.09.10:028][720]LogModuleManager: Shutting down and abandoning module CableComponent (370)
[2020.06.03-19.09.10:028][720]LogModuleManager: Shutting down and abandoning module AudioCapture (368)
[2020.06.03-19.09.10:028][720]LogModuleManager: Shutting down and abandoning module AudioCaptureRtAudio (367)
[2020.06.03-19.09.10:028][720]LogModuleManager: Shutting down and abandoning module AssetTags (364)
[2020.06.03-19.09.10:028][720]LogModuleManager: Shutting down and abandoning module ArchVisCharacter (362)
[2020.06.03-19.09.10:028][720]LogModuleManager: Shutting down and abandoning module AppleImageUtilsBlueprintSupport (360)
[2020.06.03-19.09.10:028][720]LogModuleManager: Shutting down and abandoning module AppleImageUtils (358)
[2020.06.03-19.09.10:028][720]LogModuleManager: Shutting down and abandoning module AndroidPermission (356)
[2020.06.03-19.09.10:028][720]LogModuleManager: Shutting down and abandoning module NUTUnrealEngine4 (354)
[2020.06.03-19.09.10:028][720]LogModuleManager: Shutting down and abandoning module NetcodeUnitTest (352)
[2020.06.03-19.09.10:028][720]LogModuleManager: Shutting down and abandoning module MediaCompositing (350)
[2020.06.03-19.09.10:028][720]LogModuleManager: Shutting down and abandoning module ImgMedia (348)
[2020.06.03-19.09.10:028][720]LogModuleManager: Shutting down and abandoning module MagicLeapHelperVulkan (346)
[2020.06.03-19.09.10:028][720]LogModuleManager: Shutting down and abandoning module MagicLeapHelperOpenGL (344)
[2020.06.03-19.09.10:028][720]LogModuleManager: Shutting down and abandoning module MagicLeapAudio (342)
[2020.06.03-19.09.10:028][720]LogModuleManager: Shutting down and abandoning module GeometryCacheTracks (340)
[2020.06.03-19.09.10:028][720]LogModuleManager: Shutting down and abandoning module GeometryCacheSequencer (339)
[2020.06.03-19.09.10:028][720]LogModuleManager: Shutting down and abandoning module GeometryCache (336)
[2020.06.03-19.09.10:028][720]LogModuleManager: Shutting down and abandoning module GeometryCacheEd (335)
[2020.06.03-19.09.10:028][720]LogModuleManager: Shutting down and abandoning module BackChannel (332)
[2020.06.03-19.09.10:028][720]LogModuleManager: Shutting down and abandoning module AutomationUtils (330)
[2020.06.03-19.09.10:028][720]LogModuleManager: Shutting down and abandoning module VisualStudioSourceCodeAccess (328)
[2020.06.03-19.09.10:028][720]LogModuleManager: Shutting down and abandoning module HotReload (327)
[2020.06.03-19.09.10:028][720]LogModuleManager: Shutting down and abandoning module DirectoryWatcher (326)
[2020.06.03-19.09.10:028][720]LogModuleManager: Shutting down and abandoning module VisualStudioCodeSourceCodeAccess (322)
[2020.06.03-19.09.10:028][720]LogModuleManager: Shutting down and abandoning module UObjectPlugin (320)
[2020.06.03-19.09.10:028][720]LogModuleManager: Shutting down and abandoning module SubversionSourceControl (318)
[2020.06.03-19.09.10:028][720]LogModuleManager: Shutting down and abandoning module PerforceSourceControl (316)
[2020.06.03-19.09.10:028][720]LogModuleManager: Shutting down and abandoning module SourceControl (315)
[2020.06.03-19.09.10:028][720]LogModuleManager: Shutting down and abandoning module CLionSourceCodeAccess (312)
[2020.06.03-19.09.10:028][720]LogModuleManager: Shutting down and abandoning module ActorLayerUtilities (310)
[2020.06.03-19.09.10:028][720]LogModuleManager: Shutting down and abandoning module SignificanceManager (308)
[2020.06.03-19.09.10:028][720]LogModuleManager: Shutting down and abandoning module RuntimePhysXCooking (306)
[2020.06.03-19.09.10:028][720]LogModuleManager: Shutting down and abandoning module PhysXVehiclesEditor (304)
[2020.06.03-19.09.10:028][720]LogModuleManager: Shutting down and abandoning module LocationServicesBPLibrary (300)
[2020.06.03-19.09.10:028][720]LogModuleManager: Shutting down and abandoning module ActorSequence (298)
[2020.06.03-19.09.10:028][720]LogModuleManager: Shutting down and abandoning module UdpMessaging (296)
[2020.06.03-19.09.10:130][720]LogModuleManager: Shutting down and abandoning module TcpMessaging (294)
[2020.06.03-19.09.10:887][720]LogModuleManager: Shutting down and abandoning module MagicLeapPrivileges (292)
[2020.06.03-19.09.10:887][720]LogModuleManager: Shutting down and abandoning module MagicLeapPlanes (290)
[2020.06.03-19.09.10:887][720]LogMagicLeapPlanes: Planes tracker already destroyed.
[2020.06.03-19.09.10:887][720]LogModuleManager: Shutting down and abandoning module MagicLeapIdentity (288)
[2020.06.03-19.09.10:887][720]LogModuleManager: Shutting down and abandoning module MagicLeapSecureStorage (286)
[2020.06.03-19.09.10:887][720]LogModuleManager: Shutting down and abandoning module MagicLeapImageTracker (284)
[2020.06.03-19.09.10:887][720]LogModuleManager: Shutting down and abandoning module MagicLeapHandTracking (282)
[2020.06.03-19.09.10:887][720]LogModuleManager: Shutting down and abandoning module MagicLeapHandMeshing (280)
[2020.06.03-19.09.10:887][720]LogModuleManager: Shutting down and abandoning module MagicLeapEyeTracker (278)
[2020.06.03-19.09.10:887][720]LogModuleManager: Shutting down and abandoning module MagicLeapController (276)
[2020.06.03-19.09.10:887][720]LogSlate: Slate User Destroyed.  User Index 0, Is Virtual User: 0
[2020.06.03-19.09.10:887][720]LogModuleManager: Shutting down and abandoning module MagicLeapARPin (274)
[2020.06.03-19.09.10:887][720]LogModuleManager: Shutting down and abandoning module MagicLeapAR (272)
[2020.06.03-19.09.10:887][720]LogModuleManager: Shutting down and abandoning module AugmentedReality (271)
[2020.06.03-19.09.10:887][720]LogModuleManager: Shutting down and abandoning module NiagaraAnimNotifies (268)
[2020.06.03-19.09.10:887][720]LogModuleManager: Shutting down and abandoning module Niagara (266)
[2020.06.03-19.09.10:887][720]LogModuleManager: Shutting down and abandoning module NiagaraEditor (265)
[2020.06.03-19.09.10:888][720]LogModuleManager: Shutting down and abandoning module NiagaraCore (262)
[2020.06.03-19.09.10:888][720]LogModuleManager: Shutting down and abandoning module GameplayTagsEditor (260)
[2020.06.03-19.09.10:888][720]LogModuleManager: Shutting down and abandoning module FacialAnimation (258)
[2020.06.03-19.09.10:888][720]LogModuleManager: Shutting down and abandoning module AssetManagerEditor (256)
[2020.06.03-19.09.10:888][720]LogModuleManager: Shutting down and abandoning module TreeMap (255)
[2020.06.03-19.09.10:888][720]LogModuleManager: Shutting down and abandoning module AnimationSharing (252)
[2020.06.03-19.09.10:888][720]LogModuleManager: Shutting down and abandoning module LightPropagationVolumeRuntime (250)
[2020.06.03-19.09.10:888][720]LogModuleManager: Shutting down and abandoning module Paper2D (248)
[2020.06.03-19.09.10:888][720]LogModuleManager: Shutting down and abandoning module WindowsMoviePlayer (246)
[2020.06.03-19.09.10:889][720]LogModuleManager: Shutting down and abandoning module WebMMoviePlayer (244)
[2020.06.03-19.09.10:889][720]LogModuleManager: Shutting down and abandoning module NetworkReplayStreaming (242)
[2020.06.03-19.09.10:890][720]LogModuleManager: Shutting down and abandoning module PacketHandler (240)
[2020.06.03-19.09.10:890][720]LogModuleManager: Shutting down and abandoning module ClothingSystemEditor (238)
[2020.06.03-19.09.10:890][720]LogModuleManager: Shutting down and abandoning module ClothingSystemRuntimeNv (236)
[2020.06.03-19.09.10:890][720]LogModuleManager: Shutting down and abandoning module MediaAssets (234)
[2020.06.03-19.09.10:890][720]LogModuleManager: Shutting down and abandoning module Overlay (232)
[2020.06.03-19.09.10:890][720]LogModuleManager: Shutting down and abandoning module OverlayEditor (231)
[2020.06.03-19.09.10:890][720]LogModuleManager: Shutting down and abandoning module VREditor (228)
[2020.06.03-19.09.10:890][720]LogModuleManager: Shutting down and abandoning module StringTableEditor (226)
[2020.06.03-19.09.10:890][720]LogModuleManager: Shutting down and abandoning module GameplayTasksEditor (224)
[2020.06.03-19.09.10:890][720]LogModuleManager: Shutting down and abandoning module BehaviorTreeEditor (222)
[2020.06.03-19.09.10:890][720]LogModuleManager: Shutting down and abandoning module FunctionalTesting (220)
[2020.06.03-19.09.10:890][720]LogModuleManager: Shutting down and abandoning module CollisionAnalyzer (218)
[2020.06.03-19.09.10:890][720]LogModuleManager: Shutting down and abandoning module WorkspaceMenuStructure (217)
[2020.06.03-19.09.10:890][720]LogModuleManager: Shutting down and abandoning module UMG (214)
[2020.06.03-19.09.10:890][720]LogModuleManager: Shutting down and abandoning module UMGEditor (213)
[2020.06.03-19.09.10:890][720]LogModuleManager: Shutting down and abandoning module Sequencer (212)
[2020.06.03-19.09.10:890][720]LogModuleManager: Shutting down and abandoning module MessageLog (209)
[2020.06.03-19.09.10:890][720]LogModuleManager: Shutting down and abandoning module SlateReflector (204)
[2020.06.03-19.09.10:890][720]LogModuleManager: Shutting down and abandoning module Slate (202)
[2020.06.03-19.09.10:890][720]LogModuleManager: Shutting down and abandoning module SlateCore (200)
[2020.06.03-19.09.10:890][720]LogModuleManager: Shutting down and abandoning module LandscapeEditorUtilities (198)
[2020.06.03-19.09.10:890][720]LogModuleManager: Shutting down and abandoning module EditorStyle (196)
[2020.06.03-19.09.10:890][720]LogModuleManager: Shutting down and abandoning module UnrealEd (194)
[2020.06.03-19.09.10:890][720]LogModuleManager: Shutting down and abandoning module MRMesh (192)
[2020.06.03-19.09.10:890][720]LogModuleManager: Shutting down and abandoning module Messaging (190)
[2020.06.03-19.09.10:890][720]LogModuleManager: Shutting down and abandoning module SourceCodeAccess (188)
[2020.06.03-19.09.10:890][720]LogModuleManager: Shutting down and abandoning module HeadMountedDisplay (186)
[2020.06.03-19.09.10:890][720]LogModuleManager: Shutting down and abandoning module XAudio2 (184)
[2020.06.03-19.09.10:890][720]LogModuleManager: Shutting down and abandoning module Networking (182)
[2020.06.03-19.09.10:891][720]LogModuleManager: Shutting down and abandoning module Core (180)
[2020.06.03-19.09.10:891][720]LogModuleManager: Shutting down and abandoning module MovieSceneTools (178)
[2020.06.03-19.09.10:891][720]LogModuleManager: Shutting down and abandoning module KismetCompiler (176)
[2020.06.03-19.09.10:891][720]LogModuleManager: Shutting down and abandoning module MeshUtilities (174)
[2020.06.03-19.09.10:891][720]LogModuleManager: Shutting down and abandoning module MeshMergeUtilities (173)
[2020.06.03-19.09.10:891][720]LogModuleManager: Shutting down and abandoning module MeshReductionInterface (172)
[2020.06.03-19.09.10:891][720]LogModuleManager: Shutting down and abandoning module MeshBoneReduction (171)
[2020.06.03-19.09.10:891][720]LogModuleManager: Shutting down and abandoning module SkeletalMeshReduction (169)
[2020.06.03-19.09.10:891][720]LogModuleManager: Shutting down and abandoning module ProxyLODMeshReduction (167)
[2020.06.03-19.09.10:891][720]LogModuleManager: Shutting down and abandoning module QuadricMeshReduction (165)
[2020.06.03-19.09.10:891][720]LogModuleManager: Shutting down and abandoning module MaterialBaking (161)
[2020.06.03-19.09.10:891][720]LogModuleManager: Shutting down and abandoning module NullInstallBundleManager (156)
[2020.06.03-19.09.10:891][720]LogModuleManager: Shutting down and abandoning module PIEPreviewDeviceProfileSelector (154)
[2020.06.03-19.09.10:891][720]LogModuleManager: Shutting down and abandoning module DerivedDataCache (152)
[2020.06.03-19.09.10:891][720]LogDerivedDataCache: Shutdown
[2020.06.03-19.09.10:891][720]LogModuleManager: Shutting down and abandoning module XGEController (150)
[2020.06.03-19.09.10:891][720]LogModuleManager: Shutting down and abandoning module TargetPlatform (148)
[2020.06.03-19.09.10:891][720]LogModuleManager: Shutting down and abandoning module VulkanShaderFormat (147)
[2020.06.03-19.09.10:891][720]LogModuleManager: Shutting down and abandoning module ShaderFormatVectorVM (145)
[2020.06.03-19.09.10:891][720]LogModuleManager: Shutting down and abandoning module ShaderFormatOpenGL (143)
[2020.06.03-19.09.10:891][720]LogModuleManager: Shutting down and abandoning module ShaderFormatD3D (141)
[2020.06.03-19.09.10:891][720]LogModuleManager: Shutting down and abandoning module MetalShaderFormat (139)
[2020.06.03-19.09.10:891][720]LogModuleManager: Shutting down and abandoning module TextureFormatUncompressed (137)
[2020.06.03-19.09.10:891][720]LogModuleManager: Shutting down and abandoning module TextureFormatPVR (135)
[2020.06.03-19.09.10:891][720]LogModuleManager: Shutting down and abandoning module TextureFormatDXT (133)
[2020.06.03-19.09.10:891][720]LogModuleManager: Shutting down and abandoning module TextureFormatIntelISPCTexComp (131)
[2020.06.03-19.09.10:891][720]LogModuleManager: Shutting down and abandoning module TextureFormatASTC (129)
[2020.06.03-19.09.10:891][720]LogModuleManager: Shutting down and abandoning module ImageWrapper (128)
[2020.06.03-19.09.10:891][720]LogModuleManager: Shutting down and abandoning module TextureFormatAndroid (125)
[2020.06.03-19.09.10:891][720]LogModuleManager: Shutting down and abandoning module AudioFormatOpus (123)
[2020.06.03-19.09.10:891][720]LogModuleManager: Shutting down and abandoning module AudioFormatOgg (121)
[2020.06.03-19.09.10:891][720]LogModuleManager: Shutting down and abandoning module AudioFormatADPCM (119)
[2020.06.03-19.09.10:891][720]LogModuleManager: Shutting down and abandoning module WindowsServerTargetPlatform (117)
[2020.06.03-19.09.10:891][720]LogModuleManager: Shutting down and abandoning module WindowsClientTargetPlatform (115)
[2020.06.03-19.09.10:891][720]LogModuleManager: Shutting down and abandoning module WindowsTargetPlatform (113)
[2020.06.03-19.09.10:891][720]LogModuleManager: Shutting down and abandoning module WindowsNoEditorTargetPlatform (111)
[2020.06.03-19.09.10:891][720]LogModuleManager: Shutting down and abandoning module InputCore (108)
[2020.06.03-19.09.10:891][720]LogModuleManager: Shutting down and abandoning module Settings (106)
[2020.06.03-19.09.10:891][720]LogModuleManager: Shutting down and abandoning module PhysXCooking (104)
[2020.06.03-19.09.10:891][720]LogModuleManager: Shutting down and abandoning module ChaosSolvers (102)
[2020.06.03-19.09.10:891][720]LogModuleManager: Shutting down and abandoning module FieldSystemEngine (101)
[2020.06.03-19.09.10:891][720]LogModuleManager: Shutting down and abandoning module Chaos (98)
[2020.06.03-19.09.10:891][720]LogModuleManager: Shutting down and abandoning module WindowsPlatformFeatures (96)
[2020.06.03-19.09.10:891][720]LogModuleManager: Shutting down and abandoning module GameplayMediaEncoder (95)
[2020.06.03-19.09.10:891][720]LogModuleManager: Shutting down and abandoning module SteamVRInputDevice (92)
[2020.06.03-19.09.10:891][720]LogModuleManager: Shutting down and abandoning module SteamVRInput (90)
[2020.06.03-19.09.10:891][720]LogModuleManager: Shutting down and abandoning module SteamVR (88)
[2020.06.03-19.09.10:891][720]LogHMD: Freeing OpenVRDLLHandle.
[2020.06.03-19.09.10:891][720]LogModuleManager: Shutting down and abandoning module OculusHMD (86)
[2020.06.03-19.09.10:891][720]LogModuleManager: Shutting down and abandoning module ExampleDeviceProfileSelector (84)
[2020.06.03-19.09.10:891][720]LogModuleManager: Shutting down and abandoning module LauncherChunkInstaller (82)
[2020.06.03-19.09.10:891][720]LogModuleManager: Shutting down and abandoning module OnlineBlueprintSupport (80)
[2020.06.03-19.09.10:891][720]LogModuleManager: Shutting down and abandoning module OnlineSubsystem (76)
[2020.06.03-19.09.10:892][720]LogModuleManager: Shutting down and abandoning module XMPP (71)
[2020.06.03-19.09.10:892][720]LogModuleManager: Shutting down and abandoning module WebSockets (70)
[2020.06.03-19.09.10:920][720]LogModuleManager: Shutting down and abandoning module HTTP (67)
[2020.06.03-19.09.10:948][720]LogModuleManager: Shutting down and abandoning module SSL (66)
[2020.06.03-19.09.10:949][720]LogModuleManager: Shutting down and abandoning module WmfMedia (62)
[2020.06.03-19.09.10:952][720]LogModuleManager: Shutting down and abandoning module Media (61)
[2020.06.03-19.09.10:952][720]LogModuleManager: Shutting down and abandoning module MagicLeap (58)
[2020.06.03-19.09.10:952][720]LogModuleManager: Shutting down and abandoning module NiagaraVertexFactories (56)
[2020.06.03-19.09.10:952][720]LogModuleManager: Shutting down and abandoning module NiagaraShader (54)
[2020.06.03-19.09.10:952][720]LogModuleManager: Shutting down and abandoning module VariantManagerContent (52)
[2020.06.03-19.09.10:952][720]LogModuleManager: Shutting down and abandoning module DatasmithContent (50)
[2020.06.03-19.09.10:953][720]LogModuleManager: Shutting down and abandoning module AISupportModule (48)
[2020.06.03-19.09.10:953][720]LogModuleManager: Shutting down and abandoning module DesktopPlatform (46)
[2020.06.03-19.09.10:953][720]LogModuleManager: Shutting down and abandoning module PlatformCryptoOpenSSL (44)
[2020.06.03-19.09.10:953][720]LogModuleManager: Shutting down and abandoning module PlatformCryptoTypes (42)
[2020.06.03-19.09.10:953][720]LogModuleManager: Shutting down and abandoning module PlatformCrypto (40)
[2020.06.03-19.09.10:953][720]LogModuleManager: Shutting down and abandoning module AnimationModifiers (38)
[2020.06.03-19.09.10:953][720]LogModuleManager: Shutting down and abandoning module PropertyEditor (37)
[2020.06.03-19.09.10:953][720]LogModuleManager: Shutting down and abandoning module AudioEditor (34)
[2020.06.03-19.09.10:953][720]LogModuleManager: Shutting down and abandoning module TextureCompressor (32)
[2020.06.03-19.09.10:953][720]LogModuleManager: Shutting down and abandoning module RenderCore (30)
[2020.06.03-19.09.10:953][720]LogModuleManager: Shutting down and abandoning module Landscape (28)
[2020.06.03-19.09.10:953][720]LogModuleManager: Shutting down and abandoning module SlateRHIRenderer (26)
[2020.06.03-19.09.10:954][720]LogModuleManager: Shutting down and abandoning module OpenGLDrv (24)
[2020.06.03-19.09.10:954][720]LogModuleManager: Shutting down and abandoning module D3D11RHI (22)
[2020.06.03-19.09.10:954][720]LogModuleManager: Shutting down and abandoning module AnimGraphRuntime (20)
[2020.06.03-19.09.10:954][720]LogModuleManager: Shutting down and abandoning module Renderer (18)
[2020.06.03-19.09.10:954][720]LogModuleManager: Shutting down and abandoning module Engine (16)
[2020.06.03-19.09.10:954][720]LogModuleManager: Shutting down and abandoning module CoreUObject (14)
[2020.06.03-19.09.10:954][720]LogModuleManager: Shutting down and abandoning module NetworkFile (12)
[2020.06.03-19.09.10:954][720]LogModuleManager: Shutting down and abandoning module CookedIterativeFile (10)
[2020.06.03-19.09.10:954][720]LogModuleManager: Shutting down and abandoning module StreamingFile (8)
[2020.06.03-19.09.10:954][720]LogModuleManager: Shutting down and abandoning module SandboxFile (6)
[2020.06.03-19.09.10:954][720]LogModuleManager: Shutting down and abandoning module PakFile (4)
[2020.06.03-19.09.10:954][720]LogModuleManager: Shutting down and abandoning module RSA (3)
[2020.06.03-19.09.10:954][720]LogD3D11RHI: Shutdown
[2020.06.03-19.09.10:954][720]LogD3D11RHI: CleanupD3DDevice
[2020.06.03-19.09.10:964][720]LogExit: Exiting.
[2020.06.03-19.09.10:976][720]Log file closed, 06/03/20 20:09:10
