Log file open, 06/06/20 20:38:23
LogWindows: Failed to load 'aqProf.dll' (GetLastError=126)
LogWindows: File 'aqProf.dll' does not exist
LogWindows: Failed to load 'VtuneApi.dll' (GetLastError=126)
LogWindows: File 'VtuneApi.dll' does not exist
LogWindows: Failed to load 'VtuneApi32e.dll' (GetLastError=126)
LogWindows: File 'VtuneApi32e.dll' does not exist
LogConsoleResponse: Display: Failed to find resolution value strings in scalability ini. Falling back to default.
LogInit: Display: Running engine for game: Team17Colab
LogPlatformFile: Not using cached read wrapper
LogTaskGraph: Started task graph with 5 named threads and 35 total threads with 3 sets of task threads.
LogStats: Stats thread started at 0.052729
LogD3D11RHI: Loaded GFSDK_Aftermath_Lib.x64.dll
LogICUInternationalization: ICU TimeZone Detection - Raw Offset: +0:00, Platform Override: ''
LogPluginManager: Mounting plugin Paper2D
LogPluginManager: Mounting plugin AISupport
LogPluginManager: Mounting plugin LightPropagationVolume
LogPluginManager: Mounting plugin ActorLayerUtilities
LogPluginManager: Mounting plugin AnimationSharing
LogPluginManager: Mounting plugin CLionSourceCodeAccess
LogPluginManager: Mounting plugin CodeLiteSourceCodeAccess
LogPluginManager: Mounting plugin GitSourceControl
LogPluginManager: Mounting plugin KDevelopSourceCodeAccess
LogPluginManager: Mounting plugin NullSourceCodeAccess
LogPluginManager: Mounting plugin PerforceSourceControl
LogPluginManager: Mounting plugin PlasticSourceControl
LogPluginManager: Mounting plugin SubversionSourceControl
LogPluginManager: Mounting plugin UObjectPlugin
LogPluginManager: Mounting plugin VisualStudioCodeSourceCodeAccess
LogPluginManager: Mounting plugin VisualStudioSourceCodeAccess
LogPluginManager: Mounting plugin XCodeSourceCodeAccess
LogPluginManager: Mounting plugin AssetManagerEditor
LogPluginManager: Mounting plugin CryptoKeys
LogPluginManager: Mounting plugin CurveEditorTools
LogPluginManager: Mounting plugin DataValidation
LogPluginManager: Mounting plugin FacialAnimation
LogPluginManager: Mounting plugin GameplayTagsEditor
LogPluginManager: Mounting plugin MacGraphicsSwitching
LogPluginManager: Mounting plugin MaterialAnalyzer
LogPluginManager: Mounting plugin MobileLauncherProfileWizard
LogPluginManager: Mounting plugin PluginBrowser
LogPluginManager: Mounting plugin SpeedTreeImporter
LogPluginManager: Mounting plugin DatasmithContent
LogPluginManager: Mounting plugin VariantManagerContent
LogPluginManager: Mounting plugin AlembicImporter
LogPluginManager: Mounting plugin AutomationUtils
LogPluginManager: Mounting plugin BackChannel
LogPluginManager: Mounting plugin CharacterAI
LogPluginManager: Mounting plugin GeometryCache
LogPluginManager: Mounting plugin PlatformCrypto
LogPluginManager: Mounting plugin ProxyLODPlugin
LogPluginManager: Mounting plugin SkeletalReduction
LogPluginManager: Mounting plugin Niagara
LogPluginManager: Mounting plugin NiagaraExtras
LogPluginManager: Mounting plugin MagicLeap
LogPluginManager: Mounting plugin MagicLeapMedia
LogPluginManager: Mounting plugin MLSDK
LogPluginManager: Mounting plugin AndroidMedia
LogPluginManager: Mounting plugin AvfMedia
LogPluginManager: Mounting plugin ImgMedia
LogPluginManager: Mounting plugin MediaCompositing
LogPluginManager: Mounting plugin MediaPlayerEditor
LogPluginManager: Mounting plugin WebMMedia
LogPluginManager: Mounting plugin WmfMedia
LogPluginManager: Mounting plugin TcpMessaging
LogPluginManager: Mounting plugin UdpMessaging
LogPluginManager: Mounting plugin ActorSequence
LogPluginManager: Mounting plugin LevelSequenceEditor
LogPluginManager: Mounting plugin MatineeToLevelSequence
LogPluginManager: Mounting plugin NetcodeUnitTest
LogPluginManager: Mounting plugin NUTUnrealEngine4
LogPluginManager: Mounting plugin OnlineSubsystemGooglePlay
LogPluginManager: Mounting plugin OnlineSubsystemIOS
LogPluginManager: Mounting plugin OnlineSubsystem
LogPluginManager: Mounting plugin OnlineSubsystemNull
LogPluginManager: Mounting plugin OnlineSubsystemUtils
LogPluginManager: Mounting plugin LauncherChunkInstaller
LogPluginManager: Mounting plugin AndroidDeviceProfileSelector
LogPluginManager: Mounting plugin AndroidMoviePlayer
LogPluginManager: Mounting plugin AndroidPermission
LogPluginManager: Mounting plugin AppleImageUtils
LogPluginManager: Mounting plugin AppleMoviePlayer
LogPluginManager: Mounting plugin ArchVisCharacter
LogPluginManager: Mounting plugin AssetTags
LogPluginManager: Mounting plugin AudioCapture
LogPluginManager: Mounting plugin CableComponent
LogPluginManager: Mounting plugin CustomMeshComponent
LogPluginManager: Mounting plugin EditableMesh
LogPluginManager: Mounting plugin ExampleDeviceProfileSelector
LogPluginManager: Mounting plugin GoogleCloudMessaging
LogPluginManager: Mounting plugin IOSDeviceProfileSelector
LogPluginManager: Mounting plugin LinuxDeviceProfileSelector
LogPluginManager: Mounting plugin LocationServicesBPLibrary
LogPluginManager: Mounting plugin MobilePatchingUtils
LogPluginManager: Mounting plugin OculusVR
LogPluginManager: Mounting plugin PhysXVehicles
LogPluginManager: Mounting plugin PostSplashScreen
LogPluginManager: Mounting plugin ProceduralMeshComponent
LogPluginManager: Mounting plugin RuntimePhysXCooking
LogPluginManager: Mounting plugin SignificanceManager
LogPluginManager: Mounting plugin SteamVR
LogPluginManager: Mounting plugin WebMMoviePlayer
LogPluginManager: Mounting plugin WindowsMoviePlayer
LogPluginManager: Mounting plugin ScreenshotTools
LogInit: Using libcurl 7.55.1-DEV
LogInit:  - built for x86_64-pc-win32
LogInit:  - supports SSL with OpenSSL/1.1.1
LogInit:  - supports HTTP deflate (compression) using libz 1.2.8
LogInit:  - other features:
LogInit:      CURL_VERSION_SSL
LogInit:      CURL_VERSION_LIBZ
LogInit:      CURL_VERSION_IPV6
LogInit:      CURL_VERSION_ASYNCHDNS
LogInit:      CURL_VERSION_LARGEFILE
LogInit:      CURL_VERSION_IDN
LogInit:  CurlRequestOptions (configurable via config and command line):
LogInit:  - bVerifyPeer = true  - Libcurl will verify peer certificate
LogInit:  - bUseHttpProxy = false  - Libcurl will NOT use HTTP proxy
LogInit:  - bDontReuseConnections = false  - Libcurl will reuse connections
LogInit:  - MaxHostConnections = 16  - Libcurl will limit the number of connections to a host
LogInit:  - LocalHostAddr = Default
LogInit:  - BufferSize = 65536
LogOnline: OSS: Creating online subsystem instance for: NULL
LogInit: WinSock: version 1.1 (2.2), MaxSocks=32767, MaxUdp=65467
LogOnline: OSS: TryLoadSubsystemAndSetDefault: Loaded subsystem for module [NULL]
LogInit: Build: ++UE4+Release-4.24-CL-11590370
LogInit: Engine Version: 4.24.3-11590370+++UE4+Release-4.24
LogInit: Compatible Engine Version: 4.24.0-10570792+++UE4+Release-4.24
LogInit: Net CL: 10570792
LogInit: OS: Windows 10 (Release 1909) (), CPU: AMD Ryzen 5 3600 6-Core Processor              , GPU: NVIDIA GeForce RTX 2070 SUPER
LogInit: Compiled (64-bit): Feb 24 2020 15:39:18
LogInit: Compiled with Visual C++: 19.16.27032.01
LogInit: Build Configuration: Development
LogInit: Branch Name: ++UE4+Release-4.24
LogInit: Command Line: 
LogInit: Base Directory: C:/Program Files/Epic Games/UE_4.24/Engine/Binaries/Win64/
LogInit: Installed Engine Build: 1
LogDevObjectVersion: Number of dev versions registered: 25
LogDevObjectVersion:   Dev-Blueprints (B0D832E4-1F89-4F0D-ACCF-7EB736FD4AA2): 10
LogDevObjectVersion:   Dev-Build (E1C64328-A22C-4D53-A36C-8E866417BD8C): 0
LogDevObjectVersion:   Dev-Core (375EC13C-06E4-48FB-B500-84F0262A717E): 3
LogDevObjectVersion:   Dev-Editor (E4B068ED-F494-42E9-A231-DA0B2E46BB41): 37
LogDevObjectVersion:   Dev-Framework (CFFC743F-43B0-4480-9391-14DF171D2073): 36
LogDevObjectVersion:   Dev-Mobile (B02B49B5-BB20-44E9-A304-32B752E40360): 2
LogDevObjectVersion:   Dev-Networking (A4E4105C-59A1-49B5-A7C5-40C4547EDFEE): 0
LogDevObjectVersion:   Dev-Online (39C831C9-5AE6-47DC-9A44-9C173E1C8E7C): 0
LogDevObjectVersion:   Dev-Physics (78F01B33-EBEA-4F98-B9B4-84EACCB95AA2): 2
LogDevObjectVersion:   Dev-Platform (6631380F-2D4D-43E0-8009-CF276956A95A): 0
LogDevObjectVersion:   Dev-Rendering (12F88B9F-8875-4AFC-A67C-D90C383ABD29): 36
LogDevObjectVersion:   Dev-Sequencer (7B5AE74C-D270-4C10-A958-57980B212A5A): 11
LogDevObjectVersion:   Dev-VR (D7296918-1DD6-4BDD-9DE2-64A83CC13884): 2
LogDevObjectVersion:   Dev-LoadTimes (C2A15278-BFE7-4AFE-6C17-90FF531DF755): 1
LogDevObjectVersion:   Private-Geometry (6EACA3D4-40EC-4CC1-B786-8BED09428FC5): 3
LogDevObjectVersion:   Dev-AnimPhys (29E575DD-E0A3-4627-9D10-D276232CDCEA): 17
LogDevObjectVersion:   Dev-Anim (AF43A65D-7FD3-4947-9873-3E8ED9C1BB05): 2
LogDevObjectVersion:   Dev-ReflectionCapture (6B266CEC-1EC7-4B8F-A30B-E4D90942FC07): 1
LogDevObjectVersion:   Dev-Automation (0DF73D61-A23F-47EA-B727-89E90C41499A): 1
LogDevObjectVersion:   FortniteMain (601D1886-AC64-4F84-AA16-D3DE0DEAC7D6): 31
LogDevObjectVersion:   Dev-Enterprise (9DFFBCD6-494F-0158-E221-12823C92A888): 8
LogDevObjectVersion:   Dev-Niagara (F2AED0AC-9AFE-416F-8664-AA7FFA26D6FC): 1
LogDevObjectVersion:   Dev-Destruction (174F1F0B-B4C6-45A5-B13F-2EE8D0FB917D): 9
LogDevObjectVersion:   Dev-Physics-Ext (35F94A83-E258-406C-A318-09F59610247C): 8
LogDevObjectVersion:   Dev-CineCamera (B2E18506-4273-CFC2-A54E-F4BB758BBA07): 1
LogInit: Presizing for max 25165824 objects, including 0 objects not considered by GC, pre-allocating 0 bytes for permanent pool.
LogInit: Object subsystem initialized
LogConfig: Setting CVar [[con.DebugEarlyDefault:1]]
LogConfig: Setting CVar [[r.setres:1280x720]]
[2020.06.06-19.38.23:508][  0]LogConfig: Setting CVar [[r.VSync:0]]
[2020.06.06-19.38.23:508][  0]LogConfig: Setting CVar [[r.RHICmdBypass:0]]
[2020.06.06-19.38.23:508][  0]LogConfig: Applying CVar settings from Section [/Script/Engine.RendererSettings] File [E:/JrSrProject/JSColabTeam17/Team17Colab/Saved/Config/Windows/Engine.ini]
[2020.06.06-19.38.23:508][  0]LogConfig: Setting CVar [[r.GPUCrashDebugging:0]]
[2020.06.06-19.38.23:508][  0]LogConfig: Applying CVar settings from Section [/Script/Engine.RendererOverrideSettings] File [E:/JrSrProject/JSColabTeam17/Team17Colab/Saved/Config/Windows/Engine.ini]
[2020.06.06-19.38.23:508][  0]LogConfig: Applying CVar settings from Section [/Script/Engine.StreamingSettings] File [E:/JrSrProject/JSColabTeam17/Team17Colab/Saved/Config/Windows/Engine.ini]
[2020.06.06-19.38.23:508][  0]LogConfig: Setting CVar [[s.MinBulkDataSizeForAsyncLoading:131072]]
[2020.06.06-19.38.23:508][  0]LogConfig: Setting CVar [[s.AsyncLoadingThreadEnabled:0]]
[2020.06.06-19.38.23:508][  0]LogConfig: Setting CVar [[s.EventDrivenLoaderEnabled:1]]
[2020.06.06-19.38.23:508][  0]LogConfig: Setting CVar [[s.WarnIfTimeLimitExceeded:0]]
[2020.06.06-19.38.23:508][  0]LogConfig: Setting CVar [[s.TimeLimitExceededMultiplier:1.5]]
[2020.06.06-19.38.23:508][  0]LogConfig: Setting CVar [[s.TimeLimitExceededMinTime:0.005]]
[2020.06.06-19.38.23:508][  0]LogConfig: Setting CVar [[s.UseBackgroundLevelStreaming:1]]
[2020.06.06-19.38.23:509][  0]LogConfig: Setting CVar [[s.PriorityAsyncLoadingExtraTime:15.0]]
[2020.06.06-19.38.23:509][  0]LogConfig: Setting CVar [[s.LevelStreamingActorsUpdateTimeLimit:5.0]]
[2020.06.06-19.38.23:509][  0]LogConfig: Setting CVar [[s.PriorityLevelStreamingActorsUpdateExtraTime:5.0]]
[2020.06.06-19.38.23:509][  0]LogConfig: Setting CVar [[s.LevelStreamingComponentsRegistrationGranularity:10]]
[2020.06.06-19.38.23:509][  0]LogConfig: Setting CVar [[s.UnregisterComponentsTimeLimit:1.0]]
[2020.06.06-19.38.23:509][  0]LogConfig: Setting CVar [[s.LevelStreamingComponentsUnregistrationGranularity:5]]
[2020.06.06-19.38.23:509][  0]LogConfig: Setting CVar [[s.FlushStreamingOnExit:1]]
[2020.06.06-19.38.23:509][  0]LogConfig: Applying CVar settings from Section [/Script/Engine.GarbageCollectionSettings] File [E:/JrSrProject/JSColabTeam17/Team17Colab/Saved/Config/Windows/Engine.ini]
[2020.06.06-19.38.23:509][  0]LogConfig: Setting CVar [[gc.MaxObjectsNotConsideredByGC:1]]
[2020.06.06-19.38.23:509][  0]LogConfig: Setting CVar [[gc.SizeOfPermanentObjectPool:0]]
[2020.06.06-19.38.23:509][  0]LogConfig: Setting CVar [[gc.FlushStreamingOnGC:0]]
[2020.06.06-19.38.23:509][  0]LogConfig: Setting CVar [[gc.NumRetriesBeforeForcingGC:10]]
[2020.06.06-19.38.23:509][  0]LogConfig: Setting CVar [[gc.AllowParallelGC:1]]
[2020.06.06-19.38.23:509][  0]LogConfig: Setting CVar [[gc.TimeBetweenPurgingPendingKillObjects:61.1]]
[2020.06.06-19.38.23:509][  0]LogConfig: Setting CVar [[gc.MaxObjectsInEditor:25165824]]
[2020.06.06-19.38.23:509][  0]LogConfig: Setting CVar [[gc.IncrementalBeginDestroyEnabled:1]]
[2020.06.06-19.38.23:509][  0]LogConfig: Setting CVar [[gc.CreateGCClusters:1]]
[2020.06.06-19.38.23:509][  0]LogConfig: Setting CVar [[gc.MinGCClusterSize:5]]
[2020.06.06-19.38.23:509][  0]LogConfig: Setting CVar [[gc.ActorClusteringEnabled:0]]
[2020.06.06-19.38.23:509][  0]LogConfig: Setting CVar [[gc.BlueprintClusteringEnabled:0]]
[2020.06.06-19.38.23:509][  0]LogConfig: Setting CVar [[gc.UseDisregardForGCOnDedicatedServers:0]]
[2020.06.06-19.38.23:509][  0]LogConfig: Applying CVar settings from Section [/Script/Engine.NetworkSettings] File [E:/JrSrProject/JSColabTeam17/Team17Colab/Saved/Config/Windows/Engine.ini]
[2020.06.06-19.38.23:509][  0]LogConfig: Applying CVar settings from Section [/Script/UnrealEd.CookerSettings] File [E:/JrSrProject/JSColabTeam17/Team17Colab/Saved/Config/Windows/Engine.ini]
[2020.06.06-19.38.23:510][  0]LogConfig: Applying CVar settings from Section [ViewDistanceQuality@3] File [E:/JrSrProject/JSColabTeam17/Team17Colab/Saved/Config/Windows/Scalability.ini]
[2020.06.06-19.38.23:510][  0]LogConfig: Setting CVar [[r.SkeletalMeshLODBias:0]]
[2020.06.06-19.38.23:510][  0]LogConfig: Setting CVar [[r.ViewDistanceScale:1.0]]
[2020.06.06-19.38.23:510][  0]LogConfig: Applying CVar settings from Section [AntiAliasingQuality@3] File [E:/JrSrProject/JSColabTeam17/Team17Colab/Saved/Config/Windows/Scalability.ini]
[2020.06.06-19.38.23:510][  0]LogConfig: Setting CVar [[r.PostProcessAAQuality:4]]
[2020.06.06-19.38.23:510][  0]LogConfig: Applying CVar settings from Section [ShadowQuality@3] File [E:/JrSrProject/JSColabTeam17/Team17Colab/Saved/Config/Windows/Scalability.ini]
[2020.06.06-19.38.23:510][  0]LogConfig: Setting CVar [[r.LightFunctionQuality:1]]
[2020.06.06-19.38.23:510][  0]LogConfig: Setting CVar [[r.ShadowQuality:5]]
[2020.06.06-19.38.23:510][  0]LogConfig: Setting CVar [[r.Shadow.CSM.MaxCascades:10]]
[2020.06.06-19.38.23:511][  0]LogConfig: Setting CVar [[r.Shadow.MaxResolution:2048]]
[2020.06.06-19.38.23:511][  0]LogConfig: Setting CVar [[r.Shadow.MaxCSMResolution:2048]]
[2020.06.06-19.38.23:511][  0]LogConfig: Setting CVar [[r.Shadow.RadiusThreshold:0.01]]
[2020.06.06-19.38.23:511][  0]LogConfig: Setting CVar [[r.Shadow.DistanceScale:1.0]]
[2020.06.06-19.38.23:511][  0]LogConfig: Setting CVar [[r.Shadow.CSM.TransitionScale:1.0]]
[2020.06.06-19.38.23:511][  0]LogConfig: Setting CVar [[r.Shadow.PreShadowResolutionFactor:1.0]]
[2020.06.06-19.38.23:511][  0]LogConfig: Setting CVar [[r.DistanceFieldShadowing:1]]
[2020.06.06-19.38.23:511][  0]LogConfig: Setting CVar [[r.DistanceFieldAO:1]]
[2020.06.06-19.38.23:511][  0]LogConfig: Setting CVar [[r.AOQuality:2]]
[2020.06.06-19.38.23:511][  0]LogConfig: Setting CVar [[r.VolumetricFog:1]]
[2020.06.06-19.38.23:511][  0]LogConfig: Setting CVar [[r.VolumetricFog.GridPixelSize:8]]
[2020.06.06-19.38.23:511][  0]LogConfig: Setting CVar [[r.VolumetricFog.GridSizeZ:128]]
[2020.06.06-19.38.23:511][  0]LogConfig: Setting CVar [[r.VolumetricFog.HistoryMissSupersampleCount:4]]
[2020.06.06-19.38.23:511][  0]LogConfig: Setting CVar [[r.LightMaxDrawDistanceScale:1]]
[2020.06.06-19.38.23:511][  0]LogConfig: Setting CVar [[r.CapsuleShadows:1]]
[2020.06.06-19.38.23:511][  0]LogConfig: Applying CVar settings from Section [PostProcessQuality@3] File [E:/JrSrProject/JSColabTeam17/Team17Colab/Saved/Config/Windows/Scalability.ini]
[2020.06.06-19.38.23:511][  0]LogConfig: Setting CVar [[r.MotionBlurQuality:4]]
[2020.06.06-19.38.23:511][  0]LogConfig: Setting CVar [[r.AmbientOcclusionMipLevelFactor:0.4]]
[2020.06.06-19.38.23:511][  0]LogConfig: Setting CVar [[r.AmbientOcclusionMaxQuality:100]]
[2020.06.06-19.38.23:511][  0]LogConfig: Setting CVar [[r.AmbientOcclusionLevels:-1]]
[2020.06.06-19.38.23:511][  0]LogConfig: Setting CVar [[r.AmbientOcclusionRadiusScale:1.0]]
[2020.06.06-19.38.23:511][  0]LogConfig: Setting CVar [[r.DepthOfFieldQuality:2]]
[2020.06.06-19.38.23:511][  0]LogConfig: Setting CVar [[r.RenderTargetPoolMin:400]]
[2020.06.06-19.38.23:511][  0]LogConfig: Setting CVar [[r.LensFlareQuality:2]]
[2020.06.06-19.38.23:511][  0]LogConfig: Setting CVar [[r.SceneColorFringeQuality:1]]
[2020.06.06-19.38.23:511][  0]LogConfig: Setting CVar [[r.EyeAdaptationQuality:2]]
[2020.06.06-19.38.23:511][  0]LogConfig: Setting CVar [[r.BloomQuality:5]]
[2020.06.06-19.38.23:511][  0]LogConfig: Setting CVar [[r.FastBlurThreshold:100]]
[2020.06.06-19.38.23:511][  0]LogConfig: Setting CVar [[r.Upscale.Quality:3]]
[2020.06.06-19.38.23:511][  0]LogConfig: Setting CVar [[r.Tonemapper.GrainQuantization:1]]
[2020.06.06-19.38.23:511][  0]LogConfig: Setting CVar [[r.LightShaftQuality:1]]
[2020.06.06-19.38.23:511][  0]LogConfig: Setting CVar [[r.Filter.SizeScale:1]]
[2020.06.06-19.38.23:511][  0]LogConfig: Setting CVar [[r.Tonemapper.Quality:5]]
[2020.06.06-19.38.23:511][  0]LogConfig: Setting CVar [[r.DOF.Gather.AccumulatorQuality:1        ; higher gathering accumulator quality]]
[2020.06.06-19.38.23:511][  0]LogConfig: Setting CVar [[r.DOF.Gather.PostfilterMethod:1          ; Median3x3 postfilering method]]
[2020.06.06-19.38.23:511][  0]LogConfig: Setting CVar [[r.DOF.Gather.EnableBokehSettings:0       ; no bokeh simulation when gathering]]
[2020.06.06-19.38.23:511][  0]LogConfig: Setting CVar [[r.DOF.Gather.RingCount:4                 ; medium number of samples when gathering]]
[2020.06.06-19.38.23:511][  0]LogConfig: Setting CVar [[r.DOF.Scatter.ForegroundCompositing:1    ; additive foreground scattering]]
[2020.06.06-19.38.23:511][  0]LogConfig: Setting CVar [[r.DOF.Scatter.BackgroundCompositing:2    ; additive background scattering]]
[2020.06.06-19.38.23:511][  0]LogConfig: Setting CVar [[r.DOF.Scatter.EnableBokehSettings:1      ; bokeh simulation when scattering]]
[2020.06.06-19.38.23:511][  0]LogConfig: Setting CVar [[r.DOF.Scatter.MaxSpriteRatio:0.1         ; only a maximum of 10% of scattered bokeh]]
[2020.06.06-19.38.23:511][  0]LogConfig: Setting CVar [[r.DOF.Recombine.Quality:1                ; cheap slight out of focus]]
[2020.06.06-19.38.23:511][  0]LogConfig: Setting CVar [[r.DOF.Recombine.EnableBokehSettings:0    ; no bokeh simulation on slight out of focus]]
[2020.06.06-19.38.23:511][  0]LogConfig: Setting CVar [[r.DOF.TemporalAAQuality:1                ; more stable temporal accumulation]]
[2020.06.06-19.38.23:511][  0]LogConfig: Setting CVar [[r.DOF.Kernel.MaxForegroundRadius:0.025]]
[2020.06.06-19.38.23:511][  0]LogConfig: Setting CVar [[r.DOF.Kernel.MaxBackgroundRadius:0.025]]
[2020.06.06-19.38.23:511][  0]LogConfig: Applying CVar settings from Section [TextureQuality@3] File [E:/JrSrProject/JSColabTeam17/Team17Colab/Saved/Config/Windows/Scalability.ini]
[2020.06.06-19.38.23:511][  0]LogConfig: Setting CVar [[r.Streaming.MipBias:0]]
[2020.06.06-19.38.23:511][  0]LogConfig: Setting CVar [[r.Streaming.AmortizeCPUToGPUCopy:0]]
[2020.06.06-19.38.23:511][  0]LogConfig: Setting CVar [[r.Streaming.MaxNumTexturesToStreamPerFrame:0]]
[2020.06.06-19.38.23:511][  0]LogConfig: Setting CVar [[r.Streaming.Boost:1]]
[2020.06.06-19.38.23:511][  0]LogConfig: Setting CVar [[r.MaxAnisotropy:8]]
[2020.06.06-19.38.23:511][  0]LogConfig: Setting CVar [[r.VT.MaxAnisotropy:8]]
[2020.06.06-19.38.23:511][  0]LogConfig: Setting CVar [[r.Streaming.LimitPoolSizeToVRAM:0]]
[2020.06.06-19.38.23:511][  0]LogConfig: Setting CVar [[r.Streaming.PoolSize:1000]]
[2020.06.06-19.38.23:511][  0]LogConfig: Setting CVar [[r.Streaming.MaxEffectiveScreenSize:0]]
[2020.06.06-19.38.23:511][  0]LogConfig: Applying CVar settings from Section [EffectsQuality@3] File [E:/JrSrProject/JSColabTeam17/Team17Colab/Saved/Config/Windows/Scalability.ini]
[2020.06.06-19.38.23:511][  0]LogConfig: Setting CVar [[r.TranslucencyLightingVolumeDim:64]]
[2020.06.06-19.38.23:511][  0]LogConfig: Setting CVar [[r.RefractionQuality:2]]
[2020.06.06-19.38.23:511][  0]LogConfig: Setting CVar [[r.SSR.Quality:3]]
[2020.06.06-19.38.23:511][  0]LogConfig: Setting CVar [[r.SSR.HalfResSceneColor:0]]
[2020.06.06-19.38.23:511][  0]LogConfig: Setting CVar [[r.SceneColorFormat:4]]
[2020.06.06-19.38.23:511][  0]LogConfig: Setting CVar [[r.DetailMode:2]]
[2020.06.06-19.38.23:511][  0]LogConfig: Setting CVar [[r.TranslucencyVolumeBlur:1]]
[2020.06.06-19.38.23:511][  0]LogConfig: Setting CVar [[r.MaterialQualityLevel:1 ; High quality]]
[2020.06.06-19.38.23:511][  0]LogConfig: Setting CVar [[r.SSS.Scale:1]]
[2020.06.06-19.38.23:511][  0]LogConfig: Setting CVar [[r.SSS.SampleSet:2]]
[2020.06.06-19.38.23:511][  0]LogConfig: Setting CVar [[r.SSS.Quality:1]]
[2020.06.06-19.38.23:511][  0]LogConfig: Setting CVar [[r.SSS.HalfRes:1]]
[2020.06.06-19.38.23:511][  0]LogConfig: Setting CVar [[r.SSGI.Quality:3]]
[2020.06.06-19.38.23:511][  0]LogConfig: Setting CVar [[r.EmitterSpawnRateScale:1.0]]
[2020.06.06-19.38.23:511][  0]LogConfig: Setting CVar [[r.ParticleLightQuality:2]]
[2020.06.06-19.38.23:511][  0]LogConfig: Setting CVar [[r.SkyAtmosphere.AerialPerspectiveLUT.FastApplyOnOpaque:1 ; Always have FastSkyLUT 1 in this case to avoid wrong sky]]
[2020.06.06-19.38.23:511][  0]LogConfig: Setting CVar [[r.SkyAtmosphere.AerialPerspectiveLUT.SampleCountPerSlice:1]]
[2020.06.06-19.38.23:511][  0]LogConfig: Setting CVar [[r.SkyAtmosphere.AerialPerspectiveLUT.DepthResolution:16.0]]
[2020.06.06-19.38.23:511][  0]LogConfig: Setting CVar [[r.SkyAtmosphere.FastSkyLUT:1]]
[2020.06.06-19.38.23:511][  0]LogConfig: Setting CVar [[r.SkyAtmosphere.FastSkyLUT.SampleCountMin:4.0]]
[2020.06.06-19.38.23:511][  0]LogConfig: Setting CVar [[r.SkyAtmosphere.FastSkyLUT.SampleCountMax:32.0]]
[2020.06.06-19.38.23:511][  0]LogConfig: Setting CVar [[r.SkyAtmosphere.SampleCountMin:4.0]]
[2020.06.06-19.38.23:511][  0]LogConfig: Setting CVar [[r.SkyAtmosphere.SampleCountMax:32.0]]
[2020.06.06-19.38.23:511][  0]LogConfig: Setting CVar [[r.SkyAtmosphere.TransmittanceLUT.UseSmallFormat:0]]
[2020.06.06-19.38.23:511][  0]LogConfig: Setting CVar [[r.SkyAtmosphere.TransmittanceLUT.SampleCount:10.0]]
[2020.06.06-19.38.23:511][  0]LogConfig: Setting CVar [[r.SkyAtmosphere.MultiScatteringLUT.SampleCount:15.0]]
[2020.06.06-19.38.23:511][  0]LogConfig: Applying CVar settings from Section [FoliageQuality@3] File [E:/JrSrProject/JSColabTeam17/Team17Colab/Saved/Config/Windows/Scalability.ini]
[2020.06.06-19.38.23:511][  0]LogConfig: Setting CVar [[foliage.DensityScale:1.0]]
[2020.06.06-19.38.23:511][  0]LogConfig: Setting CVar [[grass.DensityScale:1.0]]
[2020.06.06-19.38.23:511][  0]LogConfig: Applying CVar settings from Section [ShadingQuality@3] File [E:/JrSrProject/JSColabTeam17/Team17Colab/Saved/Config/Windows/Scalability.ini]
[2020.06.06-19.38.23:511][  0]LogConfig: Setting CVar [[r.HairStrands.SkyLighting.SampleCount:16]]
[2020.06.06-19.38.23:511][  0]LogConfig: Setting CVar [[r.HairStrands.SkyLighting.JitterIntegration:0]]
[2020.06.06-19.38.23:512][  0]LogConfig: Setting CVar [[r.HairStrands.SkyAO.SampleCount:16]]
[2020.06.06-19.38.23:512][  0]LogInit: Selected Device Profile: [Windows]
[2020.06.06-19.38.23:512][  0]LogInit: Applying CVar settings loaded from the selected device profile: [Windows]
[2020.06.06-19.38.23:514][  0]LogHAL: Display: Platform has ~ 32 GB [34306576384 / 34359738368 / 32], which maps to Largest [LargestMinGB=32, LargerMinGB=12, DefaultMinGB=8, SmallerMinGB=6, SmallestMinGB=0)
[2020.06.06-19.38.23:514][  0]LogInit: Going up to parent DeviceProfile []
[2020.06.06-19.38.23:514][  0]LogConfig: Applying CVar settings from Section [ViewDistanceQuality@3] File [E:/JrSrProject/JSColabTeam17/Team17Colab/Saved/Config/Windows/Scalability.ini]
[2020.06.06-19.38.23:514][  0]LogConfig: Setting CVar [[r.SkeletalMeshLODBias:0]]
[2020.06.06-19.38.23:514][  0]LogConfig: Setting CVar [[r.ViewDistanceScale:1.0]]
[2020.06.06-19.38.23:514][  0]LogConfig: Applying CVar settings from Section [AntiAliasingQuality@3] File [E:/JrSrProject/JSColabTeam17/Team17Colab/Saved/Config/Windows/Scalability.ini]
[2020.06.06-19.38.23:514][  0]LogConfig: Setting CVar [[r.PostProcessAAQuality:4]]
[2020.06.06-19.38.23:514][  0]LogConfig: Applying CVar settings from Section [ShadowQuality@3] File [E:/JrSrProject/JSColabTeam17/Team17Colab/Saved/Config/Windows/Scalability.ini]
[2020.06.06-19.38.23:514][  0]LogConfig: Setting CVar [[r.LightFunctionQuality:1]]
[2020.06.06-19.38.23:514][  0]LogConfig: Setting CVar [[r.ShadowQuality:5]]
[2020.06.06-19.38.23:514][  0]LogConfig: Setting CVar [[r.Shadow.CSM.MaxCascades:10]]
[2020.06.06-19.38.23:514][  0]LogConfig: Setting CVar [[r.Shadow.MaxResolution:2048]]
[2020.06.06-19.38.23:514][  0]LogConfig: Setting CVar [[r.Shadow.MaxCSMResolution:2048]]
[2020.06.06-19.38.23:514][  0]LogConfig: Setting CVar [[r.Shadow.RadiusThreshold:0.01]]
[2020.06.06-19.38.23:514][  0]LogConfig: Setting CVar [[r.Shadow.DistanceScale:1.0]]
[2020.06.06-19.38.23:514][  0]LogConfig: Setting CVar [[r.Shadow.CSM.TransitionScale:1.0]]
[2020.06.06-19.38.23:514][  0]LogConfig: Setting CVar [[r.Shadow.PreShadowResolutionFactor:1.0]]
[2020.06.06-19.38.23:514][  0]LogConfig: Setting CVar [[r.DistanceFieldShadowing:1]]
[2020.06.06-19.38.23:514][  0]LogConfig: Setting CVar [[r.DistanceFieldAO:1]]
[2020.06.06-19.38.23:514][  0]LogConfig: Setting CVar [[r.AOQuality:2]]
[2020.06.06-19.38.23:514][  0]LogConfig: Setting CVar [[r.VolumetricFog:1]]
[2020.06.06-19.38.23:514][  0]LogConfig: Setting CVar [[r.VolumetricFog.GridPixelSize:8]]
[2020.06.06-19.38.23:514][  0]LogConfig: Setting CVar [[r.VolumetricFog.GridSizeZ:128]]
[2020.06.06-19.38.23:514][  0]LogConfig: Setting CVar [[r.VolumetricFog.HistoryMissSupersampleCount:4]]
[2020.06.06-19.38.23:514][  0]LogConfig: Setting CVar [[r.LightMaxDrawDistanceScale:1]]
[2020.06.06-19.38.23:514][  0]LogConfig: Setting CVar [[r.CapsuleShadows:1]]
[2020.06.06-19.38.23:514][  0]LogConfig: Applying CVar settings from Section [PostProcessQuality@3] File [E:/JrSrProject/JSColabTeam17/Team17Colab/Saved/Config/Windows/Scalability.ini]
[2020.06.06-19.38.23:514][  0]LogConfig: Setting CVar [[r.MotionBlurQuality:4]]
[2020.06.06-19.38.23:514][  0]LogConfig: Setting CVar [[r.AmbientOcclusionMipLevelFactor:0.4]]
[2020.06.06-19.38.23:514][  0]LogConfig: Setting CVar [[r.AmbientOcclusionMaxQuality:100]]
[2020.06.06-19.38.23:514][  0]LogConfig: Setting CVar [[r.AmbientOcclusionLevels:-1]]
[2020.06.06-19.38.23:514][  0]LogConfig: Setting CVar [[r.AmbientOcclusionRadiusScale:1.0]]
[2020.06.06-19.38.23:514][  0]LogConfig: Setting CVar [[r.DepthOfFieldQuality:2]]
[2020.06.06-19.38.23:514][  0]LogConfig: Setting CVar [[r.RenderTargetPoolMin:400]]
[2020.06.06-19.38.23:514][  0]LogConfig: Setting CVar [[r.LensFlareQuality:2]]
[2020.06.06-19.38.23:514][  0]LogConfig: Setting CVar [[r.SceneColorFringeQuality:1]]
[2020.06.06-19.38.23:514][  0]LogConfig: Setting CVar [[r.EyeAdaptationQuality:2]]
[2020.06.06-19.38.23:514][  0]LogConfig: Setting CVar [[r.BloomQuality:5]]
[2020.06.06-19.38.23:514][  0]LogConfig: Setting CVar [[r.FastBlurThreshold:100]]
[2020.06.06-19.38.23:514][  0]LogConfig: Setting CVar [[r.Upscale.Quality:3]]
[2020.06.06-19.38.23:514][  0]LogConfig: Setting CVar [[r.Tonemapper.GrainQuantization:1]]
[2020.06.06-19.38.23:514][  0]LogConfig: Setting CVar [[r.LightShaftQuality:1]]
[2020.06.06-19.38.23:514][  0]LogConfig: Setting CVar [[r.Filter.SizeScale:1]]
[2020.06.06-19.38.23:514][  0]LogConfig: Setting CVar [[r.Tonemapper.Quality:5]]
[2020.06.06-19.38.23:514][  0]LogConfig: Setting CVar [[r.DOF.Gather.AccumulatorQuality:1        ; higher gathering accumulator quality]]
[2020.06.06-19.38.23:514][  0]LogConfig: Setting CVar [[r.DOF.Gather.PostfilterMethod:1          ; Median3x3 postfilering method]]
[2020.06.06-19.38.23:514][  0]LogConfig: Setting CVar [[r.DOF.Gather.EnableBokehSettings:0       ; no bokeh simulation when gathering]]
[2020.06.06-19.38.23:514][  0]LogConfig: Setting CVar [[r.DOF.Gather.RingCount:4                 ; medium number of samples when gathering]]
[2020.06.06-19.38.23:514][  0]LogConfig: Setting CVar [[r.DOF.Scatter.ForegroundCompositing:1    ; additive foreground scattering]]
[2020.06.06-19.38.23:514][  0]LogConfig: Setting CVar [[r.DOF.Scatter.BackgroundCompositing:2    ; additive background scattering]]
[2020.06.06-19.38.23:514][  0]LogConfig: Setting CVar [[r.DOF.Scatter.EnableBokehSettings:1      ; bokeh simulation when scattering]]
[2020.06.06-19.38.23:514][  0]LogConfig: Setting CVar [[r.DOF.Scatter.MaxSpriteRatio:0.1         ; only a maximum of 10% of scattered bokeh]]
[2020.06.06-19.38.23:514][  0]LogConfig: Setting CVar [[r.DOF.Recombine.Quality:1                ; cheap slight out of focus]]
[2020.06.06-19.38.23:514][  0]LogConfig: Setting CVar [[r.DOF.Recombine.EnableBokehSettings:0    ; no bokeh simulation on slight out of focus]]
[2020.06.06-19.38.23:514][  0]LogConfig: Setting CVar [[r.DOF.TemporalAAQuality:1                ; more stable temporal accumulation]]
[2020.06.06-19.38.23:514][  0]LogConfig: Setting CVar [[r.DOF.Kernel.MaxForegroundRadius:0.025]]
[2020.06.06-19.38.23:514][  0]LogConfig: Setting CVar [[r.DOF.Kernel.MaxBackgroundRadius:0.025]]
[2020.06.06-19.38.23:514][  0]LogConfig: Applying CVar settings from Section [TextureQuality@3] File [E:/JrSrProject/JSColabTeam17/Team17Colab/Saved/Config/Windows/Scalability.ini]
[2020.06.06-19.38.23:514][  0]LogConfig: Setting CVar [[r.Streaming.MipBias:0]]
[2020.06.06-19.38.23:514][  0]LogConfig: Setting CVar [[r.Streaming.AmortizeCPUToGPUCopy:0]]
[2020.06.06-19.38.23:514][  0]LogConfig: Setting CVar [[r.Streaming.MaxNumTexturesToStreamPerFrame:0]]
[2020.06.06-19.38.23:514][  0]LogConfig: Setting CVar [[r.Streaming.Boost:1]]
[2020.06.06-19.38.23:514][  0]LogConfig: Setting CVar [[r.MaxAnisotropy:8]]
[2020.06.06-19.38.23:514][  0]LogConfig: Setting CVar [[r.VT.MaxAnisotropy:8]]
[2020.06.06-19.38.23:514][  0]LogConfig: Setting CVar [[r.Streaming.LimitPoolSizeToVRAM:0]]
[2020.06.06-19.38.23:514][  0]LogConfig: Setting CVar [[r.Streaming.PoolSize:1000]]
[2020.06.06-19.38.23:514][  0]LogConfig: Setting CVar [[r.Streaming.MaxEffectiveScreenSize:0]]
[2020.06.06-19.38.23:514][  0]LogConfig: Applying CVar settings from Section [EffectsQuality@3] File [E:/JrSrProject/JSColabTeam17/Team17Colab/Saved/Config/Windows/Scalability.ini]
[2020.06.06-19.38.23:514][  0]LogConfig: Setting CVar [[r.TranslucencyLightingVolumeDim:64]]
[2020.06.06-19.38.23:514][  0]LogConfig: Setting CVar [[r.RefractionQuality:2]]
[2020.06.06-19.38.23:514][  0]LogConfig: Setting CVar [[r.SSR.Quality:3]]
[2020.06.06-19.38.23:514][  0]LogConfig: Setting CVar [[r.SSR.HalfResSceneColor:0]]
[2020.06.06-19.38.23:514][  0]LogConfig: Setting CVar [[r.SceneColorFormat:4]]
[2020.06.06-19.38.23:514][  0]LogConfig: Setting CVar [[r.DetailMode:2]]
[2020.06.06-19.38.23:514][  0]LogConfig: Setting CVar [[r.TranslucencyVolumeBlur:1]]
[2020.06.06-19.38.23:514][  0]LogConfig: Setting CVar [[r.MaterialQualityLevel:1 ; High quality]]
[2020.06.06-19.38.23:514][  0]LogConfig: Setting CVar [[r.SSS.Scale:1]]
[2020.06.06-19.38.23:514][  0]LogConfig: Setting CVar [[r.SSS.SampleSet:2]]
[2020.06.06-19.38.23:514][  0]LogConfig: Setting CVar [[r.SSS.Quality:1]]
[2020.06.06-19.38.23:514][  0]LogConfig: Setting CVar [[r.SSS.HalfRes:1]]
[2020.06.06-19.38.23:514][  0]LogConfig: Setting CVar [[r.SSGI.Quality:3]]
[2020.06.06-19.38.23:515][  0]LogConfig: Setting CVar [[r.EmitterSpawnRateScale:1.0]]
[2020.06.06-19.38.23:515][  0]LogConfig: Setting CVar [[r.ParticleLightQuality:2]]
[2020.06.06-19.38.23:515][  0]LogConfig: Setting CVar [[r.SkyAtmosphere.AerialPerspectiveLUT.FastApplyOnOpaque:1 ; Always have FastSkyLUT 1 in this case to avoid wrong sky]]
[2020.06.06-19.38.23:515][  0]LogConfig: Setting CVar [[r.SkyAtmosphere.AerialPerspectiveLUT.SampleCountPerSlice:1]]
[2020.06.06-19.38.23:515][  0]LogConfig: Setting CVar [[r.SkyAtmosphere.AerialPerspectiveLUT.DepthResolution:16.0]]
[2020.06.06-19.38.23:515][  0]LogConfig: Setting CVar [[r.SkyAtmosphere.FastSkyLUT:1]]
[2020.06.06-19.38.23:515][  0]LogConfig: Setting CVar [[r.SkyAtmosphere.FastSkyLUT.SampleCountMin:4.0]]
[2020.06.06-19.38.23:515][  0]LogConfig: Setting CVar [[r.SkyAtmosphere.FastSkyLUT.SampleCountMax:32.0]]
[2020.06.06-19.38.23:515][  0]LogConfig: Setting CVar [[r.SkyAtmosphere.SampleCountMin:4.0]]
[2020.06.06-19.38.23:515][  0]LogConfig: Setting CVar [[r.SkyAtmosphere.SampleCountMax:32.0]]
[2020.06.06-19.38.23:515][  0]LogConfig: Setting CVar [[r.SkyAtmosphere.TransmittanceLUT.UseSmallFormat:0]]
[2020.06.06-19.38.23:515][  0]LogConfig: Setting CVar [[r.SkyAtmosphere.TransmittanceLUT.SampleCount:10.0]]
[2020.06.06-19.38.23:515][  0]LogConfig: Setting CVar [[r.SkyAtmosphere.MultiScatteringLUT.SampleCount:15.0]]
[2020.06.06-19.38.23:515][  0]LogConfig: Applying CVar settings from Section [FoliageQuality@3] File [E:/JrSrProject/JSColabTeam17/Team17Colab/Saved/Config/Windows/Scalability.ini]
[2020.06.06-19.38.23:515][  0]LogConfig: Setting CVar [[foliage.DensityScale:1.0]]
[2020.06.06-19.38.23:515][  0]LogConfig: Setting CVar [[grass.DensityScale:1.0]]
[2020.06.06-19.38.23:515][  0]LogConfig: Applying CVar settings from Section [ShadingQuality@3] File [E:/JrSrProject/JSColabTeam17/Team17Colab/Saved/Config/Windows/Scalability.ini]
[2020.06.06-19.38.23:515][  0]LogConfig: Setting CVar [[r.HairStrands.SkyLighting.SampleCount:16]]
[2020.06.06-19.38.23:515][  0]LogConfig: Setting CVar [[r.HairStrands.SkyLighting.JitterIntegration:0]]
[2020.06.06-19.38.23:515][  0]LogConfig: Setting CVar [[r.HairStrands.SkyAO.SampleCount:16]]
[2020.06.06-19.38.23:515][  0]LogConfig: Applying CVar settings from Section [Startup] File [../../../Engine/Config/ConsoleVariables.ini]
[2020.06.06-19.38.23:515][  0]LogConfig: Setting CVar [[net.UseAdaptiveNetUpdateFrequency:0]]
[2020.06.06-19.38.23:515][  0]LogConfig: Setting CVar [[p.chaos.AllowCreatePhysxBodies:1]]
[2020.06.06-19.38.23:515][  0]LogConfig: Setting CVar [[fx.SkipVectorVMBackendOptimizations:1]]
[2020.06.06-19.38.23:515][  0]LogConfig: Applying CVar settings from Section [ConsoleVariables] File [E:/JrSrProject/JSColabTeam17/Team17Colab/Saved/Config/Windows/Engine.ini]
[2020.06.06-19.38.23:515][  0]LogInit: Computer: ADENS-DESKTOP
[2020.06.06-19.38.23:515][  0]LogInit: User: lemon
[2020.06.06-19.38.23:515][  0]LogInit: CPU Page size=4096, Cores=6
[2020.06.06-19.38.23:515][  0]LogInit: High frequency timer resolution =10.000000 MHz
[2020.06.06-19.38.23:515][  0]LogMemory: Memory total: Physical=32.0GB (32GB approx)
[2020.06.06-19.38.23:515][  0]LogMemory: Platform Memory Stats for Windows
[2020.06.06-19.38.23:515][  0]LogMemory: Process Physical Memory: 106.46 MB used, 106.47 MB peak
[2020.06.06-19.38.23:515][  0]LogMemory: Process Virtual Memory: 101.57 MB used, 101.57 MB peak
[2020.06.06-19.38.23:515][  0]LogMemory: Physical Memory: 7799.63 MB used,  24917.67 MB free, 32717.30 MB total
[2020.06.06-19.38.23:515][  0]LogMemory: Virtual Memory: 5160.15 MB used,  134212568.00 MB free, 134217728.00 MB total
[2020.06.06-19.38.23:517][  0]LogWindows: WindowsPlatformFeatures enabled
[2020.06.06-19.38.23:532][  0]LogInit: Using OS detected language (en-GB).
[2020.06.06-19.38.23:532][  0]LogInit: Using OS detected locale (en-GB).
[2020.06.06-19.38.23:532][  0]LogTextLocalizationManager: No specific localization for 'en-GB' exists, so the 'en' localization will be used.
[2020.06.06-19.38.23:649][  0]LogInit: Setting process to per monitor DPI aware
[2020.06.06-19.38.23:675][  0]LogSlate: New Slate User Created.  User Index 0, Is Virtual User: 0
[2020.06.06-19.38.23:675][  0]LogSlate: Slate User Registered.  User Index 0, Is Virtual User: 0
[2020.06.06-19.38.23:773][  0]LogHMD: Failed to initialize OpenVR with code 110
[2020.06.06-19.38.23:773][  0]LogD3D11RHI: D3D11 min allowed feature level: 11_0
[2020.06.06-19.38.23:773][  0]LogD3D11RHI: D3D11 max allowed feature level: 11_0
[2020.06.06-19.38.23:773][  0]LogD3D11RHI: D3D11 adapters:
[2020.06.06-19.38.23:844][  0]LogD3D11RHI:    0. 'NVIDIA GeForce RTX 2070 SUPER' (Feature Level 11_0)
[2020.06.06-19.38.23:844][  0]LogD3D11RHI:       8011/0/16358 MB DedicatedVideo/DedicatedSystem/SharedSystem, Outputs:1, VendorId:0x10de
[2020.06.06-19.38.23:845][  0]LogD3D11RHI:    1. 'Microsoft Basic Render Driver' (Feature Level 11_0)
[2020.06.06-19.38.23:846][  0]LogD3D11RHI:       0/0/16358 MB DedicatedVideo/DedicatedSystem/SharedSystem, Outputs:0, VendorId:0x1414
[2020.06.06-19.38.23:846][  0]LogD3D11RHI: Chosen D3D11 Adapter: 0
[2020.06.06-19.38.23:852][  0]LogD3D11RHI: Creating new Direct3DDevice
[2020.06.06-19.38.23:852][  0]LogD3D11RHI:     GPU DeviceId: 0x1e84 (for the marketing name, search the web for "GPU Device Id")
[2020.06.06-19.38.23:852][  0]LogWindows: EnumDisplayDevices:
[2020.06.06-19.38.23:852][  0]LogWindows:    0. 'NVIDIA GeForce RTX 2070 SUPER' (P:1 D:1)
[2020.06.06-19.38.23:853][  0]LogWindows:    1. 'NVIDIA GeForce RTX 2070 SUPER' (P:0 D:0)
[2020.06.06-19.38.23:853][  0]LogWindows:    2. 'NVIDIA GeForce RTX 2070 SUPER' (P:0 D:0)
[2020.06.06-19.38.23:853][  0]LogWindows:    3. 'NVIDIA GeForce RTX 2070 SUPER' (P:0 D:0)
[2020.06.06-19.38.23:853][  0]LogWindows: DebugString: FoundDriverCount:4 
[2020.06.06-19.38.23:853][  0]LogD3D11RHI:     Adapter Name: NVIDIA GeForce RTX 2070 SUPER
[2020.06.06-19.38.23:853][  0]LogD3D11RHI:   Driver Version: 445.87 (internal:26.21.14.4587, unified:445.87)
[2020.06.06-19.38.23:853][  0]LogD3D11RHI:      Driver Date: 4-3-2020
[2020.06.06-19.38.23:853][  0]LogRHI: Texture pool is 5607 MB (70% of 8011 MB)
[2020.06.06-19.38.23:894][  0]LogD3D11RHI: RHI has support for 64 bit atomics
[2020.06.06-19.38.23:894][  0]LogD3D11RHI: Async texture creation enabled
[2020.06.06-19.38.23:933][  0]LogD3D11RHI: GPU Timing Frequency: 1000.000000 (Debug: 2 1)
[2020.06.06-19.38.24:132][  0]LogTargetPlatformManager: Display: Loaded TargetPlatform 'AllDesktop'
[2020.06.06-19.38.24:157][  0]LogTargetPlatformManager: Display: Loaded TargetPlatform 'Android'
[2020.06.06-19.38.24:157][  0]LogTargetPlatformManager: Display: Loaded TargetPlatform 'Android_ASTC'
[2020.06.06-19.38.24:157][  0]LogTargetPlatformManager: Display: Loaded TargetPlatform 'Android_ATC'
[2020.06.06-19.38.24:157][  0]LogTargetPlatformManager: Display: Loaded TargetPlatform 'Android_DXT'
[2020.06.06-19.38.24:157][  0]LogTargetPlatformManager: Display: Loaded TargetPlatform 'Android_ETC1'
[2020.06.06-19.38.24:157][  0]LogTargetPlatformManager: Display: Loaded TargetPlatform 'Android_ETC1a'
[2020.06.06-19.38.24:157][  0]LogTargetPlatformManager: Display: Loaded TargetPlatform 'Android_ETC2'
[2020.06.06-19.38.24:157][  0]LogTargetPlatformManager: Display: Loaded TargetPlatform 'Android_PVRTC'
[2020.06.06-19.38.24:157][  0]LogTargetPlatformManager: Display: Loaded TargetPlatform 'AndroidClient'
[2020.06.06-19.38.24:157][  0]LogTargetPlatformManager: Display: Loaded TargetPlatform 'Android_ASTCClient'
[2020.06.06-19.38.24:157][  0]LogTargetPlatformManager: Display: Loaded TargetPlatform 'Android_ATCClient'
[2020.06.06-19.38.24:157][  0]LogTargetPlatformManager: Display: Loaded TargetPlatform 'Android_DXTClient'
[2020.06.06-19.38.24:157][  0]LogTargetPlatformManager: Display: Loaded TargetPlatform 'Android_ETC1Client'
[2020.06.06-19.38.24:157][  0]LogTargetPlatformManager: Display: Loaded TargetPlatform 'Android_ETC1aClient'
[2020.06.06-19.38.24:157][  0]LogTargetPlatformManager: Display: Loaded TargetPlatform 'Android_ETC2Client'
[2020.06.06-19.38.24:157][  0]LogTargetPlatformManager: Display: Loaded TargetPlatform 'Android_PVRTCClient'
[2020.06.06-19.38.24:157][  0]LogTargetPlatformManager: Display: Loaded TargetPlatform 'Android_Multi'
[2020.06.06-19.38.24:157][  0]LogTargetPlatformManager: Display: Loaded TargetPlatform 'Android_MultiClient'
[2020.06.06-19.38.24:172][  0]LogTargetPlatformManager: Display: Loaded TargetPlatform 'IOSClient'
[2020.06.06-19.38.24:172][  0]LogTargetPlatformManager: Display: Loaded TargetPlatform 'IOS'
[2020.06.06-19.38.24:178][  0]LogTargetPlatformManager: Display: Loaded TargetPlatform 'LinuxNoEditor'
[2020.06.06-19.38.24:183][  0]LogTargetPlatformManager: Display: Loaded TargetPlatform 'LinuxClient'
[2020.06.06-19.38.24:189][  0]LogTargetPlatformManager: Display: Loaded TargetPlatform 'LinuxServer'
[2020.06.06-19.38.24:195][  0]LogTargetPlatformManager: Display: Loaded TargetPlatform 'LinuxAArch64NoEditor'
[2020.06.06-19.38.24:200][  0]LogTargetPlatformManager: Display: Loaded TargetPlatform 'LinuxAArch64Client'
[2020.06.06-19.38.24:206][  0]LogTargetPlatformManager: Display: Loaded TargetPlatform 'LinuxAArch64Server'
[2020.06.06-19.38.24:226][  0]LogTargetPlatformManager: Display: Loaded TargetPlatform 'Lumin'
[2020.06.06-19.38.24:226][  0]LogTargetPlatformManager: Display: Loaded TargetPlatform 'LuminClient'
[2020.06.06-19.38.24:237][  0]LogTargetPlatformManager: Display: Loaded TargetPlatform 'TVOSClient'
[2020.06.06-19.38.24:237][  0]LogTargetPlatformManager: Display: Loaded TargetPlatform 'TVOS'
[2020.06.06-19.38.24:242][  0]LogTargetPlatformManager: Display: Loaded TargetPlatform 'WindowsNoEditor'
[2020.06.06-19.38.24:249][  0]LogTargetPlatformManager: Display: Loaded TargetPlatform 'Windows'
[2020.06.06-19.38.24:254][  0]LogTargetPlatformManager: Display: Loaded TargetPlatform 'WindowsClient'
[2020.06.06-19.38.24:260][  0]LogTargetPlatformManager: Display: Loaded TargetPlatform 'WindowsServer'
[2020.06.06-19.38.24:260][  0]LogTargetPlatformManager: Display: Building Assets For Windows
[2020.06.06-19.38.24:262][  0]LogAudioDebug: Display: Lib vorbis DLL was dynamically loaded.
[2020.06.06-19.38.24:279][  0]LogShaderCompilers: Guid format shader working directory is 5 characters bigger than the processId version (E:/JrSrProject/JSColabTeam17/Team17Colab/Intermediate/Shaders/WorkingDirectory/12656/).
[2020.06.06-19.38.24:279][  0]LogShaderCompilers: Cleaned the shader compiler working directory 'C:/Users/lemon/AppData/Local/Temp/UnrealShaderWorkingDir/EB0A19E9474790729F7462B3B1350384/'.
[2020.06.06-19.38.24:280][  0]LogXGEController: Cleaning working directory: C:/Users/lemon/AppData/Local/Temp/UnrealXGEWorkingDir/
[2020.06.06-19.38.24:280][  0]LogXGEController: Cannot use XGE Controller as Incredibuild is not installed on this machine.
[2020.06.06-19.38.24:280][  0]LogShaderCompilers: Cannot use XGE Shader Compiler as Incredibuild is not installed on this machine.
[2020.06.06-19.38.24:280][  0]LogShaderCompilers: Display: Using Local Shader Compiler.
[2020.06.06-19.38.24:880][  0]LogDerivedDataCache: Display: Max Cache Size: 512 MB
[2020.06.06-19.38.24:914][  0]LogDerivedDataCache: Loaded boot cache 0.03s 80MB C:/Users/lemon/AppData/Local/UnrealEngine/4.24/DerivedDataCache/Boot.ddc.
[2020.06.06-19.38.24:914][  0]LogDerivedDataCache: Display: Loaded Boot cache: C:/Users/lemon/AppData/Local/UnrealEngine/4.24/DerivedDataCache/Boot.ddc
[2020.06.06-19.38.24:914][  0]LogDerivedDataCache: FDerivedDataBackendGraph:  Pak pak cache file E:/JrSrProject/JSColabTeam17/Team17Colab/DerivedDataCache/DDC.ddp not found, will not use a pak cache.
[2020.06.06-19.38.24:914][  0]LogDerivedDataCache: Unable to find inner node Pak for hierarchical cache Hierarchy.
[2020.06.06-19.38.24:914][  0]LogDerivedDataCache: FDerivedDataBackendGraph:  CompressedPak pak cache file E:/JrSrProject/JSColabTeam17/Team17Colab/DerivedDataCache/Compressed.ddp not found, will not use a pak cache.
[2020.06.06-19.38.24:914][  0]LogDerivedDataCache: Unable to find inner node CompressedPak for hierarchical cache Hierarchy.
[2020.06.06-19.38.24:923][  0]LogDerivedDataCache: Display: Pak cache opened for reading ../../../Engine/DerivedDataCache/Compressed.ddp.
[2020.06.06-19.38.24:924][  0]LogDerivedDataCache: FDerivedDataBackendGraph:  EnterprisePak pak cache file ../../../Enterprise/DerivedDataCache/Compressed.ddp not found, will not use a pak cache.
[2020.06.06-19.38.24:924][  0]LogDerivedDataCache: Unable to find inner node EnterprisePak for hierarchical cache Hierarchy.
[2020.06.06-19.38.24:925][  0]LogDerivedDataCache: Using Local data cache path C:/Users/lemon/AppData/Local/UnrealEngine/Common/DerivedDataCache: Writable
[2020.06.06-19.38.24:925][  0]LogDerivedDataCache: Shared data cache path not found in *engine.ini, will not use an Shared cache.
[2020.06.06-19.38.24:925][  0]LogDerivedDataCache: Unable to find inner node Shared for hierarchical cache Hierarchy.
[2020.06.06-19.38.24:945][  0]LogMaterial: Verifying Global Shaders for PCD3D_SM5
[2020.06.06-19.38.24:948][  0]LogSlate: Using FreeType 2.10.0
[2020.06.06-19.38.24:948][  0]LogSlate: SlateFontServices - WITH_FREETYPE: 1, WITH_HARFBUZZ: 1
[2020.06.06-19.38.24:985][  0]LogAssetRegistry: FAssetRegistry took 0.0021 seconds to start up
[2020.06.06-19.38.25:231][  0]LogInit: Selected Device Profile: [Windows]
[2020.06.06-19.38.25:362][  0]LogMeshReduction: Using QuadricMeshReduction for automatic static mesh reduction
[2020.06.06-19.38.25:362][  0]LogMeshReduction: Using SimplygonMeshReduction for automatic skeletal mesh reduction
[2020.06.06-19.38.25:362][  0]LogMeshReduction: Using ProxyLODMeshReduction for automatic mesh merging
[2020.06.06-19.38.25:362][  0]LogMeshReduction: No distributed automatic mesh merging module available
[2020.06.06-19.38.25:362][  0]LogMeshMerging: No distributed automatic mesh merging module available
[2020.06.06-19.38.25:371][  0]LogNetVersion: Team17Colab 1.0.0, NetCL: 10570792, EngineNetVer: 13, GameNetVer: 0 (Checksum: 1188365398)
[2020.06.06-19.38.26:223][  0]LogPackageLocalizationCache: Processed 12 localized package path(s) for 1 prioritized culture(s) in 0.038163 seconds
[2020.06.06-19.38.26:230][  0]LogUObjectArray: 46775 objects as part of root set at end of initial load.
[2020.06.06-19.38.26:230][  0]LogUObjectAllocator: 8142024 out of 0 bytes used by permanent object pool.
[2020.06.06-19.38.26:230][  0]LogUObjectArray: CloseDisregardForGC: 0/0 objects in disregard for GC pool
[2020.06.06-19.38.26:589][  0]LogTcpMessaging: Initializing TcpMessaging bridge
[2020.06.06-19.38.26:592][  0]LogUdpMessaging: Initializing bridge on interface 0.0.0.0:0 to multicast group 230.0.0.1:6666.
[2020.06.06-19.38.26:632][  0]SourceControl: Source control is disabled
[2020.06.06-19.38.26:632][  0]SourceControl: Source control is disabled
[2020.06.06-19.38.26:633][  0]SourceControl: Source control is disabled
[2020.06.06-19.38.26:633][  0]SourceControl: Source control is disabled
[2020.06.06-19.38.26:634][  0]SourceControl: Source control is disabled
[2020.06.06-19.38.26:640][  0]LogVSAccessor: Display: Unable to create Visual Studio setup instance: 80040154
[2020.06.06-19.38.26:640][  0]LogVSAccessor: Display: Unable to create Visual Studio setup instance: 80040154
[2020.06.06-19.38.26:702][  0]LogAndroidPermission: UAndroidPermissionCallbackProxy::GetInstance
[2020.06.06-19.38.26:710][  0]LogAudioCaptureCore: Display: No Audio Capture implementations found. Audio input will be silent.
[2020.06.06-19.38.26:710][  0]LogAudioCaptureCore: Display: No Audio Capture implementations found. Audio input will be silent.
[2020.06.06-19.38.26:784][  0]LogOcInput: OculusInput pre-init called
[2020.06.06-19.38.26:790][  0]LogWindows: Failed to load 'OVRPlugin.dll' (GetLastError=126)
[2020.06.06-19.38.26:790][  0]LogWindows: File 'OVRPlugin.dll' does not exist
[2020.06.06-19.38.26:852][  0]LogEngine: Initializing Engine...
[2020.06.06-19.38.26:852][  0]LogHMD: Failed to initialize OpenVR with code 110
[2020.06.06-19.38.26:853][  0]LogStats: UGameplayTagsManager::InitializeManager -  0.000 s
[2020.06.06-19.38.27:148][  0]LogInit: Initializing FReadOnlyCVARCache
[2020.06.06-19.38.27:155][  0]LogAIModule: Creating AISystem for world Untitled
[2020.06.06-19.38.27:163][  0]LogAudioMixer: Display: Audio Mixer Platform Settings:
[2020.06.06-19.38.27:163][  0]LogAudioMixer: Display: 	Sample Rate:						  48000
[2020.06.06-19.38.27:163][  0]LogAudioMixer: Display: 	Callback Buffer Frame Size Requested: 1024
[2020.06.06-19.38.27:163][  0]LogAudioMixer: Display: 	Callback Buffer Frame Size To Use:	  1024
[2020.06.06-19.38.27:163][  0]LogAudioMixer: Display: 	Number of buffers to queue:			  2
[2020.06.06-19.38.27:163][  0]LogAudioMixer: Display: 	Max Channels (voices):				  32
[2020.06.06-19.38.27:163][  0]LogAudioMixer: Display: 	Number of Async Source Workers:		  0
[2020.06.06-19.38.27:163][  0]LogAudio: Display: AudioDevice MaxSources: 32
[2020.06.06-19.38.27:163][  0]LogAudio: Display: Using built-in audio occlusion.
[2020.06.06-19.38.27:163][  0]LogAudioMixer: Display: Initializing audio mixer.
[2020.06.06-19.38.27:169][  0]LogAudioMixer: Display: Audio Device Output Speaker Info:
[2020.06.06-19.38.27:169][  0]LogAudioMixer: Display: Name: HP 23tm (NVIDIA High Definition Audio)
[2020.06.06-19.38.27:169][  0]LogAudioMixer: Display: Is Default: Yes
[2020.06.06-19.38.27:169][  0]LogAudioMixer: Display: Sample Rate: 48000
[2020.06.06-19.38.27:169][  0]LogAudioMixer: Display: Channel Count Used: 2
[2020.06.06-19.38.27:169][  0]LogAudioMixer: Display: Device Channel Count: 2
[2020.06.06-19.38.27:169][  0]LogAudioMixer: Display: Channel Order:
[2020.06.06-19.38.27:169][  0]LogAudioMixer: Display: 0: FrontLeft
[2020.06.06-19.38.27:169][  0]LogAudioMixer: Display: 1: FrontRight
[2020.06.06-19.38.27:191][  0]LogAudioMixer: Display: Using Audio Device HP 23tm (NVIDIA High Definition Audio)
[2020.06.06-19.38.27:193][  0]LogInit: FAudioDevice initialized.
[2020.06.06-19.38.27:193][  0]LogNetVersion: Set ProjectVersion to 1.0.0.0. Version Checksum will be recalculated on next use.
[2020.06.06-19.38.27:261][  0]LogDerivedDataCache: Saved boot cache 0.07s 80MB C:/Users/lemon/AppData/Local/UnrealEngine/4.24/DerivedDataCache/Boot.ddc.
[2020.06.06-19.38.27:265][  0]LogInit: Texture streaming: Enabled
[2020.06.06-19.38.27:272][  0]LogEngineSessionManager: EngineSessionManager initialized
[2020.06.06-19.38.27:272][  0]LogEditorSessionSummary: Verbose: Initializing EditorSessionSummaryWriter for editor session tracking
[2020.06.06-19.38.27:273][  0]LogEditorSessionSummary: EditorSessionSummaryWriter initialized
[2020.06.06-19.38.27:331][  0]LogInit: Transaction tracking system initialized
[2020.06.06-19.38.27:337][  0]BlueprintLog: New page: Editor Load
[2020.06.06-19.38.27:358][  0]LocalizationService: Localization service is disabled
[2020.06.06-19.38.27:395][  0]LogVSAccessor: Display: Unable to create Visual Studio setup instance: 80040154
[2020.06.06-19.38.27:395][  0]LogVSAccessor: Display: Unable to create Visual Studio setup instance: 80040154
[2020.06.06-19.38.27:586][  0]LogFileCache: Scanning file cache for directory 'E:/JrSrProject/JSColabTeam17/Team17Colab/Content/' took 0.01s
[2020.06.06-19.38.27:587][  0]LogCook: Display: Max memory allowance for cook 16384mb min free memory 0mb
[2020.06.06-19.38.27:587][  0]LogCook: Display: Mobile HDR setting 1
[2020.06.06-19.38.28:060][  0]SourceControl: Source control is disabled
[2020.06.06-19.38.28:060][  0]Cmd: MAP LOAD FILE="E:/JrSrProject/JSColabTeam17/Team17Colab/Content/RollingBP/Maps/TitleScreen.umap" TEMPLATE=0 SHOWPROGRESS=1 FEATURELEVEL=3
[2020.06.06-19.38.28:061][  0]LightingResults: New page: Lighting Build
[2020.06.06-19.38.28:061][  0]LogWorld: UWorld::CleanupWorld for Untitled, bSessionEnded=true, bCleanupResources=true
[2020.06.06-19.38.28:061][  0]LogSlate: InvalidateAllWidgets triggered.  All widgets were invalidated
[2020.06.06-19.38.28:061][  0]MapCheck: New page: Map Check
[2020.06.06-19.38.28:061][  0]LightingResults: New page: Lighting Build
[2020.06.06-19.38.28:088][  0]LogUObjectHash: Compacting FUObjectHashTables data took   1.80ms
[2020.06.06-19.38.28:110][  0]LogAIModule: Creating AISystem for world TitleScreen
[2020.06.06-19.38.28:111][  0]LogEditorServer: Finished looking for orphan Actors (0.000 secs)
[2020.06.06-19.38.28:137][  0]LogUObjectHash: Compacting FUObjectHashTables data took   1.83ms
[2020.06.06-19.38.28:137][  0]Cmd: MAP CHECKDEP NOCLEARLOG
[2020.06.06-19.38.28:137][  0]MapCheck: Map check complete: 0 Error(s), 0 Warning(s), took 0.085ms to complete.
[2020.06.06-19.38.28:137][  0]LogFileHelpers: Loading map 'TitleScreen' took 0.077
[2020.06.06-19.38.28:270][  0]LogSlate: Updating window title bar state: overlay mode, drag disabled, window buttons hidden, title bar hidden
[2020.06.06-19.38.28:275][  0]LogSlate: Updating window title bar state: overlay mode, drag disabled, window buttons hidden, title bar hidden
[2020.06.06-19.38.28:280][  0]LogSlate: Updating window title bar state: overlay mode, drag disabled, window buttons hidden, title bar hidden
[2020.06.06-19.38.28:285][  0]LogSlate: Updating window title bar state: overlay mode, drag disabled, window buttons hidden, title bar hidden
[2020.06.06-19.38.28:289][  0]LogCollectionManager: Loaded 0 collections in 0.001586 seconds
[2020.06.06-19.38.28:300][  0]LogFileCache: Scanning file cache for directory 'E:/JrSrProject/JSColabTeam17/Team17Colab/Saved/Collections/' took 0.00s
[2020.06.06-19.38.28:300][  0]LogFileCache: Scanning file cache for directory 'E:/JrSrProject/JSColabTeam17/Team17Colab/Content/Developers/lemon/Collections/' took 0.00s
[2020.06.06-19.38.28:300][  0]LogFileCache: Scanning file cache for directory 'E:/JrSrProject/JSColabTeam17/Team17Colab/Content/Collections/' took 0.00s
[2020.06.06-19.38.28:301][  0]LogContentBrowser: Native class hierarchy populated in 0.0077 seconds. Added 3165 classes and 735 folders.
[2020.06.06-19.38.28:302][  0]LogContentBrowser: Native class hierarchy updated for 'WidgetCarousel' in 0.0002 seconds. Added 0 classes and 0 folders.
[2020.06.06-19.38.28:343][  0]LogContentBrowser: Native class hierarchy updated for 'AddContentDialog' in 0.0003 seconds. Added 0 classes and 0 folders.
[2020.06.06-19.38.28:347][  0]LogContentBrowser: Native class hierarchy updated for 'SceneOutliner' in 0.0003 seconds. Added 2 classes and 3 folders.
[2020.06.06-19.38.28:423][  0]LogSlate: Took 0.000115 seconds to synchronously load lazily loaded font '../../../Engine/Content/Slate/Fonts/Roboto-Regular.ttf' (155K)
[2020.06.06-19.38.28:425][  0]LogSlate: Took 0.000095 seconds to synchronously load lazily loaded font '../../../Engine/Content/Slate/Fonts/Roboto-Bold.ttf' (160K)
[2020.06.06-19.38.28:428][  0]LogSlate: Took 0.000091 seconds to synchronously load lazily loaded font '../../../Engine/Content/Editor/Slate/Fonts/FontAwesome.ttf' (139K)
[2020.06.06-19.38.28:480][  0]LogRenderer: Reallocating scene render targets to support 1180x572 Format 10 NumSamples 1 (Frame:1).
[2020.06.06-19.38.28:532][  0]LogContentBrowser: Native class hierarchy updated for 'HierarchicalLODOutliner' in 0.0003 seconds. Added 0 classes and 0 folders.
[2020.06.06-19.38.28:532][  0]LogLoad: (Engine Initialization) Total time: 6.15 seconds
[2020.06.06-19.38.28:532][  0]LogLoad: (Engine Initialization) Total Blueprint compile time: 0.00 seconds
[2020.06.06-19.38.28:586][  0]LogAssetRegistry: Asset discovery search completed in 3.6017 seconds
[2020.06.06-19.38.28:589][  0]LogCollectionManager: Fixed up redirectors for 0 collections in 0.000005 seconds (updated 0 objects)
[2020.06.06-19.38.28:590][  0]LogContentStreaming: Texture pool size now 1000 MB
[2020.06.06-19.38.28:618][  0]LogSlate: Took 0.000121 seconds to synchronously load lazily loaded font '../../../Engine/Content/Slate/Fonts/Roboto-Light.ttf' (167K)
[2020.06.06-19.38.28:640][  1]LogFileCache: Retrieving MD5 hashes for directory 'E:/JrSrProject/JSColabTeam17/Team17Colab/Content/' took 0.10s
[2020.06.06-19.38.44:780][891]LogSlate: Took 0.000129 seconds to synchronously load lazily loaded font '../../../Engine/Content/Slate/Fonts/Roboto-Light.ttf' (167K)
[2020.06.06-19.38.45:501][891]LogStaticMesh: Building static mesh SM_PortalFlat...
[2020.06.06-19.38.45:517][891]LogStaticMesh: Built static mesh [0.02s] /Game/Miles/Meshes/Env_Props/SM_PortalFlat.SM_PortalFlat
[2020.06.06-19.38.45:593][891]LogStaticMesh: Building static mesh SM_Barrier_temple_001...
[2020.06.06-19.38.45:614][891]LogStaticMesh: Built static mesh [0.02s] /Game/Aden/Temple/Assets/SM_Barrier_temple_001.SM_Barrier_temple_001
[2020.06.06-19.38.45:847][891]LogAIModule: Creating AISystem for world TransitV3
[2020.06.06-19.38.45:861][891]LogMaterial: Display: Material /Game/Miles/Materials/M_BasicMaterial.M_BasicMaterial needed to have new flag set bUsedWithInstancedStaticMeshes !
[2020.06.06-19.38.45:868][891]LogMaterial: Display: Missing cached shader map for material M_BasicMaterial, compiling. 
[2020.06.06-19.38.45:937][891]MapCheck: Warning: M_BasicMaterial Material /Game/Miles/Materials/M_BasicMaterial.M_BasicMaterial was missing the usage flag bUsedWithInstancedStaticMeshes. If the material asset is not re-saved, it may not render correctly when run outside the editor. Fix
[2020.06.06-19.38.45:989][891]LogShaderCompilers: Display: Worker (1/9): shaders left to compile 47
[2020.06.06-19.38.45:989][891]LogShaderCompilers: Display: Worker (2/9): shaders left to compile 41
[2020.06.06-19.38.45:989][891]LogShaderCompilers: Display: Worker (3/9): shaders left to compile 35
[2020.06.06-19.38.45:989][891]LogShaderCompilers: Display: Worker (4/9): shaders left to compile 29
[2020.06.06-19.38.45:989][891]LogShaderCompilers: Display: Worker (5/9): shaders left to compile 23
[2020.06.06-19.38.45:989][891]LogShaderCompilers: Display: Worker (6/9): shaders left to compile 17
[2020.06.06-19.38.45:989][891]LogShaderCompilers: Display: Worker (7/9): shaders left to compile 11
[2020.06.06-19.38.45:989][891]LogShaderCompilers: Display: Worker (8/9): shaders left to compile 5
[2020.06.06-19.38.46:003][891]LogMaterial: Display: Missing cached shader map for material M_BasicMaterial, compiling. 
[2020.06.06-19.38.46:042][891]LogMaterial: Display: Missing cached shader map for material M_BasicMaterial, compiling. 
[2020.06.06-19.38.46:078][891]LogMaterial: Display: Missing cached shader map for material M_BasicMaterial, compiling. 
[2020.06.06-19.38.46:117][891]LogMaterial: Display: Missing cached shader map for material M_BasicMaterial, compiling. 
[2020.06.06-19.38.46:157][891]LogMaterial: Display: Missing cached shader map for material M_BasicMaterial, compiling. 
[2020.06.06-19.38.46:200][891]LogMaterial: Display: Missing cached shader map for material M_BasicMaterial, compiling. 
[2020.06.06-19.38.46:339][891]LogAssetEditorSubsystem: Opening Asset editor for World /Game/RollingBP/Maps/TransitV3.TransitV3
[2020.06.06-19.38.46:386][891]LogUObjectHash: Compacting FUObjectHashTables data took   3.95ms
[2020.06.06-19.38.46:388][891]Cmd: MAP LOAD FILE="E:/JrSrProject/JSColabTeam17/Team17Colab/Content/RollingBP/Maps/TransitV3.umap" TEMPLATE=0 SHOWPROGRESS=1 FEATURELEVEL=3
[2020.06.06-19.38.46:388][891]LightingResults: New page: Lighting Build
[2020.06.06-19.38.46:388][891]LoadErrors: New page: Loading map: TransitV3.umap
[2020.06.06-19.38.46:389][891]LogWorld: UWorld::CleanupWorld for TitleScreen, bSessionEnded=true, bCleanupResources=true
[2020.06.06-19.38.46:389][891]LogSlate: InvalidateAllWidgets triggered.  All widgets were invalidated
[2020.06.06-19.38.46:389][891]MapCheck: New page: Map Check
[2020.06.06-19.38.46:389][891]LightingResults: New page: Lighting Build
[2020.06.06-19.38.46:418][891]LogUObjectHash: Compacting FUObjectHashTables data took   2.95ms
[2020.06.06-19.38.46:804][891]LogEditorServer: Finished looking for orphan Actors (0.000 secs)
[2020.06.06-19.38.46:849][891]LogUObjectHash: Compacting FUObjectHashTables data took   2.32ms
[2020.06.06-19.38.46:899][891]Cmd: MAP CHECKDEP NOCLEARLOG
[2020.06.06-19.38.46:899][891]MapCheck: Map check complete: 0 Error(s), 0 Warning(s), took 0.197ms to complete.
[2020.06.06-19.38.46:899][891]LogFileHelpers: Loading map 'TransitV3' took 0.513
[2020.06.06-19.38.47:171][892]LogShaderCompilers: Display: Worker (8/9): shaders left to compile 282
[2020.06.06-19.38.47:617][915]LogShaderCompilers: Display: Worker (5/9): shaders left to compile 272
[2020.06.06-19.38.47:747][927]LogShaderCompilers: Display: Worker (6/9): shaders left to compile 262
[2020.06.06-19.38.47:842][935]LogShaderCompilers: Display: Worker (7/9): shaders left to compile 252
[2020.06.06-19.38.47:850][936]LogShaderCompilers: Display: Worker (1/9): shaders left to compile 242
[2020.06.06-19.38.47:860][937]LogShaderCompilers: Display: Worker (4/9): shaders left to compile 232
[2020.06.06-19.38.48:281][958]LogShaderCompilers: Display: Worker (3/9): shaders left to compile 222
[2020.06.06-19.38.48:326][959]LogShaderCompilers: Display: Worker (2/9): shaders left to compile 212
[2020.06.06-19.38.50:446][173]LogShaderCompilers: Display: Worker (1/9): shaders left to compile 202
[2020.06.06-19.38.50:529][183]LogShaderCompilers: Display: Worker (6/9): shaders left to compile 192
[2020.06.06-19.38.50:587][190]LogShaderCompilers: Display: Worker (8/9): shaders left to compile 182
[2020.06.06-19.38.50:646][197]LogShaderCompilers: Display: Worker (7/9): shaders left to compile 172
[2020.06.06-19.38.50:907][227]LogShaderCompilers: Display: Worker (2/9): shaders left to compile 162
[2020.06.06-19.38.51:207][262]LogShaderCompilers: Display: Worker (5/9): shaders left to compile 152
[2020.06.06-19.38.51:694][316]LogShaderCompilers: Display: Worker (3/9): shaders left to compile 142
[2020.06.06-19.38.51:727][320]LogShaderCompilers: Display: Worker (4/9): shaders left to compile 132
[2020.06.06-19.38.53:203][481]LogShaderCompilers: Display: Worker (1/9): shaders left to compile 122
[2020.06.06-19.38.53:238][485]LogShaderCompilers: Display: Worker (6/9): shaders left to compile 112
[2020.06.06-19.38.53:460][506]LogShaderCompilers: Display: Worker (7/9): shaders left to compile 102
[2020.06.06-19.38.53:884][554]LogShaderCompilers: Display: Worker (2/9): shaders left to compile 92
[2020.06.06-19.38.53:921][558]LogShaderCompilers: Display: Worker (5/9): shaders left to compile 82
[2020.06.06-19.38.54:789][655]LogShaderCompilers: Display: Worker (8/9): shaders left to compile 72
[2020.06.06-19.38.55:221][704]LogShaderCompilers: Display: Worker (3/9): shaders left to compile 62
[2020.06.06-19.38.55:810][770]LogShaderCompilers: Display: Worker (1/9): shaders left to compile 54
[2020.06.06-19.38.55:833][773]LogShaderCompilers: Display: Worker (7/9): shaders left to compile 47
[2020.06.06-19.38.55:910][782]LogShaderCompilers: Display: Worker (4/9): shaders left to compile 41
[2020.06.06-19.38.56:229][819]LogShaderCompilers: Display: Worker (6/9): shaders left to compile 35
[2020.06.06-19.38.57:317][937]LogShaderCompilers: Display: Worker (8/9): shaders left to compile 30
[2020.06.06-19.38.57:418][949]LogShaderCompilers: Display: Worker (5/9): shaders left to compile 26
[2020.06.06-19.38.57:436][951]LogShaderCompilers: Display: Worker (3/9): shaders left to compile 22
[2020.06.06-19.38.57:623][971]LogShaderCompilers: Display: Worker (1/9): shaders left to compile 19
[2020.06.06-19.38.57:723][982]LogShaderCompilers: Display: Worker (2/9): shaders left to compile 16
[2020.06.06-19.38.57:744][984]LogShaderCompilers: Display: Worker (7/9): shaders left to compile 13
[2020.06.06-19.38.58:015][ 14]LogShaderCompilers: Display: Worker (6/9): shaders left to compile 11
[2020.06.06-19.38.58:107][ 25]LogShaderCompilers: Display: Worker (4/9): shaders left to compile 9
[2020.06.06-19.38.58:317][ 50]LogShaderCompilers: Display: Worker (5/9): shaders left to compile 7
[2020.06.06-19.38.58:326][ 51]LogShaderCompilers: Display: Worker (3/9): shaders left to compile 6
[2020.06.06-19.38.58:443][ 65]LogShaderCompilers: Display: Worker (7/9): shaders left to compile 5
[2020.06.06-19.38.58:461][ 67]LogShaderCompilers: Display: Worker (1/9): shaders left to compile 4
[2020.06.06-19.38.58:543][ 77]LogShaderCompilers: Display: Worker (2/9): shaders left to compile 3
[2020.06.06-19.38.58:560][ 79]LogShaderCompilers: Display: Worker (6/9): shaders left to compile 2
[2020.06.06-19.38.58:661][ 91]LogShaderCompilers: Display: Worker (5/9): shaders left to compile 1
[2020.06.06-19.39.14:018][887]MapCheck: New page: Map Check
[2020.06.06-19.39.14:033][887]Cmd: MAP REBUILD ALLVISIBLE
[2020.06.06-19.39.14:033][887]LogEditorServer: Rebuildmap Clear paths rebuilt
[2020.06.06-19.39.14:177][887]LogWorld: UWorld::CleanupWorld for TransitV3, bSessionEnded=true, bCleanupResources=false
[2020.06.06-19.39.14:413][887]LogUObjectHash: Compacting FUObjectHashTables data took   1.80ms
[2020.06.06-19.39.14:432][887]LogMaterial: Display: Missing cached shader map for material DebugViewMode MaterialTexCoordScale, compiling. 
[2020.06.06-19.39.14:447][887]LogShaderCompilers: Display: Worker (1/9): shaders left to compile 2
[2020.06.06-19.39.14:447][887]LogShaderCompilers: Display: Worker (2/9): shaders left to compile 1
[2020.06.06-19.39.14:447][887]LogMaterial: Display: Missing cached shader map for material DebugViewMode MaterialTexCoordScale, compiling. 
[2020.06.06-19.39.14:461][887]LogShaderCompilers: Display: Worker (3/9): shaders left to compile 2
[2020.06.06-19.39.14:461][887]LogShaderCompilers: Display: Worker (4/9): shaders left to compile 1
[2020.06.06-19.39.14:461][887]LogMaterial: Display: Missing cached shader map for material DebugViewMode MaterialTexCoordScale, compiling. Is special engine material.
[2020.06.06-19.39.14:503][887]LogShaderCompilers: Display: Worker (5/9): shaders left to compile 44
[2020.06.06-19.39.14:503][887]LogShaderCompilers: Display: Worker (6/9): shaders left to compile 43
[2020.06.06-19.39.14:503][887]LogShaderCompilers: Display: Worker (7/9): shaders left to compile 42
[2020.06.06-19.39.14:503][887]LogShaderCompilers: Display: Worker (8/9): shaders left to compile 41
[2020.06.06-19.39.14:503][887]LogMaterial: Display: Missing cached shader map for material DebugViewMode MaterialTexCoordScale, compiling. 
[2020.06.06-19.39.14:518][887]LogMaterial: Display: Missing cached shader map for material DebugViewMode MaterialTexCoordScale, compiling. 
[2020.06.06-19.39.14:535][887]LogMaterial: Display: Missing cached shader map for material DebugViewMode MaterialTexCoordScale, compiling. 
[2020.06.06-19.39.14:552][887]LogMaterial: Display: Missing cached shader map for material DebugViewMode MaterialTexCoordScale, compiling. 
[2020.06.06-19.39.14:570][887]LogShaderCompilers: Display: Worker (3/9): shaders left to compile 46
[2020.06.06-19.39.14:570][887]LogMaterial: Display: Missing cached shader map for material DebugViewMode MaterialTexCoordScale, compiling. 
[2020.06.06-19.39.14:588][887]LogMaterial: Display: Missing cached shader map for material DebugViewMode MaterialTexCoordScale, compiling. 
[2020.06.06-19.39.14:616][887]LogShaderCompilers: Display: Worker (1/9): shaders left to compile 51
[2020.06.06-19.39.14:616][887]LogShaderCompilers: Display: Worker (2/9): shaders left to compile 50
[2020.06.06-19.39.14:616][887]LogMaterial: Display: Missing cached shader map for material DebugViewMode MaterialTexCoordScale, compiling. 
[2020.06.06-19.39.14:634][887]LogMaterial: Display: Missing cached shader map for material DebugViewMode MaterialTexCoordScale, compiling. 
[2020.06.06-19.39.14:651][887]LogShaderCompilers: Display: Worker (4/9): shaders left to compile 51
[2020.06.06-19.39.14:651][887]LogMaterial: Display: Missing cached shader map for material DebugViewMode MaterialTexCoordScale, compiling. 
[2020.06.06-19.39.14:669][887]LogMaterial: Display: Missing cached shader map for material DebugViewMode MaterialTexCoordScale, compiling. 
[2020.06.06-19.39.14:738][887]LogShaderCompilers: Display: Worker (5/9): shaders left to compile 56
[2020.06.06-19.39.14:738][887]LogShaderCompilers: Display: Worker (7/9): shaders left to compile 55
[2020.06.06-19.39.14:738][887]LogShaderCompilers: Display: Worker (8/9): shaders left to compile 54
[2020.06.06-19.39.14:738][887]LogMaterial: Display: Missing cached shader map for material DebugViewMode MaterialTexCoordScale, compiling. 
[2020.06.06-19.39.14:757][887]LogMaterial: Display: Missing cached shader map for material DebugViewMode MaterialTexCoordScale, compiling. 
[2020.06.06-19.39.16:186][887]LogShaderCompilers: Display: Worker (4/9): shaders left to compile 55
[2020.06.06-19.39.16:186][887]LogShaderCompilers: Display: Worker (3/9): shaders left to compile 56
[2020.06.06-19.39.16:186][887]LogShaderCompilers: Display: Worker (6/9): shaders left to compile 55
[2020.06.06-19.39.16:186][887]LogShaderCompilers: Display: Worker (2/9): shaders left to compile 54
[2020.06.06-19.39.16:186][887]LogShaderCompilers: Display: Worker (1/9): shaders left to compile 53
[2020.06.06-19.39.16:186][887]LogShaderCompilers: Display: Worker (7/9): shaders left to compile 52
[2020.06.06-19.39.16:186][887]LogShaderCompilers: Display: Worker (6/9): shaders left to compile 51
[2020.06.06-19.39.16:186][887]LogShaderCompilers: Display: Worker (5/9): shaders left to compile 50
[2020.06.06-19.39.16:186][887]LogShaderCompilers: Display: Worker (8/9): shaders left to compile 49
[2020.06.06-19.39.16:186][887]LogShaderCompilers: Display: Worker (4/9): shaders left to compile 48
[2020.06.06-19.39.16:186][887]LogShaderCompilers: Display: Worker (1/9): shaders left to compile 47
[2020.06.06-19.39.16:186][887]LogShaderCompilers: Display: Worker (3/9): shaders left to compile 46
[2020.06.06-19.39.16:186][887]LogShaderCompilers: Display: Worker (2/9): shaders left to compile 45
[2020.06.06-19.39.16:187][887]LogShaderCompilers: Display: Worker (8/9): shaders left to compile 44
[2020.06.06-19.39.16:187][887]LogShaderCompilers: Display: Worker (6/9): shaders left to compile 43
[2020.06.06-19.39.16:187][887]LogShaderCompilers: Display: Worker (7/9): shaders left to compile 42
[2020.06.06-19.39.16:187][887]LogShaderCompilers: Display: Worker (5/9): shaders left to compile 41
[2020.06.06-19.39.16:187][887]LogShaderCompilers: Display: Worker (4/9): shaders left to compile 40
[2020.06.06-19.39.16:187][887]LogShaderCompilers: Display: Worker (3/9): shaders left to compile 39
[2020.06.06-19.39.16:187][887]LogShaderCompilers: Display: Worker (1/9): shaders left to compile 38
[2020.06.06-19.39.16:187][887]LogShaderCompilers: Display: Worker (6/9): shaders left to compile 37
[2020.06.06-19.39.16:187][887]LogShaderCompilers: Display: Worker (2/9): shaders left to compile 36
[2020.06.06-19.39.16:187][887]LogShaderCompilers: Display: Worker (5/9): shaders left to compile 35
[2020.06.06-19.39.16:187][887]LogShaderCompilers: Display: Worker (8/9): shaders left to compile 34
[2020.06.06-19.39.16:187][887]LogShaderCompilers: Display: Worker (7/9): shaders left to compile 33
[2020.06.06-19.39.16:187][887]LogShaderCompilers: Display: Worker (3/9): shaders left to compile 32
[2020.06.06-19.39.16:187][887]LogShaderCompilers: Display: Worker (4/9): shaders left to compile 31
[2020.06.06-19.39.16:187][887]LogShaderCompilers: Display: Worker (6/9): shaders left to compile 30
[2020.06.06-19.39.16:187][887]LogShaderCompilers: Display: Worker (1/9): shaders left to compile 29
[2020.06.06-19.39.16:187][887]LogShaderCompilers: Display: Worker (5/9): shaders left to compile 28
[2020.06.06-19.39.16:187][887]LogShaderCompilers: Display: Worker (7/9): shaders left to compile 27
[2020.06.06-19.39.16:187][887]LogShaderCompilers: Display: Worker (2/9): shaders left to compile 26
[2020.06.06-19.39.16:187][887]LogShaderCompilers: Display: Worker (8/9): shaders left to compile 25
[2020.06.06-19.39.16:187][887]LogShaderCompilers: Display: Worker (3/9): shaders left to compile 24
[2020.06.06-19.39.16:187][887]LogShaderCompilers: Display: Worker (4/9): shaders left to compile 23
[2020.06.06-19.39.16:187][887]LogShaderCompilers: Display: Worker (1/9): shaders left to compile 22
[2020.06.06-19.39.16:187][887]LogShaderCompilers: Display: Worker (6/9): shaders left to compile 21
[2020.06.06-19.39.16:187][887]LogShaderCompilers: Display: Worker (5/9): shaders left to compile 20
[2020.06.06-19.39.16:187][887]LogShaderCompilers: Display: Worker (3/9): shaders left to compile 19
[2020.06.06-19.39.16:187][887]LogShaderCompilers: Display: Worker (7/9): shaders left to compile 18
[2020.06.06-19.39.16:187][887]LogShaderCompilers: Display: Worker (1/9): shaders left to compile 17
[2020.06.06-19.39.16:187][887]LogShaderCompilers: Display: Worker (8/9): shaders left to compile 16
[2020.06.06-19.39.16:187][887]LogShaderCompilers: Display: Worker (2/9): shaders left to compile 15
[2020.06.06-19.39.16:187][887]LogShaderCompilers: Display: Worker (4/9): shaders left to compile 14
[2020.06.06-19.39.16:187][887]LogShaderCompilers: Display: Worker (5/9): shaders left to compile 13
[2020.06.06-19.39.16:187][887]LogShaderCompilers: Display: Worker (6/9): shaders left to compile 12
[2020.06.06-19.39.16:187][887]LogShaderCompilers: Display: Worker (7/9): shaders left to compile 11
[2020.06.06-19.39.16:187][887]LogShaderCompilers: Display: Worker (8/9): shaders left to compile 10
[2020.06.06-19.39.16:187][887]LogShaderCompilers: Display: Worker (3/9): shaders left to compile 9
[2020.06.06-19.39.16:187][887]LogShaderCompilers: Display: Worker (1/9): shaders left to compile 8
[2020.06.06-19.39.16:187][887]LogShaderCompilers: Display: Worker (2/9): shaders left to compile 7
[2020.06.06-19.39.16:187][887]LogShaderCompilers: Display: Worker (6/9): shaders left to compile 6
[2020.06.06-19.39.16:187][887]LogShaderCompilers: Display: Worker (4/9): shaders left to compile 5
[2020.06.06-19.39.16:187][887]LogShaderCompilers: Display: Worker (5/9): shaders left to compile 4
[2020.06.06-19.39.16:187][887]LogShaderCompilers: Display: Worker (7/9): shaders left to compile 3
[2020.06.06-19.39.16:187][887]LogShaderCompilers: Display: Worker (8/9): shaders left to compile 2
[2020.06.06-19.39.16:187][887]LogShaderCompilers: Display: Worker (3/9): shaders left to compile 1
[2020.06.06-19.39.16:187][887]TextureStreamingBuild: Display: Compiling optional shaders took 1.765 seconds.
[2020.06.06-19.39.16:225][887]LogLevel: Display: Export Material TexCoord Scales took 0.038 seconds.
[2020.06.06-19.39.16:237][887]TextureStreamingBuild: Display: Build Texture Streaming took 0.012 seconds.
[2020.06.06-19.39.16:261][887]LogUObjectHash: Compacting FUObjectHashTables data took   0.72ms
[2020.06.06-19.39.16:265][887]LightingResults: New page: Lighting Build - 6 Jun 2020, 21:39:16
[2020.06.06-19.39.16:344][887]LightingResults: Warning: InstancedFoliageActor_1 The total lightmap size for this InstancedStaticMeshComponent was too big and it was automatically reduced. Consider reducing the component's lightmap resolution or number of mesh instances in this component
[2020.06.06-19.39.16:345][887]LightingResults: Warning: InstancedFoliageActor_1 The total lightmap size for this InstancedStaticMeshComponent is large, consider reducing the component's lightmap resolution or number of mesh instances in this component
[2020.06.06-19.39.16:350][887]LightingResults: Warning: InstancedFoliageActor_1 The total lightmap size for this InstancedStaticMeshComponent is large, consider reducing the component's lightmap resolution or number of mesh instances in this component
[2020.06.06-19.39.16:350][887]LightingResults: Warning: InstancedFoliageActor_1 The total lightmap size for this InstancedStaticMeshComponent is large, consider reducing the component's lightmap resolution or number of mesh instances in this component
[2020.06.06-19.39.16:373][887]LogSwarmInterface: [OpenConnection] Registering TCP channel ...
[2020.06.06-19.39.16:412][887]LogSwarmInterface: [OpenConnection] Connecting to agent ...
[2020.06.06-19.39.16:421][887]LogSwarmInterface: [TryOpenConnection] Testing the Agent
[2020.06.06-19.39.16:936][887]LogSwarmInterface: [TryOpenConnection] Opening Connection to Agent
[2020.06.06-19.39.16:936][887]LogSwarmInterface: [TryOpenConnection] Local Process ID is 12656
[2020.06.06-19.39.23:362][887]LogStaticLightingSystem: Running Lightmass w/ ImmediateImport mode ENABLED
[2020.06.06-19.39.23:362][887]LogStaticLightingSystem: Running Lightmass w/ ImmediateProcess mode ENABLED
[2020.06.06-19.39.23:362][887]LogStaticLightingSystem: Running Lightmass w/ Sorting mode ENABLED
[2020.06.06-19.39.23:362][887]LogStaticLightingSystem: Running Lightmass w/ Mapping paddings ENABLED
[2020.06.06-19.39.23:362][887]LogStaticLightingSystem: Running Lightmass w/ Mapping debug paddings DISABLED
[2020.06.06-19.39.24:070][887]Cmd: MAP CHECK DONTDISPLAYDIALOG
[2020.06.06-19.39.24:070][887]MapCheck: New page: TransitV3 - 6 Jun 2020, 21:39:24
[2020.06.06-19.39.24:073][887]MapCheck: Map check complete: 0 Error(s), 0 Warning(s), took 2.575ms to complete.
[2020.06.06-19.39.24:074][887]LogEditorBuildUtils: Build time 0:10
[2020.06.06-19.39.27:276][951]LogMaterial: Display: Missing cached shader map for material FLightmassMaterialRenderer MI_TreeBark, compiling. 
[2020.06.06-19.39.27:290][951]LogShaderCompilers: Display: Worker (1/9): shaders left to compile 2
[2020.06.06-19.39.27:290][951]LogShaderCompilers: Display: Worker (2/9): shaders left to compile 1
[2020.06.06-19.39.27:290][951]LogMaterial: Display: Missing cached shader map for material FLightmassMaterialRenderer MI_TreeBark, compiling. 
[2020.06.06-19.39.27:299][952]LogShaderCompilers: Display: Worker (3/9): shaders left to compile 2
[2020.06.06-19.39.27:300][952]LogShaderCompilers: Display: Worker (4/9): shaders left to compile 1
[2020.06.06-19.39.27:316][952]LogMaterial: Display: Missing cached shader map for material FLightmassMaterialRenderer MI_Rock2, compiling. 
[2020.06.06-19.39.27:330][952]LogShaderCompilers: Display: Worker (5/9): shaders left to compile 2
[2020.06.06-19.39.27:330][952]LogShaderCompilers: Display: Worker (6/9): shaders left to compile 1
[2020.06.06-19.39.27:330][952]LogMaterial: Display: Missing cached shader map for material FLightmassMaterialRenderer MI_Rock2, compiling. 
[2020.06.06-19.39.27:341][953]LogShaderCompilers: Display: Worker (7/9): shaders left to compile 2
[2020.06.06-19.39.27:341][953]LogShaderCompilers: Display: Worker (8/9): shaders left to compile 1
[2020.06.06-19.39.27:358][953]LogMaterial: Display: Missing cached shader map for material FLightmassMaterialRenderer MI_Rock1, compiling. 
[2020.06.06-19.39.27:376][953]LogMaterial: Display: Missing cached shader map for material FLightmassMaterialRenderer MI_Rock1, compiling. 
[2020.06.06-19.39.27:542][956]LogMaterial: Display: Missing cached shader map for material FLightmassMaterialRenderer MI_Rock3, compiling. 
[2020.06.06-19.39.27:560][956]LogShaderCompilers: Display: Worker (4/9): shaders left to compile 6
[2020.06.06-19.39.27:560][956]LogShaderCompilers: Display: Worker (2/9): shaders left to compile 5
[2020.06.06-19.39.27:560][956]LogMaterial: Display: Missing cached shader map for material FLightmassMaterialRenderer MI_Rock3, compiling. 
[2020.06.06-19.39.27:595][957]LogShaderCompilers: Display: Worker (1/9): shaders left to compile 6
[2020.06.06-19.39.27:595][957]LogMaterial: Display: Missing cached shader map for material FLightmassMaterialRenderer MI_PortalFlat, compiling. 
[2020.06.06-19.39.27:616][957]LogShaderCompilers: Display: Worker (3/9): shaders left to compile 7
[2020.06.06-19.39.27:616][957]LogMaterial: Display: Missing cached shader map for material FLightmassMaterialRenderer MI_PortalFlat, compiling. 
[2020.06.06-19.39.27:642][958]LogShaderCompilers: Display: Worker (6/9): shaders left to compile 6
[2020.06.06-19.39.27:642][958]LogShaderCompilers: Display: Worker (8/9): shaders left to compile 7
[2020.06.06-19.39.28:125][959]LogShaderCompilers: Display: Worker (5/9): shaders left to compile 6
[2020.06.06-19.39.28:125][959]LogShaderCompilers: Display: Worker (7/9): shaders left to compile 5
[2020.06.06-19.39.28:125][959]LogShaderCompilers: Display: Worker (2/9): shaders left to compile 4
[2020.06.06-19.39.28:125][959]LogShaderCompilers: Display: Worker (4/9): shaders left to compile 3
[2020.06.06-19.39.28:125][959]LogShaderCompilers: Display: Worker (3/9): shaders left to compile 2
[2020.06.06-19.39.28:125][959]LogShaderCompilers: Display: Worker (1/9): shaders left to compile 1
[2020.06.06-19.39.35:710][ 57]LogUObjectHash: Compacting FUObjectHashTables data took   0.72ms
