Log file open, 06/05/20 12:05:33
LogWindows: Failed to load 'aqProf.dll' (GetLastError=126)
LogWindows: File 'aqProf.dll' does not exist
LogWindows: Failed to load 'VtuneApi.dll' (GetLastError=126)
LogWindows: File 'VtuneApi.dll' does not exist
LogWindows: Failed to load 'VtuneApi32e.dll' (GetLastError=126)
LogWindows: File 'VtuneApi32e.dll' does not exist
LogConsoleResponse: Display: Failed to find resolution value strings in scalability ini. Falling back to default.
LogInit: Display: Running engine for game: Team17Colab
LogPlatformFile: Not using cached read wrapper
LogTaskGraph: Started task graph with 5 named threads and 35 total threads with 3 sets of task threads.
LogStats: Stats thread started at 0.075321
LogD3D11RHI: Loaded GFSDK_Aftermath_Lib.x64.dll
LogICUInternationalization: ICU TimeZone Detection - Raw Offset: +0:00, Platform Override: ''
LogPluginManager: Mounting plugin Paper2D
LogPluginManager: Mounting plugin AISupport
LogPluginManager: Mounting plugin LightPropagationVolume
LogPluginManager: Mounting plugin ActorLayerUtilities
LogPluginManager: Mounting plugin AnimationSharing
LogPluginManager: Mounting plugin CLionSourceCodeAccess
LogPluginManager: Mounting plugin CodeLiteSourceCodeAccess
LogPluginManager: Mounting plugin GitSourceControl
LogPluginManager: Mounting plugin KDevelopSourceCodeAccess
LogPluginManager: Mounting plugin NullSourceCodeAccess
LogPluginManager: Mounting plugin PerforceSourceControl
LogPluginManager: Mounting plugin PlasticSourceControl
LogPluginManager: Mounting plugin SubversionSourceControl
LogPluginManager: Mounting plugin UObjectPlugin
LogPluginManager: Mounting plugin VisualStudioCodeSourceCodeAccess
LogPluginManager: Mounting plugin VisualStudioSourceCodeAccess
LogPluginManager: Mounting plugin XCodeSourceCodeAccess
LogPluginManager: Mounting plugin AssetManagerEditor
LogPluginManager: Mounting plugin CryptoKeys
LogPluginManager: Mounting plugin CurveEditorTools
LogPluginManager: Mounting plugin DataValidation
LogPluginManager: Mounting plugin FacialAnimation
LogPluginManager: Mounting plugin GameplayTagsEditor
LogPluginManager: Mounting plugin MacGraphicsSwitching
LogPluginManager: Mounting plugin MaterialAnalyzer
LogPluginManager: Mounting plugin MobileLauncherProfileWizard
LogPluginManager: Mounting plugin PluginBrowser
LogPluginManager: Mounting plugin SpeedTreeImporter
LogPluginManager: Mounting plugin DatasmithContent
LogPluginManager: Mounting plugin VariantManagerContent
LogPluginManager: Mounting plugin AlembicImporter
LogPluginManager: Mounting plugin AutomationUtils
LogPluginManager: Mounting plugin BackChannel
LogPluginManager: Mounting plugin CharacterAI
LogPluginManager: Mounting plugin GeometryCache
LogPluginManager: Mounting plugin PlatformCrypto
LogPluginManager: Mounting plugin ProxyLODPlugin
LogPluginManager: Mounting plugin SkeletalReduction
LogPluginManager: Mounting plugin Niagara
LogPluginManager: Mounting plugin NiagaraExtras
LogPluginManager: Mounting plugin MagicLeap
LogPluginManager: Mounting plugin MagicLeapMedia
LogPluginManager: Mounting plugin MLSDK
LogPluginManager: Mounting plugin AndroidMedia
LogPluginManager: Mounting plugin AvfMedia
LogPluginManager: Mounting plugin ImgMedia
LogPluginManager: Mounting plugin MediaCompositing
LogPluginManager: Mounting plugin MediaPlayerEditor
LogPluginManager: Mounting plugin WebMMedia
LogPluginManager: Mounting plugin WmfMedia
LogPluginManager: Mounting plugin TcpMessaging
LogPluginManager: Mounting plugin UdpMessaging
LogPluginManager: Mounting plugin ActorSequence
LogPluginManager: Mounting plugin LevelSequenceEditor
LogPluginManager: Mounting plugin MatineeToLevelSequence
LogPluginManager: Mounting plugin NetcodeUnitTest
LogPluginManager: Mounting plugin NUTUnrealEngine4
LogPluginManager: Mounting plugin OnlineSubsystemGooglePlay
LogPluginManager: Mounting plugin OnlineSubsystemIOS
LogPluginManager: Mounting plugin OnlineSubsystem
LogPluginManager: Mounting plugin OnlineSubsystemNull
LogPluginManager: Mounting plugin OnlineSubsystemUtils
LogPluginManager: Mounting plugin LauncherChunkInstaller
LogPluginManager: Mounting plugin AndroidDeviceProfileSelector
LogPluginManager: Mounting plugin AndroidMoviePlayer
LogPluginManager: Mounting plugin AndroidPermission
LogPluginManager: Mounting plugin AppleImageUtils
LogPluginManager: Mounting plugin AppleMoviePlayer
LogPluginManager: Mounting plugin ArchVisCharacter
LogPluginManager: Mounting plugin AssetTags
LogPluginManager: Mounting plugin AudioCapture
LogPluginManager: Mounting plugin CableComponent
LogPluginManager: Mounting plugin CustomMeshComponent
LogPluginManager: Mounting plugin EditableMesh
LogPluginManager: Mounting plugin ExampleDeviceProfileSelector
LogPluginManager: Mounting plugin GoogleCloudMessaging
LogPluginManager: Mounting plugin IOSDeviceProfileSelector
LogPluginManager: Mounting plugin LinuxDeviceProfileSelector
LogPluginManager: Mounting plugin LocationServicesBPLibrary
LogPluginManager: Mounting plugin MobilePatchingUtils
LogPluginManager: Mounting plugin OculusVR
LogPluginManager: Mounting plugin PhysXVehicles
LogPluginManager: Mounting plugin PostSplashScreen
LogPluginManager: Mounting plugin ProceduralMeshComponent
LogPluginManager: Mounting plugin RuntimePhysXCooking
LogPluginManager: Mounting plugin SignificanceManager
LogPluginManager: Mounting plugin SteamVR
LogPluginManager: Mounting plugin WebMMoviePlayer
LogPluginManager: Mounting plugin WindowsMoviePlayer
LogPluginManager: Mounting plugin ScreenshotTools
LogInit: Using libcurl 7.55.1-DEV
LogInit:  - built for x86_64-pc-win32
LogInit:  - supports SSL with OpenSSL/1.1.1
LogInit:  - supports HTTP deflate (compression) using libz 1.2.8
LogInit:  - other features:
LogInit:      CURL_VERSION_SSL
LogInit:      CURL_VERSION_LIBZ
LogInit:      CURL_VERSION_IPV6
LogInit:      CURL_VERSION_ASYNCHDNS
LogInit:      CURL_VERSION_LARGEFILE
LogInit:      CURL_VERSION_IDN
LogInit:  CurlRequestOptions (configurable via config and command line):
LogInit:  - bVerifyPeer = true  - Libcurl will verify peer certificate
LogInit:  - bUseHttpProxy = false  - Libcurl will NOT use HTTP proxy
LogInit:  - bDontReuseConnections = false  - Libcurl will reuse connections
LogInit:  - MaxHostConnections = 16  - Libcurl will limit the number of connections to a host
LogInit:  - LocalHostAddr = Default
LogInit:  - BufferSize = 65536
LogOnline: OSS: Creating online subsystem instance for: NULL
LogInit: WinSock: version 1.1 (2.2), MaxSocks=32767, MaxUdp=65467
LogOnline: OSS: TryLoadSubsystemAndSetDefault: Loaded subsystem for module [NULL]
LogInit: Build: ++UE4+Release-4.24-CL-11590370
LogInit: Engine Version: 4.24.3-11590370+++UE4+Release-4.24
LogInit: Compatible Engine Version: 4.24.0-10570792+++UE4+Release-4.24
LogInit: Net CL: 10570792
LogInit: OS: Windows 10 (Release 1903) (), CPU: Intel(R) Core(TM) i7-8700 CPU @ 3.20GHz, GPU: NVIDIA GeForce GTX 1070 Ti
LogInit: Compiled (64-bit): Feb 24 2020 15:39:18
LogInit: Compiled with Visual C++: 19.16.27032.01
LogInit: Build Configuration: Development
LogInit: Branch Name: ++UE4+Release-4.24
LogInit: Command Line: 
LogInit: Base Directory: D:/UE_4.24/Engine/Binaries/Win64/
LogInit: Installed Engine Build: 1
LogDevObjectVersion: Number of dev versions registered: 25
LogDevObjectVersion:   Dev-Blueprints (B0D832E4-1F89-4F0D-ACCF-7EB736FD4AA2): 10
LogDevObjectVersion:   Dev-Build (E1C64328-A22C-4D53-A36C-8E866417BD8C): 0
LogDevObjectVersion:   Dev-Core (375EC13C-06E4-48FB-B500-84F0262A717E): 3
LogDevObjectVersion:   Dev-Editor (E4B068ED-F494-42E9-A231-DA0B2E46BB41): 37
LogDevObjectVersion:   Dev-Framework (CFFC743F-43B0-4480-9391-14DF171D2073): 36
LogDevObjectVersion:   Dev-Mobile (B02B49B5-BB20-44E9-A304-32B752E40360): 2
LogDevObjectVersion:   Dev-Networking (A4E4105C-59A1-49B5-A7C5-40C4547EDFEE): 0
LogDevObjectVersion:   Dev-Online (39C831C9-5AE6-47DC-9A44-9C173E1C8E7C): 0
LogDevObjectVersion:   Dev-Physics (78F01B33-EBEA-4F98-B9B4-84EACCB95AA2): 2
LogDevObjectVersion:   Dev-Platform (6631380F-2D4D-43E0-8009-CF276956A95A): 0
LogDevObjectVersion:   Dev-Rendering (12F88B9F-8875-4AFC-A67C-D90C383ABD29): 36
LogDevObjectVersion:   Dev-Sequencer (7B5AE74C-D270-4C10-A958-57980B212A5A): 11
LogDevObjectVersion:   Dev-VR (D7296918-1DD6-4BDD-9DE2-64A83CC13884): 2
LogDevObjectVersion:   Dev-LoadTimes (C2A15278-BFE7-4AFE-6C17-90FF531DF755): 1
LogDevObjectVersion:   Private-Geometry (6EACA3D4-40EC-4CC1-B786-8BED09428FC5): 3
LogDevObjectVersion:   Dev-AnimPhys (29E575DD-E0A3-4627-9D10-D276232CDCEA): 17
LogDevObjectVersion:   Dev-Anim (AF43A65D-7FD3-4947-9873-3E8ED9C1BB05): 2
LogDevObjectVersion:   Dev-ReflectionCapture (6B266CEC-1EC7-4B8F-A30B-E4D90942FC07): 1
LogDevObjectVersion:   Dev-Automation (0DF73D61-A23F-47EA-B727-89E90C41499A): 1
LogDevObjectVersion:   FortniteMain (601D1886-AC64-4F84-AA16-D3DE0DEAC7D6): 31
LogDevObjectVersion:   Dev-Enterprise (9DFFBCD6-494F-0158-E221-12823C92A888): 8
LogDevObjectVersion:   Dev-Niagara (F2AED0AC-9AFE-416F-8664-AA7FFA26D6FC): 1
LogDevObjectVersion:   Dev-Destruction (174F1F0B-B4C6-45A5-B13F-2EE8D0FB917D): 9
LogDevObjectVersion:   Dev-Physics-Ext (35F94A83-E258-406C-A318-09F59610247C): 8
LogDevObjectVersion:   Dev-CineCamera (B2E18506-4273-CFC2-A54E-F4BB758BBA07): 1
LogInit: Presizing for max 25165824 objects, including 0 objects not considered by GC, pre-allocating 0 bytes for permanent pool.
LogInit: Object subsystem initialized
LogConfig: Setting CVar [[con.DebugEarlyDefault:1]]
LogConfig: Setting CVar [[r.setres:1280x720]]
[2020.06.05-11.05.34:434][  0]LogConfig: Setting CVar [[r.VSync:0]]
[2020.06.05-11.05.34:434][  0]LogConfig: Setting CVar [[r.RHICmdBypass:0]]
[2020.06.05-11.05.34:434][  0]LogConfig: Applying CVar settings from Section [/Script/Engine.RendererSettings] File [C:/Users/eppez/OneDrive/Desktop/JSColabTeam17/Team17Colab/Saved/Config/Windows/Engine.ini]
[2020.06.05-11.05.34:435][  0]LogConfig: Setting CVar [[r.GPUCrashDebugging:0]]
[2020.06.05-11.05.34:435][  0]LogConfig: Applying CVar settings from Section [/Script/Engine.RendererOverrideSettings] File [C:/Users/eppez/OneDrive/Desktop/JSColabTeam17/Team17Colab/Saved/Config/Windows/Engine.ini]
[2020.06.05-11.05.34:435][  0]LogConfig: Applying CVar settings from Section [/Script/Engine.StreamingSettings] File [C:/Users/eppez/OneDrive/Desktop/JSColabTeam17/Team17Colab/Saved/Config/Windows/Engine.ini]
[2020.06.05-11.05.34:435][  0]LogConfig: Setting CVar [[s.MinBulkDataSizeForAsyncLoading:131072]]
[2020.06.05-11.05.34:435][  0]LogConfig: Setting CVar [[s.AsyncLoadingThreadEnabled:0]]
[2020.06.05-11.05.34:435][  0]LogConfig: Setting CVar [[s.EventDrivenLoaderEnabled:1]]
[2020.06.05-11.05.34:435][  0]LogConfig: Setting CVar [[s.WarnIfTimeLimitExceeded:0]]
[2020.06.05-11.05.34:435][  0]LogConfig: Setting CVar [[s.TimeLimitExceededMultiplier:1.5]]
[2020.06.05-11.05.34:435][  0]LogConfig: Setting CVar [[s.TimeLimitExceededMinTime:0.005]]
[2020.06.05-11.05.34:435][  0]LogConfig: Setting CVar [[s.UseBackgroundLevelStreaming:1]]
[2020.06.05-11.05.34:435][  0]LogConfig: Setting CVar [[s.PriorityAsyncLoadingExtraTime:15.0]]
[2020.06.05-11.05.34:435][  0]LogConfig: Setting CVar [[s.LevelStreamingActorsUpdateTimeLimit:5.0]]
[2020.06.05-11.05.34:435][  0]LogConfig: Setting CVar [[s.PriorityLevelStreamingActorsUpdateExtraTime:5.0]]
[2020.06.05-11.05.34:435][  0]LogConfig: Setting CVar [[s.LevelStreamingComponentsRegistrationGranularity:10]]
[2020.06.05-11.05.34:435][  0]LogConfig: Setting CVar [[s.UnregisterComponentsTimeLimit:1.0]]
[2020.06.05-11.05.34:435][  0]LogConfig: Setting CVar [[s.LevelStreamingComponentsUnregistrationGranularity:5]]
[2020.06.05-11.05.34:435][  0]LogConfig: Setting CVar [[s.FlushStreamingOnExit:1]]
[2020.06.05-11.05.34:435][  0]LogConfig: Applying CVar settings from Section [/Script/Engine.GarbageCollectionSettings] File [C:/Users/eppez/OneDrive/Desktop/JSColabTeam17/Team17Colab/Saved/Config/Windows/Engine.ini]
[2020.06.05-11.05.34:435][  0]LogConfig: Setting CVar [[gc.MaxObjectsNotConsideredByGC:1]]
[2020.06.05-11.05.34:435][  0]LogConfig: Setting CVar [[gc.SizeOfPermanentObjectPool:0]]
[2020.06.05-11.05.34:435][  0]LogConfig: Setting CVar [[gc.FlushStreamingOnGC:0]]
[2020.06.05-11.05.34:435][  0]LogConfig: Setting CVar [[gc.NumRetriesBeforeForcingGC:10]]
[2020.06.05-11.05.34:435][  0]LogConfig: Setting CVar [[gc.AllowParallelGC:1]]
[2020.06.05-11.05.34:435][  0]LogConfig: Setting CVar [[gc.TimeBetweenPurgingPendingKillObjects:61.1]]
[2020.06.05-11.05.34:435][  0]LogConfig: Setting CVar [[gc.MaxObjectsInEditor:25165824]]
[2020.06.05-11.05.34:435][  0]LogConfig: Setting CVar [[gc.IncrementalBeginDestroyEnabled:1]]
[2020.06.05-11.05.34:435][  0]LogConfig: Setting CVar [[gc.CreateGCClusters:1]]
[2020.06.05-11.05.34:435][  0]LogConfig: Setting CVar [[gc.MinGCClusterSize:5]]
[2020.06.05-11.05.34:435][  0]LogConfig: Setting CVar [[gc.ActorClusteringEnabled:0]]
[2020.06.05-11.05.34:435][  0]LogConfig: Setting CVar [[gc.BlueprintClusteringEnabled:0]]
[2020.06.05-11.05.34:435][  0]LogConfig: Setting CVar [[gc.UseDisregardForGCOnDedicatedServers:0]]
[2020.06.05-11.05.34:435][  0]LogConfig: Applying CVar settings from Section [/Script/Engine.NetworkSettings] File [C:/Users/eppez/OneDrive/Desktop/JSColabTeam17/Team17Colab/Saved/Config/Windows/Engine.ini]
[2020.06.05-11.05.34:435][  0]LogConfig: Applying CVar settings from Section [/Script/UnrealEd.CookerSettings] File [C:/Users/eppez/OneDrive/Desktop/JSColabTeam17/Team17Colab/Saved/Config/Windows/Engine.ini]
[2020.06.05-11.05.34:439][  0]LogConfig: Applying CVar settings from Section [ViewDistanceQuality@3] File [C:/Users/eppez/OneDrive/Desktop/JSColabTeam17/Team17Colab/Saved/Config/Windows/Scalability.ini]
[2020.06.05-11.05.34:439][  0]LogConfig: Setting CVar [[r.SkeletalMeshLODBias:0]]
[2020.06.05-11.05.34:439][  0]LogConfig: Setting CVar [[r.ViewDistanceScale:1.0]]
[2020.06.05-11.05.34:439][  0]LogConfig: Applying CVar settings from Section [AntiAliasingQuality@3] File [C:/Users/eppez/OneDrive/Desktop/JSColabTeam17/Team17Colab/Saved/Config/Windows/Scalability.ini]
[2020.06.05-11.05.34:439][  0]LogConfig: Setting CVar [[r.PostProcessAAQuality:4]]
[2020.06.05-11.05.34:439][  0]LogConfig: Applying CVar settings from Section [ShadowQuality@3] File [C:/Users/eppez/OneDrive/Desktop/JSColabTeam17/Team17Colab/Saved/Config/Windows/Scalability.ini]
[2020.06.05-11.05.34:439][  0]LogConfig: Setting CVar [[r.LightFunctionQuality:1]]
[2020.06.05-11.05.34:439][  0]LogConfig: Setting CVar [[r.ShadowQuality:5]]
[2020.06.05-11.05.34:439][  0]LogConfig: Setting CVar [[r.Shadow.CSM.MaxCascades:10]]
[2020.06.05-11.05.34:439][  0]LogConfig: Setting CVar [[r.Shadow.MaxResolution:2048]]
[2020.06.05-11.05.34:439][  0]LogConfig: Setting CVar [[r.Shadow.MaxCSMResolution:2048]]
[2020.06.05-11.05.34:439][  0]LogConfig: Setting CVar [[r.Shadow.RadiusThreshold:0.01]]
[2020.06.05-11.05.34:439][  0]LogConfig: Setting CVar [[r.Shadow.DistanceScale:1.0]]
[2020.06.05-11.05.34:439][  0]LogConfig: Setting CVar [[r.Shadow.CSM.TransitionScale:1.0]]
[2020.06.05-11.05.34:439][  0]LogConfig: Setting CVar [[r.Shadow.PreShadowResolutionFactor:1.0]]
[2020.06.05-11.05.34:439][  0]LogConfig: Setting CVar [[r.DistanceFieldShadowing:1]]
[2020.06.05-11.05.34:439][  0]LogConfig: Setting CVar [[r.DistanceFieldAO:1]]
[2020.06.05-11.05.34:439][  0]LogConfig: Setting CVar [[r.AOQuality:2]]
[2020.06.05-11.05.34:439][  0]LogConfig: Setting CVar [[r.VolumetricFog:1]]
[2020.06.05-11.05.34:439][  0]LogConfig: Setting CVar [[r.VolumetricFog.GridPixelSize:8]]
[2020.06.05-11.05.34:439][  0]LogConfig: Setting CVar [[r.VolumetricFog.GridSizeZ:128]]
[2020.06.05-11.05.34:439][  0]LogConfig: Setting CVar [[r.VolumetricFog.HistoryMissSupersampleCount:4]]
[2020.06.05-11.05.34:439][  0]LogConfig: Setting CVar [[r.LightMaxDrawDistanceScale:1]]
[2020.06.05-11.05.34:439][  0]LogConfig: Setting CVar [[r.CapsuleShadows:1]]
[2020.06.05-11.05.34:439][  0]LogConfig: Applying CVar settings from Section [PostProcessQuality@3] File [C:/Users/eppez/OneDrive/Desktop/JSColabTeam17/Team17Colab/Saved/Config/Windows/Scalability.ini]
[2020.06.05-11.05.34:439][  0]LogConfig: Setting CVar [[r.MotionBlurQuality:4]]
[2020.06.05-11.05.34:439][  0]LogConfig: Setting CVar [[r.AmbientOcclusionMipLevelFactor:0.4]]
[2020.06.05-11.05.34:439][  0]LogConfig: Setting CVar [[r.AmbientOcclusionMaxQuality:100]]
[2020.06.05-11.05.34:439][  0]LogConfig: Setting CVar [[r.AmbientOcclusionLevels:-1]]
[2020.06.05-11.05.34:439][  0]LogConfig: Setting CVar [[r.AmbientOcclusionRadiusScale:1.0]]
[2020.06.05-11.05.34:439][  0]LogConfig: Setting CVar [[r.DepthOfFieldQuality:2]]
[2020.06.05-11.05.34:439][  0]LogConfig: Setting CVar [[r.RenderTargetPoolMin:400]]
[2020.06.05-11.05.34:439][  0]LogConfig: Setting CVar [[r.LensFlareQuality:2]]
[2020.06.05-11.05.34:439][  0]LogConfig: Setting CVar [[r.SceneColorFringeQuality:1]]
[2020.06.05-11.05.34:439][  0]LogConfig: Setting CVar [[r.EyeAdaptationQuality:2]]
[2020.06.05-11.05.34:440][  0]LogConfig: Setting CVar [[r.BloomQuality:5]]
[2020.06.05-11.05.34:440][  0]LogConfig: Setting CVar [[r.FastBlurThreshold:100]]
[2020.06.05-11.05.34:440][  0]LogConfig: Setting CVar [[r.Upscale.Quality:3]]
[2020.06.05-11.05.34:440][  0]LogConfig: Setting CVar [[r.Tonemapper.GrainQuantization:1]]
[2020.06.05-11.05.34:440][  0]LogConfig: Setting CVar [[r.LightShaftQuality:1]]
[2020.06.05-11.05.34:440][  0]LogConfig: Setting CVar [[r.Filter.SizeScale:1]]
[2020.06.05-11.05.34:440][  0]LogConfig: Setting CVar [[r.Tonemapper.Quality:5]]
[2020.06.05-11.05.34:440][  0]LogConfig: Setting CVar [[r.DOF.Gather.AccumulatorQuality:1        ; higher gathering accumulator quality]]
[2020.06.05-11.05.34:440][  0]LogConfig: Setting CVar [[r.DOF.Gather.PostfilterMethod:1          ; Median3x3 postfilering method]]
[2020.06.05-11.05.34:440][  0]LogConfig: Setting CVar [[r.DOF.Gather.EnableBokehSettings:0       ; no bokeh simulation when gathering]]
[2020.06.05-11.05.34:440][  0]LogConfig: Setting CVar [[r.DOF.Gather.RingCount:4                 ; medium number of samples when gathering]]
[2020.06.05-11.05.34:440][  0]LogConfig: Setting CVar [[r.DOF.Scatter.ForegroundCompositing:1    ; additive foreground scattering]]
[2020.06.05-11.05.34:440][  0]LogConfig: Setting CVar [[r.DOF.Scatter.BackgroundCompositing:2    ; additive background scattering]]
[2020.06.05-11.05.34:440][  0]LogConfig: Setting CVar [[r.DOF.Scatter.EnableBokehSettings:1      ; bokeh simulation when scattering]]
[2020.06.05-11.05.34:440][  0]LogConfig: Setting CVar [[r.DOF.Scatter.MaxSpriteRatio:0.1         ; only a maximum of 10% of scattered bokeh]]
[2020.06.05-11.05.34:440][  0]LogConfig: Setting CVar [[r.DOF.Recombine.Quality:1                ; cheap slight out of focus]]
[2020.06.05-11.05.34:440][  0]LogConfig: Setting CVar [[r.DOF.Recombine.EnableBokehSettings:0    ; no bokeh simulation on slight out of focus]]
[2020.06.05-11.05.34:440][  0]LogConfig: Setting CVar [[r.DOF.TemporalAAQuality:1                ; more stable temporal accumulation]]
[2020.06.05-11.05.34:440][  0]LogConfig: Setting CVar [[r.DOF.Kernel.MaxForegroundRadius:0.025]]
[2020.06.05-11.05.34:440][  0]LogConfig: Setting CVar [[r.DOF.Kernel.MaxBackgroundRadius:0.025]]
[2020.06.05-11.05.34:440][  0]LogConfig: Applying CVar settings from Section [TextureQuality@3] File [C:/Users/eppez/OneDrive/Desktop/JSColabTeam17/Team17Colab/Saved/Config/Windows/Scalability.ini]
[2020.06.05-11.05.34:440][  0]LogConfig: Setting CVar [[r.Streaming.MipBias:0]]
[2020.06.05-11.05.34:440][  0]LogConfig: Setting CVar [[r.Streaming.AmortizeCPUToGPUCopy:0]]
[2020.06.05-11.05.34:440][  0]LogConfig: Setting CVar [[r.Streaming.MaxNumTexturesToStreamPerFrame:0]]
[2020.06.05-11.05.34:440][  0]LogConfig: Setting CVar [[r.Streaming.Boost:1]]
[2020.06.05-11.05.34:440][  0]LogConfig: Setting CVar [[r.MaxAnisotropy:8]]
[2020.06.05-11.05.34:440][  0]LogConfig: Setting CVar [[r.VT.MaxAnisotropy:8]]
[2020.06.05-11.05.34:440][  0]LogConfig: Setting CVar [[r.Streaming.LimitPoolSizeToVRAM:0]]
[2020.06.05-11.05.34:440][  0]LogConfig: Setting CVar [[r.Streaming.PoolSize:1000]]
[2020.06.05-11.05.34:440][  0]LogConfig: Setting CVar [[r.Streaming.MaxEffectiveScreenSize:0]]
[2020.06.05-11.05.34:440][  0]LogConfig: Applying CVar settings from Section [EffectsQuality@3] File [C:/Users/eppez/OneDrive/Desktop/JSColabTeam17/Team17Colab/Saved/Config/Windows/Scalability.ini]
[2020.06.05-11.05.34:440][  0]LogConfig: Setting CVar [[r.TranslucencyLightingVolumeDim:64]]
[2020.06.05-11.05.34:440][  0]LogConfig: Setting CVar [[r.RefractionQuality:2]]
[2020.06.05-11.05.34:440][  0]LogConfig: Setting CVar [[r.SSR.Quality:3]]
[2020.06.05-11.05.34:440][  0]LogConfig: Setting CVar [[r.SSR.HalfResSceneColor:0]]
[2020.06.05-11.05.34:440][  0]LogConfig: Setting CVar [[r.SceneColorFormat:4]]
[2020.06.05-11.05.34:440][  0]LogConfig: Setting CVar [[r.DetailMode:2]]
[2020.06.05-11.05.34:440][  0]LogConfig: Setting CVar [[r.TranslucencyVolumeBlur:1]]
[2020.06.05-11.05.34:440][  0]LogConfig: Setting CVar [[r.MaterialQualityLevel:1 ; High quality]]
[2020.06.05-11.05.34:440][  0]LogConfig: Setting CVar [[r.SSS.Scale:1]]
[2020.06.05-11.05.34:440][  0]LogConfig: Setting CVar [[r.SSS.SampleSet:2]]
[2020.06.05-11.05.34:440][  0]LogConfig: Setting CVar [[r.SSS.Quality:1]]
[2020.06.05-11.05.34:440][  0]LogConfig: Setting CVar [[r.SSS.HalfRes:1]]
[2020.06.05-11.05.34:440][  0]LogConfig: Setting CVar [[r.SSGI.Quality:3]]
[2020.06.05-11.05.34:440][  0]LogConfig: Setting CVar [[r.EmitterSpawnRateScale:1.0]]
[2020.06.05-11.05.34:440][  0]LogConfig: Setting CVar [[r.ParticleLightQuality:2]]
[2020.06.05-11.05.34:440][  0]LogConfig: Setting CVar [[r.SkyAtmosphere.AerialPerspectiveLUT.FastApplyOnOpaque:1 ; Always have FastSkyLUT 1 in this case to avoid wrong sky]]
[2020.06.05-11.05.34:441][  0]LogConfig: Setting CVar [[r.SkyAtmosphere.AerialPerspectiveLUT.SampleCountPerSlice:1]]
[2020.06.05-11.05.34:441][  0]LogConfig: Setting CVar [[r.SkyAtmosphere.AerialPerspectiveLUT.DepthResolution:16.0]]
[2020.06.05-11.05.34:441][  0]LogConfig: Setting CVar [[r.SkyAtmosphere.FastSkyLUT:1]]
[2020.06.05-11.05.34:441][  0]LogConfig: Setting CVar [[r.SkyAtmosphere.FastSkyLUT.SampleCountMin:4.0]]
[2020.06.05-11.05.34:441][  0]LogConfig: Setting CVar [[r.SkyAtmosphere.FastSkyLUT.SampleCountMax:32.0]]
[2020.06.05-11.05.34:441][  0]LogConfig: Setting CVar [[r.SkyAtmosphere.SampleCountMin:4.0]]
[2020.06.05-11.05.34:441][  0]LogConfig: Setting CVar [[r.SkyAtmosphere.SampleCountMax:32.0]]
[2020.06.05-11.05.34:441][  0]LogConfig: Setting CVar [[r.SkyAtmosphere.TransmittanceLUT.UseSmallFormat:0]]
[2020.06.05-11.05.34:441][  0]LogConfig: Setting CVar [[r.SkyAtmosphere.TransmittanceLUT.SampleCount:10.0]]
[2020.06.05-11.05.34:441][  0]LogConfig: Setting CVar [[r.SkyAtmosphere.MultiScatteringLUT.SampleCount:15.0]]
[2020.06.05-11.05.34:441][  0]LogConfig: Applying CVar settings from Section [FoliageQuality@3] File [C:/Users/eppez/OneDrive/Desktop/JSColabTeam17/Team17Colab/Saved/Config/Windows/Scalability.ini]
[2020.06.05-11.05.34:441][  0]LogConfig: Setting CVar [[foliage.DensityScale:1.0]]
[2020.06.05-11.05.34:441][  0]LogConfig: Setting CVar [[grass.DensityScale:1.0]]
[2020.06.05-11.05.34:441][  0]LogConfig: Applying CVar settings from Section [ShadingQuality@3] File [C:/Users/eppez/OneDrive/Desktop/JSColabTeam17/Team17Colab/Saved/Config/Windows/Scalability.ini]
[2020.06.05-11.05.34:441][  0]LogConfig: Setting CVar [[r.HairStrands.SkyLighting.SampleCount:16]]
[2020.06.05-11.05.34:441][  0]LogConfig: Setting CVar [[r.HairStrands.SkyLighting.JitterIntegration:0]]
[2020.06.05-11.05.34:441][  0]LogConfig: Setting CVar [[r.HairStrands.SkyAO.SampleCount:16]]
[2020.06.05-11.05.34:441][  0]LogInit: Selected Device Profile: [Windows]
[2020.06.05-11.05.34:441][  0]LogInit: Applying CVar settings loaded from the selected device profile: [Windows]
[2020.06.05-11.05.34:456][  0]LogHAL: Display: Platform has ~ 16 GB [17091125248 / 17179869184 / 16], which maps to Larger [LargestMinGB=32, LargerMinGB=12, DefaultMinGB=8, SmallerMinGB=6, SmallestMinGB=0)
[2020.06.05-11.05.34:456][  0]LogInit: Going up to parent DeviceProfile []
[2020.06.05-11.05.34:457][  0]LogConfig: Applying CVar settings from Section [ViewDistanceQuality@3] File [C:/Users/eppez/OneDrive/Desktop/JSColabTeam17/Team17Colab/Saved/Config/Windows/Scalability.ini]
[2020.06.05-11.05.34:457][  0]LogConfig: Setting CVar [[r.SkeletalMeshLODBias:0]]
[2020.06.05-11.05.34:457][  0]LogConfig: Setting CVar [[r.ViewDistanceScale:1.0]]
[2020.06.05-11.05.34:457][  0]LogConfig: Applying CVar settings from Section [AntiAliasingQuality@3] File [C:/Users/eppez/OneDrive/Desktop/JSColabTeam17/Team17Colab/Saved/Config/Windows/Scalability.ini]
[2020.06.05-11.05.34:457][  0]LogConfig: Setting CVar [[r.PostProcessAAQuality:4]]
[2020.06.05-11.05.34:457][  0]LogConfig: Applying CVar settings from Section [ShadowQuality@3] File [C:/Users/eppez/OneDrive/Desktop/JSColabTeam17/Team17Colab/Saved/Config/Windows/Scalability.ini]
[2020.06.05-11.05.34:457][  0]LogConfig: Setting CVar [[r.LightFunctionQuality:1]]
[2020.06.05-11.05.34:457][  0]LogConfig: Setting CVar [[r.ShadowQuality:5]]
[2020.06.05-11.05.34:457][  0]LogConfig: Setting CVar [[r.Shadow.CSM.MaxCascades:10]]
[2020.06.05-11.05.34:457][  0]LogConfig: Setting CVar [[r.Shadow.MaxResolution:2048]]
[2020.06.05-11.05.34:457][  0]LogConfig: Setting CVar [[r.Shadow.MaxCSMResolution:2048]]
[2020.06.05-11.05.34:457][  0]LogConfig: Setting CVar [[r.Shadow.RadiusThreshold:0.01]]
[2020.06.05-11.05.34:457][  0]LogConfig: Setting CVar [[r.Shadow.DistanceScale:1.0]]
[2020.06.05-11.05.34:457][  0]LogConfig: Setting CVar [[r.Shadow.CSM.TransitionScale:1.0]]
[2020.06.05-11.05.34:457][  0]LogConfig: Setting CVar [[r.Shadow.PreShadowResolutionFactor:1.0]]
[2020.06.05-11.05.34:457][  0]LogConfig: Setting CVar [[r.DistanceFieldShadowing:1]]
[2020.06.05-11.05.34:457][  0]LogConfig: Setting CVar [[r.DistanceFieldAO:1]]
[2020.06.05-11.05.34:457][  0]LogConfig: Setting CVar [[r.AOQuality:2]]
[2020.06.05-11.05.34:457][  0]LogConfig: Setting CVar [[r.VolumetricFog:1]]
[2020.06.05-11.05.34:457][  0]LogConfig: Setting CVar [[r.VolumetricFog.GridPixelSize:8]]
[2020.06.05-11.05.34:457][  0]LogConfig: Setting CVar [[r.VolumetricFog.GridSizeZ:128]]
[2020.06.05-11.05.34:457][  0]LogConfig: Setting CVar [[r.VolumetricFog.HistoryMissSupersampleCount:4]]
[2020.06.05-11.05.34:457][  0]LogConfig: Setting CVar [[r.LightMaxDrawDistanceScale:1]]
[2020.06.05-11.05.34:457][  0]LogConfig: Setting CVar [[r.CapsuleShadows:1]]
[2020.06.05-11.05.34:457][  0]LogConfig: Applying CVar settings from Section [PostProcessQuality@3] File [C:/Users/eppez/OneDrive/Desktop/JSColabTeam17/Team17Colab/Saved/Config/Windows/Scalability.ini]
[2020.06.05-11.05.34:457][  0]LogConfig: Setting CVar [[r.MotionBlurQuality:4]]
[2020.06.05-11.05.34:457][  0]LogConfig: Setting CVar [[r.AmbientOcclusionMipLevelFactor:0.4]]
[2020.06.05-11.05.34:457][  0]LogConfig: Setting CVar [[r.AmbientOcclusionMaxQuality:100]]
[2020.06.05-11.05.34:457][  0]LogConfig: Setting CVar [[r.AmbientOcclusionLevels:-1]]
[2020.06.05-11.05.34:457][  0]LogConfig: Setting CVar [[r.AmbientOcclusionRadiusScale:1.0]]
[2020.06.05-11.05.34:457][  0]LogConfig: Setting CVar [[r.DepthOfFieldQuality:2]]
[2020.06.05-11.05.34:457][  0]LogConfig: Setting CVar [[r.RenderTargetPoolMin:400]]
[2020.06.05-11.05.34:457][  0]LogConfig: Setting CVar [[r.LensFlareQuality:2]]
[2020.06.05-11.05.34:457][  0]LogConfig: Setting CVar [[r.SceneColorFringeQuality:1]]
[2020.06.05-11.05.34:457][  0]LogConfig: Setting CVar [[r.EyeAdaptationQuality:2]]
[2020.06.05-11.05.34:457][  0]LogConfig: Setting CVar [[r.BloomQuality:5]]
[2020.06.05-11.05.34:457][  0]LogConfig: Setting CVar [[r.FastBlurThreshold:100]]
[2020.06.05-11.05.34:457][  0]LogConfig: Setting CVar [[r.Upscale.Quality:3]]
[2020.06.05-11.05.34:457][  0]LogConfig: Setting CVar [[r.Tonemapper.GrainQuantization:1]]
[2020.06.05-11.05.34:457][  0]LogConfig: Setting CVar [[r.LightShaftQuality:1]]
[2020.06.05-11.05.34:457][  0]LogConfig: Setting CVar [[r.Filter.SizeScale:1]]
[2020.06.05-11.05.34:457][  0]LogConfig: Setting CVar [[r.Tonemapper.Quality:5]]
[2020.06.05-11.05.34:457][  0]LogConfig: Setting CVar [[r.DOF.Gather.AccumulatorQuality:1        ; higher gathering accumulator quality]]
[2020.06.05-11.05.34:457][  0]LogConfig: Setting CVar [[r.DOF.Gather.PostfilterMethod:1          ; Median3x3 postfilering method]]
[2020.06.05-11.05.34:457][  0]LogConfig: Setting CVar [[r.DOF.Gather.EnableBokehSettings:0       ; no bokeh simulation when gathering]]
[2020.06.05-11.05.34:457][  0]LogConfig: Setting CVar [[r.DOF.Gather.RingCount:4                 ; medium number of samples when gathering]]
[2020.06.05-11.05.34:457][  0]LogConfig: Setting CVar [[r.DOF.Scatter.ForegroundCompositing:1    ; additive foreground scattering]]
[2020.06.05-11.05.34:457][  0]LogConfig: Setting CVar [[r.DOF.Scatter.BackgroundCompositing:2    ; additive background scattering]]
[2020.06.05-11.05.34:457][  0]LogConfig: Setting CVar [[r.DOF.Scatter.EnableBokehSettings:1      ; bokeh simulation when scattering]]
[2020.06.05-11.05.34:457][  0]LogConfig: Setting CVar [[r.DOF.Scatter.MaxSpriteRatio:0.1         ; only a maximum of 10% of scattered bokeh]]
[2020.06.05-11.05.34:457][  0]LogConfig: Setting CVar [[r.DOF.Recombine.Quality:1                ; cheap slight out of focus]]
[2020.06.05-11.05.34:457][  0]LogConfig: Setting CVar [[r.DOF.Recombine.EnableBokehSettings:0    ; no bokeh simulation on slight out of focus]]
[2020.06.05-11.05.34:457][  0]LogConfig: Setting CVar [[r.DOF.TemporalAAQuality:1                ; more stable temporal accumulation]]
[2020.06.05-11.05.34:457][  0]LogConfig: Setting CVar [[r.DOF.Kernel.MaxForegroundRadius:0.025]]
[2020.06.05-11.05.34:457][  0]LogConfig: Setting CVar [[r.DOF.Kernel.MaxBackgroundRadius:0.025]]
[2020.06.05-11.05.34:457][  0]LogConfig: Applying CVar settings from Section [TextureQuality@3] File [C:/Users/eppez/OneDrive/Desktop/JSColabTeam17/Team17Colab/Saved/Config/Windows/Scalability.ini]
[2020.06.05-11.05.34:458][  0]LogConfig: Setting CVar [[r.Streaming.MipBias:0]]
[2020.06.05-11.05.34:458][  0]LogConfig: Setting CVar [[r.Streaming.AmortizeCPUToGPUCopy:0]]
[2020.06.05-11.05.34:458][  0]LogConfig: Setting CVar [[r.Streaming.MaxNumTexturesToStreamPerFrame:0]]
[2020.06.05-11.05.34:458][  0]LogConfig: Setting CVar [[r.Streaming.Boost:1]]
[2020.06.05-11.05.34:458][  0]LogConfig: Setting CVar [[r.MaxAnisotropy:8]]
[2020.06.05-11.05.34:458][  0]LogConfig: Setting CVar [[r.VT.MaxAnisotropy:8]]
[2020.06.05-11.05.34:458][  0]LogConfig: Setting CVar [[r.Streaming.LimitPoolSizeToVRAM:0]]
[2020.06.05-11.05.34:458][  0]LogConfig: Setting CVar [[r.Streaming.PoolSize:1000]]
[2020.06.05-11.05.34:458][  0]LogConfig: Setting CVar [[r.Streaming.MaxEffectiveScreenSize:0]]
[2020.06.05-11.05.34:458][  0]LogConfig: Applying CVar settings from Section [EffectsQuality@3] File [C:/Users/eppez/OneDrive/Desktop/JSColabTeam17/Team17Colab/Saved/Config/Windows/Scalability.ini]
[2020.06.05-11.05.34:458][  0]LogConfig: Setting CVar [[r.TranslucencyLightingVolumeDim:64]]
[2020.06.05-11.05.34:458][  0]LogConfig: Setting CVar [[r.RefractionQuality:2]]
[2020.06.05-11.05.34:458][  0]LogConfig: Setting CVar [[r.SSR.Quality:3]]
[2020.06.05-11.05.34:458][  0]LogConfig: Setting CVar [[r.SSR.HalfResSceneColor:0]]
[2020.06.05-11.05.34:458][  0]LogConfig: Setting CVar [[r.SceneColorFormat:4]]
[2020.06.05-11.05.34:458][  0]LogConfig: Setting CVar [[r.DetailMode:2]]
[2020.06.05-11.05.34:458][  0]LogConfig: Setting CVar [[r.TranslucencyVolumeBlur:1]]
[2020.06.05-11.05.34:458][  0]LogConfig: Setting CVar [[r.MaterialQualityLevel:1 ; High quality]]
[2020.06.05-11.05.34:458][  0]LogConfig: Setting CVar [[r.SSS.Scale:1]]
[2020.06.05-11.05.34:458][  0]LogConfig: Setting CVar [[r.SSS.SampleSet:2]]
[2020.06.05-11.05.34:458][  0]LogConfig: Setting CVar [[r.SSS.Quality:1]]
[2020.06.05-11.05.34:458][  0]LogConfig: Setting CVar [[r.SSS.HalfRes:1]]
[2020.06.05-11.05.34:458][  0]LogConfig: Setting CVar [[r.SSGI.Quality:3]]
[2020.06.05-11.05.34:458][  0]LogConfig: Setting CVar [[r.EmitterSpawnRateScale:1.0]]
[2020.06.05-11.05.34:458][  0]LogConfig: Setting CVar [[r.ParticleLightQuality:2]]
[2020.06.05-11.05.34:458][  0]LogConfig: Setting CVar [[r.SkyAtmosphere.AerialPerspectiveLUT.FastApplyOnOpaque:1 ; Always have FastSkyLUT 1 in this case to avoid wrong sky]]
[2020.06.05-11.05.34:458][  0]LogConfig: Setting CVar [[r.SkyAtmosphere.AerialPerspectiveLUT.SampleCountPerSlice:1]]
[2020.06.05-11.05.34:458][  0]LogConfig: Setting CVar [[r.SkyAtmosphere.AerialPerspectiveLUT.DepthResolution:16.0]]
[2020.06.05-11.05.34:458][  0]LogConfig: Setting CVar [[r.SkyAtmosphere.FastSkyLUT:1]]
[2020.06.05-11.05.34:458][  0]LogConfig: Setting CVar [[r.SkyAtmosphere.FastSkyLUT.SampleCountMin:4.0]]
[2020.06.05-11.05.34:458][  0]LogConfig: Setting CVar [[r.SkyAtmosphere.FastSkyLUT.SampleCountMax:32.0]]
[2020.06.05-11.05.34:458][  0]LogConfig: Setting CVar [[r.SkyAtmosphere.SampleCountMin:4.0]]
[2020.06.05-11.05.34:458][  0]LogConfig: Setting CVar [[r.SkyAtmosphere.SampleCountMax:32.0]]
[2020.06.05-11.05.34:458][  0]LogConfig: Setting CVar [[r.SkyAtmosphere.TransmittanceLUT.UseSmallFormat:0]]
[2020.06.05-11.05.34:458][  0]LogConfig: Setting CVar [[r.SkyAtmosphere.TransmittanceLUT.SampleCount:10.0]]
[2020.06.05-11.05.34:458][  0]LogConfig: Setting CVar [[r.SkyAtmosphere.MultiScatteringLUT.SampleCount:15.0]]
[2020.06.05-11.05.34:458][  0]LogConfig: Applying CVar settings from Section [FoliageQuality@3] File [C:/Users/eppez/OneDrive/Desktop/JSColabTeam17/Team17Colab/Saved/Config/Windows/Scalability.ini]
[2020.06.05-11.05.34:458][  0]LogConfig: Setting CVar [[foliage.DensityScale:1.0]]
[2020.06.05-11.05.34:458][  0]LogConfig: Setting CVar [[grass.DensityScale:1.0]]
[2020.06.05-11.05.34:458][  0]LogConfig: Applying CVar settings from Section [ShadingQuality@3] File [C:/Users/eppez/OneDrive/Desktop/JSColabTeam17/Team17Colab/Saved/Config/Windows/Scalability.ini]
[2020.06.05-11.05.34:458][  0]LogConfig: Setting CVar [[r.HairStrands.SkyLighting.SampleCount:16]]
[2020.06.05-11.05.34:458][  0]LogConfig: Setting CVar [[r.HairStrands.SkyLighting.JitterIntegration:0]]
[2020.06.05-11.05.34:458][  0]LogConfig: Setting CVar [[r.HairStrands.SkyAO.SampleCount:16]]
[2020.06.05-11.05.34:458][  0]LogConfig: Applying CVar settings from Section [Startup] File [../../../Engine/Config/ConsoleVariables.ini]
[2020.06.05-11.05.34:468][  0]LogConfig: Setting CVar [[net.UseAdaptiveNetUpdateFrequency:0]]
[2020.06.05-11.05.34:468][  0]LogConfig: Setting CVar [[p.chaos.AllowCreatePhysxBodies:1]]
[2020.06.05-11.05.34:469][  0]LogConfig: Setting CVar [[fx.SkipVectorVMBackendOptimizations:1]]
[2020.06.05-11.05.34:469][  0]LogConfig: Applying CVar settings from Section [ConsoleVariables] File [C:/Users/eppez/OneDrive/Desktop/JSColabTeam17/Team17Colab/Saved/Config/Windows/Engine.ini]
[2020.06.05-11.05.34:469][  0]LogInit: Computer: EDS-PC
[2020.06.05-11.05.34:469][  0]LogInit: User: eppez
[2020.06.05-11.05.34:469][  0]LogInit: CPU Page size=4096, Cores=6
[2020.06.05-11.05.34:469][  0]LogInit: High frequency timer resolution =10.000000 MHz
[2020.06.05-11.05.34:469][  0]LogMemory: Memory total: Physical=15.9GB (16GB approx)
[2020.06.05-11.05.34:469][  0]LogMemory: Platform Memory Stats for Windows
[2020.06.05-11.05.34:469][  0]LogMemory: Process Physical Memory: 107.45 MB used, 107.45 MB peak
[2020.06.05-11.05.34:469][  0]LogMemory: Process Virtual Memory: 101.62 MB used, 101.62 MB peak
[2020.06.05-11.05.34:469][  0]LogMemory: Physical Memory: 5214.31 MB used,  11085.06 MB free, 16299.37 MB total
[2020.06.05-11.05.34:469][  0]LogMemory: Virtual Memory: 5160.36 MB used,  134212568.00 MB free, 134217728.00 MB total
[2020.06.05-11.05.34:478][  0]LogWindows: WindowsPlatformFeatures enabled
[2020.06.05-11.05.35:581][  0]LogInit: Using OS detected language (en-US).
[2020.06.05-11.05.35:581][  0]LogInit: Using OS detected locale (en-GB).
[2020.06.05-11.05.35:615][  0]LogTextLocalizationManager: No specific localization for 'en-US' exists, so the 'en' localization will be used.
[2020.06.05-11.05.36:080][  0]LogInit: Setting process to per monitor DPI aware
[2020.06.05-11.05.36:326][  0]LogSlate: New Slate User Created.  User Index 0, Is Virtual User: 0
[2020.06.05-11.05.36:326][  0]LogSlate: Slate User Registered.  User Index 0, Is Virtual User: 0
[2020.06.05-11.05.36:915][  0]LogHMD: Failed to initialize OpenVR with code 110
[2020.06.05-11.05.36:915][  0]LogD3D11RHI: D3D11 min allowed feature level: 11_0
[2020.06.05-11.05.36:915][  0]LogD3D11RHI: D3D11 max allowed feature level: 11_0
[2020.06.05-11.05.36:915][  0]LogD3D11RHI: D3D11 adapters:
[2020.06.05-11.05.37:006][  0]LogD3D11RHI:    0. 'NVIDIA GeForce GTX 1070 Ti' (Feature Level 11_0)
[2020.06.05-11.05.37:006][  0]LogD3D11RHI:       8080/0/8149 MB DedicatedVideo/DedicatedSystem/SharedSystem, Outputs:1, VendorId:0x10de
[2020.06.05-11.05.37:010][  0]LogD3D11RHI:    1. 'Microsoft Basic Render Driver' (Feature Level 11_0)
[2020.06.05-11.05.37:010][  0]LogD3D11RHI:       0/0/8149 MB DedicatedVideo/DedicatedSystem/SharedSystem, Outputs:0, VendorId:0x1414
[2020.06.05-11.05.37:010][  0]LogD3D11RHI: Chosen D3D11 Adapter: 0
[2020.06.05-11.05.37:019][  0]LogD3D11RHI: Creating new Direct3DDevice
[2020.06.05-11.05.37:019][  0]LogD3D11RHI:     GPU DeviceId: 0x1b82 (for the marketing name, search the web for "GPU Device Id")
[2020.06.05-11.05.37:019][  0]LogWindows: EnumDisplayDevices:
[2020.06.05-11.05.37:019][  0]LogWindows:    0. 'NVIDIA GeForce GTX 1070 Ti' (P:1 D:1)
[2020.06.05-11.05.37:020][  0]LogWindows:    1. 'NVIDIA GeForce GTX 1070 Ti' (P:0 D:0)
[2020.06.05-11.05.37:020][  0]LogWindows:    2. 'NVIDIA GeForce GTX 1070 Ti' (P:0 D:0)
[2020.06.05-11.05.37:020][  0]LogWindows:    3. 'NVIDIA GeForce GTX 1070 Ti' (P:0 D:0)
[2020.06.05-11.05.37:021][  0]LogWindows: DebugString: FoundDriverCount:4 
[2020.06.05-11.05.37:021][  0]LogD3D11RHI:     Adapter Name: NVIDIA GeForce GTX 1070 Ti
[2020.06.05-11.05.37:021][  0]LogD3D11RHI:   Driver Version: 432.00 (internal:26.21.14.3200, unified:432.00)
[2020.06.05-11.05.37:021][  0]LogD3D11RHI:      Driver Date: 7-24-2019
[2020.06.05-11.05.37:021][  0]LogRHI: Texture pool is 5656 MB (70% of 8080 MB)
[2020.06.05-11.05.37:071][  0]LogD3D11RHI: RHI has support for 64 bit atomics
[2020.06.05-11.05.37:072][  0]LogD3D11RHI: Async texture creation enabled
[2020.06.05-11.05.37:188][  0]LogD3D11RHI: GPU Timing Frequency: 1000.000000 (Debug: 2 1)
[2020.06.05-11.05.37:787][  0]LogTargetPlatformManager: Display: Loaded TargetPlatform 'AllDesktop'
[2020.06.05-11.05.37:820][  0]LogTargetPlatformManager: Display: Loaded TargetPlatform 'Android'
[2020.06.05-11.05.37:820][  0]LogTargetPlatformManager: Display: Loaded TargetPlatform 'Android_ASTC'
[2020.06.05-11.05.37:820][  0]LogTargetPlatformManager: Display: Loaded TargetPlatform 'Android_ATC'
[2020.06.05-11.05.37:820][  0]LogTargetPlatformManager: Display: Loaded TargetPlatform 'Android_DXT'
[2020.06.05-11.05.37:820][  0]LogTargetPlatformManager: Display: Loaded TargetPlatform 'Android_ETC1'
[2020.06.05-11.05.37:820][  0]LogTargetPlatformManager: Display: Loaded TargetPlatform 'Android_ETC1a'
[2020.06.05-11.05.37:820][  0]LogTargetPlatformManager: Display: Loaded TargetPlatform 'Android_ETC2'
[2020.06.05-11.05.37:820][  0]LogTargetPlatformManager: Display: Loaded TargetPlatform 'Android_PVRTC'
[2020.06.05-11.05.37:820][  0]LogTargetPlatformManager: Display: Loaded TargetPlatform 'AndroidClient'
[2020.06.05-11.05.37:820][  0]LogTargetPlatformManager: Display: Loaded TargetPlatform 'Android_ASTCClient'
[2020.06.05-11.05.37:820][  0]LogTargetPlatformManager: Display: Loaded TargetPlatform 'Android_ATCClient'
[2020.06.05-11.05.37:820][  0]LogTargetPlatformManager: Display: Loaded TargetPlatform 'Android_DXTClient'
[2020.06.05-11.05.37:820][  0]LogTargetPlatformManager: Display: Loaded TargetPlatform 'Android_ETC1Client'
[2020.06.05-11.05.37:820][  0]LogTargetPlatformManager: Display: Loaded TargetPlatform 'Android_ETC1aClient'
[2020.06.05-11.05.37:820][  0]LogTargetPlatformManager: Display: Loaded TargetPlatform 'Android_ETC2Client'
[2020.06.05-11.05.37:820][  0]LogTargetPlatformManager: Display: Loaded TargetPlatform 'Android_PVRTCClient'
[2020.06.05-11.05.37:820][  0]LogTargetPlatformManager: Display: Loaded TargetPlatform 'Android_Multi'
[2020.06.05-11.05.37:820][  0]LogTargetPlatformManager: Display: Loaded TargetPlatform 'Android_MultiClient'
[2020.06.05-11.05.37:847][  0]LogTargetPlatformManager: Display: Loaded TargetPlatform 'IOSClient'
[2020.06.05-11.05.37:847][  0]LogTargetPlatformManager: Display: Loaded TargetPlatform 'IOS'
[2020.06.05-11.05.37:907][  0]LogTargetPlatformManager: Display: Loaded TargetPlatform 'LinuxNoEditor'
[2020.06.05-11.05.37:917][  0]LogTargetPlatformManager: Display: Loaded TargetPlatform 'LinuxClient'
[2020.06.05-11.05.37:931][  0]LogTargetPlatformManager: Display: Loaded TargetPlatform 'LinuxServer'
[2020.06.05-11.05.37:940][  0]LogTargetPlatformManager: Display: Loaded TargetPlatform 'LinuxAArch64NoEditor'
[2020.06.05-11.05.37:950][  0]LogTargetPlatformManager: Display: Loaded TargetPlatform 'LinuxAArch64Client'
[2020.06.05-11.05.37:961][  0]LogTargetPlatformManager: Display: Loaded TargetPlatform 'LinuxAArch64Server'
[2020.06.05-11.05.38:000][  0]LogTargetPlatformManager: Display: Loaded TargetPlatform 'Lumin'
[2020.06.05-11.05.38:000][  0]LogTargetPlatformManager: Display: Loaded TargetPlatform 'LuminClient'
[2020.06.05-11.05.38:029][  0]LogTargetPlatformManager: Display: Loaded TargetPlatform 'TVOSClient'
[2020.06.05-11.05.38:029][  0]LogTargetPlatformManager: Display: Loaded TargetPlatform 'TVOS'
[2020.06.05-11.05.38:064][  0]LogTargetPlatformManager: Display: Loaded TargetPlatform 'WindowsNoEditor'
[2020.06.05-11.05.38:080][  0]LogTargetPlatformManager: Display: Loaded TargetPlatform 'Windows'
[2020.06.05-11.05.38:089][  0]LogTargetPlatformManager: Display: Loaded TargetPlatform 'WindowsClient'
[2020.06.05-11.05.38:099][  0]LogTargetPlatformManager: Display: Loaded TargetPlatform 'WindowsServer'
[2020.06.05-11.05.38:099][  0]LogTargetPlatformManager: Display: Building Assets For Windows
[2020.06.05-11.05.38:201][  0]LogAudioDebug: Display: Lib vorbis DLL was dynamically loaded.
[2020.06.05-11.05.38:655][  0]LogShaderCompilers: Guid format shader working directory is -12 characters bigger than the processId version (C:/Users/eppez/OneDrive/Desktop/JSColabTeam17/Team17Colab/Intermediate/Shaders/WorkingDirectory/15540/).
[2020.06.05-11.05.38:656][  0]LogShaderCompilers: Cleaned the shader compiler working directory 'C:/Users/eppez/AppData/Local/Temp/UnrealShaderWorkingDir/336EBB3E4EB7BBFE9CD1F1BECCFA7C22/'.
[2020.06.05-11.05.38:656][  0]LogXGEController: Cannot use XGE Controller as Incredibuild is not installed on this machine.
[2020.06.05-11.05.38:656][  0]LogShaderCompilers: Cannot use XGE Shader Compiler as Incredibuild is not installed on this machine.
[2020.06.05-11.05.38:656][  0]LogShaderCompilers: Display: Using Local Shader Compiler.
[2020.06.05-11.05.40:103][  0]LogDerivedDataCache: Display: Max Cache Size: 512 MB
[2020.06.05-11.05.40:326][  0]LogDerivedDataCache: Loaded boot cache 0.22s 80MB C:/Users/eppez/AppData/Local/UnrealEngine/4.24/DerivedDataCache/Boot.ddc.
[2020.06.05-11.05.40:326][  0]LogDerivedDataCache: Display: Loaded Boot cache: C:/Users/eppez/AppData/Local/UnrealEngine/4.24/DerivedDataCache/Boot.ddc
[2020.06.05-11.05.40:326][  0]LogDerivedDataCache: FDerivedDataBackendGraph:  Pak pak cache file C:/Users/eppez/OneDrive/Desktop/JSColabTeam17/Team17Colab/DerivedDataCache/DDC.ddp not found, will not use a pak cache.
[2020.06.05-11.05.40:326][  0]LogDerivedDataCache: Unable to find inner node Pak for hierarchical cache Hierarchy.
[2020.06.05-11.05.40:327][  0]LogDerivedDataCache: FDerivedDataBackendGraph:  CompressedPak pak cache file C:/Users/eppez/OneDrive/Desktop/JSColabTeam17/Team17Colab/DerivedDataCache/Compressed.ddp not found, will not use a pak cache.
[2020.06.05-11.05.40:327][  0]LogDerivedDataCache: Unable to find inner node CompressedPak for hierarchical cache Hierarchy.
[2020.06.05-11.05.40:366][  0]LogDerivedDataCache: Display: Pak cache opened for reading ../../../Engine/DerivedDataCache/Compressed.ddp.
[2020.06.05-11.05.40:366][  0]LogDerivedDataCache: FDerivedDataBackendGraph:  EnterprisePak pak cache file ../../../Enterprise/DerivedDataCache/Compressed.ddp not found, will not use a pak cache.
[2020.06.05-11.05.40:366][  0]LogDerivedDataCache: Unable to find inner node EnterprisePak for hierarchical cache Hierarchy.
[2020.06.05-11.05.40:367][  0]LogDerivedDataCache: Using Local data cache path C:/Users/eppez/AppData/Local/UnrealEngine/Common/DerivedDataCache: Writable
[2020.06.05-11.05.40:368][  0]LogDerivedDataCache: Shared data cache path not found in *engine.ini, will not use an Shared cache.
[2020.06.05-11.05.40:368][  0]LogDerivedDataCache: Unable to find inner node Shared for hierarchical cache Hierarchy.
[2020.06.05-11.05.40:394][  0]LogMaterial: Verifying Global Shaders for PCD3D_SM5
[2020.06.05-11.05.40:397][  0]LogSlate: Using FreeType 2.10.0
[2020.06.05-11.05.40:456][  0]LogSlate: SlateFontServices - WITH_FREETYPE: 1, WITH_HARFBUZZ: 1
[2020.06.05-11.05.40:993][  0]LogAssetRegistry: FAssetRegistry took 0.0025 seconds to start up
[2020.06.05-11.05.41:788][  0]LogInit: Selected Device Profile: [Windows]
[2020.06.05-11.05.44:148][  0]LogMeshReduction: Using QuadricMeshReduction for automatic static mesh reduction
[2020.06.05-11.05.44:148][  0]LogMeshReduction: Using SimplygonMeshReduction for automatic skeletal mesh reduction
[2020.06.05-11.05.44:148][  0]LogMeshReduction: Using ProxyLODMeshReduction for automatic mesh merging
[2020.06.05-11.05.44:148][  0]LogMeshReduction: No distributed automatic mesh merging module available
[2020.06.05-11.05.44:148][  0]LogMeshMerging: No distributed automatic mesh merging module available
[2020.06.05-11.05.44:251][  0]LogNetVersion: Team17Colab 1.0.0, NetCL: 10570792, EngineNetVer: 13, GameNetVer: 0 (Checksum: 1188365398)
[2020.06.05-11.05.49:940][  0]LogPackageLocalizationCache: Processed 12 localized package path(s) for 1 prioritized culture(s) in 0.047837 seconds
[2020.06.05-11.05.49:947][  0]LogUObjectArray: 46775 objects as part of root set at end of initial load.
[2020.06.05-11.05.49:947][  0]LogUObjectAllocator: 8142024 out of 0 bytes used by permanent object pool.
[2020.06.05-11.05.49:947][  0]LogUObjectArray: CloseDisregardForGC: 0/0 objects in disregard for GC pool
[2020.06.05-11.05.52:822][  0]LogTcpMessaging: Initializing TcpMessaging bridge
[2020.06.05-11.05.52:842][  0]LogUdpMessaging: Initializing bridge on interface 0.0.0.0:0 to multicast group 230.0.0.1:6666.
[2020.06.05-11.05.53:232][  0]SourceControl: Source control is disabled
[2020.06.05-11.05.53:240][  0]SourceControl: Source control is disabled
[2020.06.05-11.05.53:288][  0]SourceControl: Source control is disabled
[2020.06.05-11.05.53:305][  0]SourceControl: Source control is disabled
[2020.06.05-11.05.53:321][  0]SourceControl: Source control is disabled
[2020.06.05-11.05.54:288][  0]LogAndroidPermission: UAndroidPermissionCallbackProxy::GetInstance
[2020.06.05-11.05.54:380][  0]LogAudioCaptureCore: Display: No Audio Capture implementations found. Audio input will be silent.
[2020.06.05-11.05.54:380][  0]LogAudioCaptureCore: Display: No Audio Capture implementations found. Audio input will be silent.
[2020.06.05-11.05.54:732][  0]LogOcInput: OculusInput pre-init called
[2020.06.05-11.05.54:791][  0]LogWindows: Failed to load 'OVRPlugin.dll' (GetLastError=126)
[2020.06.05-11.05.54:791][  0]LogWindows: File 'OVRPlugin.dll' does not exist
[2020.06.05-11.05.55:128][  0]LogEngine: Initializing Engine...
[2020.06.05-11.05.55:137][  0]LogHMD: Failed to initialize OpenVR with code 110
[2020.06.05-11.05.55:138][  0]LogStats: UGameplayTagsManager::InitializeManager -  0.000 s
[2020.06.05-11.05.55:799][  0]LogInit: Initializing FReadOnlyCVARCache
[2020.06.05-11.05.55:914][  0]LogAIModule: Creating AISystem for world Untitled
[2020.06.05-11.05.55:949][  0]LogAudioMixer: Display: Audio Mixer Platform Settings:
[2020.06.05-11.05.55:949][  0]LogAudioMixer: Display: 	Sample Rate:						  48000
[2020.06.05-11.05.55:949][  0]LogAudioMixer: Display: 	Callback Buffer Frame Size Requested: 1024
[2020.06.05-11.05.55:949][  0]LogAudioMixer: Display: 	Callback Buffer Frame Size To Use:	  1024
[2020.06.05-11.05.55:949][  0]LogAudioMixer: Display: 	Number of buffers to queue:			  2
[2020.06.05-11.05.55:949][  0]LogAudioMixer: Display: 	Max Channels (voices):				  32
[2020.06.05-11.05.55:949][  0]LogAudioMixer: Display: 	Number of Async Source Workers:		  0
[2020.06.05-11.05.55:949][  0]LogAudio: Display: AudioDevice MaxSources: 32
[2020.06.05-11.05.55:950][  0]LogAudio: Display: Using built-in audio occlusion.
[2020.06.05-11.05.55:950][  0]LogAudioMixer: Display: Initializing audio mixer.
[2020.06.05-11.05.55:984][  0]LogAudioMixer: Display: Audio Device Output Speaker Info:
[2020.06.05-11.05.55:984][  0]LogAudioMixer: Display: Name: Speakers (Realtek(R) Audio)
[2020.06.05-11.05.55:984][  0]LogAudioMixer: Display: Is Default: Yes
[2020.06.05-11.05.55:984][  0]LogAudioMixer: Display: Sample Rate: 48000
[2020.06.05-11.05.55:984][  0]LogAudioMixer: Display: Channel Count Used: 2
[2020.06.05-11.05.55:984][  0]LogAudioMixer: Display: Device Channel Count: 2
[2020.06.05-11.05.55:984][  0]LogAudioMixer: Display: Channel Order:
[2020.06.05-11.05.55:985][  0]LogAudioMixer: Display: 0: FrontLeft
[2020.06.05-11.05.55:985][  0]LogAudioMixer: Display: 1: FrontRight
[2020.06.05-11.05.56:002][  0]LogAudioMixer: Display: Using Audio Device Speakers (Realtek(R) Audio)
[2020.06.05-11.05.56:004][  0]LogInit: FAudioDevice initialized.
[2020.06.05-11.05.56:005][  0]LogNetVersion: Set ProjectVersion to 1.0.0.0. Version Checksum will be recalculated on next use.
[2020.06.05-11.05.56:011][  0]LogDerivedDataCache: Error: Could not save memory cache C:/Users/eppez/AppData/Local/UnrealEngine/4.24/DerivedDataCache/Boot.ddc.
[2020.06.05-11.05.56:011][  0]LogInit: Texture streaming: Enabled
[2020.06.05-11.05.56:080][  0]LogEngineSessionManager: EngineSessionManager initialized
[2020.06.05-11.05.56:080][  0]LogEditorSessionSummary: Verbose: Initializing EditorSessionSummaryWriter for editor session tracking
[2020.06.05-11.05.56:086][  0]LogEditorSessionSummary: EditorSessionSummaryWriter initialized
[2020.06.05-11.05.56:314][  0]LogInit: Transaction tracking system initialized
[2020.06.05-11.05.56:438][  0]BlueprintLog: New page: Editor Load
[2020.06.05-11.05.57:031][  0]LocalizationService: Localization service is disabled
[2020.06.05-11.05.59:850][  0]LogCook: Display: Max memory allowance for cook 16384mb min free memory 0mb
[2020.06.05-11.05.59:850][  0]LogCook: Display: Mobile HDR setting 1
[2020.06.05-11.06.00:256][  0]LogFileCache: Scanning file cache for directory 'C:/Users/eppez/OneDrive/Desktop/JSColabTeam17/Team17Colab/Content/' took 0.02s
[2020.06.05-11.06.03:788][  0]SourceControl: Source control is disabled
[2020.06.05-11.06.03:788][  0]Cmd: MAP LOAD FILE="C:/Users/eppez/OneDrive/Desktop/JSColabTeam17/Team17Colab/Content/RollingBP/Maps/TitleScreen.umap" TEMPLATE=0 SHOWPROGRESS=1 FEATURELEVEL=3
[2020.06.05-11.06.03:796][  0]LightingResults: New page: Lighting Build
[2020.06.05-11.06.03:797][  0]LogWorld: UWorld::CleanupWorld for Untitled, bSessionEnded=true, bCleanupResources=true
[2020.06.05-11.06.03:822][  0]LogSlate: InvalidateAllWidgets triggered.  All widgets were invalidated
[2020.06.05-11.06.03:822][  0]MapCheck: New page: Map Check
[2020.06.05-11.06.03:822][  0]LightingResults: New page: Lighting Build
[2020.06.05-11.06.03:920][  0]LogUObjectHash: Compacting FUObjectHashTables data took   1.81ms
[2020.06.05-11.06.04:012][  0]LogAIModule: Creating AISystem for world TitleScreen
[2020.06.05-11.06.04:019][  0]LogEditorServer: Finished looking for orphan Actors (0.000 secs)
[2020.06.05-11.06.04:054][  0]LogUObjectHash: Compacting FUObjectHashTables data took   2.39ms
[2020.06.05-11.06.04:055][  0]Cmd: MAP CHECKDEP NOCLEARLOG
[2020.06.05-11.06.04:055][  0]MapCheck: Map check complete: 0 Error(s), 0 Warning(s), took 0.217ms to complete.
[2020.06.05-11.06.04:055][  0]LogFileHelpers: Loading map 'TitleScreen' took 0.267
[2020.06.05-11.06.04:788][  0]LogSlate: Updating window title bar state: overlay mode, drag disabled, window buttons hidden, title bar hidden
[2020.06.05-11.06.04:795][  0]LogSlate: Updating window title bar state: overlay mode, drag disabled, window buttons hidden, title bar hidden
[2020.06.05-11.06.04:801][  0]LogSlate: Updating window title bar state: overlay mode, drag disabled, window buttons hidden, title bar hidden
[2020.06.05-11.06.04:808][  0]LogSlate: Updating window title bar state: overlay mode, drag disabled, window buttons hidden, title bar hidden
[2020.06.05-11.06.04:839][  0]LogCollectionManager: Loaded 0 collections in 0.001107 seconds
[2020.06.05-11.06.04:872][  0]LogFileCache: Scanning file cache for directory 'C:/Users/eppez/OneDrive/Desktop/JSColabTeam17/Team17Colab/Saved/Collections/' took 0.00s
[2020.06.05-11.06.04:872][  0]LogFileCache: Scanning file cache for directory 'C:/Users/eppez/OneDrive/Desktop/JSColabTeam17/Team17Colab/Content/Developers/eppez/Collections/' took 0.00s
[2020.06.05-11.06.04:872][  0]LogFileCache: Scanning file cache for directory 'C:/Users/eppez/OneDrive/Desktop/JSColabTeam17/Team17Colab/Content/Collections/' took 0.00s
[2020.06.05-11.06.04:872][  0]LogContentBrowser: Native class hierarchy populated in 0.0084 seconds. Added 3165 classes and 735 folders.
[2020.06.05-11.06.04:902][  0]LogContentBrowser: Native class hierarchy updated for 'WidgetCarousel' in 0.0003 seconds. Added 0 classes and 0 folders.
[2020.06.05-11.06.05:711][  0]LogContentBrowser: Native class hierarchy updated for 'AddContentDialog' in 0.0002 seconds. Added 0 classes and 0 folders.
[2020.06.05-11.06.05:742][  0]LogContentBrowser: Native class hierarchy updated for 'SceneOutliner' in 0.0003 seconds. Added 2 classes and 3 folders.
[2020.06.05-11.06.06:073][  0]LogSlate: Took 0.030289 seconds to synchronously load lazily loaded font '../../../Engine/Content/Slate/Fonts/Roboto-Regular.ttf' (155K)
[2020.06.05-11.06.06:078][  0]LogSlate: Took 0.004246 seconds to synchronously load lazily loaded font '../../../Engine/Content/Slate/Fonts/Roboto-Bold.ttf' (160K)
[2020.06.05-11.06.06:090][  0]LogSlate: Took 0.007033 seconds to synchronously load lazily loaded font '../../../Engine/Content/Editor/Slate/Fonts/FontAwesome.ttf' (139K)
[2020.06.05-11.06.06:262][  0]LogRenderer: Reallocating scene render targets to support 1008x572 Format 10 NumSamples 1 (Frame:1).
[2020.06.05-11.06.06:410][  0]LogContentBrowser: Native class hierarchy updated for 'HierarchicalLODOutliner' in 0.0003 seconds. Added 0 classes and 0 folders.
[2020.06.05-11.06.06:410][  0]LogLoad: (Engine Initialization) Total time: 35.21 seconds
[2020.06.05-11.06.06:410][  0]LogLoad: (Engine Initialization) Total Blueprint compile time: 0.00 seconds
[2020.06.05-11.06.06:525][  0]LogContentStreaming: Texture pool size now 1000 MB
[2020.06.05-11.06.06:609][  0]LogSlate: Took 0.000960 seconds to synchronously load lazily loaded font '../../../Engine/Content/Slate/Fonts/Roboto-Light.ttf' (167K)
[2020.06.05-11.06.06:643][  1]LogFileCache: Retrieving MD5 hashes for directory 'C:/Users/eppez/OneDrive/Desktop/JSColabTeam17/Team17Colab/Content/' took 0.21s
[2020.06.05-11.06.07:353][ 12]LogAssetRegistry: Asset discovery search completed in 26.3608 seconds
[2020.06.05-11.06.07:356][ 12]LogCollectionManager: Fixed up redirectors for 0 collections in 0.000009 seconds (updated 0 objects)
[2020.06.05-11.06.08:780][176]LogTemp: Repeating last play command: Selected Viewport
[2020.06.05-11.06.08:793][176]LogBlueprintUserMessages: Early PlayInEditor Detection: Level '/Game/RollingBP/Maps/TitleScreen.TitleScreen:PersistentLevel' has LevelScriptBlueprint '/Game/RollingBP/Maps/TitleScreen.TitleScreen:PersistentLevel.TitleScreen' with GeneratedClass '/Game/RollingBP/Maps/TitleScreen.TitleScreen_C' with ClassGeneratedBy '/Game/RollingBP/Maps/TitleScreen.TitleScreen:PersistentLevel.TitleScreen'
[2020.06.05-11.06.08:793][176]LogPlayLevel: PlayLevel: No blueprints needed recompiling
[2020.06.05-11.06.08:808][176]PIE: New page: PIE session: TitleScreen (5 Jun 2020, 13:06:08)
[2020.06.05-11.06.08:840][176]LogOnline: OSS: Creating online subsystem instance for: NULL
[2020.06.05-11.06.08:848][176]LogOnline: OSS: TryLoadSubsystemAndSetDefault: Loaded subsystem for module [NULL]
[2020.06.05-11.06.09:055][176]LogPlayLevel: Creating play world package: /Game/RollingBP/Maps/UEDPIE_0_TitleScreen
[2020.06.05-11.06.09:056][176]LogPlayLevel: PIE: StaticDuplicateObject took: (0.000874s)
[2020.06.05-11.06.09:057][176]LogAIModule: Creating AISystem for world TitleScreen
[2020.06.05-11.06.09:063][176]LogPlayLevel: PIE: World Init took: (0.006249s)
[2020.06.05-11.06.09:063][176]LogPlayLevel: PIE: Created PIE world by copying editor world from /Game/RollingBP/Maps/TitleScreen.TitleScreen to /Game/RollingBP/Maps/UEDPIE_0_TitleScreen.TitleScreen (0.007392s)
[2020.06.05-11.06.09:099][176]LogUObjectHash: Compacting FUObjectHashTables data took   2.40ms
[2020.06.05-11.06.09:102][176]LogAudioMixer: Display: Audio Mixer Platform Settings:
[2020.06.05-11.06.09:102][176]LogAudioMixer: Display: 	Sample Rate:						  48000
[2020.06.05-11.06.09:102][176]LogAudioMixer: Display: 	Callback Buffer Frame Size Requested: 1024
[2020.06.05-11.06.09:102][176]LogAudioMixer: Display: 	Callback Buffer Frame Size To Use:	  1024
[2020.06.05-11.06.09:102][176]LogAudioMixer: Display: 	Number of buffers to queue:			  2
[2020.06.05-11.06.09:102][176]LogAudioMixer: Display: 	Max Channels (voices):				  32
[2020.06.05-11.06.09:102][176]LogAudioMixer: Display: 	Number of Async Source Workers:		  0
[2020.06.05-11.06.09:102][176]LogAudio: Display: AudioDevice MaxSources: 32
[2020.06.05-11.06.09:102][176]LogAudio: Display: Using built-in audio occlusion.
[2020.06.05-11.06.09:102][176]LogAudioMixer: Display: Initializing audio mixer.
[2020.06.05-11.06.09:119][176]LogAudioMixer: Display: Audio Device Output Speaker Info:
[2020.06.05-11.06.09:119][176]LogAudioMixer: Display: Name: Speakers (Realtek(R) Audio)
[2020.06.05-11.06.09:119][176]LogAudioMixer: Display: Is Default: Yes
[2020.06.05-11.06.09:119][176]LogAudioMixer: Display: Sample Rate: 48000
[2020.06.05-11.06.09:119][176]LogAudioMixer: Display: Channel Count Used: 2
[2020.06.05-11.06.09:119][176]LogAudioMixer: Display: Device Channel Count: 2
[2020.06.05-11.06.09:119][176]LogAudioMixer: Display: Channel Order:
[2020.06.05-11.06.09:119][176]LogAudioMixer: Display: 0: FrontLeft
[2020.06.05-11.06.09:119][176]LogAudioMixer: Display: 1: FrontRight
[2020.06.05-11.06.09:127][176]LogAudioMixer: Display: Using Audio Device Speakers (Realtek(R) Audio)
[2020.06.05-11.06.09:129][176]LogInit: FAudioDevice initialized.
[2020.06.05-11.06.09:141][176]LogLoad: Game class is 'TitleScreenGM_C'
[2020.06.05-11.06.09:143][176]LogWorld: Bringing World /Game/RollingBP/Maps/UEDPIE_0_TitleScreen.TitleScreen up for play (max tick rate 0) at 2020.06.05-12.06.09
[2020.06.05-11.06.09:143][176]LogWorld: Bringing up level for play took: 0.000344
[2020.06.05-11.06.09:143][176]LogOnline: OSS: Creating online subsystem instance for: :Context_1
[2020.06.05-11.06.09:158][176]LogContentBrowser: Native class hierarchy updated for 'MovieSceneCapture' in 0.0004 seconds. Added 20 classes and 0 folders.
[2020.06.05-11.06.09:165][176]PIE: Play in editor start time for /Game/RollingBP/Maps/UEDPIE_0_TitleScreen 1.086
[2020.06.05-11.06.09:165][176]LogBlueprintUserMessages: Late PlayInEditor Detection: Level '/Game/RollingBP/Maps/TitleScreen.TitleScreen:PersistentLevel' has LevelScriptBlueprint '/Game/RollingBP/Maps/TitleScreen.TitleScreen:PersistentLevel.TitleScreen' with GeneratedClass '/Game/RollingBP/Maps/TitleScreen.TitleScreen_C' with ClassGeneratedBy '/Game/RollingBP/Maps/TitleScreen.TitleScreen:PersistentLevel.TitleScreen'
[2020.06.05-11.06.09:837][247]LogSlate: Updating window title bar state: overlay mode, drag disabled, window buttons hidden, title bar hidden
[2020.06.05-11.06.09:838][247]LogNet: Browse: /Game/RollingBP/Maps/RiverV2??game=/Game/RollingBP/UI/GameModes/MainMenuGM.MainMenuGM_C
[2020.06.05-11.06.09:838][247]LogLoad: LoadMap: /Game/RollingBP/Maps/RiverV2??game=/Game/RollingBP/UI/GameModes/MainMenuGM.MainMenuGM_C
[2020.06.05-11.06.09:838][247]LogWorld: BeginTearingDown for /Game/RollingBP/Maps/UEDPIE_0_TitleScreen
[2020.06.05-11.06.09:838][247]LogWorld: UWorld::CleanupWorld for TitleScreen, bSessionEnded=true, bCleanupResources=true
[2020.06.05-11.06.09:838][247]LogSlate: InvalidateAllWidgets triggered.  All widgets were invalidated
[2020.06.05-11.06.09:838][247]LogAudioMixer: Display: No commands were queued while flushing the source manager.
[2020.06.05-11.06.09:870][247]LogUObjectHash: Compacting FUObjectHashTables data took   1.65ms
[2020.06.05-11.06.12:060][247]LogAIModule: Creating AISystem for world RiverV2
[2020.06.05-11.06.12:445][247]LogLoad: Game class is 'MainMenuGM_C'
[2020.06.05-11.06.12:491][247]LogMaterial: Warning: Material /Game/Miles/Materials/M_BasicMaterial.M_BasicMaterial missing bUsedWithInstancedStaticMeshes=True! Default Material will be used in game.
[2020.06.05-11.06.12:491][247]LogMaterial: Warning:      The material will recompile every editor launch until resaved.
[2020.06.05-11.06.12:572][247]LogWorld: Bringing World /Game/RollingBP/Maps/UEDPIE_0_RiverV2.RiverV2 up for play (max tick rate 0) at 2020.06.05-12.06.12
[2020.06.05-11.06.12:585][247]LogWorld: Bringing up level for play took: 0.140646
[2020.06.05-11.06.12:599][247]LogLoad: Took 2.761900 seconds to LoadMap(/Game/RollingBP/Maps/RiverV2)
[2020.06.05-11.06.12:612][247]LogAudio: Warning: Detected orphaned looping sound 'Aztec-demo-loop'.
[2020.06.05-11.06.13:898][377]LogSlate: WidgetSwitcher ('None') active index changed to 1
[2020.06.05-11.06.16:956][744]LogSlate: WidgetSwitcher ('None') active index changed to 0
[2020.06.05-11.06.18:531][933]LogSlate: WidgetSwitcher ('None') active index changed to 3
[2020.06.05-11.06.23:114][483]LogSlate: WidgetSwitcher ('None') active index changed to 0
[2020.06.05-11.06.31:174][450]LogSlate: WidgetSwitcher ('None') active index changed to 3
[2020.06.05-11.06.32:482][607]LogSlate: WidgetSwitcher ('None') active index changed to 0
[2020.06.05-11.06.34:691][872]LogSlate: WidgetSwitcher ('None') active index changed to 2
[2020.06.05-11.06.38:983][387]LogSlate: WidgetSwitcher ('None') active index changed to 0
[2020.06.05-11.06.40:640][586]LogSlate: WidgetSwitcher ('None') active index changed to 1
[2020.06.05-11.06.46:308][266]LogNet: Browse: /Game/RollingBP/Maps/CharacterSelect
[2020.06.05-11.06.46:308][266]LogLoad: LoadMap: /Game/RollingBP/Maps/CharacterSelect
[2020.06.05-11.06.46:308][266]LogWorld: BeginTearingDown for /Game/RollingBP/Maps/UEDPIE_0_RiverV2
[2020.06.05-11.06.46:309][266]LogWorld: UWorld::CleanupWorld for RiverV2, bSessionEnded=true, bCleanupResources=true
[2020.06.05-11.06.46:315][266]LogSlate: InvalidateAllWidgets triggered.  All widgets were invalidated
[2020.06.05-11.06.46:335][266]LogAudioMixer: Display: Flush succeeded in the source manager command queue (1).
[2020.06.05-11.06.46:355][266]LogAudioMixer: Display: Flush succeeded the source manager command queue (2).
[2020.06.05-11.06.46:448][266]LogUObjectHash: Compacting FUObjectHashTables data took   3.38ms
[2020.06.05-11.06.46:852][266]LogLinker: Warning: While loading 'C:/Users/eppez/OneDrive/Desktop/JSColabTeam17/Team17Colab/Content/RollingBP/Maps/CharacterSelect.umap' failed to load '/Game/Miles/Meshes/Env_Props/SM_Shield': Can't find file.
[2020.06.05-11.06.46:852][266]LogLinker: Warning: While loading 'C:/Users/eppez/OneDrive/Desktop/JSColabTeam17/Team17Colab/Content/RollingBP/Maps/CharacterSelect.umap' failed to load '/Game/Miles/Meshes/Env_Props/SM_Shield': Can't find file.
[2020.06.05-11.06.46:859][266]LogLinker: Warning: While loading 'C:/Users/eppez/OneDrive/Desktop/JSColabTeam17/Team17Colab/Content/RollingBP/Maps/CharacterSelect.umap' failed to load '/Game/Miles/Meshes/Env_Props/SM_Shield': Can't find file.
[2020.06.05-11.06.46:859][266]LogLinker: Warning: While loading 'C:/Users/eppez/OneDrive/Desktop/JSColabTeam17/Team17Colab/Content/RollingBP/Maps/CharacterSelect.umap' failed to load '/Game/Miles/Meshes/Env_Props/SM_Shield': Can't find file.
[2020.06.05-11.06.46:860][266]LogLinker: Warning: Failed to load '/Game/Miles/Meshes/Env_Props/SM_Shield': Can't find file.
[2020.06.05-11.06.46:860][266]LogLinker: Warning: Failed to load '/Game/Miles/Meshes/Env_Props/SM_Shield': Can't find file.
[2020.06.05-11.06.46:861][266]LogLinker: Warning: Failed to load '/Game/Miles/Meshes/Env_Props/SM_Shield': Can't find file.
[2020.06.05-11.06.46:861][266]LogLinker: Warning: Failed to load '/Game/Miles/Meshes/Env_Props/SM_Shield': Can't find file.
[2020.06.05-11.06.46:937][266]LogLinker: Warning: While loading 'C:/Users/eppez/OneDrive/Desktop/JSColabTeam17/Team17Colab/Content/RollingBP/Maps/CharacterSelect.umap' failed to load '/Game/Miles/Meshes/Env_Props/SM_Shield': Can't find file.
[2020.06.05-11.06.46:937][266]LoadErrors: Failed to load /Game/Miles/Meshes/Env_Props/SM_Shield.SM_Shield Referenced by SM_Shield2
[2020.06.05-11.06.46:937][266]LogLinker: Warning: While loading 'C:/Users/eppez/OneDrive/Desktop/JSColabTeam17/Team17Colab/Content/RollingBP/Maps/CharacterSelect.umap' failed to load '/Game/Miles/Meshes/Env_Props/SM_Shield': Can't find file.
[2020.06.05-11.06.46:938][266]LogLinker: Warning: While loading 'C:/Users/eppez/OneDrive/Desktop/JSColabTeam17/Team17Colab/Content/RollingBP/Maps/CharacterSelect.umap' failed to load '/Game/Miles/Meshes/Env_Props/SM_Shield': Can't find file.
[2020.06.05-11.06.46:938][266]LoadErrors: Failed to load /Game/Miles/Meshes/Env_Props/SM_Shield.SM_Shield Referenced by SM_Shield3
[2020.06.05-11.06.46:938][266]LogLinker: Warning: While loading 'C:/Users/eppez/OneDrive/Desktop/JSColabTeam17/Team17Colab/Content/RollingBP/Maps/CharacterSelect.umap' failed to load '/Game/Miles/Meshes/Env_Props/SM_Shield': Can't find file.
[2020.06.05-11.06.46:938][266]LogLinker: Warning: While loading 'C:/Users/eppez/OneDrive/Desktop/JSColabTeam17/Team17Colab/Content/RollingBP/Maps/CharacterSelect.umap' failed to load '/Game/Miles/Meshes/Env_Props/SM_Shield': Can't find file.
[2020.06.05-11.06.46:938][266]LoadErrors: Failed to load /Game/Miles/Meshes/Env_Props/SM_Shield.SM_Shield Referenced by SM_Shield4
[2020.06.05-11.06.46:938][266]LogLinker: Warning: While loading 'C:/Users/eppez/OneDrive/Desktop/JSColabTeam17/Team17Colab/Content/RollingBP/Maps/CharacterSelect.umap' failed to load '/Game/Miles/Meshes/Env_Props/SM_Shield': Can't find file.
[2020.06.05-11.06.46:938][266]LogLinker: Warning: While loading 'C:/Users/eppez/OneDrive/Desktop/JSColabTeam17/Team17Colab/Content/RollingBP/Maps/CharacterSelect.umap' failed to load '/Game/Miles/Meshes/Env_Props/SM_Shield': Can't find file.
[2020.06.05-11.06.46:939][266]LoadErrors: Failed to load /Game/Miles/Meshes/Env_Props/SM_Shield.SM_Shield Referenced by SM_Shield_332
[2020.06.05-11.06.46:939][266]LogLinker: Warning: While loading 'C:/Users/eppez/OneDrive/Desktop/JSColabTeam17/Team17Colab/Content/RollingBP/Maps/CharacterSelect.umap' failed to load '/Game/Miles/Meshes/Env_Props/SM_Shield': Can't find file.
[2020.06.05-11.06.47:293][266]LogAIModule: Creating AISystem for world CharacterSelect
[2020.06.05-11.06.47:293][266]LogLoad: Game class is 'CharacterSelectGM_C'
[2020.06.05-11.06.47:353][266]LogWorld: Bringing World /Game/RollingBP/Maps/UEDPIE_0_CharacterSelect.CharacterSelect up for play (max tick rate 0) at 2020.06.05-12.06.47
[2020.06.05-11.06.47:353][266]LogWorld: Bringing up level for play took: 0.059488
[2020.06.05-11.06.47:356][266]LogMaterial: Warning: Material /Game/Miles/Materials/Characters/M_CharacterBasic.M_CharacterBasic missing bUsedWithSkeletalMesh=True! Default Material will be used in game.
[2020.06.05-11.06.47:356][266]LogMaterial: Warning:      The material will recompile every editor launch until resaved.
[2020.06.05-11.06.47:356][266]LogSkeletalMesh: Error: Material with missing usage flag was applied to skeletal mesh /Game/Animation/MainCharacters/Explorer/SK_Char_Explorer.SK_Char_Explorer
[2020.06.05-11.06.47:356][266]LogSkeletalMesh: Error: Material with missing usage flag was applied to skeletal mesh /Game/Animation/MainCharacters/Explorer/SK_Char_Explorer.SK_Char_Explorer
[2020.06.05-11.06.47:356][266]LogLoad: Took 1.047658 seconds to LoadMap(/Game/RollingBP/Maps/CharacterSelect)
[2020.06.05-11.06.48:421][372]LogNet: Browse: /Game/RollingBP/Maps/RiverV2
[2020.06.05-11.06.48:421][372]LogLoad: LoadMap: /Game/RollingBP/Maps/RiverV2
[2020.06.05-11.06.48:421][372]LogWorld: BeginTearingDown for /Game/RollingBP/Maps/UEDPIE_0_CharacterSelect
[2020.06.05-11.06.48:421][372]LogWorld: UWorld::CleanupWorld for CharacterSelect, bSessionEnded=true, bCleanupResources=true
[2020.06.05-11.06.48:423][372]LogSlate: InvalidateAllWidgets triggered.  All widgets were invalidated
[2020.06.05-11.06.48:424][372]LogAudioMixer: Display: No commands were queued while flushing the source manager.
[2020.06.05-11.06.48:465][372]LogUObjectHash: Compacting FUObjectHashTables data took   2.83ms
[2020.06.05-11.06.49:043][372]LogAIModule: Creating AISystem for world RiverV2
[2020.06.05-11.06.49:043][372]LogLoad: Game class is 'RollingGameMode_C'
[2020.06.05-11.06.49:161][372]LogWorld: Bringing World /Game/RollingBP/Maps/UEDPIE_0_RiverV2.RiverV2 up for play (max tick rate 0) at 2020.06.05-12.06.49
[2020.06.05-11.06.49:162][372]LogWorld: Bringing up level for play took: 0.118581
[2020.06.05-11.06.49:164][372]LogSkeletalMesh: Error: Material with missing usage flag was applied to skeletal mesh /Game/Animation/MainCharacters/Explorer/SK_Char_Explorer.SK_Char_Explorer
[2020.06.05-11.06.49:164][372]LogSkeletalMesh: Error: Material with missing usage flag was applied to skeletal mesh /Game/Animation/MainCharacters/Explorer/SK_Char_Explorer.SK_Char_Explorer
[2020.06.05-11.06.49:168][372]LogLoad: Took 0.747534 seconds to LoadMap(/Game/RollingBP/Maps/RiverV2)
[2020.06.05-11.06.49:174][372]LogAudio: Warning: Detected orphaned looping sound 'Aztec-demo-loop'.
[2020.06.05-11.07.35:554][895]LogBlueprintUserMessages: [BP_KillZoneCustom7_15] KillZoned!
[2020.06.05-11.07.41:248][578]LogNet: Browse: /Game/RollingBP/Maps/RiverV2
[2020.06.05-11.07.41:248][578]LogLoad: LoadMap: /Game/RollingBP/Maps/RiverV2
[2020.06.05-11.07.41:248][578]LogWorld: BeginTearingDown for /Game/RollingBP/Maps/UEDPIE_0_RiverV2
[2020.06.05-11.07.41:249][578]LogWorld: UWorld::CleanupWorld for RiverV2, bSessionEnded=true, bCleanupResources=true
[2020.06.05-11.07.41:254][578]LogSlate: InvalidateAllWidgets triggered.  All widgets were invalidated
[2020.06.05-11.07.41:264][578]LogAudioMixer: Display: Flush succeeded in the source manager command queue (1).
[2020.06.05-11.07.41:284][578]LogAudioMixer: Display: Flush succeeded the source manager command queue (2).
[2020.06.05-11.07.41:384][578]LogUObjectHash: Compacting FUObjectHashTables data took   1.92ms
[2020.06.05-11.07.41:971][578]LogAIModule: Creating AISystem for world RiverV2
[2020.06.05-11.07.41:971][578]LogLoad: Game class is 'RollingGameMode_C'
[2020.06.05-11.07.42:089][578]LogWorld: Bringing World /Game/RollingBP/Maps/UEDPIE_0_RiverV2.RiverV2 up for play (max tick rate 0) at 2020.06.05-12.07.42
[2020.06.05-11.07.42:090][578]LogWorld: Bringing up level for play took: 0.116958
[2020.06.05-11.07.42:091][578]LogSkeletalMesh: Error: Material with missing usage flag was applied to skeletal mesh /Game/Animation/MainCharacters/Explorer/SK_Char_Explorer.SK_Char_Explorer
[2020.06.05-11.07.42:091][578]LogSkeletalMesh: Error: Material with missing usage flag was applied to skeletal mesh /Game/Animation/MainCharacters/Explorer/SK_Char_Explorer.SK_Char_Explorer
[2020.06.05-11.07.42:095][578]LogLoad: Took 0.846803 seconds to LoadMap(/Game/RollingBP/Maps/RiverV2)
[2020.06.05-11.07.42:101][578]LogAudio: Warning: Detected orphaned looping sound 'Aztec-demo-loop'.
[2020.06.05-11.08.34:858][865]LogPlayerController: Error: InputMode:UIOnly - Attempting to focus Non-Focusable widget SObjectWidget [Widget.cpp(776)]!
[2020.06.05-11.08.44:093][973]LogAudioMixer: Display: No commands were queued while flushing the source manager.
[2020.06.05-11.08.44:094][973]LogAudioMixer: Display: Flush succeeded in the source manager command queue (1).
[2020.06.05-11.08.44:114][973]LogAudioMixer: Display: Flush succeeded the source manager command queue (2).
[2020.06.05-11.08.44:114][973]LogBlueprintUserMessages: Early EndPlayMap Detection: Level '/Game/RollingBP/Maps/TitleScreen.TitleScreen:PersistentLevel' has LevelScriptBlueprint '/Game/RollingBP/Maps/TitleScreen.TitleScreen:PersistentLevel.TitleScreen' with GeneratedClass '/Game/RollingBP/Maps/TitleScreen.TitleScreen_C' with ClassGeneratedBy '/Game/RollingBP/Maps/TitleScreen.TitleScreen:PersistentLevel.TitleScreen'
[2020.06.05-11.08.44:115][973]LogSlate: Updating window title bar state: overlay mode, drag disabled, window buttons hidden, title bar hidden
[2020.06.05-11.08.44:115][973]LogWorld: BeginTearingDown for /Game/RollingBP/Maps/UEDPIE_0_RiverV2
[2020.06.05-11.08.44:115][973]LogAudioMixer: Display: No commands were queued while flushing the source manager.
[2020.06.05-11.08.44:115][973]LogWorld: UWorld::CleanupWorld for RiverV2, bSessionEnded=true, bCleanupResources=true
[2020.06.05-11.08.44:121][973]LogSlate: InvalidateAllWidgets triggered.  All widgets were invalidated
[2020.06.05-11.08.44:130][973]LogPlayLevel: Display: Shutting down PIE online subsystems
[2020.06.05-11.08.44:130][973]LogBlueprintUserMessages: Late EndPlayMap Detection: Level '/Game/RollingBP/Maps/TitleScreen.TitleScreen:PersistentLevel' has LevelScriptBlueprint '/Game/RollingBP/Maps/TitleScreen.TitleScreen:PersistentLevel.TitleScreen' with GeneratedClass '/Game/RollingBP/Maps/TitleScreen.TitleScreen_C' with ClassGeneratedBy '/Game/RollingBP/Maps/TitleScreen.TitleScreen:PersistentLevel.TitleScreen'
[2020.06.05-11.08.44:136][973]LogSlate: InvalidateAllWidgets triggered.  All widgets were invalidated
[2020.06.05-11.08.44:179][973]LogAudioMixer: Display: No commands were queued while flushing the source manager.
[2020.06.05-11.08.44:183][973]LogSlate: Updating window title bar state: overlay mode, drag disabled, window buttons hidden, title bar hidden
[2020.06.05-11.08.44:248][973]LogUObjectHash: Compacting FUObjectHashTables data took   2.24ms
[2020.06.05-11.08.44:265][974]LogPlayLevel: Display: Destroying online subsystem :Context_1
[2020.06.05-11.08.57:042][488]LogSlate: Took 0.000238 seconds to synchronously load lazily loaded font '../../../Engine/Content/Slate/Fonts/Roboto-Light.ttf' (167K)
[2020.06.05-11.08.57:055][488]LogAssetEditorSubsystem: Opening Asset editor for WidgetBlueprint /Game/RollingBP/UI/Widgets/PauseScreen.PauseScreen
[2020.06.05-11.08.57:397][488]LogContentBrowser: Native class hierarchy updated for 'BlueprintGraph' in 0.0006 seconds. Added 121 classes and 0 folders.
[2020.06.05-11.08.58:908][488]LogSlate: Took 0.027421 seconds to synchronously load lazily loaded font '../../../Engine/Content/Slate/Fonts/Roboto-BoldCondensed.ttf' (158K)
[2020.06.05-11.09.01:624][784]LogSlate: Took 0.011098 seconds to synchronously load lazily loaded font '../../../Engine/Content/Slate/Fonts/Roboto-Italic.ttf' (157K)
[2020.06.05-11.09.19:907][928]LogAssetEditorSubsystem: Opening Asset editor for WidgetBlueprint /Game/RollingBP/UI/Widgets/GameOverScreenMenu.GameOverScreenMenu
[2020.06.05-11.10.33:438][580]BlueprintLog: New page: Compile GameOverScreenMenu
[2020.06.05-11.10.33:530][580]LogUObjectHash: Compacting FUObjectHashTables data took   5.91ms
[2020.06.05-11.10.34:153][626]LogSavePackage: Moving 'C:/Users/eppez/OneDrive/Desktop/JSColabTeam17/Team17Colab/Saved/GameOverScreenMenu40191625481FAAA2CC77C880D4F9B0D9.tmp' to 'C:/Users/eppez/OneDrive/Desktop/JSColabTeam17/Team17Colab/Content/RollingBP/UI/Widgets/GameOverScreenMenu.uasset'
[2020.06.05-11.10.34:169][626]AssetCheck: New page: Asset Save: GameOverScreenMenu
[2020.06.05-11.10.34:169][626]LogContentValidation: Display: Validating WidgetBlueprint /Game/RollingBP/UI/Widgets/GameOverScreenMenu.GameOverScreenMenu
[2020.06.05-11.16.53:309][393]LogUObjectHash: Compacting FUObjectHashTables data took   5.80ms
