Log file open, 06/01/20 18:20:19
LogWindows: Failed to load 'aqProf.dll' (GetLastError=126)
LogWindows: File 'aqProf.dll' does not exist
LogWindows: Failed to load 'VtuneApi.dll' (GetLastError=126)
LogWindows: File 'VtuneApi.dll' does not exist
LogWindows: Failed to load 'VtuneApi32e.dll' (GetLastError=126)
LogWindows: File 'VtuneApi32e.dll' does not exist
LogConsoleResponse: Display: Failed to find resolution value strings in scalability ini. Falling back to default.
LogInit: Display: Running engine for game: Team17Colab
LogPlatformFile: Not using cached read wrapper
LogTaskGraph: Started task graph with 5 named threads and 26 total threads with 3 sets of task threads.
LogStats: Stats thread started at 0.061506
LogD3D11RHI: Loaded GFSDK_Aftermath_Lib.x64.dll
LogICUInternationalization: ICU TimeZone Detection - Raw Offset: +0:00, Platform Override: ''
LogPluginManager: Mounting plugin Paper2D
LogPluginManager: Mounting plugin AISupport
LogPluginManager: Mounting plugin LightPropagationVolume
LogPluginManager: Mounting plugin ActorLayerUtilities
LogPluginManager: Mounting plugin AnimationSharing
LogPluginManager: Mounting plugin CLionSourceCodeAccess
LogPluginManager: Mounting plugin CodeLiteSourceCodeAccess
LogPluginManager: Mounting plugin GitSourceControl
LogPluginManager: Mounting plugin KDevelopSourceCodeAccess
LogPluginManager: Mounting plugin NullSourceCodeAccess
LogPluginManager: Mounting plugin PerforceSourceControl
LogPluginManager: Mounting plugin PlasticSourceControl
LogPluginManager: Mounting plugin SubversionSourceControl
LogPluginManager: Mounting plugin UObjectPlugin
LogPluginManager: Mounting plugin VisualStudioCodeSourceCodeAccess
LogPluginManager: Mounting plugin VisualStudioSourceCodeAccess
LogPluginManager: Mounting plugin XCodeSourceCodeAccess
LogPluginManager: Mounting plugin AssetManagerEditor
LogPluginManager: Mounting plugin CryptoKeys
LogPluginManager: Mounting plugin CurveEditorTools
LogPluginManager: Mounting plugin DataValidation
LogPluginManager: Mounting plugin FacialAnimation
LogPluginManager: Mounting plugin GameplayTagsEditor
LogPluginManager: Mounting plugin MacGraphicsSwitching
LogPluginManager: Mounting plugin MaterialAnalyzer
LogPluginManager: Mounting plugin MobileLauncherProfileWizard
LogPluginManager: Mounting plugin PluginBrowser
LogPluginManager: Mounting plugin SpeedTreeImporter
LogPluginManager: Mounting plugin DatasmithContent
LogPluginManager: Mounting plugin VariantManagerContent
LogPluginManager: Mounting plugin AlembicImporter
LogPluginManager: Mounting plugin AutomationUtils
LogPluginManager: Mounting plugin BackChannel
LogPluginManager: Mounting plugin CharacterAI
LogPluginManager: Mounting plugin GeometryCache
LogPluginManager: Mounting plugin PlatformCrypto
LogPluginManager: Mounting plugin ProxyLODPlugin
LogPluginManager: Mounting plugin SkeletalReduction
LogPluginManager: Mounting plugin Niagara
LogPluginManager: Mounting plugin NiagaraExtras
LogPluginManager: Mounting plugin MagicLeap
LogPluginManager: Mounting plugin MagicLeapMedia
LogPluginManager: Mounting plugin MLSDK
LogPluginManager: Mounting plugin AndroidMedia
LogPluginManager: Mounting plugin AvfMedia
LogPluginManager: Mounting plugin ImgMedia
LogPluginManager: Mounting plugin MediaCompositing
LogPluginManager: Mounting plugin MediaPlayerEditor
LogPluginManager: Mounting plugin WebMMedia
LogPluginManager: Mounting plugin WmfMedia
LogPluginManager: Mounting plugin TcpMessaging
LogPluginManager: Mounting plugin UdpMessaging
LogPluginManager: Mounting plugin ActorSequence
LogPluginManager: Mounting plugin LevelSequenceEditor
LogPluginManager: Mounting plugin MatineeToLevelSequence
LogPluginManager: Mounting plugin NetcodeUnitTest
LogPluginManager: Mounting plugin NUTUnrealEngine4
LogPluginManager: Mounting plugin OnlineSubsystemGooglePlay
LogPluginManager: Mounting plugin OnlineSubsystemIOS
LogPluginManager: Mounting plugin OnlineSubsystem
LogPluginManager: Mounting plugin OnlineSubsystemNull
LogPluginManager: Mounting plugin OnlineSubsystemUtils
LogPluginManager: Mounting plugin LauncherChunkInstaller
LogPluginManager: Mounting plugin AndroidDeviceProfileSelector
LogPluginManager: Mounting plugin AndroidMoviePlayer
LogPluginManager: Mounting plugin AndroidPermission
LogPluginManager: Mounting plugin AppleImageUtils
LogPluginManager: Mounting plugin AppleMoviePlayer
LogPluginManager: Mounting plugin ArchVisCharacter
LogPluginManager: Mounting plugin AssetTags
LogPluginManager: Mounting plugin AudioCapture
LogPluginManager: Mounting plugin CableComponent
LogPluginManager: Mounting plugin CustomMeshComponent
LogPluginManager: Mounting plugin EditableMesh
LogPluginManager: Mounting plugin ExampleDeviceProfileSelector
LogPluginManager: Mounting plugin GoogleCloudMessaging
LogPluginManager: Mounting plugin IOSDeviceProfileSelector
LogPluginManager: Mounting plugin LinuxDeviceProfileSelector
LogPluginManager: Mounting plugin LocationServicesBPLibrary
LogPluginManager: Mounting plugin MobilePatchingUtils
LogPluginManager: Mounting plugin OculusVR
LogPluginManager: Mounting plugin PhysXVehicles
LogPluginManager: Mounting plugin PostSplashScreen
LogPluginManager: Mounting plugin ProceduralMeshComponent
LogPluginManager: Mounting plugin RuntimePhysXCooking
LogPluginManager: Mounting plugin SignificanceManager
LogPluginManager: Mounting plugin SteamVR
LogPluginManager: Mounting plugin WebMMoviePlayer
LogPluginManager: Mounting plugin WindowsMoviePlayer
LogPluginManager: Mounting plugin ScreenshotTools
LogInit: Using libcurl 7.55.1-DEV
LogInit:  - built for x86_64-pc-win32
LogInit:  - supports SSL with OpenSSL/1.1.1
LogInit:  - supports HTTP deflate (compression) using libz 1.2.8
LogInit:  - other features:
LogInit:      CURL_VERSION_SSL
LogInit:      CURL_VERSION_LIBZ
LogInit:      CURL_VERSION_IPV6
LogInit:      CURL_VERSION_ASYNCHDNS
LogInit:      CURL_VERSION_LARGEFILE
LogInit:      CURL_VERSION_IDN
LogInit:  CurlRequestOptions (configurable via config and command line):
LogInit:  - bVerifyPeer = true  - Libcurl will verify peer certificate
LogInit:  - bUseHttpProxy = false  - Libcurl will NOT use HTTP proxy
LogInit:  - bDontReuseConnections = false  - Libcurl will reuse connections
LogInit:  - MaxHostConnections = 16  - Libcurl will limit the number of connections to a host
LogInit:  - LocalHostAddr = Default
LogInit:  - BufferSize = 65536
LogOnline: OSS: Creating online subsystem instance for: NULL
LogInit: WinSock: version 1.1 (2.2), MaxSocks=32767, MaxUdp=65467
LogOnline: OSS: TryLoadSubsystemAndSetDefault: Loaded subsystem for module [NULL]
LogInit: Build: ++UE4+Release-4.24-CL-11590370
LogInit: Engine Version: 4.24.3-11590370+++UE4+Release-4.24
LogInit: Compatible Engine Version: 4.24.0-10570792+++UE4+Release-4.24
LogInit: Net CL: 10570792
LogInit: OS: Windows 10 (Release 1909) (), CPU: Intel(R) Core(TM) i7-9700K CPU @ 3.60GHz, GPU: NVIDIA GeForce RTX 2080
LogInit: Compiled (64-bit): Feb 24 2020 15:39:18
LogInit: Compiled with Visual C++: 19.16.27032.01
LogInit: Build Configuration: Development
LogInit: Branch Name: ++UE4+Release-4.24
LogInit: Command Line: 
LogInit: Base Directory: F:/UE_4.24/Engine/Binaries/Win64/
LogInit: Installed Engine Build: 1
LogDevObjectVersion: Number of dev versions registered: 25
LogDevObjectVersion:   Dev-Blueprints (B0D832E4-1F89-4F0D-ACCF-7EB736FD4AA2): 10
LogDevObjectVersion:   Dev-Build (E1C64328-A22C-4D53-A36C-8E866417BD8C): 0
LogDevObjectVersion:   Dev-Core (375EC13C-06E4-48FB-B500-84F0262A717E): 3
LogDevObjectVersion:   Dev-Editor (E4B068ED-F494-42E9-A231-DA0B2E46BB41): 37
LogDevObjectVersion:   Dev-Framework (CFFC743F-43B0-4480-9391-14DF171D2073): 36
LogDevObjectVersion:   Dev-Mobile (B02B49B5-BB20-44E9-A304-32B752E40360): 2
LogDevObjectVersion:   Dev-Networking (A4E4105C-59A1-49B5-A7C5-40C4547EDFEE): 0
LogDevObjectVersion:   Dev-Online (39C831C9-5AE6-47DC-9A44-9C173E1C8E7C): 0
LogDevObjectVersion:   Dev-Physics (78F01B33-EBEA-4F98-B9B4-84EACCB95AA2): 2
LogDevObjectVersion:   Dev-Platform (6631380F-2D4D-43E0-8009-CF276956A95A): 0
LogDevObjectVersion:   Dev-Rendering (12F88B9F-8875-4AFC-A67C-D90C383ABD29): 36
LogDevObjectVersion:   Dev-Sequencer (7B5AE74C-D270-4C10-A958-57980B212A5A): 11
LogDevObjectVersion:   Dev-VR (D7296918-1DD6-4BDD-9DE2-64A83CC13884): 2
LogDevObjectVersion:   Dev-LoadTimes (C2A15278-BFE7-4AFE-6C17-90FF531DF755): 1
LogDevObjectVersion:   Private-Geometry (6EACA3D4-40EC-4CC1-B786-8BED09428FC5): 3
LogDevObjectVersion:   Dev-AnimPhys (29E575DD-E0A3-4627-9D10-D276232CDCEA): 17
LogDevObjectVersion:   Dev-Anim (AF43A65D-7FD3-4947-9873-3E8ED9C1BB05): 2
LogDevObjectVersion:   Dev-ReflectionCapture (6B266CEC-1EC7-4B8F-A30B-E4D90942FC07): 1
LogDevObjectVersion:   Dev-Automation (0DF73D61-A23F-47EA-B727-89E90C41499A): 1
LogDevObjectVersion:   FortniteMain (601D1886-AC64-4F84-AA16-D3DE0DEAC7D6): 31
LogDevObjectVersion:   Dev-Enterprise (9DFFBCD6-494F-0158-E221-12823C92A888): 8
LogDevObjectVersion:   Dev-Niagara (F2AED0AC-9AFE-416F-8664-AA7FFA26D6FC): 1
LogDevObjectVersion:   Dev-Destruction (174F1F0B-B4C6-45A5-B13F-2EE8D0FB917D): 9
LogDevObjectVersion:   Dev-Physics-Ext (35F94A83-E258-406C-A318-09F59610247C): 8
LogDevObjectVersion:   Dev-CineCamera (B2E18506-4273-CFC2-A54E-F4BB758BBA07): 1
LogInit: Presizing for max 25165824 objects, including 0 objects not considered by GC, pre-allocating 0 bytes for permanent pool.
LogInit: Object subsystem initialized
LogConfig: Setting CVar [[con.DebugEarlyDefault:1]]
LogConfig: Setting CVar [[r.setres:1280x720]]
[2020.06.01-17.20.19:330][  0]LogConfig: Setting CVar [[r.VSync:0]]
[2020.06.01-17.20.19:330][  0]LogConfig: Setting CVar [[r.RHICmdBypass:0]]
[2020.06.01-17.20.19:330][  0]LogConfig: Applying CVar settings from Section [/Script/Engine.RendererSettings] File [F:/JSColabTeam17/Team17Colab/Saved/Config/Windows/Engine.ini]
[2020.06.01-17.20.19:330][  0]LogConfig: Setting CVar [[r.GPUCrashDebugging:0]]
[2020.06.01-17.20.19:330][  0]LogConfig: Applying CVar settings from Section [/Script/Engine.RendererOverrideSettings] File [F:/JSColabTeam17/Team17Colab/Saved/Config/Windows/Engine.ini]
[2020.06.01-17.20.19:330][  0]LogConfig: Applying CVar settings from Section [/Script/Engine.StreamingSettings] File [F:/JSColabTeam17/Team17Colab/Saved/Config/Windows/Engine.ini]
[2020.06.01-17.20.19:330][  0]LogConfig: Setting CVar [[s.MinBulkDataSizeForAsyncLoading:131072]]
[2020.06.01-17.20.19:330][  0]LogConfig: Setting CVar [[s.AsyncLoadingThreadEnabled:0]]
[2020.06.01-17.20.19:330][  0]LogConfig: Setting CVar [[s.EventDrivenLoaderEnabled:1]]
[2020.06.01-17.20.19:330][  0]LogConfig: Setting CVar [[s.WarnIfTimeLimitExceeded:0]]
[2020.06.01-17.20.19:330][  0]LogConfig: Setting CVar [[s.TimeLimitExceededMultiplier:1.5]]
[2020.06.01-17.20.19:330][  0]LogConfig: Setting CVar [[s.TimeLimitExceededMinTime:0.005]]
[2020.06.01-17.20.19:330][  0]LogConfig: Setting CVar [[s.UseBackgroundLevelStreaming:1]]
[2020.06.01-17.20.19:330][  0]LogConfig: Setting CVar [[s.PriorityAsyncLoadingExtraTime:15.0]]
[2020.06.01-17.20.19:330][  0]LogConfig: Setting CVar [[s.LevelStreamingActorsUpdateTimeLimit:5.0]]
[2020.06.01-17.20.19:330][  0]LogConfig: Setting CVar [[s.PriorityLevelStreamingActorsUpdateExtraTime:5.0]]
[2020.06.01-17.20.19:330][  0]LogConfig: Setting CVar [[s.LevelStreamingComponentsRegistrationGranularity:10]]
[2020.06.01-17.20.19:330][  0]LogConfig: Setting CVar [[s.UnregisterComponentsTimeLimit:1.0]]
[2020.06.01-17.20.19:330][  0]LogConfig: Setting CVar [[s.LevelStreamingComponentsUnregistrationGranularity:5]]
[2020.06.01-17.20.19:330][  0]LogConfig: Setting CVar [[s.FlushStreamingOnExit:1]]
[2020.06.01-17.20.19:330][  0]LogConfig: Applying CVar settings from Section [/Script/Engine.GarbageCollectionSettings] File [F:/JSColabTeam17/Team17Colab/Saved/Config/Windows/Engine.ini]
[2020.06.01-17.20.19:330][  0]LogConfig: Setting CVar [[gc.MaxObjectsNotConsideredByGC:1]]
[2020.06.01-17.20.19:330][  0]LogConfig: Setting CVar [[gc.SizeOfPermanentObjectPool:0]]
[2020.06.01-17.20.19:330][  0]LogConfig: Setting CVar [[gc.FlushStreamingOnGC:0]]
[2020.06.01-17.20.19:330][  0]LogConfig: Setting CVar [[gc.NumRetriesBeforeForcingGC:10]]
[2020.06.01-17.20.19:330][  0]LogConfig: Setting CVar [[gc.AllowParallelGC:1]]
[2020.06.01-17.20.19:330][  0]LogConfig: Setting CVar [[gc.TimeBetweenPurgingPendingKillObjects:61.1]]
[2020.06.01-17.20.19:330][  0]LogConfig: Setting CVar [[gc.MaxObjectsInEditor:25165824]]
[2020.06.01-17.20.19:330][  0]LogConfig: Setting CVar [[gc.IncrementalBeginDestroyEnabled:1]]
[2020.06.01-17.20.19:330][  0]LogConfig: Setting CVar [[gc.CreateGCClusters:1]]
[2020.06.01-17.20.19:330][  0]LogConfig: Setting CVar [[gc.MinGCClusterSize:5]]
[2020.06.01-17.20.19:330][  0]LogConfig: Setting CVar [[gc.ActorClusteringEnabled:0]]
[2020.06.01-17.20.19:330][  0]LogConfig: Setting CVar [[gc.BlueprintClusteringEnabled:0]]
[2020.06.01-17.20.19:330][  0]LogConfig: Setting CVar [[gc.UseDisregardForGCOnDedicatedServers:0]]
[2020.06.01-17.20.19:330][  0]LogConfig: Applying CVar settings from Section [/Script/Engine.NetworkSettings] File [F:/JSColabTeam17/Team17Colab/Saved/Config/Windows/Engine.ini]
[2020.06.01-17.20.19:330][  0]LogConfig: Applying CVar settings from Section [/Script/UnrealEd.CookerSettings] File [F:/JSColabTeam17/Team17Colab/Saved/Config/Windows/Engine.ini]
[2020.06.01-17.20.19:334][  0]LogConfig: Applying CVar settings from Section [ViewDistanceQuality@3] File [F:/JSColabTeam17/Team17Colab/Saved/Config/Windows/Scalability.ini]
[2020.06.01-17.20.19:334][  0]LogConfig: Setting CVar [[r.SkeletalMeshLODBias:0]]
[2020.06.01-17.20.19:334][  0]LogConfig: Setting CVar [[r.ViewDistanceScale:1.0]]
[2020.06.01-17.20.19:334][  0]LogConfig: Applying CVar settings from Section [AntiAliasingQuality@3] File [F:/JSColabTeam17/Team17Colab/Saved/Config/Windows/Scalability.ini]
[2020.06.01-17.20.19:334][  0]LogConfig: Setting CVar [[r.PostProcessAAQuality:4]]
[2020.06.01-17.20.19:334][  0]LogConfig: Applying CVar settings from Section [ShadowQuality@3] File [F:/JSColabTeam17/Team17Colab/Saved/Config/Windows/Scalability.ini]
[2020.06.01-17.20.19:334][  0]LogConfig: Setting CVar [[r.LightFunctionQuality:1]]
[2020.06.01-17.20.19:334][  0]LogConfig: Setting CVar [[r.ShadowQuality:5]]
[2020.06.01-17.20.19:334][  0]LogConfig: Setting CVar [[r.Shadow.CSM.MaxCascades:10]]
[2020.06.01-17.20.19:334][  0]LogConfig: Setting CVar [[r.Shadow.MaxResolution:2048]]
[2020.06.01-17.20.19:334][  0]LogConfig: Setting CVar [[r.Shadow.MaxCSMResolution:2048]]
[2020.06.01-17.20.19:334][  0]LogConfig: Setting CVar [[r.Shadow.RadiusThreshold:0.01]]
[2020.06.01-17.20.19:334][  0]LogConfig: Setting CVar [[r.Shadow.DistanceScale:1.0]]
[2020.06.01-17.20.19:334][  0]LogConfig: Setting CVar [[r.Shadow.CSM.TransitionScale:1.0]]
[2020.06.01-17.20.19:334][  0]LogConfig: Setting CVar [[r.Shadow.PreShadowResolutionFactor:1.0]]
[2020.06.01-17.20.19:334][  0]LogConfig: Setting CVar [[r.DistanceFieldShadowing:1]]
[2020.06.01-17.20.19:334][  0]LogConfig: Setting CVar [[r.DistanceFieldAO:1]]
[2020.06.01-17.20.19:334][  0]LogConfig: Setting CVar [[r.AOQuality:2]]
[2020.06.01-17.20.19:334][  0]LogConfig: Setting CVar [[r.VolumetricFog:1]]
[2020.06.01-17.20.19:334][  0]LogConfig: Setting CVar [[r.VolumetricFog.GridPixelSize:8]]
[2020.06.01-17.20.19:334][  0]LogConfig: Setting CVar [[r.VolumetricFog.GridSizeZ:128]]
[2020.06.01-17.20.19:334][  0]LogConfig: Setting CVar [[r.VolumetricFog.HistoryMissSupersampleCount:4]]
[2020.06.01-17.20.19:334][  0]LogConfig: Setting CVar [[r.LightMaxDrawDistanceScale:1]]
[2020.06.01-17.20.19:334][  0]LogConfig: Setting CVar [[r.CapsuleShadows:1]]
[2020.06.01-17.20.19:334][  0]LogConfig: Applying CVar settings from Section [PostProcessQuality@3] File [F:/JSColabTeam17/Team17Colab/Saved/Config/Windows/Scalability.ini]
[2020.06.01-17.20.19:334][  0]LogConfig: Setting CVar [[r.MotionBlurQuality:4]]
[2020.06.01-17.20.19:334][  0]LogConfig: Setting CVar [[r.AmbientOcclusionMipLevelFactor:0.4]]
[2020.06.01-17.20.19:334][  0]LogConfig: Setting CVar [[r.AmbientOcclusionMaxQuality:100]]
[2020.06.01-17.20.19:334][  0]LogConfig: Setting CVar [[r.AmbientOcclusionLevels:-1]]
[2020.06.01-17.20.19:334][  0]LogConfig: Setting CVar [[r.AmbientOcclusionRadiusScale:1.0]]
[2020.06.01-17.20.19:334][  0]LogConfig: Setting CVar [[r.DepthOfFieldQuality:2]]
[2020.06.01-17.20.19:334][  0]LogConfig: Setting CVar [[r.RenderTargetPoolMin:400]]
[2020.06.01-17.20.19:334][  0]LogConfig: Setting CVar [[r.LensFlareQuality:2]]
[2020.06.01-17.20.19:334][  0]LogConfig: Setting CVar [[r.SceneColorFringeQuality:1]]
[2020.06.01-17.20.19:334][  0]LogConfig: Setting CVar [[r.EyeAdaptationQuality:2]]
[2020.06.01-17.20.19:334][  0]LogConfig: Setting CVar [[r.BloomQuality:5]]
[2020.06.01-17.20.19:334][  0]LogConfig: Setting CVar [[r.FastBlurThreshold:100]]
[2020.06.01-17.20.19:334][  0]LogConfig: Setting CVar [[r.Upscale.Quality:3]]
[2020.06.01-17.20.19:334][  0]LogConfig: Setting CVar [[r.Tonemapper.GrainQuantization:1]]
[2020.06.01-17.20.19:334][  0]LogConfig: Setting CVar [[r.LightShaftQuality:1]]
[2020.06.01-17.20.19:334][  0]LogConfig: Setting CVar [[r.Filter.SizeScale:1]]
[2020.06.01-17.20.19:334][  0]LogConfig: Setting CVar [[r.Tonemapper.Quality:5]]
[2020.06.01-17.20.19:334][  0]LogConfig: Setting CVar [[r.DOF.Gather.AccumulatorQuality:1        ; higher gathering accumulator quality]]
[2020.06.01-17.20.19:334][  0]LogConfig: Setting CVar [[r.DOF.Gather.PostfilterMethod:1          ; Median3x3 postfilering method]]
[2020.06.01-17.20.19:334][  0]LogConfig: Setting CVar [[r.DOF.Gather.EnableBokehSettings:0       ; no bokeh simulation when gathering]]
[2020.06.01-17.20.19:334][  0]LogConfig: Setting CVar [[r.DOF.Gather.RingCount:4                 ; medium number of samples when gathering]]
[2020.06.01-17.20.19:334][  0]LogConfig: Setting CVar [[r.DOF.Scatter.ForegroundCompositing:1    ; additive foreground scattering]]
[2020.06.01-17.20.19:334][  0]LogConfig: Setting CVar [[r.DOF.Scatter.BackgroundCompositing:2    ; additive background scattering]]
[2020.06.01-17.20.19:334][  0]LogConfig: Setting CVar [[r.DOF.Scatter.EnableBokehSettings:1      ; bokeh simulation when scattering]]
[2020.06.01-17.20.19:334][  0]LogConfig: Setting CVar [[r.DOF.Scatter.MaxSpriteRatio:0.1         ; only a maximum of 10% of scattered bokeh]]
[2020.06.01-17.20.19:334][  0]LogConfig: Setting CVar [[r.DOF.Recombine.Quality:1                ; cheap slight out of focus]]
[2020.06.01-17.20.19:334][  0]LogConfig: Setting CVar [[r.DOF.Recombine.EnableBokehSettings:0    ; no bokeh simulation on slight out of focus]]
[2020.06.01-17.20.19:334][  0]LogConfig: Setting CVar [[r.DOF.TemporalAAQuality:1                ; more stable temporal accumulation]]
[2020.06.01-17.20.19:334][  0]LogConfig: Setting CVar [[r.DOF.Kernel.MaxForegroundRadius:0.025]]
[2020.06.01-17.20.19:334][  0]LogConfig: Setting CVar [[r.DOF.Kernel.MaxBackgroundRadius:0.025]]
[2020.06.01-17.20.19:334][  0]LogConfig: Applying CVar settings from Section [TextureQuality@3] File [F:/JSColabTeam17/Team17Colab/Saved/Config/Windows/Scalability.ini]
[2020.06.01-17.20.19:334][  0]LogConfig: Setting CVar [[r.Streaming.MipBias:0]]
[2020.06.01-17.20.19:334][  0]LogConfig: Setting CVar [[r.Streaming.AmortizeCPUToGPUCopy:0]]
[2020.06.01-17.20.19:334][  0]LogConfig: Setting CVar [[r.Streaming.MaxNumTexturesToStreamPerFrame:0]]
[2020.06.01-17.20.19:334][  0]LogConfig: Setting CVar [[r.Streaming.Boost:1]]
[2020.06.01-17.20.19:334][  0]LogConfig: Setting CVar [[r.MaxAnisotropy:8]]
[2020.06.01-17.20.19:334][  0]LogConfig: Setting CVar [[r.VT.MaxAnisotropy:8]]
[2020.06.01-17.20.19:334][  0]LogConfig: Setting CVar [[r.Streaming.LimitPoolSizeToVRAM:0]]
[2020.06.01-17.20.19:334][  0]LogConfig: Setting CVar [[r.Streaming.PoolSize:1000]]
[2020.06.01-17.20.19:334][  0]LogConfig: Setting CVar [[r.Streaming.MaxEffectiveScreenSize:0]]
[2020.06.01-17.20.19:334][  0]LogConfig: Applying CVar settings from Section [EffectsQuality@3] File [F:/JSColabTeam17/Team17Colab/Saved/Config/Windows/Scalability.ini]
[2020.06.01-17.20.19:334][  0]LogConfig: Setting CVar [[r.TranslucencyLightingVolumeDim:64]]
[2020.06.01-17.20.19:334][  0]LogConfig: Setting CVar [[r.RefractionQuality:2]]
[2020.06.01-17.20.19:334][  0]LogConfig: Setting CVar [[r.SSR.Quality:3]]
[2020.06.01-17.20.19:334][  0]LogConfig: Setting CVar [[r.SSR.HalfResSceneColor:0]]
[2020.06.01-17.20.19:334][  0]LogConfig: Setting CVar [[r.SceneColorFormat:4]]
[2020.06.01-17.20.19:334][  0]LogConfig: Setting CVar [[r.DetailMode:2]]
[2020.06.01-17.20.19:334][  0]LogConfig: Setting CVar [[r.TranslucencyVolumeBlur:1]]
[2020.06.01-17.20.19:334][  0]LogConfig: Setting CVar [[r.MaterialQualityLevel:1 ; High quality]]
[2020.06.01-17.20.19:334][  0]LogConfig: Setting CVar [[r.SSS.Scale:1]]
[2020.06.01-17.20.19:334][  0]LogConfig: Setting CVar [[r.SSS.SampleSet:2]]
[2020.06.01-17.20.19:334][  0]LogConfig: Setting CVar [[r.SSS.Quality:1]]
[2020.06.01-17.20.19:335][  0]LogConfig: Setting CVar [[r.SSS.HalfRes:1]]
[2020.06.01-17.20.19:335][  0]LogConfig: Setting CVar [[r.SSGI.Quality:3]]
[2020.06.01-17.20.19:335][  0]LogConfig: Setting CVar [[r.EmitterSpawnRateScale:1.0]]
[2020.06.01-17.20.19:335][  0]LogConfig: Setting CVar [[r.ParticleLightQuality:2]]
[2020.06.01-17.20.19:335][  0]LogConfig: Setting CVar [[r.SkyAtmosphere.AerialPerspectiveLUT.FastApplyOnOpaque:1 ; Always have FastSkyLUT 1 in this case to avoid wrong sky]]
[2020.06.01-17.20.19:335][  0]LogConfig: Setting CVar [[r.SkyAtmosphere.AerialPerspectiveLUT.SampleCountPerSlice:1]]
[2020.06.01-17.20.19:335][  0]LogConfig: Setting CVar [[r.SkyAtmosphere.AerialPerspectiveLUT.DepthResolution:16.0]]
[2020.06.01-17.20.19:335][  0]LogConfig: Setting CVar [[r.SkyAtmosphere.FastSkyLUT:1]]
[2020.06.01-17.20.19:335][  0]LogConfig: Setting CVar [[r.SkyAtmosphere.FastSkyLUT.SampleCountMin:4.0]]
[2020.06.01-17.20.19:335][  0]LogConfig: Setting CVar [[r.SkyAtmosphere.FastSkyLUT.SampleCountMax:32.0]]
[2020.06.01-17.20.19:335][  0]LogConfig: Setting CVar [[r.SkyAtmosphere.SampleCountMin:4.0]]
[2020.06.01-17.20.19:335][  0]LogConfig: Setting CVar [[r.SkyAtmosphere.SampleCountMax:32.0]]
[2020.06.01-17.20.19:335][  0]LogConfig: Setting CVar [[r.SkyAtmosphere.TransmittanceLUT.UseSmallFormat:0]]
[2020.06.01-17.20.19:335][  0]LogConfig: Setting CVar [[r.SkyAtmosphere.TransmittanceLUT.SampleCount:10.0]]
[2020.06.01-17.20.19:335][  0]LogConfig: Setting CVar [[r.SkyAtmosphere.MultiScatteringLUT.SampleCount:15.0]]
[2020.06.01-17.20.19:335][  0]LogConfig: Applying CVar settings from Section [FoliageQuality@3] File [F:/JSColabTeam17/Team17Colab/Saved/Config/Windows/Scalability.ini]
[2020.06.01-17.20.19:335][  0]LogConfig: Setting CVar [[foliage.DensityScale:1.0]]
[2020.06.01-17.20.19:335][  0]LogConfig: Setting CVar [[grass.DensityScale:1.0]]
[2020.06.01-17.20.19:335][  0]LogConfig: Applying CVar settings from Section [ShadingQuality@3] File [F:/JSColabTeam17/Team17Colab/Saved/Config/Windows/Scalability.ini]
[2020.06.01-17.20.19:335][  0]LogConfig: Setting CVar [[r.HairStrands.SkyLighting.SampleCount:16]]
[2020.06.01-17.20.19:335][  0]LogConfig: Setting CVar [[r.HairStrands.SkyLighting.JitterIntegration:0]]
[2020.06.01-17.20.19:335][  0]LogConfig: Setting CVar [[r.HairStrands.SkyAO.SampleCount:16]]
[2020.06.01-17.20.19:335][  0]LogInit: Selected Device Profile: [Windows]
[2020.06.01-17.20.19:335][  0]LogInit: Applying CVar settings loaded from the selected device profile: [Windows]
[2020.06.01-17.20.19:337][  0]LogHAL: Display: Platform has ~ 16 GB [16990044160 / 17179869184 / 16], which maps to Larger [LargestMinGB=32, LargerMinGB=12, DefaultMinGB=8, SmallerMinGB=6, SmallestMinGB=0)
[2020.06.01-17.20.19:337][  0]LogInit: Going up to parent DeviceProfile []
[2020.06.01-17.20.19:337][  0]LogConfig: Applying CVar settings from Section [ViewDistanceQuality@3] File [F:/JSColabTeam17/Team17Colab/Saved/Config/Windows/Scalability.ini]
[2020.06.01-17.20.19:337][  0]LogConfig: Setting CVar [[r.SkeletalMeshLODBias:0]]
[2020.06.01-17.20.19:337][  0]LogConfig: Setting CVar [[r.ViewDistanceScale:1.0]]
[2020.06.01-17.20.19:337][  0]LogConfig: Applying CVar settings from Section [AntiAliasingQuality@3] File [F:/JSColabTeam17/Team17Colab/Saved/Config/Windows/Scalability.ini]
[2020.06.01-17.20.19:337][  0]LogConfig: Setting CVar [[r.PostProcessAAQuality:4]]
[2020.06.01-17.20.19:337][  0]LogConfig: Applying CVar settings from Section [ShadowQuality@3] File [F:/JSColabTeam17/Team17Colab/Saved/Config/Windows/Scalability.ini]
[2020.06.01-17.20.19:337][  0]LogConfig: Setting CVar [[r.LightFunctionQuality:1]]
[2020.06.01-17.20.19:337][  0]LogConfig: Setting CVar [[r.ShadowQuality:5]]
[2020.06.01-17.20.19:337][  0]LogConfig: Setting CVar [[r.Shadow.CSM.MaxCascades:10]]
[2020.06.01-17.20.19:337][  0]LogConfig: Setting CVar [[r.Shadow.MaxResolution:2048]]
[2020.06.01-17.20.19:337][  0]LogConfig: Setting CVar [[r.Shadow.MaxCSMResolution:2048]]
[2020.06.01-17.20.19:337][  0]LogConfig: Setting CVar [[r.Shadow.RadiusThreshold:0.01]]
[2020.06.01-17.20.19:337][  0]LogConfig: Setting CVar [[r.Shadow.DistanceScale:1.0]]
[2020.06.01-17.20.19:337][  0]LogConfig: Setting CVar [[r.Shadow.CSM.TransitionScale:1.0]]
[2020.06.01-17.20.19:337][  0]LogConfig: Setting CVar [[r.Shadow.PreShadowResolutionFactor:1.0]]
[2020.06.01-17.20.19:337][  0]LogConfig: Setting CVar [[r.DistanceFieldShadowing:1]]
[2020.06.01-17.20.19:337][  0]LogConfig: Setting CVar [[r.DistanceFieldAO:1]]
[2020.06.01-17.20.19:337][  0]LogConfig: Setting CVar [[r.AOQuality:2]]
[2020.06.01-17.20.19:337][  0]LogConfig: Setting CVar [[r.VolumetricFog:1]]
[2020.06.01-17.20.19:337][  0]LogConfig: Setting CVar [[r.VolumetricFog.GridPixelSize:8]]
[2020.06.01-17.20.19:337][  0]LogConfig: Setting CVar [[r.VolumetricFog.GridSizeZ:128]]
[2020.06.01-17.20.19:337][  0]LogConfig: Setting CVar [[r.VolumetricFog.HistoryMissSupersampleCount:4]]
[2020.06.01-17.20.19:337][  0]LogConfig: Setting CVar [[r.LightMaxDrawDistanceScale:1]]
[2020.06.01-17.20.19:337][  0]LogConfig: Setting CVar [[r.CapsuleShadows:1]]
[2020.06.01-17.20.19:337][  0]LogConfig: Applying CVar settings from Section [PostProcessQuality@3] File [F:/JSColabTeam17/Team17Colab/Saved/Config/Windows/Scalability.ini]
[2020.06.01-17.20.19:337][  0]LogConfig: Setting CVar [[r.MotionBlurQuality:4]]
[2020.06.01-17.20.19:337][  0]LogConfig: Setting CVar [[r.AmbientOcclusionMipLevelFactor:0.4]]
[2020.06.01-17.20.19:337][  0]LogConfig: Setting CVar [[r.AmbientOcclusionMaxQuality:100]]
[2020.06.01-17.20.19:337][  0]LogConfig: Setting CVar [[r.AmbientOcclusionLevels:-1]]
[2020.06.01-17.20.19:337][  0]LogConfig: Setting CVar [[r.AmbientOcclusionRadiusScale:1.0]]
[2020.06.01-17.20.19:337][  0]LogConfig: Setting CVar [[r.DepthOfFieldQuality:2]]
[2020.06.01-17.20.19:337][  0]LogConfig: Setting CVar [[r.RenderTargetPoolMin:400]]
[2020.06.01-17.20.19:337][  0]LogConfig: Setting CVar [[r.LensFlareQuality:2]]
[2020.06.01-17.20.19:337][  0]LogConfig: Setting CVar [[r.SceneColorFringeQuality:1]]
[2020.06.01-17.20.19:337][  0]LogConfig: Setting CVar [[r.EyeAdaptationQuality:2]]
[2020.06.01-17.20.19:337][  0]LogConfig: Setting CVar [[r.BloomQuality:5]]
[2020.06.01-17.20.19:337][  0]LogConfig: Setting CVar [[r.FastBlurThreshold:100]]
[2020.06.01-17.20.19:337][  0]LogConfig: Setting CVar [[r.Upscale.Quality:3]]
[2020.06.01-17.20.19:337][  0]LogConfig: Setting CVar [[r.Tonemapper.GrainQuantization:1]]
[2020.06.01-17.20.19:337][  0]LogConfig: Setting CVar [[r.LightShaftQuality:1]]
[2020.06.01-17.20.19:337][  0]LogConfig: Setting CVar [[r.Filter.SizeScale:1]]
[2020.06.01-17.20.19:337][  0]LogConfig: Setting CVar [[r.Tonemapper.Quality:5]]
[2020.06.01-17.20.19:337][  0]LogConfig: Setting CVar [[r.DOF.Gather.AccumulatorQuality:1        ; higher gathering accumulator quality]]
[2020.06.01-17.20.19:337][  0]LogConfig: Setting CVar [[r.DOF.Gather.PostfilterMethod:1          ; Median3x3 postfilering method]]
[2020.06.01-17.20.19:337][  0]LogConfig: Setting CVar [[r.DOF.Gather.EnableBokehSettings:0       ; no bokeh simulation when gathering]]
[2020.06.01-17.20.19:337][  0]LogConfig: Setting CVar [[r.DOF.Gather.RingCount:4                 ; medium number of samples when gathering]]
[2020.06.01-17.20.19:337][  0]LogConfig: Setting CVar [[r.DOF.Scatter.ForegroundCompositing:1    ; additive foreground scattering]]
[2020.06.01-17.20.19:337][  0]LogConfig: Setting CVar [[r.DOF.Scatter.BackgroundCompositing:2    ; additive background scattering]]
[2020.06.01-17.20.19:337][  0]LogConfig: Setting CVar [[r.DOF.Scatter.EnableBokehSettings:1      ; bokeh simulation when scattering]]
[2020.06.01-17.20.19:337][  0]LogConfig: Setting CVar [[r.DOF.Scatter.MaxSpriteRatio:0.1         ; only a maximum of 10% of scattered bokeh]]
[2020.06.01-17.20.19:337][  0]LogConfig: Setting CVar [[r.DOF.Recombine.Quality:1                ; cheap slight out of focus]]
[2020.06.01-17.20.19:337][  0]LogConfig: Setting CVar [[r.DOF.Recombine.EnableBokehSettings:0    ; no bokeh simulation on slight out of focus]]
[2020.06.01-17.20.19:337][  0]LogConfig: Setting CVar [[r.DOF.TemporalAAQuality:1                ; more stable temporal accumulation]]
[2020.06.01-17.20.19:337][  0]LogConfig: Setting CVar [[r.DOF.Kernel.MaxForegroundRadius:0.025]]
[2020.06.01-17.20.19:337][  0]LogConfig: Setting CVar [[r.DOF.Kernel.MaxBackgroundRadius:0.025]]
[2020.06.01-17.20.19:337][  0]LogConfig: Applying CVar settings from Section [TextureQuality@3] File [F:/JSColabTeam17/Team17Colab/Saved/Config/Windows/Scalability.ini]
[2020.06.01-17.20.19:337][  0]LogConfig: Setting CVar [[r.Streaming.MipBias:0]]
[2020.06.01-17.20.19:337][  0]LogConfig: Setting CVar [[r.Streaming.AmortizeCPUToGPUCopy:0]]
[2020.06.01-17.20.19:337][  0]LogConfig: Setting CVar [[r.Streaming.MaxNumTexturesToStreamPerFrame:0]]
[2020.06.01-17.20.19:337][  0]LogConfig: Setting CVar [[r.Streaming.Boost:1]]
[2020.06.01-17.20.19:337][  0]LogConfig: Setting CVar [[r.MaxAnisotropy:8]]
[2020.06.01-17.20.19:337][  0]LogConfig: Setting CVar [[r.VT.MaxAnisotropy:8]]
[2020.06.01-17.20.19:337][  0]LogConfig: Setting CVar [[r.Streaming.LimitPoolSizeToVRAM:0]]
[2020.06.01-17.20.19:337][  0]LogConfig: Setting CVar [[r.Streaming.PoolSize:1000]]
[2020.06.01-17.20.19:337][  0]LogConfig: Setting CVar [[r.Streaming.MaxEffectiveScreenSize:0]]
[2020.06.01-17.20.19:337][  0]LogConfig: Applying CVar settings from Section [EffectsQuality@3] File [F:/JSColabTeam17/Team17Colab/Saved/Config/Windows/Scalability.ini]
[2020.06.01-17.20.19:337][  0]LogConfig: Setting CVar [[r.TranslucencyLightingVolumeDim:64]]
[2020.06.01-17.20.19:337][  0]LogConfig: Setting CVar [[r.RefractionQuality:2]]
[2020.06.01-17.20.19:337][  0]LogConfig: Setting CVar [[r.SSR.Quality:3]]
[2020.06.01-17.20.19:337][  0]LogConfig: Setting CVar [[r.SSR.HalfResSceneColor:0]]
[2020.06.01-17.20.19:337][  0]LogConfig: Setting CVar [[r.SceneColorFormat:4]]
[2020.06.01-17.20.19:338][  0]LogConfig: Setting CVar [[r.DetailMode:2]]
[2020.06.01-17.20.19:338][  0]LogConfig: Setting CVar [[r.TranslucencyVolumeBlur:1]]
[2020.06.01-17.20.19:338][  0]LogConfig: Setting CVar [[r.MaterialQualityLevel:1 ; High quality]]
[2020.06.01-17.20.19:338][  0]LogConfig: Setting CVar [[r.SSS.Scale:1]]
[2020.06.01-17.20.19:338][  0]LogConfig: Setting CVar [[r.SSS.SampleSet:2]]
[2020.06.01-17.20.19:338][  0]LogConfig: Setting CVar [[r.SSS.Quality:1]]
[2020.06.01-17.20.19:338][  0]LogConfig: Setting CVar [[r.SSS.HalfRes:1]]
[2020.06.01-17.20.19:338][  0]LogConfig: Setting CVar [[r.SSGI.Quality:3]]
[2020.06.01-17.20.19:338][  0]LogConfig: Setting CVar [[r.EmitterSpawnRateScale:1.0]]
[2020.06.01-17.20.19:338][  0]LogConfig: Setting CVar [[r.ParticleLightQuality:2]]
[2020.06.01-17.20.19:338][  0]LogConfig: Setting CVar [[r.SkyAtmosphere.AerialPerspectiveLUT.FastApplyOnOpaque:1 ; Always have FastSkyLUT 1 in this case to avoid wrong sky]]
[2020.06.01-17.20.19:338][  0]LogConfig: Setting CVar [[r.SkyAtmosphere.AerialPerspectiveLUT.SampleCountPerSlice:1]]
[2020.06.01-17.20.19:338][  0]LogConfig: Setting CVar [[r.SkyAtmosphere.AerialPerspectiveLUT.DepthResolution:16.0]]
[2020.06.01-17.20.19:338][  0]LogConfig: Setting CVar [[r.SkyAtmosphere.FastSkyLUT:1]]
[2020.06.01-17.20.19:338][  0]LogConfig: Setting CVar [[r.SkyAtmosphere.FastSkyLUT.SampleCountMin:4.0]]
[2020.06.01-17.20.19:338][  0]LogConfig: Setting CVar [[r.SkyAtmosphere.FastSkyLUT.SampleCountMax:32.0]]
[2020.06.01-17.20.19:338][  0]LogConfig: Setting CVar [[r.SkyAtmosphere.SampleCountMin:4.0]]
[2020.06.01-17.20.19:338][  0]LogConfig: Setting CVar [[r.SkyAtmosphere.SampleCountMax:32.0]]
[2020.06.01-17.20.19:338][  0]LogConfig: Setting CVar [[r.SkyAtmosphere.TransmittanceLUT.UseSmallFormat:0]]
[2020.06.01-17.20.19:338][  0]LogConfig: Setting CVar [[r.SkyAtmosphere.TransmittanceLUT.SampleCount:10.0]]
[2020.06.01-17.20.19:338][  0]LogConfig: Setting CVar [[r.SkyAtmosphere.MultiScatteringLUT.SampleCount:15.0]]
[2020.06.01-17.20.19:338][  0]LogConfig: Applying CVar settings from Section [FoliageQuality@3] File [F:/JSColabTeam17/Team17Colab/Saved/Config/Windows/Scalability.ini]
[2020.06.01-17.20.19:338][  0]LogConfig: Setting CVar [[foliage.DensityScale:1.0]]
[2020.06.01-17.20.19:338][  0]LogConfig: Setting CVar [[grass.DensityScale:1.0]]
[2020.06.01-17.20.19:338][  0]LogConfig: Applying CVar settings from Section [ShadingQuality@3] File [F:/JSColabTeam17/Team17Colab/Saved/Config/Windows/Scalability.ini]
[2020.06.01-17.20.19:338][  0]LogConfig: Setting CVar [[r.HairStrands.SkyLighting.SampleCount:16]]
[2020.06.01-17.20.19:338][  0]LogConfig: Setting CVar [[r.HairStrands.SkyLighting.JitterIntegration:0]]
[2020.06.01-17.20.19:338][  0]LogConfig: Setting CVar [[r.HairStrands.SkyAO.SampleCount:16]]
[2020.06.01-17.20.19:338][  0]LogConfig: Applying CVar settings from Section [Startup] File [../../../Engine/Config/ConsoleVariables.ini]
[2020.06.01-17.20.19:338][  0]LogConfig: Setting CVar [[net.UseAdaptiveNetUpdateFrequency:0]]
[2020.06.01-17.20.19:338][  0]LogConfig: Setting CVar [[p.chaos.AllowCreatePhysxBodies:1]]
[2020.06.01-17.20.19:338][  0]LogConfig: Setting CVar [[fx.SkipVectorVMBackendOptimizations:1]]
[2020.06.01-17.20.19:338][  0]LogConfig: Applying CVar settings from Section [ConsoleVariables] File [F:/JSColabTeam17/Team17Colab/Saved/Config/Windows/Engine.ini]
[2020.06.01-17.20.19:339][  0]LogInit: Computer: DESKTOP-NURFT9M
[2020.06.01-17.20.19:339][  0]LogInit: User: Thamilavan
[2020.06.01-17.20.19:339][  0]LogInit: CPU Page size=4096, Cores=8
[2020.06.01-17.20.19:339][  0]LogInit: High frequency timer resolution =10.000000 MHz
[2020.06.01-17.20.19:339][  0]LogMemory: Memory total: Physical=15.8GB (16GB approx)
[2020.06.01-17.20.19:339][  0]LogMemory: Platform Memory Stats for Windows
[2020.06.01-17.20.19:339][  0]LogMemory: Process Physical Memory: 106.13 MB used, 106.14 MB peak
[2020.06.01-17.20.19:339][  0]LogMemory: Process Virtual Memory: 101.04 MB used, 101.04 MB peak
[2020.06.01-17.20.19:339][  0]LogMemory: Physical Memory: 12302.49 MB used,  3900.48 MB free, 16202.97 MB total
[2020.06.01-17.20.19:339][  0]LogMemory: Virtual Memory: 5142.40 MB used,  134212584.00 MB free, 134217728.00 MB total
[2020.06.01-17.20.19:342][  0]LogWindows: WindowsPlatformFeatures enabled
[2020.06.01-17.20.19:361][  0]LogInit: Using OS detected language (en-US).
[2020.06.01-17.20.19:361][  0]LogInit: Using OS detected locale (en-GB).
[2020.06.01-17.20.19:361][  0]LogTextLocalizationManager: No specific localization for 'en-US' exists, so the 'en' localization will be used.
[2020.06.01-17.20.19:500][  0]LogInit: Setting process to per monitor DPI aware
[2020.06.01-17.20.19:521][  0]LogSlate: New Slate User Created.  User Index 0, Is Virtual User: 0
[2020.06.01-17.20.19:521][  0]LogSlate: Slate User Registered.  User Index 0, Is Virtual User: 0
[2020.06.01-17.20.19:708][  0]LogHMD: Failed to initialize OpenVR with code 110
[2020.06.01-17.20.19:708][  0]LogD3D11RHI: D3D11 min allowed feature level: 11_0
[2020.06.01-17.20.19:708][  0]LogD3D11RHI: D3D11 max allowed feature level: 11_0
[2020.06.01-17.20.19:708][  0]LogD3D11RHI: D3D11 adapters:
[2020.06.01-17.20.19:783][  0]LogD3D11RHI:    0. 'NVIDIA GeForce RTX 2080' (Feature Level 11_0)
[2020.06.01-17.20.19:783][  0]LogD3D11RHI:       8010/0/8101 MB DedicatedVideo/DedicatedSystem/SharedSystem, Outputs:1, VendorId:0x10de
[2020.06.01-17.20.19:802][  0]LogD3D11RHI:    1. 'Intel(R) UHD Graphics 630' (Feature Level 11_0)
[2020.06.01-17.20.19:802][  0]LogD3D11RHI:       128/0/8101 MB DedicatedVideo/DedicatedSystem/SharedSystem, Outputs:0, VendorId:0x8086
[2020.06.01-17.20.19:804][  0]LogD3D11RHI:    2. 'Microsoft Basic Render Driver' (Feature Level 11_0)
[2020.06.01-17.20.19:804][  0]LogD3D11RHI:       0/0/8101 MB DedicatedVideo/DedicatedSystem/SharedSystem, Outputs:0, VendorId:0x1414
[2020.06.01-17.20.19:804][  0]LogD3D11RHI: Chosen D3D11 Adapter: 0
[2020.06.01-17.20.19:813][  0]LogD3D11RHI: Creating new Direct3DDevice
[2020.06.01-17.20.19:813][  0]LogD3D11RHI:     GPU DeviceId: 0x1e87 (for the marketing name, search the web for "GPU Device Id")
[2020.06.01-17.20.19:813][  0]LogWindows: EnumDisplayDevices:
[2020.06.01-17.20.19:814][  0]LogWindows:    0. 'NVIDIA GeForce RTX 2080' (P:1 D:1)
[2020.06.01-17.20.19:814][  0]LogWindows:    1. 'NVIDIA GeForce RTX 2080' (P:0 D:0)
[2020.06.01-17.20.19:814][  0]LogWindows:    2. 'NVIDIA GeForce RTX 2080' (P:0 D:0)
[2020.06.01-17.20.19:814][  0]LogWindows:    3. 'NVIDIA GeForce RTX 2080' (P:0 D:0)
[2020.06.01-17.20.19:814][  0]LogWindows:    4. 'Intel(R) UHD Graphics 630' (P:0 D:0)
[2020.06.01-17.20.19:815][  0]LogWindows:    5. 'Intel(R) UHD Graphics 630' (P:0 D:0)
[2020.06.01-17.20.19:815][  0]LogWindows:    6. 'Intel(R) UHD Graphics 630' (P:0 D:0)
[2020.06.01-17.20.19:815][  0]LogWindows: DebugString: PrimaryIsNotTheChoosenAdapter PrimaryIsNotTheChoosenAdapter PrimaryIsNotTheChoosenAdapter FoundDriverCount:4 
[2020.06.01-17.20.19:815][  0]LogD3D11RHI:     Adapter Name: NVIDIA GeForce RTX 2080
[2020.06.01-17.20.19:815][  0]LogD3D11RHI:   Driver Version: 445.75 (internal:26.21.14.4575, unified:445.75)
[2020.06.01-17.20.19:815][  0]LogD3D11RHI:      Driver Date: 3-17-2020
[2020.06.01-17.20.19:815][  0]LogRHI: Texture pool is 5607 MB (70% of 8010 MB)
[2020.06.01-17.20.20:168][  0]LogD3D11RHI: RHI has support for 64 bit atomics
[2020.06.01-17.20.20:168][  0]LogD3D11RHI: Async texture creation enabled
[2020.06.01-17.20.20:185][  0]LogD3D11RHI: GPU Timing Frequency: 1000.000000 (Debug: 2 2)
[2020.06.01-17.20.20:928][  0]LogTargetPlatformManager: Display: Loaded TargetPlatform 'AllDesktop'
[2020.06.01-17.20.20:951][  0]LogTargetPlatformManager: Display: Loaded TargetPlatform 'Android'
[2020.06.01-17.20.20:951][  0]LogTargetPlatformManager: Display: Loaded TargetPlatform 'Android_ASTC'
[2020.06.01-17.20.20:951][  0]LogTargetPlatformManager: Display: Loaded TargetPlatform 'Android_ATC'
[2020.06.01-17.20.20:951][  0]LogTargetPlatformManager: Display: Loaded TargetPlatform 'Android_DXT'
[2020.06.01-17.20.20:951][  0]LogTargetPlatformManager: Display: Loaded TargetPlatform 'Android_ETC1'
[2020.06.01-17.20.20:951][  0]LogTargetPlatformManager: Display: Loaded TargetPlatform 'Android_ETC1a'
[2020.06.01-17.20.20:951][  0]LogTargetPlatformManager: Display: Loaded TargetPlatform 'Android_ETC2'
[2020.06.01-17.20.20:951][  0]LogTargetPlatformManager: Display: Loaded TargetPlatform 'Android_PVRTC'
[2020.06.01-17.20.20:951][  0]LogTargetPlatformManager: Display: Loaded TargetPlatform 'AndroidClient'
[2020.06.01-17.20.20:951][  0]LogTargetPlatformManager: Display: Loaded TargetPlatform 'Android_ASTCClient'
[2020.06.01-17.20.20:951][  0]LogTargetPlatformManager: Display: Loaded TargetPlatform 'Android_ATCClient'
[2020.06.01-17.20.20:951][  0]LogTargetPlatformManager: Display: Loaded TargetPlatform 'Android_DXTClient'
[2020.06.01-17.20.20:951][  0]LogTargetPlatformManager: Display: Loaded TargetPlatform 'Android_ETC1Client'
[2020.06.01-17.20.20:951][  0]LogTargetPlatformManager: Display: Loaded TargetPlatform 'Android_ETC1aClient'
[2020.06.01-17.20.20:951][  0]LogTargetPlatformManager: Display: Loaded TargetPlatform 'Android_ETC2Client'
[2020.06.01-17.20.20:951][  0]LogTargetPlatformManager: Display: Loaded TargetPlatform 'Android_PVRTCClient'
[2020.06.01-17.20.20:951][  0]LogTargetPlatformManager: Display: Loaded TargetPlatform 'Android_Multi'
[2020.06.01-17.20.20:951][  0]LogTargetPlatformManager: Display: Loaded TargetPlatform 'Android_MultiClient'
[2020.06.01-17.20.20:966][  0]LogTargetPlatformManager: Display: Loaded TargetPlatform 'IOSClient'
[2020.06.01-17.20.20:966][  0]LogTargetPlatformManager: Display: Loaded TargetPlatform 'IOS'
[2020.06.01-17.20.20:971][  0]LogTargetPlatformManager: Display: Loaded TargetPlatform 'LinuxNoEditor'
[2020.06.01-17.20.20:976][  0]LogTargetPlatformManager: Display: Loaded TargetPlatform 'LinuxClient'
[2020.06.01-17.20.20:982][  0]LogTargetPlatformManager: Display: Loaded TargetPlatform 'LinuxServer'
[2020.06.01-17.20.20:987][  0]LogTargetPlatformManager: Display: Loaded TargetPlatform 'LinuxAArch64NoEditor'
[2020.06.01-17.20.20:993][  0]LogTargetPlatformManager: Display: Loaded TargetPlatform 'LinuxAArch64Client'
[2020.06.01-17.20.21:000][  0]LogTargetPlatformManager: Display: Loaded TargetPlatform 'LinuxAArch64Server'
[2020.06.01-17.20.21:018][  0]LogTargetPlatformManager: Display: Loaded TargetPlatform 'Lumin'
[2020.06.01-17.20.21:018][  0]LogTargetPlatformManager: Display: Loaded TargetPlatform 'LuminClient'
[2020.06.01-17.20.21:029][  0]LogTargetPlatformManager: Display: Loaded TargetPlatform 'TVOSClient'
[2020.06.01-17.20.21:029][  0]LogTargetPlatformManager: Display: Loaded TargetPlatform 'TVOS'
[2020.06.01-17.20.21:034][  0]LogTargetPlatformManager: Display: Loaded TargetPlatform 'WindowsNoEditor'
[2020.06.01-17.20.21:040][  0]LogTargetPlatformManager: Display: Loaded TargetPlatform 'Windows'
[2020.06.01-17.20.21:046][  0]LogTargetPlatformManager: Display: Loaded TargetPlatform 'WindowsClient'
[2020.06.01-17.20.21:052][  0]LogTargetPlatformManager: Display: Loaded TargetPlatform 'WindowsServer'
[2020.06.01-17.20.21:052][  0]LogTargetPlatformManager: Display: Building Assets For Windows
[2020.06.01-17.20.21:055][  0]LogAudioDebug: Display: Lib vorbis DLL was dynamically loaded.
[2020.06.01-17.20.21:075][  0]LogShaderCompilers: Guid format shader working directory is 8 characters bigger than the processId version (../../../../JSColabTeam17/Team17Colab/Intermediate/Shaders/WorkingDirectory/34588/).
[2020.06.01-17.20.21:076][  0]LogShaderCompilers: Cleaned the shader compiler working directory 'C:/Users/ktam2/AppData/Local/Temp/UnrealShaderWorkingDir/370D1BC34B82E038FD5A939F607CD281/'.
[2020.06.01-17.20.21:076][  0]LogXGEController: Cleaning working directory: C:/Users/ktam2/AppData/Local/Temp/UnrealXGEWorkingDir/
[2020.06.01-17.20.21:076][  0]LogXGEController: Cannot use XGE Controller as Incredibuild is not installed on this machine.
[2020.06.01-17.20.21:076][  0]LogShaderCompilers: Cannot use XGE Shader Compiler as Incredibuild is not installed on this machine.
[2020.06.01-17.20.21:076][  0]LogShaderCompilers: Display: Using Local Shader Compiler.
[2020.06.01-17.20.21:649][  0]LogDerivedDataCache: Display: Max Cache Size: 512 MB
[2020.06.01-17.20.21:699][  0]LogDerivedDataCache: Loaded boot cache 0.05s 80MB C:/Users/ktam2/AppData/Local/UnrealEngine/4.24/DerivedDataCache/Boot.ddc.
[2020.06.01-17.20.21:699][  0]LogDerivedDataCache: Display: Loaded Boot cache: C:/Users/ktam2/AppData/Local/UnrealEngine/4.24/DerivedDataCache/Boot.ddc
[2020.06.01-17.20.21:699][  0]LogDerivedDataCache: FDerivedDataBackendGraph:  Pak pak cache file ../../../../JSColabTeam17/Team17Colab/DerivedDataCache/DDC.ddp not found, will not use a pak cache.
[2020.06.01-17.20.21:699][  0]LogDerivedDataCache: Unable to find inner node Pak for hierarchical cache Hierarchy.
[2020.06.01-17.20.21:699][  0]LogDerivedDataCache: FDerivedDataBackendGraph:  CompressedPak pak cache file ../../../../JSColabTeam17/Team17Colab/DerivedDataCache/Compressed.ddp not found, will not use a pak cache.
[2020.06.01-17.20.21:699][  0]LogDerivedDataCache: Unable to find inner node CompressedPak for hierarchical cache Hierarchy.
[2020.06.01-17.20.21:707][  0]LogDerivedDataCache: Display: Pak cache opened for reading ../../../Engine/DerivedDataCache/Compressed.ddp.
[2020.06.01-17.20.21:707][  0]LogDerivedDataCache: FDerivedDataBackendGraph:  EnterprisePak pak cache file ../../../Enterprise/DerivedDataCache/Compressed.ddp not found, will not use a pak cache.
[2020.06.01-17.20.21:707][  0]LogDerivedDataCache: Unable to find inner node EnterprisePak for hierarchical cache Hierarchy.
[2020.06.01-17.20.21:708][  0]LogDerivedDataCache: Using Local data cache path C:/Users/ktam2/AppData/Local/UnrealEngine/Common/DerivedDataCache: Writable
[2020.06.01-17.20.21:708][  0]LogDerivedDataCache: Shared data cache path not found in *engine.ini, will not use an Shared cache.
[2020.06.01-17.20.21:708][  0]LogDerivedDataCache: Unable to find inner node Shared for hierarchical cache Hierarchy.
[2020.06.01-17.20.21:727][  0]LogMaterial: Verifying Global Shaders for PCD3D_SM5
[2020.06.01-17.20.21:729][  0]LogSlate: Using FreeType 2.10.0
[2020.06.01-17.20.21:730][  0]LogSlate: SlateFontServices - WITH_FREETYPE: 1, WITH_HARFBUZZ: 1
[2020.06.01-17.20.21:780][  0]LogAssetRegistry: FAssetRegistry took 0.0019 seconds to start up
[2020.06.01-17.20.22:008][  0]LogInit: Selected Device Profile: [Windows]
[2020.06.01-17.20.22:144][  0]LogMeshReduction: Using QuadricMeshReduction for automatic static mesh reduction
[2020.06.01-17.20.22:144][  0]LogMeshReduction: Using SimplygonMeshReduction for automatic skeletal mesh reduction
[2020.06.01-17.20.22:144][  0]LogMeshReduction: Using ProxyLODMeshReduction for automatic mesh merging
[2020.06.01-17.20.22:144][  0]LogMeshReduction: No distributed automatic mesh merging module available
[2020.06.01-17.20.22:144][  0]LogMeshMerging: No distributed automatic mesh merging module available
[2020.06.01-17.20.22:155][  0]LogNetVersion: Team17Colab 1.0.0, NetCL: 10570792, EngineNetVer: 13, GameNetVer: 0 (Checksum: 1188365398)
[2020.06.01-17.20.23:111][  0]LogPackageLocalizationCache: Processed 12 localized package path(s) for 1 prioritized culture(s) in 0.048599 seconds
[2020.06.01-17.20.23:118][  0]LogUObjectArray: 46775 objects as part of root set at end of initial load.
[2020.06.01-17.20.23:118][  0]LogUObjectAllocator: 8142024 out of 0 bytes used by permanent object pool.
[2020.06.01-17.20.23:118][  0]LogUObjectArray: CloseDisregardForGC: 0/0 objects in disregard for GC pool
[2020.06.01-17.20.23:498][  0]LogTcpMessaging: Initializing TcpMessaging bridge
[2020.06.01-17.20.23:501][  0]LogUdpMessaging: Initializing bridge on interface 0.0.0.0:0 to multicast group 230.0.0.1:6666.
[2020.06.01-17.20.23:547][  0]SourceControl: Source control is disabled
[2020.06.01-17.20.23:547][  0]SourceControl: Source control is disabled
[2020.06.01-17.20.23:548][  0]SourceControl: Source control is disabled
[2020.06.01-17.20.23:550][  0]SourceControl: Source control is disabled
[2020.06.01-17.20.23:551][  0]SourceControl: Source control is disabled
[2020.06.01-17.20.23:633][  0]LogAndroidPermission: UAndroidPermissionCallbackProxy::GetInstance
[2020.06.01-17.20.23:643][  0]LogAudioCaptureCore: Display: No Audio Capture implementations found. Audio input will be silent.
[2020.06.01-17.20.23:643][  0]LogAudioCaptureCore: Display: No Audio Capture implementations found. Audio input will be silent.
[2020.06.01-17.20.23:718][  0]LogOcInput: OculusInput pre-init called
[2020.06.01-17.20.23:723][  0]LogWindows: Failed to load 'OVRPlugin.dll' (GetLastError=126)
[2020.06.01-17.20.23:723][  0]LogWindows: File 'OVRPlugin.dll' does not exist
[2020.06.01-17.20.23:779][  0]LogEngine: Initializing Engine...
[2020.06.01-17.20.23:780][  0]LogHMD: Failed to initialize OpenVR with code 110
[2020.06.01-17.20.23:781][  0]LogStats: UGameplayTagsManager::InitializeManager -  0.000 s
[2020.06.01-17.20.24:077][  0]LogInit: Initializing FReadOnlyCVARCache
[2020.06.01-17.20.24:083][  0]LogAIModule: Creating AISystem for world Untitled
[2020.06.01-17.20.24:102][  0]LogAudioMixer: Display: Audio Mixer Platform Settings:
[2020.06.01-17.20.24:102][  0]LogAudioMixer: Display: 	Sample Rate:						  48000
[2020.06.01-17.20.24:102][  0]LogAudioMixer: Display: 	Callback Buffer Frame Size Requested: 1024
[2020.06.01-17.20.24:102][  0]LogAudioMixer: Display: 	Callback Buffer Frame Size To Use:	  1024
[2020.06.01-17.20.24:102][  0]LogAudioMixer: Display: 	Number of buffers to queue:			  2
[2020.06.01-17.20.24:102][  0]LogAudioMixer: Display: 	Max Channels (voices):				  32
[2020.06.01-17.20.24:102][  0]LogAudioMixer: Display: 	Number of Async Source Workers:		  0
[2020.06.01-17.20.24:102][  0]LogAudio: Display: AudioDevice MaxSources: 32
[2020.06.01-17.20.24:102][  0]LogAudio: Display: Using built-in audio occlusion.
[2020.06.01-17.20.24:102][  0]LogAudioMixer: Display: Initializing audio mixer.
[2020.06.01-17.20.24:166][  0]LogAudioMixer: Display: Audio Device Output Speaker Info:
[2020.06.01-17.20.24:166][  0]LogAudioMixer: Display: Name: Speakers (HyperX Cloud Revolver S)
[2020.06.01-17.20.24:166][  0]LogAudioMixer: Display: Is Default: Yes
[2020.06.01-17.20.24:166][  0]LogAudioMixer: Display: Sample Rate: 48000
[2020.06.01-17.20.24:166][  0]LogAudioMixer: Display: Channel Count Used: 2
[2020.06.01-17.20.24:166][  0]LogAudioMixer: Display: Device Channel Count: 2
[2020.06.01-17.20.24:166][  0]LogAudioMixer: Display: Channel Order:
[2020.06.01-17.20.24:166][  0]LogAudioMixer: Display: 0: FrontLeft
[2020.06.01-17.20.24:166][  0]LogAudioMixer: Display: 1: FrontRight
[2020.06.01-17.20.24:181][  0]LogAudioMixer: Display: Using Audio Device Speakers (HyperX Cloud Revolver S)
[2020.06.01-17.20.24:186][  0]LogInit: FAudioDevice initialized.
[2020.06.01-17.20.24:186][  0]LogNetVersion: Set ProjectVersion to 1.0.0.0. Version Checksum will be recalculated on next use.
[2020.06.01-17.20.24:233][  0]LogDerivedDataCache: Saved boot cache 0.05s 80MB C:/Users/ktam2/AppData/Local/UnrealEngine/4.24/DerivedDataCache/Boot.ddc.
[2020.06.01-17.20.24:238][  0]LogInit: Texture streaming: Enabled
[2020.06.01-17.20.24:248][  0]LogEngineSessionManager: EngineSessionManager initialized
[2020.06.01-17.20.24:248][  0]LogEditorSessionSummary: Verbose: Initializing EditorSessionSummaryWriter for editor session tracking
[2020.06.01-17.20.24:253][  0]LogEditorSessionSummary: EditorSessionSummaryWriter initialized
[2020.06.01-17.20.24:324][  0]LogInit: Transaction tracking system initialized
[2020.06.01-17.20.24:333][  0]BlueprintLog: New page: Editor Load
[2020.06.01-17.20.24:364][  0]LocalizationService: Localization service is disabled
[2020.06.01-17.20.24:595][  0]LogCook: Display: Max memory allowance for cook 16384mb min free memory 0mb
[2020.06.01-17.20.24:595][  0]LogCook: Display: Mobile HDR setting 1
[2020.06.01-17.20.24:668][  0]LogFileCache: Scanning file cache for directory 'F:/JSColabTeam17/Team17Colab/Content/' took 0.01s
[2020.06.01-17.20.25:265][  0]SourceControl: Source control is disabled
[2020.06.01-17.20.25:265][  0]Cmd: MAP LOAD FILE="../../../../JSColabTeam17/Team17Colab/Content/RollingBP/Maps/TitleScreen.umap" TEMPLATE=0 SHOWPROGRESS=1 FEATURELEVEL=3
[2020.06.01-17.20.25:265][  0]LightingResults: New page: Lighting Build
[2020.06.01-17.20.25:266][  0]LogWorld: UWorld::CleanupWorld for Untitled, bSessionEnded=true, bCleanupResources=true
[2020.06.01-17.20.25:266][  0]LogSlate: InvalidateAllWidgets triggered.  All widgets were invalidated
[2020.06.01-17.20.25:266][  0]MapCheck: New page: Map Check
[2020.06.01-17.20.25:266][  0]LightingResults: New page: Lighting Build
[2020.06.01-17.20.25:291][  0]LogUObjectHash: Compacting FUObjectHashTables data took   1.25ms
[2020.06.01-17.20.25:310][  0]LogAIModule: Creating AISystem for world TitleScreen
[2020.06.01-17.20.25:311][  0]LogEditorServer: Finished looking for orphan Actors (0.000 secs)
[2020.06.01-17.20.25:336][  0]LogUObjectHash: Compacting FUObjectHashTables data took   1.60ms
[2020.06.01-17.20.25:337][  0]Cmd: MAP CHECKDEP NOCLEARLOG
[2020.06.01-17.20.25:337][  0]MapCheck: Map check complete: 0 Error(s), 0 Warning(s), took 0.085ms to complete.
[2020.06.01-17.20.25:337][  0]LogFileHelpers: Loading map 'TitleScreen' took 0.072
[2020.06.01-17.20.25:473][  0]LogSlate: Updating window title bar state: overlay mode, drag disabled, window buttons hidden, title bar hidden
[2020.06.01-17.20.25:478][  0]LogSlate: Updating window title bar state: overlay mode, drag disabled, window buttons hidden, title bar hidden
[2020.06.01-17.20.25:483][  0]LogSlate: Updating window title bar state: overlay mode, drag disabled, window buttons hidden, title bar hidden
[2020.06.01-17.20.25:489][  0]LogSlate: Updating window title bar state: overlay mode, drag disabled, window buttons hidden, title bar hidden
[2020.06.01-17.20.25:495][  0]LogCollectionManager: Loaded 0 collections in 0.000893 seconds
[2020.06.01-17.20.25:506][  0]LogFileCache: Scanning file cache for directory 'F:/JSColabTeam17/Team17Colab/Saved/Collections/' took 0.00s
[2020.06.01-17.20.25:506][  0]LogFileCache: Scanning file cache for directory 'F:/JSColabTeam17/Team17Colab/Content/Developers/Thamilavan/Collections/' took 0.00s
[2020.06.01-17.20.25:506][  0]LogFileCache: Scanning file cache for directory 'F:/JSColabTeam17/Team17Colab/Content/Collections/' took 0.00s
[2020.06.01-17.20.25:506][  0]LogContentBrowser: Native class hierarchy populated in 0.0068 seconds. Added 3165 classes and 735 folders.
[2020.06.01-17.20.25:509][  0]LogContentBrowser: Native class hierarchy updated for 'WidgetCarousel' in 0.0002 seconds. Added 0 classes and 0 folders.
[2020.06.01-17.20.25:581][  0]LogContentBrowser: Native class hierarchy updated for 'AddContentDialog' in 0.0002 seconds. Added 0 classes and 0 folders.
[2020.06.01-17.20.25:585][  0]LogContentBrowser: Native class hierarchy updated for 'SceneOutliner' in 0.0006 seconds. Added 2 classes and 3 folders.
[2020.06.01-17.20.25:683][  0]LogSlate: Took 0.000257 seconds to synchronously load lazily loaded font '../../../Engine/Content/Slate/Fonts/Roboto-Regular.ttf' (155K)
[2020.06.01-17.20.25:685][  0]LogSlate: Took 0.000220 seconds to synchronously load lazily loaded font '../../../Engine/Content/Slate/Fonts/Roboto-Bold.ttf' (160K)
[2020.06.01-17.20.25:688][  0]LogSlate: Took 0.000152 seconds to synchronously load lazily loaded font '../../../Engine/Content/Editor/Slate/Fonts/FontAwesome.ttf' (139K)
[2020.06.01-17.20.25:745][  0]LogRenderer: Reallocating scene render targets to support 1728x916 Format 10 NumSamples 1 (Frame:1).
[2020.06.01-17.20.25:863][  0]LogContentBrowser: Native class hierarchy updated for 'HierarchicalLODOutliner' in 0.0003 seconds. Added 0 classes and 0 folders.
[2020.06.01-17.20.25:863][  0]LogLoad: (Engine Initialization) Total time: 8.46 seconds
[2020.06.01-17.20.25:863][  0]LogLoad: (Engine Initialization) Total Blueprint compile time: 0.00 seconds
[2020.06.01-17.20.25:890][  0]LogContentStreaming: Texture pool size now 1000 MB
[2020.06.01-17.20.38:470][348]LogAssetRegistry: Asset discovery search completed in 16.6914 seconds
[2020.06.01-17.20.38:473][348]LogCollectionManager: Fixed up redirectors for 0 collections in 0.000007 seconds (updated 0 objects)
[2020.06.01-17.20.43:958][525]LogTemp: Repeating last play command: Selected Viewport
[2020.06.01-17.20.43:976][525]LogBlueprintUserMessages: Early PlayInEditor Detection: Level '/Game/RollingBP/Maps/TitleScreen.TitleScreen:PersistentLevel' has LevelScriptBlueprint '/Game/RollingBP/Maps/TitleScreen.TitleScreen:PersistentLevel.TitleScreen' with GeneratedClass '/Game/RollingBP/Maps/TitleScreen.TitleScreen_C' with ClassGeneratedBy '/Game/RollingBP/Maps/TitleScreen.TitleScreen:PersistentLevel.TitleScreen'
[2020.06.01-17.20.43:978][525]LogPlayLevel: PlayLevel: No blueprints needed recompiling
[2020.06.01-17.20.43:979][525]PIE: New page: PIE session: TitleScreen (1 Jun 2020, 19:20:43)
[2020.06.01-17.20.43:980][525]LogOnline: OSS: Creating online subsystem instance for: NULL
[2020.06.01-17.20.43:982][525]LogOnline: OSS: TryLoadSubsystemAndSetDefault: Loaded subsystem for module [NULL]
[2020.06.01-17.20.44:141][525]LogPlayLevel: Creating play world package: /Game/RollingBP/Maps/UEDPIE_0_TitleScreen
[2020.06.01-17.20.44:142][525]LogPlayLevel: PIE: StaticDuplicateObject took: (0.001164s)
[2020.06.01-17.20.44:143][525]LogAIModule: Creating AISystem for world TitleScreen
[2020.06.01-17.20.44:144][525]LogPlayLevel: PIE: World Init took: (0.001750s)
[2020.06.01-17.20.44:144][525]LogPlayLevel: PIE: Created PIE world by copying editor world from /Game/RollingBP/Maps/TitleScreen.TitleScreen to /Game/RollingBP/Maps/UEDPIE_0_TitleScreen.TitleScreen (0.003086s)
[2020.06.01-17.20.44:170][525]LogUObjectHash: Compacting FUObjectHashTables data took   1.79ms
[2020.06.01-17.20.44:173][525]LogAudioMixer: Display: Audio Mixer Platform Settings:
[2020.06.01-17.20.44:173][525]LogAudioMixer: Display: 	Sample Rate:						  48000
[2020.06.01-17.20.44:173][525]LogAudioMixer: Display: 	Callback Buffer Frame Size Requested: 1024
[2020.06.01-17.20.44:173][525]LogAudioMixer: Display: 	Callback Buffer Frame Size To Use:	  1024
[2020.06.01-17.20.44:173][525]LogAudioMixer: Display: 	Number of buffers to queue:			  2
[2020.06.01-17.20.44:173][525]LogAudioMixer: Display: 	Max Channels (voices):				  32
[2020.06.01-17.20.44:173][525]LogAudioMixer: Display: 	Number of Async Source Workers:		  0
[2020.06.01-17.20.44:173][525]LogAudio: Display: AudioDevice MaxSources: 32
[2020.06.01-17.20.44:173][525]LogAudio: Display: Using built-in audio occlusion.
[2020.06.01-17.20.44:173][525]LogAudioMixer: Display: Initializing audio mixer.
[2020.06.01-17.20.44:221][525]LogAudioMixer: Display: Audio Device Output Speaker Info:
[2020.06.01-17.20.44:221][525]LogAudioMixer: Display: Name: Speakers (HyperX Cloud Revolver S)
[2020.06.01-17.20.44:221][525]LogAudioMixer: Display: Is Default: Yes
[2020.06.01-17.20.44:221][525]LogAudioMixer: Display: Sample Rate: 48000
[2020.06.01-17.20.44:221][525]LogAudioMixer: Display: Channel Count Used: 2
[2020.06.01-17.20.44:221][525]LogAudioMixer: Display: Device Channel Count: 2
[2020.06.01-17.20.44:221][525]LogAudioMixer: Display: Channel Order:
[2020.06.01-17.20.44:221][525]LogAudioMixer: Display: 0: FrontLeft
[2020.06.01-17.20.44:221][525]LogAudioMixer: Display: 1: FrontRight
[2020.06.01-17.20.44:226][525]LogAudioMixer: Display: Using Audio Device Speakers (HyperX Cloud Revolver S)
[2020.06.01-17.20.44:228][525]LogInit: FAudioDevice initialized.
[2020.06.01-17.20.44:237][525]LogLoad: Game class is 'TitleScreenGM_C'
[2020.06.01-17.20.44:248][525]LogWorld: Bringing World /Game/RollingBP/Maps/UEDPIE_0_TitleScreen.TitleScreen up for play (max tick rate 0) at 2020.06.01-18.20.44
[2020.06.01-17.20.44:250][525]LogWorld: Bringing up level for play took: 0.001665
[2020.06.01-17.20.44:250][525]LogOnline: OSS: Creating online subsystem instance for: :Context_1
[2020.06.01-17.20.44:268][525]LogContentBrowser: Native class hierarchy updated for 'MovieSceneCapture' in 0.0003 seconds. Added 20 classes and 0 folders.
[2020.06.01-17.20.44:281][525]PIE: Play in editor start time for /Game/RollingBP/Maps/UEDPIE_0_TitleScreen 1.276
[2020.06.01-17.20.44:281][525]LogBlueprintUserMessages: Late PlayInEditor Detection: Level '/Game/RollingBP/Maps/TitleScreen.TitleScreen:PersistentLevel' has LevelScriptBlueprint '/Game/RollingBP/Maps/TitleScreen.TitleScreen:PersistentLevel.TitleScreen' with GeneratedClass '/Game/RollingBP/Maps/TitleScreen.TitleScreen_C' with ClassGeneratedBy '/Game/RollingBP/Maps/TitleScreen.TitleScreen:PersistentLevel.TitleScreen'
[2020.06.01-17.20.46:692][810]LogSlate: Updating window title bar state: overlay mode, drag disabled, window buttons hidden, title bar hidden
[2020.06.01-17.20.46:693][810]LogNet: Browse: /Game/RollingBP/Maps/RollingBPExampleMap??game=/Game/RollingBP/UI/GameModes/MainMenuGM.MainMenuGM_C
[2020.06.01-17.20.46:693][810]LogLoad: LoadMap: /Game/RollingBP/Maps/RollingBPExampleMap??game=/Game/RollingBP/UI/GameModes/MainMenuGM.MainMenuGM_C
[2020.06.01-17.20.46:693][810]LogWorld: BeginTearingDown for /Game/RollingBP/Maps/UEDPIE_0_TitleScreen
[2020.06.01-17.20.46:693][810]LogWorld: UWorld::CleanupWorld for TitleScreen, bSessionEnded=true, bCleanupResources=true
[2020.06.01-17.20.46:694][810]LogSlate: InvalidateAllWidgets triggered.  All widgets were invalidated
[2020.06.01-17.20.46:694][810]LogAudioMixer: Display: No commands were queued while flushing the source manager.
[2020.06.01-17.20.46:718][810]LogUObjectHash: Compacting FUObjectHashTables data took   1.24ms
[2020.06.01-17.20.47:723][810]LogAIModule: Creating AISystem for world RollingBPExampleMap
[2020.06.01-17.20.47:922][810]LogLoad: Game class is 'MainMenuGM_C'
[2020.06.01-17.20.47:964][810]LogWorld: Bringing World /Game/RollingBP/Maps/UEDPIE_0_RollingBPExampleMap.RollingBPExampleMap up for play (max tick rate 0) at 2020.06.01-18.20.47
[2020.06.01-17.20.47:966][810]LogWorld: Bringing up level for play took: 0.042465
[2020.06.01-17.20.47:987][810]LogLoad: Took 1.293530 seconds to LoadMap(/Game/RollingBP/Maps/RollingBPExampleMap)
[2020.06.01-17.20.49:329][958]LogSlate: WidgetSwitcher ('None') active index changed to 1
[2020.06.01-17.20.50:771][131]LogNet: Browse: /Game/Aden/Holo-Test
[2020.06.01-17.20.50:771][131]LogLoad: LoadMap: /Game/Aden/Holo-Test
[2020.06.01-17.20.50:771][131]LogWorld: BeginTearingDown for /Game/RollingBP/Maps/UEDPIE_0_RollingBPExampleMap
[2020.06.01-17.20.50:773][131]LogWorld: UWorld::CleanupWorld for RollingBPExampleMap, bSessionEnded=true, bCleanupResources=true
[2020.06.01-17.20.50:774][131]LogSlate: InvalidateAllWidgets triggered.  All widgets were invalidated
[2020.06.01-17.20.50:799][131]LogAudioMixer: Display: Flush succeeded in the source manager command queue (1).
[2020.06.01-17.20.50:820][131]LogAudioMixer: Display: Flush succeeded the source manager command queue (2).
[2020.06.01-17.20.50:856][131]LogUObjectHash: Compacting FUObjectHashTables data took   2.35ms
[2020.06.01-17.20.51:275][131]LogAIModule: Creating AISystem for world Holo-Test
[2020.06.01-17.20.51:277][131]LogLoad: Game class is 'RollingGameMode_C'
[2020.06.01-17.20.51:282][131]LogWorld: Bringing World /Game/Aden/UEDPIE_0_Holo-Test.Holo-Test up for play (max tick rate 0) at 2020.06.01-18.20.51
[2020.06.01-17.20.51:282][131]LogWorld: Bringing up level for play took: 0.004269
[2020.06.01-17.20.51:286][131]LogLoad: Took 0.514903 seconds to LoadMap(/Game/Aden/Holo-Test)
[2020.06.01-17.21.08:628][205]LogAudioMixer: Display: No commands were queued while flushing the source manager.
[2020.06.01-17.21.08:630][205]LogAudioMixer: Display: Flush succeeded in the source manager command queue (1).
[2020.06.01-17.21.08:650][205]LogAudioMixer: Display: Flush succeeded the source manager command queue (2).
[2020.06.01-17.21.08:652][205]LogBlueprintUserMessages: Early EndPlayMap Detection: Level '/Game/RollingBP/Maps/TitleScreen.TitleScreen:PersistentLevel' has LevelScriptBlueprint '/Game/RollingBP/Maps/TitleScreen.TitleScreen:PersistentLevel.TitleScreen' with GeneratedClass '/Game/RollingBP/Maps/TitleScreen.TitleScreen_C' with ClassGeneratedBy '/Game/RollingBP/Maps/TitleScreen.TitleScreen:PersistentLevel.TitleScreen'
[2020.06.01-17.21.08:652][205]LogSlate: Updating window title bar state: overlay mode, drag disabled, window buttons hidden, title bar hidden
[2020.06.01-17.21.08:653][205]LogWorld: BeginTearingDown for /Game/Aden/UEDPIE_0_Holo-Test
[2020.06.01-17.21.08:653][205]LogAudioMixer: Display: No commands were queued while flushing the source manager.
[2020.06.01-17.21.08:653][205]LogWorld: UWorld::CleanupWorld for Holo-Test, bSessionEnded=true, bCleanupResources=true
[2020.06.01-17.21.08:653][205]LogSlate: InvalidateAllWidgets triggered.  All widgets were invalidated
[2020.06.01-17.21.08:657][205]LogPlayLevel: Display: Shutting down PIE online subsystems
[2020.06.01-17.21.08:657][205]LogBlueprintUserMessages: Late EndPlayMap Detection: Level '/Game/RollingBP/Maps/TitleScreen.TitleScreen:PersistentLevel' has LevelScriptBlueprint '/Game/RollingBP/Maps/TitleScreen.TitleScreen:PersistentLevel.TitleScreen' with GeneratedClass '/Game/RollingBP/Maps/TitleScreen.TitleScreen_C' with ClassGeneratedBy '/Game/RollingBP/Maps/TitleScreen.TitleScreen:PersistentLevel.TitleScreen'
[2020.06.01-17.21.08:661][205]LogSlate: InvalidateAllWidgets triggered.  All widgets were invalidated
[2020.06.01-17.21.08:682][205]LogAudioMixer: Display: No commands were queued while flushing the source manager.
[2020.06.01-17.21.08:685][205]LogSlate: Updating window title bar state: overlay mode, drag disabled, window buttons hidden, title bar hidden
[2020.06.01-17.21.08:690][205]LogUObjectHash: Compacting FUObjectHashTables data took   1.39ms
[2020.06.01-17.21.08:731][208]LogPlayLevel: Display: Destroying online subsystem :Context_1
[2020.06.01-17.21.09:071][248]LogTemp: Repeating last play command: Selected Viewport
[2020.06.01-17.21.09:098][248]LogBlueprintUserMessages: Early PlayInEditor Detection: Level '/Game/RollingBP/Maps/TitleScreen.TitleScreen:PersistentLevel' has LevelScriptBlueprint '/Game/RollingBP/Maps/TitleScreen.TitleScreen:PersistentLevel.TitleScreen' with GeneratedClass '/Game/RollingBP/Maps/TitleScreen.TitleScreen_C' with ClassGeneratedBy '/Game/RollingBP/Maps/TitleScreen.TitleScreen:PersistentLevel.TitleScreen'
[2020.06.01-17.21.09:098][248]LogPlayLevel: PlayLevel: No blueprints needed recompiling
[2020.06.01-17.21.09:098][248]PIE: New page: PIE session: TitleScreen (1 Jun 2020, 19:21:09)
[2020.06.01-17.21.09:098][248]LogPlayLevel: Creating play world package: /Game/RollingBP/Maps/UEDPIE_0_TitleScreen
[2020.06.01-17.21.09:099][248]LogPlayLevel: PIE: StaticDuplicateObject took: (0.000792s)
[2020.06.01-17.21.09:100][248]LogAIModule: Creating AISystem for world TitleScreen
[2020.06.01-17.21.09:100][248]LogPlayLevel: PIE: World Init took: (0.000696s)
[2020.06.01-17.21.09:100][248]LogPlayLevel: PIE: Created PIE world by copying editor world from /Game/RollingBP/Maps/TitleScreen.TitleScreen to /Game/RollingBP/Maps/UEDPIE_0_TitleScreen.TitleScreen (0.001574s)
[2020.06.01-17.21.09:122][248]LogUObjectHash: Compacting FUObjectHashTables data took   1.19ms
[2020.06.01-17.21.09:122][248]LogAudioMixer: Display: Audio Mixer Platform Settings:
[2020.06.01-17.21.09:122][248]LogAudioMixer: Display: 	Sample Rate:						  48000
[2020.06.01-17.21.09:122][248]LogAudioMixer: Display: 	Callback Buffer Frame Size Requested: 1024
[2020.06.01-17.21.09:122][248]LogAudioMixer: Display: 	Callback Buffer Frame Size To Use:	  1024
[2020.06.01-17.21.09:122][248]LogAudioMixer: Display: 	Number of buffers to queue:			  2
[2020.06.01-17.21.09:122][248]LogAudioMixer: Display: 	Max Channels (voices):				  32
[2020.06.01-17.21.09:122][248]LogAudioMixer: Display: 	Number of Async Source Workers:		  0
[2020.06.01-17.21.09:122][248]LogAudio: Display: AudioDevice MaxSources: 32
[2020.06.01-17.21.09:123][248]LogAudio: Display: Using built-in audio occlusion.
[2020.06.01-17.21.09:123][248]LogAudioMixer: Display: Initializing audio mixer.
[2020.06.01-17.21.09:169][248]LogAudioMixer: Display: Audio Device Output Speaker Info:
[2020.06.01-17.21.09:169][248]LogAudioMixer: Display: Name: Speakers (HyperX Cloud Revolver S)
[2020.06.01-17.21.09:169][248]LogAudioMixer: Display: Is Default: Yes
[2020.06.01-17.21.09:169][248]LogAudioMixer: Display: Sample Rate: 48000
[2020.06.01-17.21.09:169][248]LogAudioMixer: Display: Channel Count Used: 2
[2020.06.01-17.21.09:169][248]LogAudioMixer: Display: Device Channel Count: 2
[2020.06.01-17.21.09:169][248]LogAudioMixer: Display: Channel Order:
[2020.06.01-17.21.09:169][248]LogAudioMixer: Display: 0: FrontLeft
[2020.06.01-17.21.09:169][248]LogAudioMixer: Display: 1: FrontRight
[2020.06.01-17.21.09:176][248]LogAudioMixer: Display: Using Audio Device Speakers (HyperX Cloud Revolver S)
[2020.06.01-17.21.09:177][248]LogInit: FAudioDevice initialized.
[2020.06.01-17.21.09:186][248]LogLoad: Game class is 'TitleScreenGM_C'
[2020.06.01-17.21.09:187][248]LogWorld: Bringing World /Game/RollingBP/Maps/UEDPIE_0_TitleScreen.TitleScreen up for play (max tick rate 0) at 2020.06.01-18.21.09
[2020.06.01-17.21.09:187][248]LogWorld: Bringing up level for play took: 0.000208
[2020.06.01-17.21.09:187][248]LogOnline: OSS: Creating online subsystem instance for: :Context_3
[2020.06.01-17.21.09:189][248]PIE: Play in editor start time for /Game/RollingBP/Maps/UEDPIE_0_TitleScreen 0.183
[2020.06.01-17.21.09:189][248]LogBlueprintUserMessages: Late PlayInEditor Detection: Level '/Game/RollingBP/Maps/TitleScreen.TitleScreen:PersistentLevel' has LevelScriptBlueprint '/Game/RollingBP/Maps/TitleScreen.TitleScreen:PersistentLevel.TitleScreen' with GeneratedClass '/Game/RollingBP/Maps/TitleScreen.TitleScreen_C' with ClassGeneratedBy '/Game/RollingBP/Maps/TitleScreen.TitleScreen:PersistentLevel.TitleScreen'
[2020.06.01-17.21.09:780][319]LogSlate: Updating window title bar state: overlay mode, drag disabled, window buttons hidden, title bar hidden
[2020.06.01-17.21.09:781][319]LogNet: Browse: /Game/RollingBP/Maps/RollingBPExampleMap??game=/Game/RollingBP/UI/GameModes/MainMenuGM.MainMenuGM_C
[2020.06.01-17.21.09:781][319]LogLoad: LoadMap: /Game/RollingBP/Maps/RollingBPExampleMap??game=/Game/RollingBP/UI/GameModes/MainMenuGM.MainMenuGM_C
[2020.06.01-17.21.09:781][319]LogWorld: BeginTearingDown for /Game/RollingBP/Maps/UEDPIE_0_TitleScreen
[2020.06.01-17.21.09:781][319]LogWorld: UWorld::CleanupWorld for TitleScreen, bSessionEnded=true, bCleanupResources=true
[2020.06.01-17.21.09:781][319]LogSlate: InvalidateAllWidgets triggered.  All widgets were invalidated
[2020.06.01-17.21.09:781][319]LogAudioMixer: Display: No commands were queued while flushing the source manager.
[2020.06.01-17.21.09:805][319]LogUObjectHash: Compacting FUObjectHashTables data took   1.39ms
[2020.06.01-17.21.09:844][319]LogAIModule: Creating AISystem for world RollingBPExampleMap
[2020.06.01-17.21.09:844][319]LogLoad: Game class is 'MainMenuGM_C'
[2020.06.01-17.21.09:866][319]LogWorld: Bringing World /Game/RollingBP/Maps/UEDPIE_0_RollingBPExampleMap.RollingBPExampleMap up for play (max tick rate 0) at 2020.06.01-18.21.09
[2020.06.01-17.21.09:866][319]LogWorld: Bringing up level for play took: 0.021654
[2020.06.01-17.21.09:872][319]LogLoad: Took 0.090951 seconds to LoadMap(/Game/RollingBP/Maps/RollingBPExampleMap)
[2020.06.01-17.21.10:835][433]LogSlate: WidgetSwitcher ('None') active index changed to 1
[2020.06.01-17.21.14:711][898]LogNet: Browse: /Game/RollingBP/Maps/TutorialMaps/HoloTutMap1
[2020.06.01-17.21.14:711][898]LogLoad: LoadMap: /Game/RollingBP/Maps/TutorialMaps/HoloTutMap1
[2020.06.01-17.21.14:711][898]LogWorld: BeginTearingDown for /Game/RollingBP/Maps/UEDPIE_0_RollingBPExampleMap
[2020.06.01-17.21.14:711][898]LogWorld: UWorld::CleanupWorld for RollingBPExampleMap, bSessionEnded=true, bCleanupResources=true
[2020.06.01-17.21.14:712][898]LogSlate: InvalidateAllWidgets triggered.  All widgets were invalidated
[2020.06.01-17.21.14:720][898]LogAudioMixer: Display: Flush succeeded in the source manager command queue (1).
[2020.06.01-17.21.14:740][898]LogAudioMixer: Display: Flush succeeded the source manager command queue (2).
[2020.06.01-17.21.14:765][898]LogUObjectHash: Compacting FUObjectHashTables data took   1.21ms
[2020.06.01-17.21.14:770][898]LogLinker: Warning: While loading '../../../../JSColabTeam17/Team17Colab/Content/RollingBP/Maps/TutorialMaps/HoloTutMap1.umap' failed to load '/Game/RollingBP/Maps/TutorialMaps/HoloTutMap1_BuiltData': Can't find file.
[2020.06.01-17.21.14:770][898]LogLinker: Warning: While loading '../../../../JSColabTeam17/Team17Colab/Content/RollingBP/Maps/TutorialMaps/HoloTutMap1.umap' failed to load '/Game/RollingBP/Maps/TutorialMaps/HoloTutMap1_BuiltData': Can't find file.
[2020.06.01-17.21.14:774][898]LogLinker: Warning: While loading '../../../../JSColabTeam17/Team17Colab/Content/RollingBP/Maps/TutorialMaps/HoloTutMap1.umap' failed to load '/Game/RollingBP/Maps/TutorialMaps/HoloTutMap1_BuiltData': Can't find file.
[2020.06.01-17.21.14:774][898]LogLinker: Warning: While loading '../../../../JSColabTeam17/Team17Colab/Content/RollingBP/Maps/TutorialMaps/HoloTutMap1.umap' failed to load '/Game/RollingBP/Maps/TutorialMaps/HoloTutMap1_BuiltData': Can't find file.
[2020.06.01-17.21.14:782][898]LogLinker: Warning: While loading '../../../../JSColabTeam17/Team17Colab/Content/RollingBP/Maps/TutorialMaps/HoloTutMap1.umap' failed to load '/Game/RollingBP/Maps/TutorialMaps/HoloTutMap1_BuiltData': Can't find file.
[2020.06.01-17.21.14:783][898]LoadErrors: Failed to load /Game/RollingBP/Maps/TutorialMaps/HoloTutMap1_BuiltData.HoloTutMap1_BuiltData Referenced by PersistentLevel
[2020.06.01-17.21.14:783][898]LogLinker: Warning: While loading '../../../../JSColabTeam17/Team17Colab/Content/RollingBP/Maps/TutorialMaps/HoloTutMap1.umap' failed to load '/Game/RollingBP/Maps/TutorialMaps/HoloTutMap1_BuiltData': Can't find file.
[2020.06.01-17.21.14:864][898]LogAIModule: Creating AISystem for world HoloTutMap1
[2020.06.01-17.21.14:865][898]LogLoad: Game class is 'RollingGameMode_C'
[2020.06.01-17.21.14:876][898]LogWorld: Bringing World /Game/RollingBP/Maps/TutorialMaps/UEDPIE_0_HoloTutMap1.HoloTutMap1 up for play (max tick rate 0) at 2020.06.01-18.21.14
[2020.06.01-17.21.14:876][898]LogWorld: Bringing up level for play took: 0.010384
[2020.06.01-17.21.14:877][898]LogPhysics: Warning: UWorld::FindTeleportSpot called with an actor that is intersecting geometry. Failed to find new location likely due to  actor's root component not being a collider component.
[2020.06.01-17.21.14:877][898]LogSpawn: Warning: SpawnActor failed because of collision at the spawn location [X=0.000 Y=-200.000 Z=192.325] for [PhysicsBallBP_C]
[2020.06.01-17.21.14:877][898]LogGameMode: Warning: SpawnDefaultPawnAtTransform: Couldn't spawn Pawn of type PhysicsBallBP_C at Rotation: Pitch 0.000000 Yaw 0.000000 Roll 0.000000
Translation: 0.000000 -200.000000 192.325180
Scale3D: 1.000000 1.000000 1.000000

[2020.06.01-17.21.14:877][898]LogScript: Warning: Accessed None trying to read property CallFunc_GetPlayerPawn_ReturnValue
	RollingGameMode_C /Game/RollingBP/Maps/TutorialMaps/UEDPIE_0_HoloTutMap1.HoloTutMap1:PersistentLevel.RollingGameMode_C_0
	Function /Game/RollingBP/Blueprints/RollingGameMode.RollingGameMode_C:ExecuteUbergraph_RollingGameMode:0055
[2020.06.01-17.21.14:878][898]PIE: Error: Blueprint Runtime Error: "Accessed None trying to read property CallFunc_GetPlayerPawn_ReturnValue". Blueprint:  RollingGameMode Function:  Execute Ubergraph Rolling Game Mode Graph:  EventGraph Node:  Set RespawnTransform
[2020.06.01-17.21.14:879][898]LogLoad: Took 0.167851 seconds to LoadMap(/Game/RollingBP/Maps/TutorialMaps/HoloTutMap1)
[2020.06.01-17.21.17:251][179]LogAudioMixer: Display: No commands were queued while flushing the source manager.
[2020.06.01-17.21.17:251][179]LogAudioMixer: Display: No commands were queued while flushing the source manager.
[2020.06.01-17.21.17:251][179]LogBlueprintUserMessages: Early EndPlayMap Detection: Level '/Game/RollingBP/Maps/TitleScreen.TitleScreen:PersistentLevel' has LevelScriptBlueprint '/Game/RollingBP/Maps/TitleScreen.TitleScreen:PersistentLevel.TitleScreen' with GeneratedClass '/Game/RollingBP/Maps/TitleScreen.TitleScreen_C' with ClassGeneratedBy '/Game/RollingBP/Maps/TitleScreen.TitleScreen:PersistentLevel.TitleScreen'
[2020.06.01-17.21.17:252][179]LogSlate: Updating window title bar state: overlay mode, drag disabled, window buttons hidden, title bar hidden
[2020.06.01-17.21.17:252][179]LogWorld: BeginTearingDown for /Game/RollingBP/Maps/TutorialMaps/UEDPIE_0_HoloTutMap1
[2020.06.01-17.21.17:252][179]LogAudioMixer: Display: No commands were queued while flushing the source manager.
[2020.06.01-17.21.17:252][179]LogWorld: UWorld::CleanupWorld for HoloTutMap1, bSessionEnded=true, bCleanupResources=true
[2020.06.01-17.21.17:253][179]LogSlate: InvalidateAllWidgets triggered.  All widgets were invalidated
[2020.06.01-17.21.17:260][179]LogPlayLevel: Display: Shutting down PIE online subsystems
[2020.06.01-17.21.17:260][179]LogBlueprintUserMessages: Late EndPlayMap Detection: Level '/Game/RollingBP/Maps/TitleScreen.TitleScreen:PersistentLevel' has LevelScriptBlueprint '/Game/RollingBP/Maps/TitleScreen.TitleScreen:PersistentLevel.TitleScreen' with GeneratedClass '/Game/RollingBP/Maps/TitleScreen.TitleScreen_C' with ClassGeneratedBy '/Game/RollingBP/Maps/TitleScreen.TitleScreen:PersistentLevel.TitleScreen'
[2020.06.01-17.21.17:263][179]LogSlate: InvalidateAllWidgets triggered.  All widgets were invalidated
[2020.06.01-17.21.17:286][179]LogAudioMixer: Display: No commands were queued while flushing the source manager.
[2020.06.01-17.21.17:288][179]LogSlate: Updating window title bar state: overlay mode, drag disabled, window buttons hidden, title bar hidden
[2020.06.01-17.21.17:291][179]LogUObjectHash: Compacting FUObjectHashTables data took   1.37ms
[2020.06.01-17.21.17:377][181]LogPlayLevel: Display: Destroying online subsystem :Context_3
[2020.06.01-17.21.20:301][482]LogTemp: Repeating last play command: Selected Viewport
[2020.06.01-17.21.20:328][482]LogBlueprintUserMessages: Early PlayInEditor Detection: Level '/Game/RollingBP/Maps/TitleScreen.TitleScreen:PersistentLevel' has LevelScriptBlueprint '/Game/RollingBP/Maps/TitleScreen.TitleScreen:PersistentLevel.TitleScreen' with GeneratedClass '/Game/RollingBP/Maps/TitleScreen.TitleScreen_C' with ClassGeneratedBy '/Game/RollingBP/Maps/TitleScreen.TitleScreen:PersistentLevel.TitleScreen'
[2020.06.01-17.21.20:328][482]LogPlayLevel: PlayLevel: No blueprints needed recompiling
[2020.06.01-17.21.20:328][482]PIE: New page: PIE session: TitleScreen (1 Jun 2020, 19:21:20)
[2020.06.01-17.21.20:328][482]LogPlayLevel: Creating play world package: /Game/RollingBP/Maps/UEDPIE_0_TitleScreen
[2020.06.01-17.21.20:329][482]LogPlayLevel: PIE: StaticDuplicateObject took: (0.000762s)
[2020.06.01-17.21.20:330][482]LogAIModule: Creating AISystem for world TitleScreen
[2020.06.01-17.21.20:330][482]LogPlayLevel: PIE: World Init took: (0.000667s)
[2020.06.01-17.21.20:330][482]LogPlayLevel: PIE: Created PIE world by copying editor world from /Game/RollingBP/Maps/TitleScreen.TitleScreen to /Game/RollingBP/Maps/UEDPIE_0_TitleScreen.TitleScreen (0.001511s)
[2020.06.01-17.21.20:352][482]LogUObjectHash: Compacting FUObjectHashTables data took   1.28ms
[2020.06.01-17.21.20:353][482]LogAudioMixer: Display: Audio Mixer Platform Settings:
[2020.06.01-17.21.20:353][482]LogAudioMixer: Display: 	Sample Rate:						  48000
[2020.06.01-17.21.20:353][482]LogAudioMixer: Display: 	Callback Buffer Frame Size Requested: 1024
[2020.06.01-17.21.20:353][482]LogAudioMixer: Display: 	Callback Buffer Frame Size To Use:	  1024
[2020.06.01-17.21.20:353][482]LogAudioMixer: Display: 	Number of buffers to queue:			  2
[2020.06.01-17.21.20:353][482]LogAudioMixer: Display: 	Max Channels (voices):				  32
[2020.06.01-17.21.20:353][482]LogAudioMixer: Display: 	Number of Async Source Workers:		  0
[2020.06.01-17.21.20:353][482]LogAudio: Display: AudioDevice MaxSources: 32
[2020.06.01-17.21.20:353][482]LogAudio: Display: Using built-in audio occlusion.
[2020.06.01-17.21.20:353][482]LogAudioMixer: Display: Initializing audio mixer.
[2020.06.01-17.21.20:400][482]LogAudioMixer: Display: Audio Device Output Speaker Info:
[2020.06.01-17.21.20:400][482]LogAudioMixer: Display: Name: Speakers (HyperX Cloud Revolver S)
[2020.06.01-17.21.20:400][482]LogAudioMixer: Display: Is Default: Yes
[2020.06.01-17.21.20:400][482]LogAudioMixer: Display: Sample Rate: 48000
[2020.06.01-17.21.20:400][482]LogAudioMixer: Display: Channel Count Used: 2
[2020.06.01-17.21.20:400][482]LogAudioMixer: Display: Device Channel Count: 2
[2020.06.01-17.21.20:400][482]LogAudioMixer: Display: Channel Order:
[2020.06.01-17.21.20:400][482]LogAudioMixer: Display: 0: FrontLeft
[2020.06.01-17.21.20:400][482]LogAudioMixer: Display: 1: FrontRight
[2020.06.01-17.21.20:406][482]LogAudioMixer: Display: Using Audio Device Speakers (HyperX Cloud Revolver S)
[2020.06.01-17.21.20:407][482]LogInit: FAudioDevice initialized.
[2020.06.01-17.21.20:414][482]LogLoad: Game class is 'TitleScreenGM_C'
[2020.06.01-17.21.20:415][482]LogWorld: Bringing World /Game/RollingBP/Maps/UEDPIE_0_TitleScreen.TitleScreen up for play (max tick rate 0) at 2020.06.01-18.21.20
[2020.06.01-17.21.20:415][482]LogWorld: Bringing up level for play took: 0.000304
[2020.06.01-17.21.20:415][482]LogOnline: OSS: Creating online subsystem instance for: :Context_4
[2020.06.01-17.21.20:417][482]PIE: Play in editor start time for /Game/RollingBP/Maps/UEDPIE_0_TitleScreen -0.589
[2020.06.01-17.21.20:417][482]LogBlueprintUserMessages: Late PlayInEditor Detection: Level '/Game/RollingBP/Maps/TitleScreen.TitleScreen:PersistentLevel' has LevelScriptBlueprint '/Game/RollingBP/Maps/TitleScreen.TitleScreen:PersistentLevel.TitleScreen' with GeneratedClass '/Game/RollingBP/Maps/TitleScreen.TitleScreen_C' with ClassGeneratedBy '/Game/RollingBP/Maps/TitleScreen.TitleScreen:PersistentLevel.TitleScreen'
[2020.06.01-17.21.20:734][520]LogSlate: Updating window title bar state: overlay mode, drag disabled, window buttons hidden, title bar hidden
[2020.06.01-17.21.20:735][520]LogNet: Browse: /Game/RollingBP/Maps/RollingBPExampleMap??game=/Game/RollingBP/UI/GameModes/MainMenuGM.MainMenuGM_C
[2020.06.01-17.21.20:735][520]LogLoad: LoadMap: /Game/RollingBP/Maps/RollingBPExampleMap??game=/Game/RollingBP/UI/GameModes/MainMenuGM.MainMenuGM_C
[2020.06.01-17.21.20:735][520]LogWorld: BeginTearingDown for /Game/RollingBP/Maps/UEDPIE_0_TitleScreen
[2020.06.01-17.21.20:735][520]LogWorld: UWorld::CleanupWorld for TitleScreen, bSessionEnded=true, bCleanupResources=true
[2020.06.01-17.21.20:735][520]LogSlate: InvalidateAllWidgets triggered.  All widgets were invalidated
[2020.06.01-17.21.20:735][520]LogAudioMixer: Display: No commands were queued while flushing the source manager.
[2020.06.01-17.21.20:759][520]LogUObjectHash: Compacting FUObjectHashTables data took   1.34ms
[2020.06.01-17.21.20:793][520]LogAIModule: Creating AISystem for world RollingBPExampleMap
[2020.06.01-17.21.20:794][520]LogLoad: Game class is 'MainMenuGM_C'
[2020.06.01-17.21.20:817][520]LogWorld: Bringing World /Game/RollingBP/Maps/UEDPIE_0_RollingBPExampleMap.RollingBPExampleMap up for play (max tick rate 0) at 2020.06.01-18.21.20
[2020.06.01-17.21.20:817][520]LogWorld: Bringing up level for play took: 0.022241
[2020.06.01-17.21.20:823][520]LogLoad: Took 0.088176 seconds to LoadMap(/Game/RollingBP/Maps/RollingBPExampleMap)
[2020.06.01-17.21.22:862][763]LogSlate: WidgetSwitcher ('None') active index changed to 1
[2020.06.01-17.21.26:837][240]LogNet: Browse: /Game/RollingBP/Maps/RiverV2
[2020.06.01-17.21.26:837][240]LogLoad: LoadMap: /Game/RollingBP/Maps/RiverV2
[2020.06.01-17.21.26:837][240]LogWorld: BeginTearingDown for /Game/RollingBP/Maps/UEDPIE_0_RollingBPExampleMap
[2020.06.01-17.21.26:838][240]LogWorld: UWorld::CleanupWorld for RollingBPExampleMap, bSessionEnded=true, bCleanupResources=true
[2020.06.01-17.21.26:838][240]LogSlate: InvalidateAllWidgets triggered.  All widgets were invalidated
[2020.06.01-17.21.26:849][240]LogAudioMixer: Display: Flush succeeded in the source manager command queue (1).
[2020.06.01-17.21.26:869][240]LogAudioMixer: Display: Flush succeeded the source manager command queue (2).
[2020.06.01-17.21.26:895][240]LogUObjectHash: Compacting FUObjectHashTables data took   1.21ms
[2020.06.01-17.21.28:165][240]LogAIModule: Creating AISystem for world RiverV2
[2020.06.01-17.21.28:165][240]LogLoad: Game class is 'RollingGameMode_C'
[2020.06.01-17.21.28:955][240]LogMaterial: Warning: Material /Game/Miles/Materials/M_BasicMaterial.M_BasicMaterial missing bUsedWithInstancedStaticMeshes=True! Default Material will be used in game.
[2020.06.01-17.21.28:955][240]LogMaterial: Warning:      The material will recompile every editor launch until resaved.
[2020.06.01-17.21.29:028][240]LogWorld: Bringing World /Game/RollingBP/Maps/UEDPIE_0_RiverV2.RiverV2 up for play (max tick rate 0) at 2020.06.01-18.21.29
[2020.06.01-17.21.29:029][240]LogWorld: Bringing up level for play took: 0.863361
[2020.06.01-17.21.29:037][240]LogLoad: Took 2.198921 seconds to LoadMap(/Game/RollingBP/Maps/RiverV2)
[2020.06.01-17.21.29:044][240]LogAudio: Warning: Detected orphaned looping sound 'Aztec-demo-loop'.
[2020.06.01-17.21.29:066][241]Cmd: LevelEditor.ToggleImmersive
[2020.06.01-17.21.29:322][241]LogSlate: Took 0.000774 seconds to synchronously load lazily loaded font '../../../Engine/Content/Slate/Fonts/Roboto-Light.ttf' (167K)
[2020.06.01-17.21.29:381][242]LogRenderer: Reallocating scene render targets to support 2560x1440 Format 10 NumSamples 1 (Frame:3).
[2020.06.01-17.22.01:448][ 65]LogBlueprintUserMessages: [PhysicsBallBP_C_0] USED TURBOJUMP
[2020.06.01-17.22.03:893][358]LogBlueprintUserMessages: [PhysicsBallBP_C_0] USED TURBOJUMP
[2020.06.01-17.22.17:668][  6]LogBlueprintUserMessages: [PhysicsBallBP_C_0] USED SPEEDBOOST
[2020.06.01-17.22.39:483][618]LogPlayerController: Error: InputMode:UIOnly - Attempting to focus Non-Focusable widget SObjectWidget [Widget.cpp(776)]!
[2020.06.01-17.22.46:462][455]LogAudioMixer: Display: No commands were queued while flushing the source manager.
[2020.06.01-17.22.46:480][455]LogAudioMixer: Display: Flush succeeded in the source manager command queue (1).
[2020.06.01-17.22.46:510][455]LogAudioMixer: Display: Flush succeeded the source manager command queue (2).
[2020.06.01-17.22.46:510][455]LogBlueprintUserMessages: Early EndPlayMap Detection: Level '/Game/RollingBP/Maps/TitleScreen.TitleScreen:PersistentLevel' has LevelScriptBlueprint '/Game/RollingBP/Maps/TitleScreen.TitleScreen:PersistentLevel.TitleScreen' with GeneratedClass '/Game/RollingBP/Maps/TitleScreen.TitleScreen_C' with ClassGeneratedBy '/Game/RollingBP/Maps/TitleScreen.TitleScreen:PersistentLevel.TitleScreen'
[2020.06.01-17.22.46:510][455]LogSlate: Updating window title bar state: overlay mode, drag disabled, window buttons hidden, title bar hidden
[2020.06.01-17.22.46:510][455]LogWorld: BeginTearingDown for /Game/RollingBP/Maps/UEDPIE_0_RiverV2
[2020.06.01-17.22.46:510][455]LogAudioMixer: Display: No commands were queued while flushing the source manager.
[2020.06.01-17.22.46:511][455]LogWorld: UWorld::CleanupWorld for RiverV2, bSessionEnded=true, bCleanupResources=true
[2020.06.01-17.22.46:515][455]LogSlate: InvalidateAllWidgets triggered.  All widgets were invalidated
[2020.06.01-17.22.46:536][455]LogPlayLevel: Display: Shutting down PIE online subsystems
[2020.06.01-17.22.46:536][455]LogBlueprintUserMessages: Late EndPlayMap Detection: Level '/Game/RollingBP/Maps/TitleScreen.TitleScreen:PersistentLevel' has LevelScriptBlueprint '/Game/RollingBP/Maps/TitleScreen.TitleScreen:PersistentLevel.TitleScreen' with GeneratedClass '/Game/RollingBP/Maps/TitleScreen.TitleScreen_C' with ClassGeneratedBy '/Game/RollingBP/Maps/TitleScreen.TitleScreen:PersistentLevel.TitleScreen'
[2020.06.01-17.22.46:541][455]LogSlate: InvalidateAllWidgets triggered.  All widgets were invalidated
[2020.06.01-17.22.46:571][455]LogAudioMixer: Display: No commands were queued while flushing the source manager.
[2020.06.01-17.22.46:573][455]LogSlate: Updating window title bar state: overlay mode, drag disabled, window buttons hidden, title bar hidden
[2020.06.01-17.22.46:617][455]LogUObjectHash: Compacting FUObjectHashTables data took   1.68ms
[2020.06.01-17.22.46:623][456]LogPlayLevel: Display: Destroying online subsystem :Context_4
[2020.06.01-17.23.02:862][702]LogTemp: Repeating last play command: Selected Viewport
[2020.06.01-17.23.02:877][702]LogBlueprintUserMessages: Early PlayInEditor Detection: Level '/Game/RollingBP/Maps/TitleScreen.TitleScreen:PersistentLevel' has LevelScriptBlueprint '/Game/RollingBP/Maps/TitleScreen.TitleScreen:PersistentLevel.TitleScreen' with GeneratedClass '/Game/RollingBP/Maps/TitleScreen.TitleScreen_C' with ClassGeneratedBy '/Game/RollingBP/Maps/TitleScreen.TitleScreen:PersistentLevel.TitleScreen'
[2020.06.01-17.23.02:877][702]LogPlayLevel: PlayLevel: No blueprints needed recompiling
[2020.06.01-17.23.02:877][702]PIE: New page: PIE session: TitleScreen (1 Jun 2020, 19:23:02)
[2020.06.01-17.23.02:878][702]LogPlayLevel: Creating play world package: /Game/RollingBP/Maps/UEDPIE_0_TitleScreen
[2020.06.01-17.23.02:879][702]LogPlayLevel: PIE: StaticDuplicateObject took: (0.000810s)
[2020.06.01-17.23.02:880][702]LogAIModule: Creating AISystem for world TitleScreen
[2020.06.01-17.23.02:880][702]LogPlayLevel: PIE: World Init took: (0.000812s)
[2020.06.01-17.23.02:880][702]LogPlayLevel: PIE: Created PIE world by copying editor world from /Game/RollingBP/Maps/TitleScreen.TitleScreen to /Game/RollingBP/Maps/UEDPIE_0_TitleScreen.TitleScreen (0.001719s)
[2020.06.01-17.23.02:903][702]LogUObjectHash: Compacting FUObjectHashTables data took   1.21ms
[2020.06.01-17.23.02:904][702]LogAudioMixer: Display: Audio Mixer Platform Settings:
[2020.06.01-17.23.02:904][702]LogAudioMixer: Display: 	Sample Rate:						  48000
[2020.06.01-17.23.02:904][702]LogAudioMixer: Display: 	Callback Buffer Frame Size Requested: 1024
[2020.06.01-17.23.02:904][702]LogAudioMixer: Display: 	Callback Buffer Frame Size To Use:	  1024
[2020.06.01-17.23.02:904][702]LogAudioMixer: Display: 	Number of buffers to queue:			  2
[2020.06.01-17.23.02:904][702]LogAudioMixer: Display: 	Max Channels (voices):				  32
[2020.06.01-17.23.02:904][702]LogAudioMixer: Display: 	Number of Async Source Workers:		  0
[2020.06.01-17.23.02:904][702]LogAudio: Display: AudioDevice MaxSources: 32
[2020.06.01-17.23.02:904][702]LogAudio: Display: Using built-in audio occlusion.
[2020.06.01-17.23.02:904][702]LogAudioMixer: Display: Initializing audio mixer.
[2020.06.01-17.23.02:951][702]LogAudioMixer: Display: Audio Device Output Speaker Info:
[2020.06.01-17.23.02:951][702]LogAudioMixer: Display: Name: Speakers (HyperX Cloud Revolver S)
[2020.06.01-17.23.02:951][702]LogAudioMixer: Display: Is Default: Yes
[2020.06.01-17.23.02:951][702]LogAudioMixer: Display: Sample Rate: 48000
[2020.06.01-17.23.02:951][702]LogAudioMixer: Display: Channel Count Used: 2
[2020.06.01-17.23.02:951][702]LogAudioMixer: Display: Device Channel Count: 2
[2020.06.01-17.23.02:951][702]LogAudioMixer: Display: Channel Order:
[2020.06.01-17.23.02:951][702]LogAudioMixer: Display: 0: FrontLeft
[2020.06.01-17.23.02:951][702]LogAudioMixer: Display: 1: FrontRight
[2020.06.01-17.23.02:957][702]LogAudioMixer: Display: Using Audio Device Speakers (HyperX Cloud Revolver S)
[2020.06.01-17.23.02:958][702]LogInit: FAudioDevice initialized.
[2020.06.01-17.23.02:964][702]LogLoad: Game class is 'TitleScreenGM_C'
[2020.06.01-17.23.02:965][702]LogWorld: Bringing World /Game/RollingBP/Maps/UEDPIE_0_TitleScreen.TitleScreen up for play (max tick rate 0) at 2020.06.01-18.23.02
[2020.06.01-17.23.02:965][702]LogWorld: Bringing up level for play took: 0.000207
[2020.06.01-17.23.02:966][702]LogOnline: OSS: Creating online subsystem instance for: :Context_5
[2020.06.01-17.23.02:967][702]PIE: Play in editor start time for /Game/RollingBP/Maps/UEDPIE_0_TitleScreen -0.038
[2020.06.01-17.23.02:967][702]LogBlueprintUserMessages: Late PlayInEditor Detection: Level '/Game/RollingBP/Maps/TitleScreen.TitleScreen:PersistentLevel' has LevelScriptBlueprint '/Game/RollingBP/Maps/TitleScreen.TitleScreen:PersistentLevel.TitleScreen' with GeneratedClass '/Game/RollingBP/Maps/TitleScreen.TitleScreen_C' with ClassGeneratedBy '/Game/RollingBP/Maps/TitleScreen.TitleScreen:PersistentLevel.TitleScreen'
[2020.06.01-17.23.03:587][777]LogSlate: Updating window title bar state: overlay mode, drag disabled, window buttons hidden, title bar hidden
[2020.06.01-17.23.03:587][777]LogNet: Browse: /Game/RollingBP/Maps/RollingBPExampleMap??game=/Game/RollingBP/UI/GameModes/MainMenuGM.MainMenuGM_C
[2020.06.01-17.23.03:587][777]LogLoad: LoadMap: /Game/RollingBP/Maps/RollingBPExampleMap??game=/Game/RollingBP/UI/GameModes/MainMenuGM.MainMenuGM_C
[2020.06.01-17.23.03:587][777]LogWorld: BeginTearingDown for /Game/RollingBP/Maps/UEDPIE_0_TitleScreen
[2020.06.01-17.23.03:588][777]LogWorld: UWorld::CleanupWorld for TitleScreen, bSessionEnded=true, bCleanupResources=true
[2020.06.01-17.23.03:588][777]LogSlate: InvalidateAllWidgets triggered.  All widgets were invalidated
[2020.06.01-17.23.03:588][777]LogAudioMixer: Display: No commands were queued while flushing the source manager.
[2020.06.01-17.23.03:611][777]LogUObjectHash: Compacting FUObjectHashTables data took   1.48ms
[2020.06.01-17.23.03:647][777]LogAIModule: Creating AISystem for world RollingBPExampleMap
[2020.06.01-17.23.03:647][777]LogLoad: Game class is 'MainMenuGM_C'
[2020.06.01-17.23.03:671][777]LogWorld: Bringing World /Game/RollingBP/Maps/UEDPIE_0_RollingBPExampleMap.RollingBPExampleMap up for play (max tick rate 0) at 2020.06.01-18.23.03
[2020.06.01-17.23.03:671][777]LogWorld: Bringing up level for play took: 0.022923
[2020.06.01-17.23.03:677][777]LogLoad: Took 0.088941 seconds to LoadMap(/Game/RollingBP/Maps/RollingBPExampleMap)
[2020.06.01-17.23.04:755][905]LogSlate: WidgetSwitcher ('None') active index changed to 1
[2020.06.01-17.23.08:645][369]LogNet: Browse: /Game/RollingBP/Maps/TransitV3
[2020.06.01-17.23.08:645][369]LogLoad: LoadMap: /Game/RollingBP/Maps/TransitV3
[2020.06.01-17.23.08:645][369]LogWorld: BeginTearingDown for /Game/RollingBP/Maps/UEDPIE_0_RollingBPExampleMap
[2020.06.01-17.23.08:646][369]LogWorld: UWorld::CleanupWorld for RollingBPExampleMap, bSessionEnded=true, bCleanupResources=true
[2020.06.01-17.23.08:646][369]LogSlate: InvalidateAllWidgets triggered.  All widgets were invalidated
[2020.06.01-17.23.08:650][369]LogAudioMixer: Display: Flush succeeded in the source manager command queue (1).
[2020.06.01-17.23.08:670][369]LogAudioMixer: Display: Flush succeeded the source manager command queue (2).
[2020.06.01-17.23.08:694][369]LogUObjectHash: Compacting FUObjectHashTables data took   1.26ms
[2020.06.01-17.23.09:572][369]LogStaticMesh: Building static mesh SM_Rock1_01...
[2020.06.01-17.23.09:632][369]LogStaticMesh: Built static mesh [0.06s] /Game/Miles/Meshes/Env_Props/SM_Rock1_01.SM_Rock1_01
[2020.06.01-17.23.09:739][369]LogAIModule: Creating AISystem for world TransitV3
[2020.06.01-17.23.09:740][369]LogLoad: Game class is 'RollingGameMode_C'
[2020.06.01-17.23.09:867][369]LogWorld: Bringing World /Game/RollingBP/Maps/UEDPIE_0_TransitV3.TransitV3 up for play (max tick rate 0) at 2020.06.01-18.23.09
[2020.06.01-17.23.09:867][369]LogWorld: Bringing up level for play took: 0.127492
[2020.06.01-17.23.09:871][369]LogLoad: Took 1.225747 seconds to LoadMap(/Game/RollingBP/Maps/TransitV3)
[2020.06.01-17.23.33:676][165]LogBlueprintUserMessages: [PhysicsBallBP] USED SPEEDBOOST
[2020.06.01-17.24.20:469][381]LogBlueprintUserMessages: [PhysicsBallBP] USED SPEEDBOOST
[2020.06.01-17.24.28:640][318]LogPlayerController: Error: InputMode:UIOnly - Attempting to focus Non-Focusable widget SObjectWidget [Widget.cpp(776)]!
[2020.06.01-17.24.31:374][646]LogAudioMixer: Display: No commands were queued while flushing the source manager.
[2020.06.01-17.24.31:380][646]LogAudioMixer: Display: Flush succeeded in the source manager command queue (1).
[2020.06.01-17.24.31:400][646]LogAudioMixer: Display: Flush succeeded the source manager command queue (2).
[2020.06.01-17.24.31:400][646]LogBlueprintUserMessages: Early EndPlayMap Detection: Level '/Game/RollingBP/Maps/TitleScreen.TitleScreen:PersistentLevel' has LevelScriptBlueprint '/Game/RollingBP/Maps/TitleScreen.TitleScreen:PersistentLevel.TitleScreen' with GeneratedClass '/Game/RollingBP/Maps/TitleScreen.TitleScreen_C' with ClassGeneratedBy '/Game/RollingBP/Maps/TitleScreen.TitleScreen:PersistentLevel.TitleScreen'
[2020.06.01-17.24.31:401][646]LogSlate: Updating window title bar state: overlay mode, drag disabled, window buttons hidden, title bar hidden
[2020.06.01-17.24.31:401][646]LogWorld: BeginTearingDown for /Game/RollingBP/Maps/UEDPIE_0_TransitV3
[2020.06.01-17.24.31:401][646]LogAudioMixer: Display: No commands were queued while flushing the source manager.
[2020.06.01-17.24.31:402][646]LogWorld: UWorld::CleanupWorld for TransitV3, bSessionEnded=true, bCleanupResources=true
[2020.06.01-17.24.31:409][646]LogSlate: InvalidateAllWidgets triggered.  All widgets were invalidated
[2020.06.01-17.24.31:427][646]LogPlayLevel: Display: Shutting down PIE online subsystems
[2020.06.01-17.24.31:428][646]LogBlueprintUserMessages: Late EndPlayMap Detection: Level '/Game/RollingBP/Maps/TitleScreen.TitleScreen:PersistentLevel' has LevelScriptBlueprint '/Game/RollingBP/Maps/TitleScreen.TitleScreen:PersistentLevel.TitleScreen' with GeneratedClass '/Game/RollingBP/Maps/TitleScreen.TitleScreen_C' with ClassGeneratedBy '/Game/RollingBP/Maps/TitleScreen.TitleScreen:PersistentLevel.TitleScreen'
[2020.06.01-17.24.31:436][646]LogSlate: InvalidateAllWidgets triggered.  All widgets were invalidated
[2020.06.01-17.24.31:474][646]LogAudioMixer: Display: No commands were queued while flushing the source manager.
[2020.06.01-17.24.31:476][646]LogSlate: Updating window title bar state: overlay mode, drag disabled, window buttons hidden, title bar hidden
[2020.06.01-17.24.31:486][646]LogUObjectHash: Compacting FUObjectHashTables data took   2.02ms
[2020.06.01-17.24.31:491][647]LogPlayLevel: Display: Destroying online subsystem :Context_5
